<?xml version="1.0" encoding="UTF-8"?>
<testsuite name="com.example.service.CalculateSimpleTest" time="12.88" tests="4" errors="0" skipped="0" failures="4">
  <properties>
    <property name="java.runtime.name" value="Java(TM) SE Runtime Environment"/>
    <property name="sun.boot.library.path" value="C:\Program Files\Java\jdk1.8.0_201\jre\bin"/>
    <property name="java.vm.version" value="25.201-b09"/>
    <property name="java.vm.vendor" value="Oracle Corporation"/>
    <property name="maven.multiModuleProjectDirectory" value="D:\Com470\Proyectos\calculadora-spring\calculadora-spring"/>
    <property name="java.vendor.url" value="http://java.oracle.com/"/>
    <property name="path.separator" value=";"/>
    <property name="guice.disable.misplaced.annotation.check" value="true"/>
    <property name="java.vm.name" value="Java HotSpot(TM) 64-Bit Server VM"/>
    <property name="file.encoding.pkg" value="sun.io"/>
    <property name="user.script" value=""/>
    <property name="user.country" value="ES"/>
    <property name="sun.java.launcher" value="SUN_STANDARD"/>
    <property name="sun.os.patch.level" value=""/>
    <property name="test" value="com.example.service.CalculateSimpleTest"/>
    <property name="java.vm.specification.name" value="Java Virtual Machine Specification"/>
    <property name="user.dir" value="D:\Com470\Proyectos\calculadora-spring\calculadora-spring"/>
    <property name="java.runtime.version" value="1.8.0_201-b09"/>
    <property name="java.awt.graphicsenv" value="sun.awt.Win32GraphicsEnvironment"/>
    <property name="java.endorsed.dirs" value="C:\Program Files\Java\jdk1.8.0_201\jre\lib\endorsed"/>
    <property name="os.arch" value="amd64"/>
    <property name="java.io.tmpdir" value="C:\Users\Franz\AppData\Local\Temp\"/>
    <property name="line.separator" value="&#10;"/>
    <property name="java.vm.specification.vendor" value="Oracle Corporation"/>
    <property name="user.variant" value=""/>
    <property name="os.name" value="Windows 10"/>
    <property name="maven.ext.class.path" value="C:\Program Files\NetBeans 8.2\java\maven-nblib\netbeans-eventspy.jar"/>
    <property name="classworlds.conf" value="C:\Program Files\apache-maven-3.6.3\bin\..\bin\m2.conf"/>
    <property name="sun.jnu.encoding" value="Cp1252"/>
    <property name="java.library.path" value="C:\Program Files\Java\jdk1.8.0_201\bin;C:\WINDOWS\Sun\Java\bin;C:\WINDOWS\system32;C:\WINDOWS;C:\ProgramData\Oracle\Java\javapath;C:\Program Files\Java\jdk1.8.0_201\bin;C:\Program Files\apache-maven-3.6.3\bin;C:\Program Files\Java\jdk1.8.0_201\bin;C:\ProgramData\Anaconda3\Library\mingw-w64\bin;C:\ProgramData\Anaconda3\Library\usr\bin;C:\ProgramData\Anaconda3\Library\bin;C:\ProgramData\Anaconda3\Scripts;C:\Program Files (x86)\Common Files\Oracle\Java\javapath;C:\Windows\system32;C:\Windows;C:\Windows\System32\Wbem;C:\Windows\System32\WindowsPowerShell\v1.0\;C:\Program Files (x86)\NVIDIA Corporation\PhysX\Common;C:\Program Files\Microsoft\Web Platform Installer\;C:\Program Files (x86)\Microsoft ASP.NET\ASP.NET Web Pages\v1.0\;C:\Program Files (x86)\Windows Kits\8.0\Windows Performance Toolkit\;C:\Program Files\Microsoft SQL Server\110\Tools\Binn\;C:\Program Files\NVIDIA Corporation\NVIDIA NvDLISR;C:\Python\;C:\Program Files\Microsoft SQL Server\120\DTS\Binn\;C:\Program Files\Microsoft SQL Server\Client SDK\ODBC\110\Tools\Binn\;C:\Program Files (x86)\Microsoft SQL Server\120\Tools\Binn\;C:\Program Files\Microsoft SQL Server\120\Tools\Binn\;C:\Program Files (x86)\Microsoft SQL Server\120\Tools\Binn\ManagementStudio\;C:\Program Files (x86)\Microsoft SQL Server\120\DTS\Binn\;D:\Ivan\python;C:\WINDOWS\system32;C:\WINDOWS;C:\WINDOWS\System32\Wbem;C:\WINDOWS\System32\WindowsPowerShell\v1.0\;C:\WINDOWS\System32\OpenSSH\;C:\Program Files\nodejs;C:\WINDOWS\System32,C:\Program Files\Java\jdk1.8.0_201\bin;C:\Program Files\Git\cmd;C:\xampp\php;C:\WINDOWS\system32;C:\ProgramData\ComposerSetup\bin;C:\Program Files\MongoDB\Server\4.2\bin;C:\MinGW\bin;C:\Opencv\opencv\build\include;C:\Opencv\opencv\build\x64\vc14\lib;C:\Python\Scripts\;C:\Python\;C:\Users\Franz\AppData\Local\Programs\Python\Launcher\;C:\Users\Franz\AppData\Local\Microsoft\WindowsApps;C:\Users\Franz\AppData\Local\Programs\Microsoft VS Code\bin;D:\Ivan\python;C:\Users\Franz\AppData\Roaming\npm;C:\Users\Franz\AppData\Local\GitHubDesktop\bin;C:\AppServ\php5;C:\xampp\php;C:\Users\Franz\AppData\Roaming\Composer\vendor\bin;C:\Program Files\MongoDB\Server\4.2\bin;;C:\Program Files\Docker Toolbox;C:\AppServ\Apache24\bin;C:\AppServ\php5;C:\AppServ\MySQL\bin;."/>
    <property name="maven.conf" value="C:\Program Files\apache-maven-3.6.3\bin\../conf"/>
    <property name="java.specification.name" value="Java Platform API Specification"/>
    <property name="java.class.version" value="52.0"/>
    <property name="sun.management.compiler" value="HotSpot 64-Bit Tiered Compilers"/>
    <property name="os.version" value="10.0"/>
    <property name="library.jansi.path" value="C:\Program Files\apache-maven-3.6.3\bin\..\lib\jansi-native"/>
    <property name="user.home" value="C:\Users\Franz"/>
    <property name="user.timezone" value="America/La_Paz"/>
    <property name="java.awt.printerjob" value="sun.awt.windows.WPrinterJob"/>
    <property name="java.specification.version" value="1.8"/>
    <property name="file.encoding" value="UTF-8"/>
    <property name="user.name" value="Franz"/>
    <property name="java.class.path" value="C:\Program Files\apache-maven-3.6.3\bin\..\boot\plexus-classworlds-2.6.0.jar"/>
    <property name="java.vm.specification.version" value="1.8"/>
    <property name="sun.arch.data.model" value="64"/>
    <property name="java.home" value="C:\Program Files\Java\jdk1.8.0_201\jre"/>
    <property name="sun.java.command" value="org.codehaus.plexus.classworlds.launcher.Launcher -Dtest=com.example.service.CalculateSimpleTest -Dmaven.ext.class.path=C:\Program Files\NetBeans 8.2\java\maven-nblib\netbeans-eventspy.jar -Dfile.encoding=UTF-8 surefire:test"/>
    <property name="java.specification.vendor" value="Oracle Corporation"/>
    <property name="user.language" value="es"/>
    <property name="awt.toolkit" value="sun.awt.windows.WToolkit"/>
    <property name="java.vm.info" value="mixed mode"/>
    <property name="java.version" value="1.8.0_201"/>
    <property name="java.ext.dirs" value="C:\Program Files\Java\jdk1.8.0_201\jre\lib\ext;C:\WINDOWS\Sun\Java\lib\ext"/>
    <property name="sun.boot.class.path" value="C:\Program Files\Java\jdk1.8.0_201\jre\lib\resources.jar;C:\Program Files\Java\jdk1.8.0_201\jre\lib\rt.jar;C:\Program Files\Java\jdk1.8.0_201\jre\lib\sunrsasign.jar;C:\Program Files\Java\jdk1.8.0_201\jre\lib\jsse.jar;C:\Program Files\Java\jdk1.8.0_201\jre\lib\jce.jar;C:\Program Files\Java\jdk1.8.0_201\jre\lib\charsets.jar;C:\Program Files\Java\jdk1.8.0_201\jre\lib\jfr.jar;C:\Program Files\Java\jdk1.8.0_201\jre\classes"/>
    <property name="java.vendor" value="Oracle Corporation"/>
    <property name="maven.home" value="C:\Program Files\apache-maven-3.6.3\bin\.."/>
    <property name="file.separator" value="\"/>
    <property name="java.vendor.url.bug" value="http://bugreport.sun.com/bugreport/"/>
    <property name="sun.cpu.endian" value="little"/>
    <property name="sun.io.unicode.encoding" value="UnicodeLittle"/>
    <property name="sun.desktop" value="windows"/>
    <property name="sun.cpu.isalist" value="amd64"/>
  </properties>
  <testcase name="dividir" classname="com.example.service.CalculateSimpleTest" time="3.234">
    <failure message="expected [3] but found [Resultado: 3.0]" type="java.lang.AssertionError">java.lang.AssertionError: expected [3] but found [Resultado: 3.0]
	at org.testng.Assert.fail(Assert.java:96)
	at org.testng.Assert.failNotEquals(Assert.java:776)
	at org.testng.Assert.assertEqualsImpl(Assert.java:137)
	at org.testng.Assert.assertEquals(Assert.java:118)
	at org.testng.Assert.assertEquals(Assert.java:442)
	at com.example.service.CalculateSimpleTest.dividir(CalculateSimpleTest.java:122)
</failure>
    <system-out><![CDATA[Configuring TestNG with: TestNG652Configurator
22:04:55.875 [Forwarding newSession on session null to remote] DEBUG org.apache.http.client.protocol.RequestAddCookies - CookieSpec selected: default
22:04:55.885 [Forwarding newSession on session null to remote] DEBUG org.apache.http.client.protocol.RequestAuthCache - Auth cache not set in the context
22:04:55.887 [Forwarding newSession on session null to remote] DEBUG org.apache.http.impl.conn.PoolingHttpClientConnectionManager - Connection request: [route: {}->http://localhost:34166][total kept alive: 0; route allocated: 0 of 2000; total allocated: 0 of 2000]
22:04:55.898 [Forwarding newSession on session null to remote] DEBUG org.apache.http.impl.conn.PoolingHttpClientConnectionManager - Connection leased: [id: 0][route: {}->http://localhost:34166][total kept alive: 0; route allocated: 1 of 2000; total allocated: 1 of 2000]
22:04:55.900 [Forwarding newSession on session null to remote] DEBUG org.apache.http.impl.execchain.MainClientExec - Opening connection {}->http://localhost:34166
22:04:55.901 [Forwarding newSession on session null to remote] DEBUG org.apache.http.impl.conn.DefaultHttpClientConnectionOperator - Connecting to localhost/127.0.0.1:34166
22:04:55.902 [Forwarding newSession on session null to remote] DEBUG org.apache.http.impl.conn.DefaultHttpClientConnectionOperator - Connection established 127.0.0.1:58017<->127.0.0.1:34166
22:04:55.902 [Forwarding newSession on session null to remote] DEBUG org.apache.http.impl.conn.DefaultManagedHttpClientConnection - http-outgoing-0: set socket timeout to 10800000
22:04:55.902 [Forwarding newSession on session null to remote] DEBUG org.apache.http.impl.execchain.MainClientExec - Executing request POST /session HTTP/1.1
22:04:55.902 [Forwarding newSession on session null to remote] DEBUG org.apache.http.impl.execchain.MainClientExec - Target auth state: UNCHALLENGED
22:04:55.903 [Forwarding newSession on session null to remote] DEBUG org.apache.http.impl.execchain.MainClientExec - Proxy auth state: UNCHALLENGED
22:04:55.904 [Forwarding newSession on session null to remote] DEBUG org.apache.http.headers - http-outgoing-0 >> POST /session HTTP/1.1
22:04:55.904 [Forwarding newSession on session null to remote] DEBUG org.apache.http.headers - http-outgoing-0 >> Content-Type: application/json; charset=utf-8
22:04:55.904 [Forwarding newSession on session null to remote] DEBUG org.apache.http.headers - http-outgoing-0 >> Content-Length: 122
22:04:55.904 [Forwarding newSession on session null to remote] DEBUG org.apache.http.headers - http-outgoing-0 >> Host: localhost:34166
22:04:55.904 [Forwarding newSession on session null to remote] DEBUG org.apache.http.headers - http-outgoing-0 >> Connection: Keep-Alive
22:04:55.904 [Forwarding newSession on session null to remote] DEBUG org.apache.http.headers - http-outgoing-0 >> User-Agent: Apache-HttpClient/4.5.3 (Java/1.8.0_201)
22:04:55.904 [Forwarding newSession on session null to remote] DEBUG org.apache.http.headers - http-outgoing-0 >> Accept-Encoding: gzip,deflate
22:04:55.905 [Forwarding newSession on session null to remote] DEBUG org.apache.http.wire - http-outgoing-0 >> "POST /session HTTP/1.1[\r][\n]"
22:04:55.905 [Forwarding newSession on session null to remote] DEBUG org.apache.http.wire - http-outgoing-0 >> "Content-Type: application/json; charset=utf-8[\r][\n]"
22:04:55.905 [Forwarding newSession on session null to remote] DEBUG org.apache.http.wire - http-outgoing-0 >> "Content-Length: 122[\r][\n]"
22:04:55.905 [Forwarding newSession on session null to remote] DEBUG org.apache.http.wire - http-outgoing-0 >> "Host: localhost:34166[\r][\n]"
22:04:55.905 [Forwarding newSession on session null to remote] DEBUG org.apache.http.wire - http-outgoing-0 >> "Connection: Keep-Alive[\r][\n]"
22:04:55.905 [Forwarding newSession on session null to remote] DEBUG org.apache.http.wire - http-outgoing-0 >> "User-Agent: Apache-HttpClient/4.5.3 (Java/1.8.0_201)[\r][\n]"
22:04:55.905 [Forwarding newSession on session null to remote] DEBUG org.apache.http.wire - http-outgoing-0 >> "Accept-Encoding: gzip,deflate[\r][\n]"
22:04:55.905 [Forwarding newSession on session null to remote] DEBUG org.apache.http.wire - http-outgoing-0 >> "[\r][\n]"
22:04:55.905 [Forwarding newSession on session null to remote] DEBUG org.apache.http.wire - http-outgoing-0 >> "{"desiredCapabilities":{"browserName":"chrome","chromeOptions":{"args":[],"extensions":[]},"version":"","platform":"ANY"}}"
22:04:58.587 [Forwarding newSession on session null to remote] DEBUG org.apache.http.wire - http-outgoing-0 << "HTTP/1.1 200 OK[\r][\n]"
22:04:58.587 [Forwarding newSession on session null to remote] DEBUG org.apache.http.wire - http-outgoing-0 << "Content-Length:1068[\r][\n]"
22:04:58.587 [Forwarding newSession on session null to remote] DEBUG org.apache.http.wire - http-outgoing-0 << "Content-Type:application/json; charset=utf-8[\r][\n]"
22:04:58.587 [Forwarding newSession on session null to remote] DEBUG org.apache.http.wire - http-outgoing-0 << "[\r][\n]"
22:04:58.587 [Forwarding newSession on session null to remote] DEBUG org.apache.http.wire - http-outgoing-0 << "{"sessionId":"5010ef7e204650f5b76a6c1cbf3a3bef","status":0,"value":{"acceptInsecureCerts":false,"acceptSslCerts":false,"applicationCacheEnabled":false,"browserConnectionEnabled":false,"browserName":"chrome","chrome":{"chromedriverVersion":"85.0.4183.83 (94abc2237ae0c9a4cb5f035431c8adfb94324633-refs/branch-heads/4183@{#1658})","userDataDir":"C:\\Users\\Franz\\AppData\\Local\\Temp\\scoped_dir2332_964175701"},"cssSelectorsEnabled":true,"databaseEnabled":false,"goog:chromeOptions":{"debuggerAddress":"localhost:58019"},"handlesAlerts":true,"hasTouchScreen":false,"javascriptEnabled":true,"locationContextEnabled":true,"mobileEmulationEnabled":false,"nativeEvents":true,"networkConnectionEnabled":false,"pageLoadStrategy":"normal","platform":"Windows","proxy":{},"rotatable":false,"setWindowRect":true,"strictFileInteractability":false,"takesHeapSnapshot":true,"takesScreenshot":true,"timeouts":{"implicit":0,"pageLoad":300000,"script":30000},"unexpectedAlertBehaviour":"ignore","version":"85.0.4183.83","webStorageEnabled":true,"webauthn:virtualAuthenticators":true}}"
22:04:58.587 [Forwarding newSession on session null to remote] DEBUG org.apache.http.headers - http-outgoing-0 << HTTP/1.1 200 OK
22:04:58.587 [Forwarding newSession on session null to remote] DEBUG org.apache.http.headers - http-outgoing-0 << Content-Length:1068
22:04:58.587 [Forwarding newSession on session null to remote] DEBUG org.apache.http.headers - http-outgoing-0 << Content-Type:application/json; charset=utf-8
22:04:58.587 [Forwarding newSession on session null to remote] DEBUG org.apache.http.impl.execchain.MainClientExec - Connection can be kept alive indefinitely
22:04:58.603 [Forwarding newSession on session null to remote] DEBUG org.apache.http.impl.conn.PoolingHttpClientConnectionManager - Connection [id: 0][route: {}->http://localhost:34166] can be kept alive indefinitely
22:04:58.603 [Forwarding newSession on session null to remote] DEBUG org.apache.http.impl.conn.PoolingHttpClientConnectionManager - Connection released: [id: 0][route: {}->http://localhost:34166][total kept alive: 1; route allocated: 1 of 2000; total allocated: 1 of 2000]
22:04:58.603 [Forwarding get on session 5010ef7e204650f5b76a6c1cbf3a3bef to remote] DEBUG org.apache.http.client.protocol.RequestAddCookies - CookieSpec selected: default
22:04:58.603 [Forwarding get on session 5010ef7e204650f5b76a6c1cbf3a3bef to remote] DEBUG org.apache.http.client.protocol.RequestAuthCache - Auth cache not set in the context
22:04:58.603 [Forwarding get on session 5010ef7e204650f5b76a6c1cbf3a3bef to remote] DEBUG org.apache.http.impl.conn.PoolingHttpClientConnectionManager - Connection request: [route: {}->http://localhost:34166][total kept alive: 1; route allocated: 1 of 2000; total allocated: 1 of 2000]
22:04:58.603 [Forwarding get on session 5010ef7e204650f5b76a6c1cbf3a3bef to remote] DEBUG org.apache.http.impl.conn.PoolingHttpClientConnectionManager - Connection leased: [id: 0][route: {}->http://localhost:34166][total kept alive: 0; route allocated: 1 of 2000; total allocated: 1 of 2000]
22:04:58.603 [Forwarding get on session 5010ef7e204650f5b76a6c1cbf3a3bef to remote] DEBUG org.apache.http.impl.execchain.MainClientExec - Stale connection check
22:04:58.619 [Forwarding get on session 5010ef7e204650f5b76a6c1cbf3a3bef to remote] DEBUG org.apache.http.wire - http-outgoing-0 << "[read] I/O error: Read timed out"
22:04:58.619 [Forwarding get on session 5010ef7e204650f5b76a6c1cbf3a3bef to remote] DEBUG org.apache.http.impl.conn.DefaultManagedHttpClientConnection - http-outgoing-0: set socket timeout to 10800000
22:04:58.619 [Forwarding get on session 5010ef7e204650f5b76a6c1cbf3a3bef to remote] DEBUG org.apache.http.impl.execchain.MainClientExec - Executing request POST /session/5010ef7e204650f5b76a6c1cbf3a3bef/url HTTP/1.1
22:04:58.619 [Forwarding get on session 5010ef7e204650f5b76a6c1cbf3a3bef to remote] DEBUG org.apache.http.impl.execchain.MainClientExec - Target auth state: UNCHALLENGED
22:04:58.619 [Forwarding get on session 5010ef7e204650f5b76a6c1cbf3a3bef to remote] DEBUG org.apache.http.impl.execchain.MainClientExec - Proxy auth state: UNCHALLENGED
22:04:58.619 [Forwarding get on session 5010ef7e204650f5b76a6c1cbf3a3bef to remote] DEBUG org.apache.http.headers - http-outgoing-0 >> POST /session/5010ef7e204650f5b76a6c1cbf3a3bef/url HTTP/1.1
22:04:58.619 [Forwarding get on session 5010ef7e204650f5b76a6c1cbf3a3bef to remote] DEBUG org.apache.http.headers - http-outgoing-0 >> Content-Type: application/json; charset=utf-8
22:04:58.619 [Forwarding get on session 5010ef7e204650f5b76a6c1cbf3a3bef to remote] DEBUG org.apache.http.headers - http-outgoing-0 >> Content-Length: 43
22:04:58.619 [Forwarding get on session 5010ef7e204650f5b76a6c1cbf3a3bef to remote] DEBUG org.apache.http.headers - http-outgoing-0 >> Host: localhost:34166
22:04:58.619 [Forwarding get on session 5010ef7e204650f5b76a6c1cbf3a3bef to remote] DEBUG org.apache.http.headers - http-outgoing-0 >> Connection: Keep-Alive
22:04:58.619 [Forwarding get on session 5010ef7e204650f5b76a6c1cbf3a3bef to remote] DEBUG org.apache.http.headers - http-outgoing-0 >> User-Agent: Apache-HttpClient/4.5.3 (Java/1.8.0_201)
22:04:58.619 [Forwarding get on session 5010ef7e204650f5b76a6c1cbf3a3bef to remote] DEBUG org.apache.http.headers - http-outgoing-0 >> Accept-Encoding: gzip,deflate
22:04:58.619 [Forwarding get on session 5010ef7e204650f5b76a6c1cbf3a3bef to remote] DEBUG org.apache.http.wire - http-outgoing-0 >> "POST /session/5010ef7e204650f5b76a6c1cbf3a3bef/url HTTP/1.1[\r][\n]"
22:04:58.619 [Forwarding get on session 5010ef7e204650f5b76a6c1cbf3a3bef to remote] DEBUG org.apache.http.wire - http-outgoing-0 >> "Content-Type: application/json; charset=utf-8[\r][\n]"
22:04:58.619 [Forwarding get on session 5010ef7e204650f5b76a6c1cbf3a3bef to remote] DEBUG org.apache.http.wire - http-outgoing-0 >> "Content-Length: 43[\r][\n]"
22:04:58.619 [Forwarding get on session 5010ef7e204650f5b76a6c1cbf3a3bef to remote] DEBUG org.apache.http.wire - http-outgoing-0 >> "Host: localhost:34166[\r][\n]"
22:04:58.619 [Forwarding get on session 5010ef7e204650f5b76a6c1cbf3a3bef to remote] DEBUG org.apache.http.wire - http-outgoing-0 >> "Connection: Keep-Alive[\r][\n]"
22:04:58.619 [Forwarding get on session 5010ef7e204650f5b76a6c1cbf3a3bef to remote] DEBUG org.apache.http.wire - http-outgoing-0 >> "User-Agent: Apache-HttpClient/4.5.3 (Java/1.8.0_201)[\r][\n]"
22:04:58.619 [Forwarding get on session 5010ef7e204650f5b76a6c1cbf3a3bef to remote] DEBUG org.apache.http.wire - http-outgoing-0 >> "Accept-Encoding: gzip,deflate[\r][\n]"
22:04:58.619 [Forwarding get on session 5010ef7e204650f5b76a6c1cbf3a3bef to remote] DEBUG org.apache.http.wire - http-outgoing-0 >> "[\r][\n]"
22:04:58.619 [Forwarding get on session 5010ef7e204650f5b76a6c1cbf3a3bef to remote] DEBUG org.apache.http.wire - http-outgoing-0 >> "{"url":"http://localhost:5050/calculadora"}"
22:04:58.794 [Forwarding get on session 5010ef7e204650f5b76a6c1cbf3a3bef to remote] DEBUG org.apache.http.wire - http-outgoing-0 << "HTTP/1.1 200 OK[\r][\n]"
22:04:58.795 [Forwarding get on session 5010ef7e204650f5b76a6c1cbf3a3bef to remote] DEBUG org.apache.http.wire - http-outgoing-0 << "Content-Length:72[\r][\n]"
22:04:58.795 [Forwarding get on session 5010ef7e204650f5b76a6c1cbf3a3bef to remote] DEBUG org.apache.http.wire - http-outgoing-0 << "Content-Type:application/json; charset=utf-8[\r][\n]"
22:04:58.795 [Forwarding get on session 5010ef7e204650f5b76a6c1cbf3a3bef to remote] DEBUG org.apache.http.wire - http-outgoing-0 << "[\r][\n]"
22:04:58.795 [Forwarding get on session 5010ef7e204650f5b76a6c1cbf3a3bef to remote] DEBUG org.apache.http.wire - http-outgoing-0 << "{"sessionId":"5010ef7e204650f5b76a6c1cbf3a3bef","status":0,"value":null}"
22:04:58.795 [Forwarding get on session 5010ef7e204650f5b76a6c1cbf3a3bef to remote] DEBUG org.apache.http.headers - http-outgoing-0 << HTTP/1.1 200 OK
22:04:58.795 [Forwarding get on session 5010ef7e204650f5b76a6c1cbf3a3bef to remote] DEBUG org.apache.http.headers - http-outgoing-0 << Content-Length:72
22:04:58.795 [Forwarding get on session 5010ef7e204650f5b76a6c1cbf3a3bef to remote] DEBUG org.apache.http.headers - http-outgoing-0 << Content-Type:application/json; charset=utf-8
22:04:58.795 [Forwarding get on session 5010ef7e204650f5b76a6c1cbf3a3bef to remote] DEBUG org.apache.http.impl.execchain.MainClientExec - Connection can be kept alive indefinitely
22:04:58.795 [Forwarding get on session 5010ef7e204650f5b76a6c1cbf3a3bef to remote] DEBUG org.apache.http.impl.conn.PoolingHttpClientConnectionManager - Connection [id: 0][route: {}->http://localhost:34166] can be kept alive indefinitely
22:04:58.795 [Forwarding get on session 5010ef7e204650f5b76a6c1cbf3a3bef to remote] DEBUG org.apache.http.impl.conn.PoolingHttpClientConnectionManager - Connection released: [id: 0][route: {}->http://localhost:34166][total kept alive: 1; route allocated: 1 of 2000; total allocated: 1 of 2000]
22:04:58.803 [Forwarding maximizeWindow on session 5010ef7e204650f5b76a6c1cbf3a3bef to remote] DEBUG org.apache.http.client.protocol.RequestAddCookies - CookieSpec selected: default
22:04:58.804 [Forwarding maximizeWindow on session 5010ef7e204650f5b76a6c1cbf3a3bef to remote] DEBUG org.apache.http.client.protocol.RequestAuthCache - Auth cache not set in the context
22:04:58.804 [Forwarding maximizeWindow on session 5010ef7e204650f5b76a6c1cbf3a3bef to remote] DEBUG org.apache.http.impl.conn.PoolingHttpClientConnectionManager - Connection request: [route: {}->http://localhost:34166][total kept alive: 1; route allocated: 1 of 2000; total allocated: 1 of 2000]
22:04:58.804 [Forwarding maximizeWindow on session 5010ef7e204650f5b76a6c1cbf3a3bef to remote] DEBUG org.apache.http.impl.conn.PoolingHttpClientConnectionManager - Connection leased: [id: 0][route: {}->http://localhost:34166][total kept alive: 0; route allocated: 1 of 2000; total allocated: 1 of 2000]
22:04:58.804 [Forwarding maximizeWindow on session 5010ef7e204650f5b76a6c1cbf3a3bef to remote] DEBUG org.apache.http.impl.execchain.MainClientExec - Stale connection check
22:04:58.805 [Forwarding maximizeWindow on session 5010ef7e204650f5b76a6c1cbf3a3bef to remote] DEBUG org.apache.http.wire - http-outgoing-0 << "[read] I/O error: Read timed out"
22:04:58.805 [Forwarding maximizeWindow on session 5010ef7e204650f5b76a6c1cbf3a3bef to remote] DEBUG org.apache.http.impl.conn.DefaultManagedHttpClientConnection - http-outgoing-0: set socket timeout to 10800000
22:04:58.805 [Forwarding maximizeWindow on session 5010ef7e204650f5b76a6c1cbf3a3bef to remote] DEBUG org.apache.http.impl.execchain.MainClientExec - Executing request POST /session/5010ef7e204650f5b76a6c1cbf3a3bef/window/current/maximize HTTP/1.1
22:04:58.805 [Forwarding maximizeWindow on session 5010ef7e204650f5b76a6c1cbf3a3bef to remote] DEBUG org.apache.http.impl.execchain.MainClientExec - Target auth state: UNCHALLENGED
22:04:58.810 [Forwarding maximizeWindow on session 5010ef7e204650f5b76a6c1cbf3a3bef to remote] DEBUG org.apache.http.impl.execchain.MainClientExec - Proxy auth state: UNCHALLENGED
22:04:58.810 [Forwarding maximizeWindow on session 5010ef7e204650f5b76a6c1cbf3a3bef to remote] DEBUG org.apache.http.headers - http-outgoing-0 >> POST /session/5010ef7e204650f5b76a6c1cbf3a3bef/window/current/maximize HTTP/1.1
22:04:58.810 [Forwarding maximizeWindow on session 5010ef7e204650f5b76a6c1cbf3a3bef to remote] DEBUG org.apache.http.headers - http-outgoing-0 >> Content-Type: application/json; charset=utf-8
22:04:58.810 [Forwarding maximizeWindow on session 5010ef7e204650f5b76a6c1cbf3a3bef to remote] DEBUG org.apache.http.headers - http-outgoing-0 >> Content-Length: 26
22:04:58.810 [Forwarding maximizeWindow on session 5010ef7e204650f5b76a6c1cbf3a3bef to remote] DEBUG org.apache.http.headers - http-outgoing-0 >> Host: localhost:34166
22:04:58.810 [Forwarding maximizeWindow on session 5010ef7e204650f5b76a6c1cbf3a3bef to remote] DEBUG org.apache.http.headers - http-outgoing-0 >> Connection: Keep-Alive
22:04:58.810 [Forwarding maximizeWindow on session 5010ef7e204650f5b76a6c1cbf3a3bef to remote] DEBUG org.apache.http.headers - http-outgoing-0 >> User-Agent: Apache-HttpClient/4.5.3 (Java/1.8.0_201)
22:04:58.811 [Forwarding maximizeWindow on session 5010ef7e204650f5b76a6c1cbf3a3bef to remote] DEBUG org.apache.http.headers - http-outgoing-0 >> Accept-Encoding: gzip,deflate
22:04:58.811 [Forwarding maximizeWindow on session 5010ef7e204650f5b76a6c1cbf3a3bef to remote] DEBUG org.apache.http.wire - http-outgoing-0 >> "POST /session/5010ef7e204650f5b76a6c1cbf3a3bef/window/current/maximize HTTP/1.1[\r][\n]"
22:04:58.811 [Forwarding maximizeWindow on session 5010ef7e204650f5b76a6c1cbf3a3bef to remote] DEBUG org.apache.http.wire - http-outgoing-0 >> "Content-Type: application/json; charset=utf-8[\r][\n]"
22:04:58.811 [Forwarding maximizeWindow on session 5010ef7e204650f5b76a6c1cbf3a3bef to remote] DEBUG org.apache.http.wire - http-outgoing-0 >> "Content-Length: 26[\r][\n]"
22:04:58.811 [Forwarding maximizeWindow on session 5010ef7e204650f5b76a6c1cbf3a3bef to remote] DEBUG org.apache.http.wire - http-outgoing-0 >> "Host: localhost:34166[\r][\n]"
22:04:58.811 [Forwarding maximizeWindow on session 5010ef7e204650f5b76a6c1cbf3a3bef to remote] DEBUG org.apache.http.wire - http-outgoing-0 >> "Connection: Keep-Alive[\r][\n]"
22:04:58.811 [Forwarding maximizeWindow on session 5010ef7e204650f5b76a6c1cbf3a3bef to remote] DEBUG org.apache.http.wire - http-outgoing-0 >> "User-Agent: Apache-HttpClient/4.5.3 (Java/1.8.0_201)[\r][\n]"
22:04:58.811 [Forwarding maximizeWindow on session 5010ef7e204650f5b76a6c1cbf3a3bef to remote] DEBUG org.apache.http.wire - http-outgoing-0 >> "Accept-Encoding: gzip,deflate[\r][\n]"
22:04:58.811 [Forwarding maximizeWindow on session 5010ef7e204650f5b76a6c1cbf3a3bef to remote] DEBUG org.apache.http.wire - http-outgoing-0 >> "[\r][\n]"
22:04:58.811 [Forwarding maximizeWindow on session 5010ef7e204650f5b76a6c1cbf3a3bef to remote] DEBUG org.apache.http.wire - http-outgoing-0 >> "{"windowHandle":"current"}"
22:05:00.933 [Forwarding maximizeWindow on session 5010ef7e204650f5b76a6c1cbf3a3bef to remote] DEBUG org.apache.http.wire - http-outgoing-0 << "HTTP/1.1 200 OK[\r][\n]"
22:05:00.934 [Forwarding maximizeWindow on session 5010ef7e204650f5b76a6c1cbf3a3bef to remote] DEBUG org.apache.http.wire - http-outgoing-0 << "Content-Length:109[\r][\n]"
22:05:00.934 [Forwarding maximizeWindow on session 5010ef7e204650f5b76a6c1cbf3a3bef to remote] DEBUG org.apache.http.wire - http-outgoing-0 << "Content-Type:application/json; charset=utf-8[\r][\n]"
22:05:00.934 [Forwarding maximizeWindow on session 5010ef7e204650f5b76a6c1cbf3a3bef to remote] DEBUG org.apache.http.wire - http-outgoing-0 << "[\r][\n]"
22:05:00.934 [Forwarding maximizeWindow on session 5010ef7e204650f5b76a6c1cbf3a3bef to remote] DEBUG org.apache.http.wire - http-outgoing-0 << "{"sessionId":"5010ef7e204650f5b76a6c1cbf3a3bef","status":0,"value":{"height":840,"width":1552,"x":-8,"y":-8}}"
22:05:00.934 [Forwarding maximizeWindow on session 5010ef7e204650f5b76a6c1cbf3a3bef to remote] DEBUG org.apache.http.headers - http-outgoing-0 << HTTP/1.1 200 OK
22:05:00.934 [Forwarding maximizeWindow on session 5010ef7e204650f5b76a6c1cbf3a3bef to remote] DEBUG org.apache.http.headers - http-outgoing-0 << Content-Length:109
22:05:00.934 [Forwarding maximizeWindow on session 5010ef7e204650f5b76a6c1cbf3a3bef to remote] DEBUG org.apache.http.headers - http-outgoing-0 << Content-Type:application/json; charset=utf-8
22:05:00.934 [Forwarding maximizeWindow on session 5010ef7e204650f5b76a6c1cbf3a3bef to remote] DEBUG org.apache.http.impl.execchain.MainClientExec - Connection can be kept alive indefinitely
22:05:00.935 [Forwarding maximizeWindow on session 5010ef7e204650f5b76a6c1cbf3a3bef to remote] DEBUG org.apache.http.impl.conn.PoolingHttpClientConnectionManager - Connection [id: 0][route: {}->http://localhost:34166] can be kept alive indefinitely
22:05:00.935 [Forwarding maximizeWindow on session 5010ef7e204650f5b76a6c1cbf3a3bef to remote] DEBUG org.apache.http.impl.conn.PoolingHttpClientConnectionManager - Connection released: [id: 0][route: {}->http://localhost:34166][total kept alive: 1; route allocated: 1 of 2000; total allocated: 1 of 2000]
22:05:00.953 [Forwarding findElement on session 5010ef7e204650f5b76a6c1cbf3a3bef to remote] DEBUG org.apache.http.client.protocol.RequestAddCookies - CookieSpec selected: default
22:05:00.953 [Forwarding findElement on session 5010ef7e204650f5b76a6c1cbf3a3bef to remote] DEBUG org.apache.http.client.protocol.RequestAuthCache - Auth cache not set in the context
22:05:00.953 [Forwarding findElement on session 5010ef7e204650f5b76a6c1cbf3a3bef to remote] DEBUG org.apache.http.impl.conn.PoolingHttpClientConnectionManager - Connection request: [route: {}->http://localhost:34166][total kept alive: 1; route allocated: 1 of 2000; total allocated: 1 of 2000]
22:05:00.953 [Forwarding findElement on session 5010ef7e204650f5b76a6c1cbf3a3bef to remote] DEBUG org.apache.http.impl.conn.PoolingHttpClientConnectionManager - Connection leased: [id: 0][route: {}->http://localhost:34166][total kept alive: 0; route allocated: 1 of 2000; total allocated: 1 of 2000]
22:05:00.953 [Forwarding findElement on session 5010ef7e204650f5b76a6c1cbf3a3bef to remote] DEBUG org.apache.http.impl.execchain.MainClientExec - Stale connection check
22:05:00.955 [Forwarding findElement on session 5010ef7e204650f5b76a6c1cbf3a3bef to remote] DEBUG org.apache.http.wire - http-outgoing-0 << "[read] I/O error: Read timed out"
22:05:00.955 [Forwarding findElement on session 5010ef7e204650f5b76a6c1cbf3a3bef to remote] DEBUG org.apache.http.impl.conn.DefaultManagedHttpClientConnection - http-outgoing-0: set socket timeout to 10800000
22:05:00.955 [Forwarding findElement on session 5010ef7e204650f5b76a6c1cbf3a3bef to remote] DEBUG org.apache.http.impl.execchain.MainClientExec - Executing request POST /session/5010ef7e204650f5b76a6c1cbf3a3bef/element HTTP/1.1
22:05:00.955 [Forwarding findElement on session 5010ef7e204650f5b76a6c1cbf3a3bef to remote] DEBUG org.apache.http.impl.execchain.MainClientExec - Target auth state: UNCHALLENGED
22:05:00.955 [Forwarding findElement on session 5010ef7e204650f5b76a6c1cbf3a3bef to remote] DEBUG org.apache.http.impl.execchain.MainClientExec - Proxy auth state: UNCHALLENGED
22:05:00.955 [Forwarding findElement on session 5010ef7e204650f5b76a6c1cbf3a3bef to remote] DEBUG org.apache.http.headers - http-outgoing-0 >> POST /session/5010ef7e204650f5b76a6c1cbf3a3bef/element HTTP/1.1
22:05:00.955 [Forwarding findElement on session 5010ef7e204650f5b76a6c1cbf3a3bef to remote] DEBUG org.apache.http.headers - http-outgoing-0 >> Content-Type: application/json; charset=utf-8
22:05:00.955 [Forwarding findElement on session 5010ef7e204650f5b76a6c1cbf3a3bef to remote] DEBUG org.apache.http.headers - http-outgoing-0 >> Content-Length: 28
22:05:00.955 [Forwarding findElement on session 5010ef7e204650f5b76a6c1cbf3a3bef to remote] DEBUG org.apache.http.headers - http-outgoing-0 >> Host: localhost:34166
22:05:00.955 [Forwarding findElement on session 5010ef7e204650f5b76a6c1cbf3a3bef to remote] DEBUG org.apache.http.headers - http-outgoing-0 >> Connection: Keep-Alive
22:05:00.955 [Forwarding findElement on session 5010ef7e204650f5b76a6c1cbf3a3bef to remote] DEBUG org.apache.http.headers - http-outgoing-0 >> User-Agent: Apache-HttpClient/4.5.3 (Java/1.8.0_201)
22:05:00.955 [Forwarding findElement on session 5010ef7e204650f5b76a6c1cbf3a3bef to remote] DEBUG org.apache.http.headers - http-outgoing-0 >> Accept-Encoding: gzip,deflate
22:05:00.955 [Forwarding findElement on session 5010ef7e204650f5b76a6c1cbf3a3bef to remote] DEBUG org.apache.http.wire - http-outgoing-0 >> "POST /session/5010ef7e204650f5b76a6c1cbf3a3bef/element HTTP/1.1[\r][\n]"
22:05:00.955 [Forwarding findElement on session 5010ef7e204650f5b76a6c1cbf3a3bef to remote] DEBUG org.apache.http.wire - http-outgoing-0 >> "Content-Type: application/json; charset=utf-8[\r][\n]"
22:05:00.955 [Forwarding findElement on session 5010ef7e204650f5b76a6c1cbf3a3bef to remote] DEBUG org.apache.http.wire - http-outgoing-0 >> "Content-Length: 28[\r][\n]"
22:05:00.955 [Forwarding findElement on session 5010ef7e204650f5b76a6c1cbf3a3bef to remote] DEBUG org.apache.http.wire - http-outgoing-0 >> "Host: localhost:34166[\r][\n]"
22:05:00.955 [Forwarding findElement on session 5010ef7e204650f5b76a6c1cbf3a3bef to remote] DEBUG org.apache.http.wire - http-outgoing-0 >> "Connection: Keep-Alive[\r][\n]"
22:05:00.955 [Forwarding findElement on session 5010ef7e204650f5b76a6c1cbf3a3bef to remote] DEBUG org.apache.http.wire - http-outgoing-0 >> "User-Agent: Apache-HttpClient/4.5.3 (Java/1.8.0_201)[\r][\n]"
22:05:00.955 [Forwarding findElement on session 5010ef7e204650f5b76a6c1cbf3a3bef to remote] DEBUG org.apache.http.wire - http-outgoing-0 >> "Accept-Encoding: gzip,deflate[\r][\n]"
22:05:00.955 [Forwarding findElement on session 5010ef7e204650f5b76a6c1cbf3a3bef to remote] DEBUG org.apache.http.wire - http-outgoing-0 >> "[\r][\n]"
22:05:00.955 [Forwarding findElement on session 5010ef7e204650f5b76a6c1cbf3a3bef to remote] DEBUG org.apache.http.wire - http-outgoing-0 >> "{"using":"name","value":"a"}"
22:05:00.970 [Forwarding findElement on session 5010ef7e204650f5b76a6c1cbf3a3bef to remote] DEBUG org.apache.http.wire - http-outgoing-0 << "HTTP/1.1 200 OK[\r][\n]"
22:05:00.970 [Forwarding findElement on session 5010ef7e204650f5b76a6c1cbf3a3bef to remote] DEBUG org.apache.http.wire - http-outgoing-0 << "Content-Length:102[\r][\n]"
22:05:00.970 [Forwarding findElement on session 5010ef7e204650f5b76a6c1cbf3a3bef to remote] DEBUG org.apache.http.wire - http-outgoing-0 << "Content-Type:application/json; charset=utf-8[\r][\n]"
22:05:00.970 [Forwarding findElement on session 5010ef7e204650f5b76a6c1cbf3a3bef to remote] DEBUG org.apache.http.wire - http-outgoing-0 << "[\r][\n]"
22:05:00.970 [Forwarding findElement on session 5010ef7e204650f5b76a6c1cbf3a3bef to remote] DEBUG org.apache.http.wire - http-outgoing-0 << "{"sessionId":"5010ef7e204650f5b76a6c1cbf3a3bef","status":0,"value":{"ELEMENT":"0.6196172484469056-1"}}"
22:05:00.970 [Forwarding findElement on session 5010ef7e204650f5b76a6c1cbf3a3bef to remote] DEBUG org.apache.http.headers - http-outgoing-0 << HTTP/1.1 200 OK
22:05:00.970 [Forwarding findElement on session 5010ef7e204650f5b76a6c1cbf3a3bef to remote] DEBUG org.apache.http.headers - http-outgoing-0 << Content-Length:102
22:05:00.970 [Forwarding findElement on session 5010ef7e204650f5b76a6c1cbf3a3bef to remote] DEBUG org.apache.http.headers - http-outgoing-0 << Content-Type:application/json; charset=utf-8
22:05:00.970 [Forwarding findElement on session 5010ef7e204650f5b76a6c1cbf3a3bef to remote] DEBUG org.apache.http.impl.execchain.MainClientExec - Connection can be kept alive indefinitely
22:05:00.970 [Forwarding findElement on session 5010ef7e204650f5b76a6c1cbf3a3bef to remote] DEBUG org.apache.http.impl.conn.PoolingHttpClientConnectionManager - Connection [id: 0][route: {}->http://localhost:34166] can be kept alive indefinitely
22:05:00.970 [Forwarding findElement on session 5010ef7e204650f5b76a6c1cbf3a3bef to remote] DEBUG org.apache.http.impl.conn.PoolingHttpClientConnectionManager - Connection released: [id: 0][route: {}->http://localhost:34166][total kept alive: 1; route allocated: 1 of 2000; total allocated: 1 of 2000]
22:05:00.974 [Forwarding clearElement on session 5010ef7e204650f5b76a6c1cbf3a3bef to remote] DEBUG org.apache.http.client.protocol.RequestAddCookies - CookieSpec selected: default
22:05:00.974 [Forwarding clearElement on session 5010ef7e204650f5b76a6c1cbf3a3bef to remote] DEBUG org.apache.http.client.protocol.RequestAuthCache - Auth cache not set in the context
22:05:00.974 [Forwarding clearElement on session 5010ef7e204650f5b76a6c1cbf3a3bef to remote] DEBUG org.apache.http.impl.conn.PoolingHttpClientConnectionManager - Connection request: [route: {}->http://localhost:34166][total kept alive: 1; route allocated: 1 of 2000; total allocated: 1 of 2000]
22:05:00.974 [Forwarding clearElement on session 5010ef7e204650f5b76a6c1cbf3a3bef to remote] DEBUG org.apache.http.impl.conn.PoolingHttpClientConnectionManager - Connection leased: [id: 0][route: {}->http://localhost:34166][total kept alive: 0; route allocated: 1 of 2000; total allocated: 1 of 2000]
22:05:00.974 [Forwarding clearElement on session 5010ef7e204650f5b76a6c1cbf3a3bef to remote] DEBUG org.apache.http.impl.execchain.MainClientExec - Stale connection check
22:05:00.976 [Forwarding clearElement on session 5010ef7e204650f5b76a6c1cbf3a3bef to remote] DEBUG org.apache.http.wire - http-outgoing-0 << "[read] I/O error: Read timed out"
22:05:00.976 [Forwarding clearElement on session 5010ef7e204650f5b76a6c1cbf3a3bef to remote] DEBUG org.apache.http.impl.conn.DefaultManagedHttpClientConnection - http-outgoing-0: set socket timeout to 10800000
22:05:00.976 [Forwarding clearElement on session 5010ef7e204650f5b76a6c1cbf3a3bef to remote] DEBUG org.apache.http.impl.execchain.MainClientExec - Executing request POST /session/5010ef7e204650f5b76a6c1cbf3a3bef/element/0.6196172484469056-1/clear HTTP/1.1
22:05:00.976 [Forwarding clearElement on session 5010ef7e204650f5b76a6c1cbf3a3bef to remote] DEBUG org.apache.http.impl.execchain.MainClientExec - Target auth state: UNCHALLENGED
22:05:00.976 [Forwarding clearElement on session 5010ef7e204650f5b76a6c1cbf3a3bef to remote] DEBUG org.apache.http.impl.execchain.MainClientExec - Proxy auth state: UNCHALLENGED
22:05:00.976 [Forwarding clearElement on session 5010ef7e204650f5b76a6c1cbf3a3bef to remote] DEBUG org.apache.http.headers - http-outgoing-0 >> POST /session/5010ef7e204650f5b76a6c1cbf3a3bef/element/0.6196172484469056-1/clear HTTP/1.1
22:05:00.976 [Forwarding clearElement on session 5010ef7e204650f5b76a6c1cbf3a3bef to remote] DEBUG org.apache.http.headers - http-outgoing-0 >> Content-Type: application/json; charset=utf-8
22:05:00.976 [Forwarding clearElement on session 5010ef7e204650f5b76a6c1cbf3a3bef to remote] DEBUG org.apache.http.headers - http-outgoing-0 >> Content-Length: 29
22:05:00.976 [Forwarding clearElement on session 5010ef7e204650f5b76a6c1cbf3a3bef to remote] DEBUG org.apache.http.headers - http-outgoing-0 >> Host: localhost:34166
22:05:00.976 [Forwarding clearElement on session 5010ef7e204650f5b76a6c1cbf3a3bef to remote] DEBUG org.apache.http.headers - http-outgoing-0 >> Connection: Keep-Alive
22:05:00.976 [Forwarding clearElement on session 5010ef7e204650f5b76a6c1cbf3a3bef to remote] DEBUG org.apache.http.headers - http-outgoing-0 >> User-Agent: Apache-HttpClient/4.5.3 (Java/1.8.0_201)
22:05:00.976 [Forwarding clearElement on session 5010ef7e204650f5b76a6c1cbf3a3bef to remote] DEBUG org.apache.http.headers - http-outgoing-0 >> Accept-Encoding: gzip,deflate
22:05:00.976 [Forwarding clearElement on session 5010ef7e204650f5b76a6c1cbf3a3bef to remote] DEBUG org.apache.http.wire - http-outgoing-0 >> "POST /session/5010ef7e204650f5b76a6c1cbf3a3bef/element/0.6196172484469056-1/clear HTTP/1.1[\r][\n]"
22:05:00.976 [Forwarding clearElement on session 5010ef7e204650f5b76a6c1cbf3a3bef to remote] DEBUG org.apache.http.wire - http-outgoing-0 >> "Content-Type: application/json; charset=utf-8[\r][\n]"
22:05:00.976 [Forwarding clearElement on session 5010ef7e204650f5b76a6c1cbf3a3bef to remote] DEBUG org.apache.http.wire - http-outgoing-0 >> "Content-Length: 29[\r][\n]"
22:05:00.976 [Forwarding clearElement on session 5010ef7e204650f5b76a6c1cbf3a3bef to remote] DEBUG org.apache.http.wire - http-outgoing-0 >> "Host: localhost:34166[\r][\n]"
22:05:00.976 [Forwarding clearElement on session 5010ef7e204650f5b76a6c1cbf3a3bef to remote] DEBUG org.apache.http.wire - http-outgoing-0 >> "Connection: Keep-Alive[\r][\n]"
22:05:00.976 [Forwarding clearElement on session 5010ef7e204650f5b76a6c1cbf3a3bef to remote] DEBUG org.apache.http.wire - http-outgoing-0 >> "User-Agent: Apache-HttpClient/4.5.3 (Java/1.8.0_201)[\r][\n]"
22:05:00.976 [Forwarding clearElement on session 5010ef7e204650f5b76a6c1cbf3a3bef to remote] DEBUG org.apache.http.wire - http-outgoing-0 >> "Accept-Encoding: gzip,deflate[\r][\n]"
22:05:00.976 [Forwarding clearElement on session 5010ef7e204650f5b76a6c1cbf3a3bef to remote] DEBUG org.apache.http.wire - http-outgoing-0 >> "[\r][\n]"
22:05:00.976 [Forwarding clearElement on session 5010ef7e204650f5b76a6c1cbf3a3bef to remote] DEBUG org.apache.http.wire - http-outgoing-0 >> "{"id":"0.6196172484469056-1"}"
22:05:01.011 [Forwarding clearElement on session 5010ef7e204650f5b76a6c1cbf3a3bef to remote] DEBUG org.apache.http.wire - http-outgoing-0 << "HTTP/1.1 200 OK[\r][\n]"
22:05:01.011 [Forwarding clearElement on session 5010ef7e204650f5b76a6c1cbf3a3bef to remote] DEBUG org.apache.http.wire - http-outgoing-0 << "Content-Length:72[\r][\n]"
22:05:01.011 [Forwarding clearElement on session 5010ef7e204650f5b76a6c1cbf3a3bef to remote] DEBUG org.apache.http.wire - http-outgoing-0 << "Content-Type:application/json; charset=utf-8[\r][\n]"
22:05:01.011 [Forwarding clearElement on session 5010ef7e204650f5b76a6c1cbf3a3bef to remote] DEBUG org.apache.http.wire - http-outgoing-0 << "[\r][\n]"
22:05:01.011 [Forwarding clearElement on session 5010ef7e204650f5b76a6c1cbf3a3bef to remote] DEBUG org.apache.http.wire - http-outgoing-0 << "{"sessionId":"5010ef7e204650f5b76a6c1cbf3a3bef","status":0,"value":null}"
22:05:01.012 [Forwarding clearElement on session 5010ef7e204650f5b76a6c1cbf3a3bef to remote] DEBUG org.apache.http.headers - http-outgoing-0 << HTTP/1.1 200 OK
22:05:01.012 [Forwarding clearElement on session 5010ef7e204650f5b76a6c1cbf3a3bef to remote] DEBUG org.apache.http.headers - http-outgoing-0 << Content-Length:72
22:05:01.012 [Forwarding clearElement on session 5010ef7e204650f5b76a6c1cbf3a3bef to remote] DEBUG org.apache.http.headers - http-outgoing-0 << Content-Type:application/json; charset=utf-8
22:05:01.012 [Forwarding clearElement on session 5010ef7e204650f5b76a6c1cbf3a3bef to remote] DEBUG org.apache.http.impl.execchain.MainClientExec - Connection can be kept alive indefinitely
22:05:01.012 [Forwarding clearElement on session 5010ef7e204650f5b76a6c1cbf3a3bef to remote] DEBUG org.apache.http.impl.conn.PoolingHttpClientConnectionManager - Connection [id: 0][route: {}->http://localhost:34166] can be kept alive indefinitely
22:05:01.012 [Forwarding clearElement on session 5010ef7e204650f5b76a6c1cbf3a3bef to remote] DEBUG org.apache.http.impl.conn.PoolingHttpClientConnectionManager - Connection released: [id: 0][route: {}->http://localhost:34166][total kept alive: 1; route allocated: 1 of 2000; total allocated: 1 of 2000]
22:05:01.014 [Forwarding findElement on session 5010ef7e204650f5b76a6c1cbf3a3bef to remote] DEBUG org.apache.http.client.protocol.RequestAddCookies - CookieSpec selected: default
22:05:01.015 [Forwarding findElement on session 5010ef7e204650f5b76a6c1cbf3a3bef to remote] DEBUG org.apache.http.client.protocol.RequestAuthCache - Auth cache not set in the context
22:05:01.015 [Forwarding findElement on session 5010ef7e204650f5b76a6c1cbf3a3bef to remote] DEBUG org.apache.http.impl.conn.PoolingHttpClientConnectionManager - Connection request: [route: {}->http://localhost:34166][total kept alive: 1; route allocated: 1 of 2000; total allocated: 1 of 2000]
22:05:01.015 [Forwarding findElement on session 5010ef7e204650f5b76a6c1cbf3a3bef to remote] DEBUG org.apache.http.impl.conn.PoolingHttpClientConnectionManager - Connection leased: [id: 0][route: {}->http://localhost:34166][total kept alive: 0; route allocated: 1 of 2000; total allocated: 1 of 2000]
22:05:01.015 [Forwarding findElement on session 5010ef7e204650f5b76a6c1cbf3a3bef to remote] DEBUG org.apache.http.impl.execchain.MainClientExec - Stale connection check
22:05:01.017 [Forwarding findElement on session 5010ef7e204650f5b76a6c1cbf3a3bef to remote] DEBUG org.apache.http.wire - http-outgoing-0 << "[read] I/O error: Read timed out"
22:05:01.017 [Forwarding findElement on session 5010ef7e204650f5b76a6c1cbf3a3bef to remote] DEBUG org.apache.http.impl.conn.DefaultManagedHttpClientConnection - http-outgoing-0: set socket timeout to 10800000
22:05:01.017 [Forwarding findElement on session 5010ef7e204650f5b76a6c1cbf3a3bef to remote] DEBUG org.apache.http.impl.execchain.MainClientExec - Executing request POST /session/5010ef7e204650f5b76a6c1cbf3a3bef/element HTTP/1.1
22:05:01.017 [Forwarding findElement on session 5010ef7e204650f5b76a6c1cbf3a3bef to remote] DEBUG org.apache.http.impl.execchain.MainClientExec - Target auth state: UNCHALLENGED
22:05:01.017 [Forwarding findElement on session 5010ef7e204650f5b76a6c1cbf3a3bef to remote] DEBUG org.apache.http.impl.execchain.MainClientExec - Proxy auth state: UNCHALLENGED
22:05:01.017 [Forwarding findElement on session 5010ef7e204650f5b76a6c1cbf3a3bef to remote] DEBUG org.apache.http.headers - http-outgoing-0 >> POST /session/5010ef7e204650f5b76a6c1cbf3a3bef/element HTTP/1.1
22:05:01.017 [Forwarding findElement on session 5010ef7e204650f5b76a6c1cbf3a3bef to remote] DEBUG org.apache.http.headers - http-outgoing-0 >> Content-Type: application/json; charset=utf-8
22:05:01.017 [Forwarding findElement on session 5010ef7e204650f5b76a6c1cbf3a3bef to remote] DEBUG org.apache.http.headers - http-outgoing-0 >> Content-Length: 28
22:05:01.017 [Forwarding findElement on session 5010ef7e204650f5b76a6c1cbf3a3bef to remote] DEBUG org.apache.http.headers - http-outgoing-0 >> Host: localhost:34166
22:05:01.017 [Forwarding findElement on session 5010ef7e204650f5b76a6c1cbf3a3bef to remote] DEBUG org.apache.http.headers - http-outgoing-0 >> Connection: Keep-Alive
22:05:01.017 [Forwarding findElement on session 5010ef7e204650f5b76a6c1cbf3a3bef to remote] DEBUG org.apache.http.headers - http-outgoing-0 >> User-Agent: Apache-HttpClient/4.5.3 (Java/1.8.0_201)
22:05:01.017 [Forwarding findElement on session 5010ef7e204650f5b76a6c1cbf3a3bef to remote] DEBUG org.apache.http.headers - http-outgoing-0 >> Accept-Encoding: gzip,deflate
22:05:01.018 [Forwarding findElement on session 5010ef7e204650f5b76a6c1cbf3a3bef to remote] DEBUG org.apache.http.wire - http-outgoing-0 >> "POST /session/5010ef7e204650f5b76a6c1cbf3a3bef/element HTTP/1.1[\r][\n]"
22:05:01.018 [Forwarding findElement on session 5010ef7e204650f5b76a6c1cbf3a3bef to remote] DEBUG org.apache.http.wire - http-outgoing-0 >> "Content-Type: application/json; charset=utf-8[\r][\n]"
22:05:01.018 [Forwarding findElement on session 5010ef7e204650f5b76a6c1cbf3a3bef to remote] DEBUG org.apache.http.wire - http-outgoing-0 >> "Content-Length: 28[\r][\n]"
22:05:01.018 [Forwarding findElement on session 5010ef7e204650f5b76a6c1cbf3a3bef to remote] DEBUG org.apache.http.wire - http-outgoing-0 >> "Host: localhost:34166[\r][\n]"
22:05:01.018 [Forwarding findElement on session 5010ef7e204650f5b76a6c1cbf3a3bef to remote] DEBUG org.apache.http.wire - http-outgoing-0 >> "Connection: Keep-Alive[\r][\n]"
22:05:01.018 [Forwarding findElement on session 5010ef7e204650f5b76a6c1cbf3a3bef to remote] DEBUG org.apache.http.wire - http-outgoing-0 >> "User-Agent: Apache-HttpClient/4.5.3 (Java/1.8.0_201)[\r][\n]"
22:05:01.018 [Forwarding findElement on session 5010ef7e204650f5b76a6c1cbf3a3bef to remote] DEBUG org.apache.http.wire - http-outgoing-0 >> "Accept-Encoding: gzip,deflate[\r][\n]"
22:05:01.018 [Forwarding findElement on session 5010ef7e204650f5b76a6c1cbf3a3bef to remote] DEBUG org.apache.http.wire - http-outgoing-0 >> "[\r][\n]"
22:05:01.018 [Forwarding findElement on session 5010ef7e204650f5b76a6c1cbf3a3bef to remote] DEBUG org.apache.http.wire - http-outgoing-0 >> "{"using":"name","value":"b"}"
22:05:01.030 [Forwarding findElement on session 5010ef7e204650f5b76a6c1cbf3a3bef to remote] DEBUG org.apache.http.wire - http-outgoing-0 << "HTTP/1.1 200 OK[\r][\n]"
22:05:01.031 [Forwarding findElement on session 5010ef7e204650f5b76a6c1cbf3a3bef to remote] DEBUG org.apache.http.wire - http-outgoing-0 << "Content-Length:102[\r][\n]"
22:05:01.031 [Forwarding findElement on session 5010ef7e204650f5b76a6c1cbf3a3bef to remote] DEBUG org.apache.http.wire - http-outgoing-0 << "Content-Type:application/json; charset=utf-8[\r][\n]"
22:05:01.031 [Forwarding findElement on session 5010ef7e204650f5b76a6c1cbf3a3bef to remote] DEBUG org.apache.http.wire - http-outgoing-0 << "[\r][\n]"
22:05:01.031 [Forwarding findElement on session 5010ef7e204650f5b76a6c1cbf3a3bef to remote] DEBUG org.apache.http.wire - http-outgoing-0 << "{"sessionId":"5010ef7e204650f5b76a6c1cbf3a3bef","status":0,"value":{"ELEMENT":"0.6196172484469056-2"}}"
22:05:01.031 [Forwarding findElement on session 5010ef7e204650f5b76a6c1cbf3a3bef to remote] DEBUG org.apache.http.headers - http-outgoing-0 << HTTP/1.1 200 OK
22:05:01.031 [Forwarding findElement on session 5010ef7e204650f5b76a6c1cbf3a3bef to remote] DEBUG org.apache.http.headers - http-outgoing-0 << Content-Length:102
22:05:01.031 [Forwarding findElement on session 5010ef7e204650f5b76a6c1cbf3a3bef to remote] DEBUG org.apache.http.headers - http-outgoing-0 << Content-Type:application/json; charset=utf-8
22:05:01.031 [Forwarding findElement on session 5010ef7e204650f5b76a6c1cbf3a3bef to remote] DEBUG org.apache.http.impl.execchain.MainClientExec - Connection can be kept alive indefinitely
22:05:01.031 [Forwarding findElement on session 5010ef7e204650f5b76a6c1cbf3a3bef to remote] DEBUG org.apache.http.impl.conn.PoolingHttpClientConnectionManager - Connection [id: 0][route: {}->http://localhost:34166] can be kept alive indefinitely
22:05:01.031 [Forwarding findElement on session 5010ef7e204650f5b76a6c1cbf3a3bef to remote] DEBUG org.apache.http.impl.conn.PoolingHttpClientConnectionManager - Connection released: [id: 0][route: {}->http://localhost:34166][total kept alive: 1; route allocated: 1 of 2000; total allocated: 1 of 2000]
22:05:01.034 [Forwarding clearElement on session 5010ef7e204650f5b76a6c1cbf3a3bef to remote] DEBUG org.apache.http.client.protocol.RequestAddCookies - CookieSpec selected: default
22:05:01.034 [Forwarding clearElement on session 5010ef7e204650f5b76a6c1cbf3a3bef to remote] DEBUG org.apache.http.client.protocol.RequestAuthCache - Auth cache not set in the context
22:05:01.034 [Forwarding clearElement on session 5010ef7e204650f5b76a6c1cbf3a3bef to remote] DEBUG org.apache.http.impl.conn.PoolingHttpClientConnectionManager - Connection request: [route: {}->http://localhost:34166][total kept alive: 1; route allocated: 1 of 2000; total allocated: 1 of 2000]
22:05:01.034 [Forwarding clearElement on session 5010ef7e204650f5b76a6c1cbf3a3bef to remote] DEBUG org.apache.http.impl.conn.PoolingHttpClientConnectionManager - Connection leased: [id: 0][route: {}->http://localhost:34166][total kept alive: 0; route allocated: 1 of 2000; total allocated: 1 of 2000]
22:05:01.034 [Forwarding clearElement on session 5010ef7e204650f5b76a6c1cbf3a3bef to remote] DEBUG org.apache.http.impl.execchain.MainClientExec - Stale connection check
22:05:01.036 [Forwarding clearElement on session 5010ef7e204650f5b76a6c1cbf3a3bef to remote] DEBUG org.apache.http.wire - http-outgoing-0 << "[read] I/O error: Read timed out"
22:05:01.036 [Forwarding clearElement on session 5010ef7e204650f5b76a6c1cbf3a3bef to remote] DEBUG org.apache.http.impl.conn.DefaultManagedHttpClientConnection - http-outgoing-0: set socket timeout to 10800000
22:05:01.036 [Forwarding clearElement on session 5010ef7e204650f5b76a6c1cbf3a3bef to remote] DEBUG org.apache.http.impl.execchain.MainClientExec - Executing request POST /session/5010ef7e204650f5b76a6c1cbf3a3bef/element/0.6196172484469056-2/clear HTTP/1.1
22:05:01.036 [Forwarding clearElement on session 5010ef7e204650f5b76a6c1cbf3a3bef to remote] DEBUG org.apache.http.impl.execchain.MainClientExec - Target auth state: UNCHALLENGED
22:05:01.036 [Forwarding clearElement on session 5010ef7e204650f5b76a6c1cbf3a3bef to remote] DEBUG org.apache.http.impl.execchain.MainClientExec - Proxy auth state: UNCHALLENGED
22:05:01.036 [Forwarding clearElement on session 5010ef7e204650f5b76a6c1cbf3a3bef to remote] DEBUG org.apache.http.headers - http-outgoing-0 >> POST /session/5010ef7e204650f5b76a6c1cbf3a3bef/element/0.6196172484469056-2/clear HTTP/1.1
22:05:01.036 [Forwarding clearElement on session 5010ef7e204650f5b76a6c1cbf3a3bef to remote] DEBUG org.apache.http.headers - http-outgoing-0 >> Content-Type: application/json; charset=utf-8
22:05:01.036 [Forwarding clearElement on session 5010ef7e204650f5b76a6c1cbf3a3bef to remote] DEBUG org.apache.http.headers - http-outgoing-0 >> Content-Length: 29
22:05:01.036 [Forwarding clearElement on session 5010ef7e204650f5b76a6c1cbf3a3bef to remote] DEBUG org.apache.http.headers - http-outgoing-0 >> Host: localhost:34166
22:05:01.036 [Forwarding clearElement on session 5010ef7e204650f5b76a6c1cbf3a3bef to remote] DEBUG org.apache.http.headers - http-outgoing-0 >> Connection: Keep-Alive
22:05:01.036 [Forwarding clearElement on session 5010ef7e204650f5b76a6c1cbf3a3bef to remote] DEBUG org.apache.http.headers - http-outgoing-0 >> User-Agent: Apache-HttpClient/4.5.3 (Java/1.8.0_201)
22:05:01.036 [Forwarding clearElement on session 5010ef7e204650f5b76a6c1cbf3a3bef to remote] DEBUG org.apache.http.headers - http-outgoing-0 >> Accept-Encoding: gzip,deflate
22:05:01.037 [Forwarding clearElement on session 5010ef7e204650f5b76a6c1cbf3a3bef to remote] DEBUG org.apache.http.wire - http-outgoing-0 >> "POST /session/5010ef7e204650f5b76a6c1cbf3a3bef/element/0.6196172484469056-2/clear HTTP/1.1[\r][\n]"
22:05:01.037 [Forwarding clearElement on session 5010ef7e204650f5b76a6c1cbf3a3bef to remote] DEBUG org.apache.http.wire - http-outgoing-0 >> "Content-Type: application/json; charset=utf-8[\r][\n]"
22:05:01.037 [Forwarding clearElement on session 5010ef7e204650f5b76a6c1cbf3a3bef to remote] DEBUG org.apache.http.wire - http-outgoing-0 >> "Content-Length: 29[\r][\n]"
22:05:01.037 [Forwarding clearElement on session 5010ef7e204650f5b76a6c1cbf3a3bef to remote] DEBUG org.apache.http.wire - http-outgoing-0 >> "Host: localhost:34166[\r][\n]"
22:05:01.037 [Forwarding clearElement on session 5010ef7e204650f5b76a6c1cbf3a3bef to remote] DEBUG org.apache.http.wire - http-outgoing-0 >> "Connection: Keep-Alive[\r][\n]"
22:05:01.037 [Forwarding clearElement on session 5010ef7e204650f5b76a6c1cbf3a3bef to remote] DEBUG org.apache.http.wire - http-outgoing-0 >> "User-Agent: Apache-HttpClient/4.5.3 (Java/1.8.0_201)[\r][\n]"
22:05:01.037 [Forwarding clearElement on session 5010ef7e204650f5b76a6c1cbf3a3bef to remote] DEBUG org.apache.http.wire - http-outgoing-0 >> "Accept-Encoding: gzip,deflate[\r][\n]"
22:05:01.037 [Forwarding clearElement on session 5010ef7e204650f5b76a6c1cbf3a3bef to remote] DEBUG org.apache.http.wire - http-outgoing-0 >> "[\r][\n]"
22:05:01.037 [Forwarding clearElement on session 5010ef7e204650f5b76a6c1cbf3a3bef to remote] DEBUG org.apache.http.wire - http-outgoing-0 >> "{"id":"0.6196172484469056-2"}"
22:05:01.070 [Forwarding clearElement on session 5010ef7e204650f5b76a6c1cbf3a3bef to remote] DEBUG org.apache.http.wire - http-outgoing-0 << "HTTP/1.1 200 OK[\r][\n]"
22:05:01.070 [Forwarding clearElement on session 5010ef7e204650f5b76a6c1cbf3a3bef to remote] DEBUG org.apache.http.wire - http-outgoing-0 << "Content-Length:72[\r][\n]"
22:05:01.070 [Forwarding clearElement on session 5010ef7e204650f5b76a6c1cbf3a3bef to remote] DEBUG org.apache.http.wire - http-outgoing-0 << "Content-Type:application/json; charset=utf-8[\r][\n]"
22:05:01.070 [Forwarding clearElement on session 5010ef7e204650f5b76a6c1cbf3a3bef to remote] DEBUG org.apache.http.wire - http-outgoing-0 << "[\r][\n]"
22:05:01.070 [Forwarding clearElement on session 5010ef7e204650f5b76a6c1cbf3a3bef to remote] DEBUG org.apache.http.wire - http-outgoing-0 << "{"sessionId":"5010ef7e204650f5b76a6c1cbf3a3bef","status":0,"value":null}"
22:05:01.070 [Forwarding clearElement on session 5010ef7e204650f5b76a6c1cbf3a3bef to remote] DEBUG org.apache.http.headers - http-outgoing-0 << HTTP/1.1 200 OK
22:05:01.070 [Forwarding clearElement on session 5010ef7e204650f5b76a6c1cbf3a3bef to remote] DEBUG org.apache.http.headers - http-outgoing-0 << Content-Length:72
22:05:01.070 [Forwarding clearElement on session 5010ef7e204650f5b76a6c1cbf3a3bef to remote] DEBUG org.apache.http.headers - http-outgoing-0 << Content-Type:application/json; charset=utf-8
22:05:01.070 [Forwarding clearElement on session 5010ef7e204650f5b76a6c1cbf3a3bef to remote] DEBUG org.apache.http.impl.execchain.MainClientExec - Connection can be kept alive indefinitely
22:05:01.071 [Forwarding clearElement on session 5010ef7e204650f5b76a6c1cbf3a3bef to remote] DEBUG org.apache.http.impl.conn.PoolingHttpClientConnectionManager - Connection [id: 0][route: {}->http://localhost:34166] can be kept alive indefinitely
22:05:01.071 [Forwarding clearElement on session 5010ef7e204650f5b76a6c1cbf3a3bef to remote] DEBUG org.apache.http.impl.conn.PoolingHttpClientConnectionManager - Connection released: [id: 0][route: {}->http://localhost:34166][total kept alive: 1; route allocated: 1 of 2000; total allocated: 1 of 2000]
22:05:01.074 [Forwarding findElement on session 5010ef7e204650f5b76a6c1cbf3a3bef to remote] DEBUG org.apache.http.client.protocol.RequestAddCookies - CookieSpec selected: default
22:05:01.074 [Forwarding findElement on session 5010ef7e204650f5b76a6c1cbf3a3bef to remote] DEBUG org.apache.http.client.protocol.RequestAuthCache - Auth cache not set in the context
22:05:01.074 [Forwarding findElement on session 5010ef7e204650f5b76a6c1cbf3a3bef to remote] DEBUG org.apache.http.impl.conn.PoolingHttpClientConnectionManager - Connection request: [route: {}->http://localhost:34166][total kept alive: 1; route allocated: 1 of 2000; total allocated: 1 of 2000]
22:05:01.074 [Forwarding findElement on session 5010ef7e204650f5b76a6c1cbf3a3bef to remote] DEBUG org.apache.http.impl.conn.PoolingHttpClientConnectionManager - Connection leased: [id: 0][route: {}->http://localhost:34166][total kept alive: 0; route allocated: 1 of 2000; total allocated: 1 of 2000]
22:05:01.074 [Forwarding findElement on session 5010ef7e204650f5b76a6c1cbf3a3bef to remote] DEBUG org.apache.http.impl.execchain.MainClientExec - Stale connection check
22:05:01.076 [Forwarding findElement on session 5010ef7e204650f5b76a6c1cbf3a3bef to remote] DEBUG org.apache.http.wire - http-outgoing-0 << "[read] I/O error: Read timed out"
22:05:01.076 [Forwarding findElement on session 5010ef7e204650f5b76a6c1cbf3a3bef to remote] DEBUG org.apache.http.impl.conn.DefaultManagedHttpClientConnection - http-outgoing-0: set socket timeout to 10800000
22:05:01.076 [Forwarding findElement on session 5010ef7e204650f5b76a6c1cbf3a3bef to remote] DEBUG org.apache.http.impl.execchain.MainClientExec - Executing request POST /session/5010ef7e204650f5b76a6c1cbf3a3bef/element HTTP/1.1
22:05:01.076 [Forwarding findElement on session 5010ef7e204650f5b76a6c1cbf3a3bef to remote] DEBUG org.apache.http.impl.execchain.MainClientExec - Target auth state: UNCHALLENGED
22:05:01.076 [Forwarding findElement on session 5010ef7e204650f5b76a6c1cbf3a3bef to remote] DEBUG org.apache.http.impl.execchain.MainClientExec - Proxy auth state: UNCHALLENGED
22:05:01.076 [Forwarding findElement on session 5010ef7e204650f5b76a6c1cbf3a3bef to remote] DEBUG org.apache.http.headers - http-outgoing-0 >> POST /session/5010ef7e204650f5b76a6c1cbf3a3bef/element HTTP/1.1
22:05:01.076 [Forwarding findElement on session 5010ef7e204650f5b76a6c1cbf3a3bef to remote] DEBUG org.apache.http.headers - http-outgoing-0 >> Content-Type: application/json; charset=utf-8
22:05:01.076 [Forwarding findElement on session 5010ef7e204650f5b76a6c1cbf3a3bef to remote] DEBUG org.apache.http.headers - http-outgoing-0 >> Content-Length: 28
22:05:01.076 [Forwarding findElement on session 5010ef7e204650f5b76a6c1cbf3a3bef to remote] DEBUG org.apache.http.headers - http-outgoing-0 >> Host: localhost:34166
22:05:01.076 [Forwarding findElement on session 5010ef7e204650f5b76a6c1cbf3a3bef to remote] DEBUG org.apache.http.headers - http-outgoing-0 >> Connection: Keep-Alive
22:05:01.076 [Forwarding findElement on session 5010ef7e204650f5b76a6c1cbf3a3bef to remote] DEBUG org.apache.http.headers - http-outgoing-0 >> User-Agent: Apache-HttpClient/4.5.3 (Java/1.8.0_201)
22:05:01.076 [Forwarding findElement on session 5010ef7e204650f5b76a6c1cbf3a3bef to remote] DEBUG org.apache.http.headers - http-outgoing-0 >> Accept-Encoding: gzip,deflate
22:05:01.076 [Forwarding findElement on session 5010ef7e204650f5b76a6c1cbf3a3bef to remote] DEBUG org.apache.http.wire - http-outgoing-0 >> "POST /session/5010ef7e204650f5b76a6c1cbf3a3bef/element HTTP/1.1[\r][\n]"
22:05:01.076 [Forwarding findElement on session 5010ef7e204650f5b76a6c1cbf3a3bef to remote] DEBUG org.apache.http.wire - http-outgoing-0 >> "Content-Type: application/json; charset=utf-8[\r][\n]"
22:05:01.076 [Forwarding findElement on session 5010ef7e204650f5b76a6c1cbf3a3bef to remote] DEBUG org.apache.http.wire - http-outgoing-0 >> "Content-Length: 28[\r][\n]"
22:05:01.076 [Forwarding findElement on session 5010ef7e204650f5b76a6c1cbf3a3bef to remote] DEBUG org.apache.http.wire - http-outgoing-0 >> "Host: localhost:34166[\r][\n]"
22:05:01.076 [Forwarding findElement on session 5010ef7e204650f5b76a6c1cbf3a3bef to remote] DEBUG org.apache.http.wire - http-outgoing-0 >> "Connection: Keep-Alive[\r][\n]"
22:05:01.076 [Forwarding findElement on session 5010ef7e204650f5b76a6c1cbf3a3bef to remote] DEBUG org.apache.http.wire - http-outgoing-0 >> "User-Agent: Apache-HttpClient/4.5.3 (Java/1.8.0_201)[\r][\n]"
22:05:01.076 [Forwarding findElement on session 5010ef7e204650f5b76a6c1cbf3a3bef to remote] DEBUG org.apache.http.wire - http-outgoing-0 >> "Accept-Encoding: gzip,deflate[\r][\n]"
22:05:01.076 [Forwarding findElement on session 5010ef7e204650f5b76a6c1cbf3a3bef to remote] DEBUG org.apache.http.wire - http-outgoing-0 >> "[\r][\n]"
22:05:01.076 [Forwarding findElement on session 5010ef7e204650f5b76a6c1cbf3a3bef to remote] DEBUG org.apache.http.wire - http-outgoing-0 >> "{"using":"name","value":"a"}"
22:05:01.083 [Forwarding findElement on session 5010ef7e204650f5b76a6c1cbf3a3bef to remote] DEBUG org.apache.http.wire - http-outgoing-0 << "HTTP/1.1 200 OK[\r][\n]"
22:05:01.083 [Forwarding findElement on session 5010ef7e204650f5b76a6c1cbf3a3bef to remote] DEBUG org.apache.http.wire - http-outgoing-0 << "Content-Length:102[\r][\n]"
22:05:01.083 [Forwarding findElement on session 5010ef7e204650f5b76a6c1cbf3a3bef to remote] DEBUG org.apache.http.wire - http-outgoing-0 << "Content-Type:application/json; charset=utf-8[\r][\n]"
22:05:01.083 [Forwarding findElement on session 5010ef7e204650f5b76a6c1cbf3a3bef to remote] DEBUG org.apache.http.wire - http-outgoing-0 << "[\r][\n]"
22:05:01.083 [Forwarding findElement on session 5010ef7e204650f5b76a6c1cbf3a3bef to remote] DEBUG org.apache.http.wire - http-outgoing-0 << "{"sessionId":"5010ef7e204650f5b76a6c1cbf3a3bef","status":0,"value":{"ELEMENT":"0.6196172484469056-1"}}"
22:05:01.083 [Forwarding findElement on session 5010ef7e204650f5b76a6c1cbf3a3bef to remote] DEBUG org.apache.http.headers - http-outgoing-0 << HTTP/1.1 200 OK
22:05:01.083 [Forwarding findElement on session 5010ef7e204650f5b76a6c1cbf3a3bef to remote] DEBUG org.apache.http.headers - http-outgoing-0 << Content-Length:102
22:05:01.083 [Forwarding findElement on session 5010ef7e204650f5b76a6c1cbf3a3bef to remote] DEBUG org.apache.http.headers - http-outgoing-0 << Content-Type:application/json; charset=utf-8
22:05:01.083 [Forwarding findElement on session 5010ef7e204650f5b76a6c1cbf3a3bef to remote] DEBUG org.apache.http.impl.execchain.MainClientExec - Connection can be kept alive indefinitely
22:05:01.084 [Forwarding findElement on session 5010ef7e204650f5b76a6c1cbf3a3bef to remote] DEBUG org.apache.http.impl.conn.PoolingHttpClientConnectionManager - Connection [id: 0][route: {}->http://localhost:34166] can be kept alive indefinitely
22:05:01.084 [Forwarding findElement on session 5010ef7e204650f5b76a6c1cbf3a3bef to remote] DEBUG org.apache.http.impl.conn.PoolingHttpClientConnectionManager - Connection released: [id: 0][route: {}->http://localhost:34166][total kept alive: 1; route allocated: 1 of 2000; total allocated: 1 of 2000]
22:05:01.085 [Forwarding sendKeysToElement on session 5010ef7e204650f5b76a6c1cbf3a3bef to remote] DEBUG org.apache.http.client.protocol.RequestAddCookies - CookieSpec selected: default
22:05:01.085 [Forwarding sendKeysToElement on session 5010ef7e204650f5b76a6c1cbf3a3bef to remote] DEBUG org.apache.http.client.protocol.RequestAuthCache - Auth cache not set in the context
22:05:01.085 [Forwarding sendKeysToElement on session 5010ef7e204650f5b76a6c1cbf3a3bef to remote] DEBUG org.apache.http.impl.conn.PoolingHttpClientConnectionManager - Connection request: [route: {}->http://localhost:34166][total kept alive: 1; route allocated: 1 of 2000; total allocated: 1 of 2000]
22:05:01.085 [Forwarding sendKeysToElement on session 5010ef7e204650f5b76a6c1cbf3a3bef to remote] DEBUG org.apache.http.impl.conn.PoolingHttpClientConnectionManager - Connection leased: [id: 0][route: {}->http://localhost:34166][total kept alive: 0; route allocated: 1 of 2000; total allocated: 1 of 2000]
22:05:01.085 [Forwarding sendKeysToElement on session 5010ef7e204650f5b76a6c1cbf3a3bef to remote] DEBUG org.apache.http.impl.execchain.MainClientExec - Stale connection check
22:05:01.087 [Forwarding sendKeysToElement on session 5010ef7e204650f5b76a6c1cbf3a3bef to remote] DEBUG org.apache.http.wire - http-outgoing-0 << "[read] I/O error: Read timed out"
22:05:01.087 [Forwarding sendKeysToElement on session 5010ef7e204650f5b76a6c1cbf3a3bef to remote] DEBUG org.apache.http.impl.conn.DefaultManagedHttpClientConnection - http-outgoing-0: set socket timeout to 10800000
22:05:01.087 [Forwarding sendKeysToElement on session 5010ef7e204650f5b76a6c1cbf3a3bef to remote] DEBUG org.apache.http.impl.execchain.MainClientExec - Executing request POST /session/5010ef7e204650f5b76a6c1cbf3a3bef/element/0.6196172484469056-1/value HTTP/1.1
22:05:01.087 [Forwarding sendKeysToElement on session 5010ef7e204650f5b76a6c1cbf3a3bef to remote] DEBUG org.apache.http.impl.execchain.MainClientExec - Target auth state: UNCHALLENGED
22:05:01.087 [Forwarding sendKeysToElement on session 5010ef7e204650f5b76a6c1cbf3a3bef to remote] DEBUG org.apache.http.impl.execchain.MainClientExec - Proxy auth state: UNCHALLENGED
22:05:01.087 [Forwarding sendKeysToElement on session 5010ef7e204650f5b76a6c1cbf3a3bef to remote] DEBUG org.apache.http.headers - http-outgoing-0 >> POST /session/5010ef7e204650f5b76a6c1cbf3a3bef/element/0.6196172484469056-1/value HTTP/1.1
22:05:01.087 [Forwarding sendKeysToElement on session 5010ef7e204650f5b76a6c1cbf3a3bef to remote] DEBUG org.apache.http.headers - http-outgoing-0 >> Content-Type: application/json; charset=utf-8
22:05:01.087 [Forwarding sendKeysToElement on session 5010ef7e204650f5b76a6c1cbf3a3bef to remote] DEBUG org.apache.http.headers - http-outgoing-0 >> Content-Length: 44
22:05:01.087 [Forwarding sendKeysToElement on session 5010ef7e204650f5b76a6c1cbf3a3bef to remote] DEBUG org.apache.http.headers - http-outgoing-0 >> Host: localhost:34166
22:05:01.087 [Forwarding sendKeysToElement on session 5010ef7e204650f5b76a6c1cbf3a3bef to remote] DEBUG org.apache.http.headers - http-outgoing-0 >> Connection: Keep-Alive
22:05:01.087 [Forwarding sendKeysToElement on session 5010ef7e204650f5b76a6c1cbf3a3bef to remote] DEBUG org.apache.http.headers - http-outgoing-0 >> User-Agent: Apache-HttpClient/4.5.3 (Java/1.8.0_201)
22:05:01.087 [Forwarding sendKeysToElement on session 5010ef7e204650f5b76a6c1cbf3a3bef to remote] DEBUG org.apache.http.headers - http-outgoing-0 >> Accept-Encoding: gzip,deflate
22:05:01.087 [Forwarding sendKeysToElement on session 5010ef7e204650f5b76a6c1cbf3a3bef to remote] DEBUG org.apache.http.wire - http-outgoing-0 >> "POST /session/5010ef7e204650f5b76a6c1cbf3a3bef/element/0.6196172484469056-1/value HTTP/1.1[\r][\n]"
22:05:01.087 [Forwarding sendKeysToElement on session 5010ef7e204650f5b76a6c1cbf3a3bef to remote] DEBUG org.apache.http.wire - http-outgoing-0 >> "Content-Type: application/json; charset=utf-8[\r][\n]"
22:05:01.087 [Forwarding sendKeysToElement on session 5010ef7e204650f5b76a6c1cbf3a3bef to remote] DEBUG org.apache.http.wire - http-outgoing-0 >> "Content-Length: 44[\r][\n]"
22:05:01.087 [Forwarding sendKeysToElement on session 5010ef7e204650f5b76a6c1cbf3a3bef to remote] DEBUG org.apache.http.wire - http-outgoing-0 >> "Host: localhost:34166[\r][\n]"
22:05:01.087 [Forwarding sendKeysToElement on session 5010ef7e204650f5b76a6c1cbf3a3bef to remote] DEBUG org.apache.http.wire - http-outgoing-0 >> "Connection: Keep-Alive[\r][\n]"
22:05:01.087 [Forwarding sendKeysToElement on session 5010ef7e204650f5b76a6c1cbf3a3bef to remote] DEBUG org.apache.http.wire - http-outgoing-0 >> "User-Agent: Apache-HttpClient/4.5.3 (Java/1.8.0_201)[\r][\n]"
22:05:01.087 [Forwarding sendKeysToElement on session 5010ef7e204650f5b76a6c1cbf3a3bef to remote] DEBUG org.apache.http.wire - http-outgoing-0 >> "Accept-Encoding: gzip,deflate[\r][\n]"
22:05:01.087 [Forwarding sendKeysToElement on session 5010ef7e204650f5b76a6c1cbf3a3bef to remote] DEBUG org.apache.http.wire - http-outgoing-0 >> "[\r][\n]"
22:05:01.087 [Forwarding sendKeysToElement on session 5010ef7e204650f5b76a6c1cbf3a3bef to remote] DEBUG org.apache.http.wire - http-outgoing-0 >> "{"id":"0.6196172484469056-1","value":["15"]}"
22:05:01.126 [Forwarding sendKeysToElement on session 5010ef7e204650f5b76a6c1cbf3a3bef to remote] DEBUG org.apache.http.wire - http-outgoing-0 << "HTTP/1.1 200 OK[\r][\n]"
22:05:01.126 [Forwarding sendKeysToElement on session 5010ef7e204650f5b76a6c1cbf3a3bef to remote] DEBUG org.apache.http.wire - http-outgoing-0 << "Content-Length:72[\r][\n]"
22:05:01.126 [Forwarding sendKeysToElement on session 5010ef7e204650f5b76a6c1cbf3a3bef to remote] DEBUG org.apache.http.wire - http-outgoing-0 << "Content-Type:application/json; charset=utf-8[\r][\n]"
22:05:01.126 [Forwarding sendKeysToElement on session 5010ef7e204650f5b76a6c1cbf3a3bef to remote] DEBUG org.apache.http.wire - http-outgoing-0 << "[\r][\n]"
22:05:01.126 [Forwarding sendKeysToElement on session 5010ef7e204650f5b76a6c1cbf3a3bef to remote] DEBUG org.apache.http.wire - http-outgoing-0 << "{"sessionId":"5010ef7e204650f5b76a6c1cbf3a3bef","status":0,"value":null}"
22:05:01.126 [Forwarding sendKeysToElement on session 5010ef7e204650f5b76a6c1cbf3a3bef to remote] DEBUG org.apache.http.headers - http-outgoing-0 << HTTP/1.1 200 OK
22:05:01.126 [Forwarding sendKeysToElement on session 5010ef7e204650f5b76a6c1cbf3a3bef to remote] DEBUG org.apache.http.headers - http-outgoing-0 << Content-Length:72
22:05:01.126 [Forwarding sendKeysToElement on session 5010ef7e204650f5b76a6c1cbf3a3bef to remote] DEBUG org.apache.http.headers - http-outgoing-0 << Content-Type:application/json; charset=utf-8
22:05:01.126 [Forwarding sendKeysToElement on session 5010ef7e204650f5b76a6c1cbf3a3bef to remote] DEBUG org.apache.http.impl.execchain.MainClientExec - Connection can be kept alive indefinitely
22:05:01.126 [Forwarding sendKeysToElement on session 5010ef7e204650f5b76a6c1cbf3a3bef to remote] DEBUG org.apache.http.impl.conn.PoolingHttpClientConnectionManager - Connection [id: 0][route: {}->http://localhost:34166] can be kept alive indefinitely
22:05:01.126 [Forwarding sendKeysToElement on session 5010ef7e204650f5b76a6c1cbf3a3bef to remote] DEBUG org.apache.http.impl.conn.PoolingHttpClientConnectionManager - Connection released: [id: 0][route: {}->http://localhost:34166][total kept alive: 1; route allocated: 1 of 2000; total allocated: 1 of 2000]
22:05:01.127 [Forwarding findElement on session 5010ef7e204650f5b76a6c1cbf3a3bef to remote] DEBUG org.apache.http.client.protocol.RequestAddCookies - CookieSpec selected: default
22:05:01.127 [Forwarding findElement on session 5010ef7e204650f5b76a6c1cbf3a3bef to remote] DEBUG org.apache.http.client.protocol.RequestAuthCache - Auth cache not set in the context
22:05:01.127 [Forwarding findElement on session 5010ef7e204650f5b76a6c1cbf3a3bef to remote] DEBUG org.apache.http.impl.conn.PoolingHttpClientConnectionManager - Connection request: [route: {}->http://localhost:34166][total kept alive: 1; route allocated: 1 of 2000; total allocated: 1 of 2000]
22:05:01.127 [Forwarding findElement on session 5010ef7e204650f5b76a6c1cbf3a3bef to remote] DEBUG org.apache.http.impl.conn.PoolingHttpClientConnectionManager - Connection leased: [id: 0][route: {}->http://localhost:34166][total kept alive: 0; route allocated: 1 of 2000; total allocated: 1 of 2000]
22:05:01.128 [Forwarding findElement on session 5010ef7e204650f5b76a6c1cbf3a3bef to remote] DEBUG org.apache.http.impl.execchain.MainClientExec - Stale connection check
22:05:01.129 [Forwarding findElement on session 5010ef7e204650f5b76a6c1cbf3a3bef to remote] DEBUG org.apache.http.wire - http-outgoing-0 << "[read] I/O error: Read timed out"
22:05:01.129 [Forwarding findElement on session 5010ef7e204650f5b76a6c1cbf3a3bef to remote] DEBUG org.apache.http.impl.conn.DefaultManagedHttpClientConnection - http-outgoing-0: set socket timeout to 10800000
22:05:01.129 [Forwarding findElement on session 5010ef7e204650f5b76a6c1cbf3a3bef to remote] DEBUG org.apache.http.impl.execchain.MainClientExec - Executing request POST /session/5010ef7e204650f5b76a6c1cbf3a3bef/element HTTP/1.1
22:05:01.129 [Forwarding findElement on session 5010ef7e204650f5b76a6c1cbf3a3bef to remote] DEBUG org.apache.http.impl.execchain.MainClientExec - Target auth state: UNCHALLENGED
22:05:01.129 [Forwarding findElement on session 5010ef7e204650f5b76a6c1cbf3a3bef to remote] DEBUG org.apache.http.impl.execchain.MainClientExec - Proxy auth state: UNCHALLENGED
22:05:01.129 [Forwarding findElement on session 5010ef7e204650f5b76a6c1cbf3a3bef to remote] DEBUG org.apache.http.headers - http-outgoing-0 >> POST /session/5010ef7e204650f5b76a6c1cbf3a3bef/element HTTP/1.1
22:05:01.129 [Forwarding findElement on session 5010ef7e204650f5b76a6c1cbf3a3bef to remote] DEBUG org.apache.http.headers - http-outgoing-0 >> Content-Type: application/json; charset=utf-8
22:05:01.129 [Forwarding findElement on session 5010ef7e204650f5b76a6c1cbf3a3bef to remote] DEBUG org.apache.http.headers - http-outgoing-0 >> Content-Length: 28
22:05:01.129 [Forwarding findElement on session 5010ef7e204650f5b76a6c1cbf3a3bef to remote] DEBUG org.apache.http.headers - http-outgoing-0 >> Host: localhost:34166
22:05:01.129 [Forwarding findElement on session 5010ef7e204650f5b76a6c1cbf3a3bef to remote] DEBUG org.apache.http.headers - http-outgoing-0 >> Connection: Keep-Alive
22:05:01.129 [Forwarding findElement on session 5010ef7e204650f5b76a6c1cbf3a3bef to remote] DEBUG org.apache.http.headers - http-outgoing-0 >> User-Agent: Apache-HttpClient/4.5.3 (Java/1.8.0_201)
22:05:01.129 [Forwarding findElement on session 5010ef7e204650f5b76a6c1cbf3a3bef to remote] DEBUG org.apache.http.headers - http-outgoing-0 >> Accept-Encoding: gzip,deflate
22:05:01.129 [Forwarding findElement on session 5010ef7e204650f5b76a6c1cbf3a3bef to remote] DEBUG org.apache.http.wire - http-outgoing-0 >> "POST /session/5010ef7e204650f5b76a6c1cbf3a3bef/element HTTP/1.1[\r][\n]"
22:05:01.129 [Forwarding findElement on session 5010ef7e204650f5b76a6c1cbf3a3bef to remote] DEBUG org.apache.http.wire - http-outgoing-0 >> "Content-Type: application/json; charset=utf-8[\r][\n]"
22:05:01.129 [Forwarding findElement on session 5010ef7e204650f5b76a6c1cbf3a3bef to remote] DEBUG org.apache.http.wire - http-outgoing-0 >> "Content-Length: 28[\r][\n]"
22:05:01.129 [Forwarding findElement on session 5010ef7e204650f5b76a6c1cbf3a3bef to remote] DEBUG org.apache.http.wire - http-outgoing-0 >> "Host: localhost:34166[\r][\n]"
22:05:01.129 [Forwarding findElement on session 5010ef7e204650f5b76a6c1cbf3a3bef to remote] DEBUG org.apache.http.wire - http-outgoing-0 >> "Connection: Keep-Alive[\r][\n]"
22:05:01.129 [Forwarding findElement on session 5010ef7e204650f5b76a6c1cbf3a3bef to remote] DEBUG org.apache.http.wire - http-outgoing-0 >> "User-Agent: Apache-HttpClient/4.5.3 (Java/1.8.0_201)[\r][\n]"
22:05:01.129 [Forwarding findElement on session 5010ef7e204650f5b76a6c1cbf3a3bef to remote] DEBUG org.apache.http.wire - http-outgoing-0 >> "Accept-Encoding: gzip,deflate[\r][\n]"
22:05:01.129 [Forwarding findElement on session 5010ef7e204650f5b76a6c1cbf3a3bef to remote] DEBUG org.apache.http.wire - http-outgoing-0 >> "[\r][\n]"
22:05:01.129 [Forwarding findElement on session 5010ef7e204650f5b76a6c1cbf3a3bef to remote] DEBUG org.apache.http.wire - http-outgoing-0 >> "{"using":"name","value":"b"}"
22:05:01.138 [Forwarding findElement on session 5010ef7e204650f5b76a6c1cbf3a3bef to remote] DEBUG org.apache.http.wire - http-outgoing-0 << "HTTP/1.1 200 OK[\r][\n]"
22:05:01.138 [Forwarding findElement on session 5010ef7e204650f5b76a6c1cbf3a3bef to remote] DEBUG org.apache.http.wire - http-outgoing-0 << "Content-Length:102[\r][\n]"
22:05:01.138 [Forwarding findElement on session 5010ef7e204650f5b76a6c1cbf3a3bef to remote] DEBUG org.apache.http.wire - http-outgoing-0 << "Content-Type:application/json; charset=utf-8[\r][\n]"
22:05:01.138 [Forwarding findElement on session 5010ef7e204650f5b76a6c1cbf3a3bef to remote] DEBUG org.apache.http.wire - http-outgoing-0 << "[\r][\n]"
22:05:01.138 [Forwarding findElement on session 5010ef7e204650f5b76a6c1cbf3a3bef to remote] DEBUG org.apache.http.wire - http-outgoing-0 << "{"sessionId":"5010ef7e204650f5b76a6c1cbf3a3bef","status":0,"value":{"ELEMENT":"0.6196172484469056-2"}}"
22:05:01.138 [Forwarding findElement on session 5010ef7e204650f5b76a6c1cbf3a3bef to remote] DEBUG org.apache.http.headers - http-outgoing-0 << HTTP/1.1 200 OK
22:05:01.138 [Forwarding findElement on session 5010ef7e204650f5b76a6c1cbf3a3bef to remote] DEBUG org.apache.http.headers - http-outgoing-0 << Content-Length:102
22:05:01.138 [Forwarding findElement on session 5010ef7e204650f5b76a6c1cbf3a3bef to remote] DEBUG org.apache.http.headers - http-outgoing-0 << Content-Type:application/json; charset=utf-8
22:05:01.138 [Forwarding findElement on session 5010ef7e204650f5b76a6c1cbf3a3bef to remote] DEBUG org.apache.http.impl.execchain.MainClientExec - Connection can be kept alive indefinitely
22:05:01.138 [Forwarding findElement on session 5010ef7e204650f5b76a6c1cbf3a3bef to remote] DEBUG org.apache.http.impl.conn.PoolingHttpClientConnectionManager - Connection [id: 0][route: {}->http://localhost:34166] can be kept alive indefinitely
22:05:01.138 [Forwarding findElement on session 5010ef7e204650f5b76a6c1cbf3a3bef to remote] DEBUG org.apache.http.impl.conn.PoolingHttpClientConnectionManager - Connection released: [id: 0][route: {}->http://localhost:34166][total kept alive: 1; route allocated: 1 of 2000; total allocated: 1 of 2000]
22:05:01.140 [Forwarding sendKeysToElement on session 5010ef7e204650f5b76a6c1cbf3a3bef to remote] DEBUG org.apache.http.client.protocol.RequestAddCookies - CookieSpec selected: default
22:05:01.140 [Forwarding sendKeysToElement on session 5010ef7e204650f5b76a6c1cbf3a3bef to remote] DEBUG org.apache.http.client.protocol.RequestAuthCache - Auth cache not set in the context
22:05:01.140 [Forwarding sendKeysToElement on session 5010ef7e204650f5b76a6c1cbf3a3bef to remote] DEBUG org.apache.http.impl.conn.PoolingHttpClientConnectionManager - Connection request: [route: {}->http://localhost:34166][total kept alive: 1; route allocated: 1 of 2000; total allocated: 1 of 2000]
22:05:01.140 [Forwarding sendKeysToElement on session 5010ef7e204650f5b76a6c1cbf3a3bef to remote] DEBUG org.apache.http.impl.conn.PoolingHttpClientConnectionManager - Connection leased: [id: 0][route: {}->http://localhost:34166][total kept alive: 0; route allocated: 1 of 2000; total allocated: 1 of 2000]
22:05:01.140 [Forwarding sendKeysToElement on session 5010ef7e204650f5b76a6c1cbf3a3bef to remote] DEBUG org.apache.http.impl.execchain.MainClientExec - Stale connection check
22:05:01.141 [Forwarding sendKeysToElement on session 5010ef7e204650f5b76a6c1cbf3a3bef to remote] DEBUG org.apache.http.wire - http-outgoing-0 << "[read] I/O error: Read timed out"
22:05:01.141 [Forwarding sendKeysToElement on session 5010ef7e204650f5b76a6c1cbf3a3bef to remote] DEBUG org.apache.http.impl.conn.DefaultManagedHttpClientConnection - http-outgoing-0: set socket timeout to 10800000
22:05:01.141 [Forwarding sendKeysToElement on session 5010ef7e204650f5b76a6c1cbf3a3bef to remote] DEBUG org.apache.http.impl.execchain.MainClientExec - Executing request POST /session/5010ef7e204650f5b76a6c1cbf3a3bef/element/0.6196172484469056-2/value HTTP/1.1
22:05:01.141 [Forwarding sendKeysToElement on session 5010ef7e204650f5b76a6c1cbf3a3bef to remote] DEBUG org.apache.http.impl.execchain.MainClientExec - Target auth state: UNCHALLENGED
22:05:01.141 [Forwarding sendKeysToElement on session 5010ef7e204650f5b76a6c1cbf3a3bef to remote] DEBUG org.apache.http.impl.execchain.MainClientExec - Proxy auth state: UNCHALLENGED
22:05:01.141 [Forwarding sendKeysToElement on session 5010ef7e204650f5b76a6c1cbf3a3bef to remote] DEBUG org.apache.http.headers - http-outgoing-0 >> POST /session/5010ef7e204650f5b76a6c1cbf3a3bef/element/0.6196172484469056-2/value HTTP/1.1
22:05:01.141 [Forwarding sendKeysToElement on session 5010ef7e204650f5b76a6c1cbf3a3bef to remote] DEBUG org.apache.http.headers - http-outgoing-0 >> Content-Type: application/json; charset=utf-8
22:05:01.141 [Forwarding sendKeysToElement on session 5010ef7e204650f5b76a6c1cbf3a3bef to remote] DEBUG org.apache.http.headers - http-outgoing-0 >> Content-Length: 43
22:05:01.141 [Forwarding sendKeysToElement on session 5010ef7e204650f5b76a6c1cbf3a3bef to remote] DEBUG org.apache.http.headers - http-outgoing-0 >> Host: localhost:34166
22:05:01.141 [Forwarding sendKeysToElement on session 5010ef7e204650f5b76a6c1cbf3a3bef to remote] DEBUG org.apache.http.headers - http-outgoing-0 >> Connection: Keep-Alive
22:05:01.141 [Forwarding sendKeysToElement on session 5010ef7e204650f5b76a6c1cbf3a3bef to remote] DEBUG org.apache.http.headers - http-outgoing-0 >> User-Agent: Apache-HttpClient/4.5.3 (Java/1.8.0_201)
22:05:01.141 [Forwarding sendKeysToElement on session 5010ef7e204650f5b76a6c1cbf3a3bef to remote] DEBUG org.apache.http.headers - http-outgoing-0 >> Accept-Encoding: gzip,deflate
22:05:01.141 [Forwarding sendKeysToElement on session 5010ef7e204650f5b76a6c1cbf3a3bef to remote] DEBUG org.apache.http.wire - http-outgoing-0 >> "POST /session/5010ef7e204650f5b76a6c1cbf3a3bef/element/0.6196172484469056-2/value HTTP/1.1[\r][\n]"
22:05:01.141 [Forwarding sendKeysToElement on session 5010ef7e204650f5b76a6c1cbf3a3bef to remote] DEBUG org.apache.http.wire - http-outgoing-0 >> "Content-Type: application/json; charset=utf-8[\r][\n]"
22:05:01.141 [Forwarding sendKeysToElement on session 5010ef7e204650f5b76a6c1cbf3a3bef to remote] DEBUG org.apache.http.wire - http-outgoing-0 >> "Content-Length: 43[\r][\n]"
22:05:01.141 [Forwarding sendKeysToElement on session 5010ef7e204650f5b76a6c1cbf3a3bef to remote] DEBUG org.apache.http.wire - http-outgoing-0 >> "Host: localhost:34166[\r][\n]"
22:05:01.141 [Forwarding sendKeysToElement on session 5010ef7e204650f5b76a6c1cbf3a3bef to remote] DEBUG org.apache.http.wire - http-outgoing-0 >> "Connection: Keep-Alive[\r][\n]"
22:05:01.141 [Forwarding sendKeysToElement on session 5010ef7e204650f5b76a6c1cbf3a3bef to remote] DEBUG org.apache.http.wire - http-outgoing-0 >> "User-Agent: Apache-HttpClient/4.5.3 (Java/1.8.0_201)[\r][\n]"
22:05:01.141 [Forwarding sendKeysToElement on session 5010ef7e204650f5b76a6c1cbf3a3bef to remote] DEBUG org.apache.http.wire - http-outgoing-0 >> "Accept-Encoding: gzip,deflate[\r][\n]"
22:05:01.141 [Forwarding sendKeysToElement on session 5010ef7e204650f5b76a6c1cbf3a3bef to remote] DEBUG org.apache.http.wire - http-outgoing-0 >> "[\r][\n]"
22:05:01.141 [Forwarding sendKeysToElement on session 5010ef7e204650f5b76a6c1cbf3a3bef to remote] DEBUG org.apache.http.wire - http-outgoing-0 >> "{"id":"0.6196172484469056-2","value":["5"]}"
22:05:01.179 [Forwarding sendKeysToElement on session 5010ef7e204650f5b76a6c1cbf3a3bef to remote] DEBUG org.apache.http.wire - http-outgoing-0 << "HTTP/1.1 200 OK[\r][\n]"
22:05:01.179 [Forwarding sendKeysToElement on session 5010ef7e204650f5b76a6c1cbf3a3bef to remote] DEBUG org.apache.http.wire - http-outgoing-0 << "Content-Length:72[\r][\n]"
22:05:01.179 [Forwarding sendKeysToElement on session 5010ef7e204650f5b76a6c1cbf3a3bef to remote] DEBUG org.apache.http.wire - http-outgoing-0 << "Content-Type:application/json; charset=utf-8[\r][\n]"
22:05:01.179 [Forwarding sendKeysToElement on session 5010ef7e204650f5b76a6c1cbf3a3bef to remote] DEBUG org.apache.http.wire - http-outgoing-0 << "[\r][\n]"
22:05:01.179 [Forwarding sendKeysToElement on session 5010ef7e204650f5b76a6c1cbf3a3bef to remote] DEBUG org.apache.http.wire - http-outgoing-0 << "{"sessionId":"5010ef7e204650f5b76a6c1cbf3a3bef","status":0,"value":null}"
22:05:01.179 [Forwarding sendKeysToElement on session 5010ef7e204650f5b76a6c1cbf3a3bef to remote] DEBUG org.apache.http.headers - http-outgoing-0 << HTTP/1.1 200 OK
22:05:01.179 [Forwarding sendKeysToElement on session 5010ef7e204650f5b76a6c1cbf3a3bef to remote] DEBUG org.apache.http.headers - http-outgoing-0 << Content-Length:72
22:05:01.179 [Forwarding sendKeysToElement on session 5010ef7e204650f5b76a6c1cbf3a3bef to remote] DEBUG org.apache.http.headers - http-outgoing-0 << Content-Type:application/json; charset=utf-8
22:05:01.179 [Forwarding sendKeysToElement on session 5010ef7e204650f5b76a6c1cbf3a3bef to remote] DEBUG org.apache.http.impl.execchain.MainClientExec - Connection can be kept alive indefinitely
22:05:01.180 [Forwarding sendKeysToElement on session 5010ef7e204650f5b76a6c1cbf3a3bef to remote] DEBUG org.apache.http.impl.conn.PoolingHttpClientConnectionManager - Connection [id: 0][route: {}->http://localhost:34166] can be kept alive indefinitely
22:05:01.180 [Forwarding sendKeysToElement on session 5010ef7e204650f5b76a6c1cbf3a3bef to remote] DEBUG org.apache.http.impl.conn.PoolingHttpClientConnectionManager - Connection released: [id: 0][route: {}->http://localhost:34166][total kept alive: 1; route allocated: 1 of 2000; total allocated: 1 of 2000]
22:05:01.181 [Forwarding findElement on session 5010ef7e204650f5b76a6c1cbf3a3bef to remote] DEBUG org.apache.http.client.protocol.RequestAddCookies - CookieSpec selected: default
22:05:01.181 [Forwarding findElement on session 5010ef7e204650f5b76a6c1cbf3a3bef to remote] DEBUG org.apache.http.client.protocol.RequestAuthCache - Auth cache not set in the context
22:05:01.181 [Forwarding findElement on session 5010ef7e204650f5b76a6c1cbf3a3bef to remote] DEBUG org.apache.http.impl.conn.PoolingHttpClientConnectionManager - Connection request: [route: {}->http://localhost:34166][total kept alive: 1; route allocated: 1 of 2000; total allocated: 1 of 2000]
22:05:01.181 [Forwarding findElement on session 5010ef7e204650f5b76a6c1cbf3a3bef to remote] DEBUG org.apache.http.impl.conn.PoolingHttpClientConnectionManager - Connection leased: [id: 0][route: {}->http://localhost:34166][total kept alive: 0; route allocated: 1 of 2000; total allocated: 1 of 2000]
22:05:01.182 [Forwarding findElement on session 5010ef7e204650f5b76a6c1cbf3a3bef to remote] DEBUG org.apache.http.impl.execchain.MainClientExec - Stale connection check
22:05:01.183 [Forwarding findElement on session 5010ef7e204650f5b76a6c1cbf3a3bef to remote] DEBUG org.apache.http.wire - http-outgoing-0 << "[read] I/O error: Read timed out"
22:05:01.183 [Forwarding findElement on session 5010ef7e204650f5b76a6c1cbf3a3bef to remote] DEBUG org.apache.http.impl.conn.DefaultManagedHttpClientConnection - http-outgoing-0: set socket timeout to 10800000
22:05:01.183 [Forwarding findElement on session 5010ef7e204650f5b76a6c1cbf3a3bef to remote] DEBUG org.apache.http.impl.execchain.MainClientExec - Executing request POST /session/5010ef7e204650f5b76a6c1cbf3a3bef/element HTTP/1.1
22:05:01.183 [Forwarding findElement on session 5010ef7e204650f5b76a6c1cbf3a3bef to remote] DEBUG org.apache.http.impl.execchain.MainClientExec - Target auth state: UNCHALLENGED
22:05:01.183 [Forwarding findElement on session 5010ef7e204650f5b76a6c1cbf3a3bef to remote] DEBUG org.apache.http.impl.execchain.MainClientExec - Proxy auth state: UNCHALLENGED
22:05:01.183 [Forwarding findElement on session 5010ef7e204650f5b76a6c1cbf3a3bef to remote] DEBUG org.apache.http.headers - http-outgoing-0 >> POST /session/5010ef7e204650f5b76a6c1cbf3a3bef/element HTTP/1.1
22:05:01.183 [Forwarding findElement on session 5010ef7e204650f5b76a6c1cbf3a3bef to remote] DEBUG org.apache.http.headers - http-outgoing-0 >> Content-Type: application/json; charset=utf-8
22:05:01.183 [Forwarding findElement on session 5010ef7e204650f5b76a6c1cbf3a3bef to remote] DEBUG org.apache.http.headers - http-outgoing-0 >> Content-Length: 57
22:05:01.183 [Forwarding findElement on session 5010ef7e204650f5b76a6c1cbf3a3bef to remote] DEBUG org.apache.http.headers - http-outgoing-0 >> Host: localhost:34166
22:05:01.183 [Forwarding findElement on session 5010ef7e204650f5b76a6c1cbf3a3bef to remote] DEBUG org.apache.http.headers - http-outgoing-0 >> Connection: Keep-Alive
22:05:01.183 [Forwarding findElement on session 5010ef7e204650f5b76a6c1cbf3a3bef to remote] DEBUG org.apache.http.headers - http-outgoing-0 >> User-Agent: Apache-HttpClient/4.5.3 (Java/1.8.0_201)
22:05:01.183 [Forwarding findElement on session 5010ef7e204650f5b76a6c1cbf3a3bef to remote] DEBUG org.apache.http.headers - http-outgoing-0 >> Accept-Encoding: gzip,deflate
22:05:01.183 [Forwarding findElement on session 5010ef7e204650f5b76a6c1cbf3a3bef to remote] DEBUG org.apache.http.wire - http-outgoing-0 >> "POST /session/5010ef7e204650f5b76a6c1cbf3a3bef/element HTTP/1.1[\r][\n]"
22:05:01.183 [Forwarding findElement on session 5010ef7e204650f5b76a6c1cbf3a3bef to remote] DEBUG org.apache.http.wire - http-outgoing-0 >> "Content-Type: application/json; charset=utf-8[\r][\n]"
22:05:01.183 [Forwarding findElement on session 5010ef7e204650f5b76a6c1cbf3a3bef to remote] DEBUG org.apache.http.wire - http-outgoing-0 >> "Content-Length: 57[\r][\n]"
22:05:01.183 [Forwarding findElement on session 5010ef7e204650f5b76a6c1cbf3a3bef to remote] DEBUG org.apache.http.wire - http-outgoing-0 >> "Host: localhost:34166[\r][\n]"
22:05:01.183 [Forwarding findElement on session 5010ef7e204650f5b76a6c1cbf3a3bef to remote] DEBUG org.apache.http.wire - http-outgoing-0 >> "Connection: Keep-Alive[\r][\n]"
22:05:01.183 [Forwarding findElement on session 5010ef7e204650f5b76a6c1cbf3a3bef to remote] DEBUG org.apache.http.wire - http-outgoing-0 >> "User-Agent: Apache-HttpClient/4.5.3 (Java/1.8.0_201)[\r][\n]"
22:05:01.183 [Forwarding findElement on session 5010ef7e204650f5b76a6c1cbf3a3bef to remote] DEBUG org.apache.http.wire - http-outgoing-0 >> "Accept-Encoding: gzip,deflate[\r][\n]"
22:05:01.183 [Forwarding findElement on session 5010ef7e204650f5b76a6c1cbf3a3bef to remote] DEBUG org.apache.http.wire - http-outgoing-0 >> "[\r][\n]"
22:05:01.183 [Forwarding findElement on session 5010ef7e204650f5b76a6c1cbf3a3bef to remote] DEBUG org.apache.http.wire - http-outgoing-0 >> "{"using":"xpath","value":"/html/body/form/p[1]/input[4]"}"
22:05:01.193 [Forwarding findElement on session 5010ef7e204650f5b76a6c1cbf3a3bef to remote] DEBUG org.apache.http.wire - http-outgoing-0 << "HTTP/1.1 200 OK[\r][\n]"
22:05:01.194 [Forwarding findElement on session 5010ef7e204650f5b76a6c1cbf3a3bef to remote] DEBUG org.apache.http.wire - http-outgoing-0 << "Content-Length:102[\r][\n]"
22:05:01.194 [Forwarding findElement on session 5010ef7e204650f5b76a6c1cbf3a3bef to remote] DEBUG org.apache.http.wire - http-outgoing-0 << "Content-Type:application/json; charset=utf-8[\r][\n]"
22:05:01.194 [Forwarding findElement on session 5010ef7e204650f5b76a6c1cbf3a3bef to remote] DEBUG org.apache.http.wire - http-outgoing-0 << "[\r][\n]"
22:05:01.194 [Forwarding findElement on session 5010ef7e204650f5b76a6c1cbf3a3bef to remote] DEBUG org.apache.http.wire - http-outgoing-0 << "{"sessionId":"5010ef7e204650f5b76a6c1cbf3a3bef","status":0,"value":{"ELEMENT":"0.6196172484469056-4"}}"
22:05:01.194 [Forwarding findElement on session 5010ef7e204650f5b76a6c1cbf3a3bef to remote] DEBUG org.apache.http.headers - http-outgoing-0 << HTTP/1.1 200 OK
22:05:01.194 [Forwarding findElement on session 5010ef7e204650f5b76a6c1cbf3a3bef to remote] DEBUG org.apache.http.headers - http-outgoing-0 << Content-Length:102
22:05:01.194 [Forwarding findElement on session 5010ef7e204650f5b76a6c1cbf3a3bef to remote] DEBUG org.apache.http.headers - http-outgoing-0 << Content-Type:application/json; charset=utf-8
22:05:01.194 [Forwarding findElement on session 5010ef7e204650f5b76a6c1cbf3a3bef to remote] DEBUG org.apache.http.impl.execchain.MainClientExec - Connection can be kept alive indefinitely
22:05:01.194 [Forwarding findElement on session 5010ef7e204650f5b76a6c1cbf3a3bef to remote] DEBUG org.apache.http.impl.conn.PoolingHttpClientConnectionManager - Connection [id: 0][route: {}->http://localhost:34166] can be kept alive indefinitely
22:05:01.194 [Forwarding findElement on session 5010ef7e204650f5b76a6c1cbf3a3bef to remote] DEBUG org.apache.http.impl.conn.PoolingHttpClientConnectionManager - Connection released: [id: 0][route: {}->http://localhost:34166][total kept alive: 1; route allocated: 1 of 2000; total allocated: 1 of 2000]
22:05:01.196 [Forwarding clickElement on session 5010ef7e204650f5b76a6c1cbf3a3bef to remote] DEBUG org.apache.http.client.protocol.RequestAddCookies - CookieSpec selected: default
22:05:01.196 [Forwarding clickElement on session 5010ef7e204650f5b76a6c1cbf3a3bef to remote] DEBUG org.apache.http.client.protocol.RequestAuthCache - Auth cache not set in the context
22:05:01.196 [Forwarding clickElement on session 5010ef7e204650f5b76a6c1cbf3a3bef to remote] DEBUG org.apache.http.impl.conn.PoolingHttpClientConnectionManager - Connection request: [route: {}->http://localhost:34166][total kept alive: 1; route allocated: 1 of 2000; total allocated: 1 of 2000]
22:05:01.196 [Forwarding clickElement on session 5010ef7e204650f5b76a6c1cbf3a3bef to remote] DEBUG org.apache.http.impl.conn.PoolingHttpClientConnectionManager - Connection leased: [id: 0][route: {}->http://localhost:34166][total kept alive: 0; route allocated: 1 of 2000; total allocated: 1 of 2000]
22:05:01.196 [Forwarding clickElement on session 5010ef7e204650f5b76a6c1cbf3a3bef to remote] DEBUG org.apache.http.impl.execchain.MainClientExec - Stale connection check
22:05:01.197 [Forwarding clickElement on session 5010ef7e204650f5b76a6c1cbf3a3bef to remote] DEBUG org.apache.http.wire - http-outgoing-0 << "[read] I/O error: Read timed out"
22:05:01.197 [Forwarding clickElement on session 5010ef7e204650f5b76a6c1cbf3a3bef to remote] DEBUG org.apache.http.impl.conn.DefaultManagedHttpClientConnection - http-outgoing-0: set socket timeout to 10800000
22:05:01.197 [Forwarding clickElement on session 5010ef7e204650f5b76a6c1cbf3a3bef to remote] DEBUG org.apache.http.impl.execchain.MainClientExec - Executing request POST /session/5010ef7e204650f5b76a6c1cbf3a3bef/element/0.6196172484469056-4/click HTTP/1.1
22:05:01.197 [Forwarding clickElement on session 5010ef7e204650f5b76a6c1cbf3a3bef to remote] DEBUG org.apache.http.impl.execchain.MainClientExec - Target auth state: UNCHALLENGED
22:05:01.197 [Forwarding clickElement on session 5010ef7e204650f5b76a6c1cbf3a3bef to remote] DEBUG org.apache.http.impl.execchain.MainClientExec - Proxy auth state: UNCHALLENGED
22:05:01.197 [Forwarding clickElement on session 5010ef7e204650f5b76a6c1cbf3a3bef to remote] DEBUG org.apache.http.headers - http-outgoing-0 >> POST /session/5010ef7e204650f5b76a6c1cbf3a3bef/element/0.6196172484469056-4/click HTTP/1.1
22:05:01.197 [Forwarding clickElement on session 5010ef7e204650f5b76a6c1cbf3a3bef to remote] DEBUG org.apache.http.headers - http-outgoing-0 >> Content-Type: application/json; charset=utf-8
22:05:01.197 [Forwarding clickElement on session 5010ef7e204650f5b76a6c1cbf3a3bef to remote] DEBUG org.apache.http.headers - http-outgoing-0 >> Content-Length: 29
22:05:01.197 [Forwarding clickElement on session 5010ef7e204650f5b76a6c1cbf3a3bef to remote] DEBUG org.apache.http.headers - http-outgoing-0 >> Host: localhost:34166
22:05:01.197 [Forwarding clickElement on session 5010ef7e204650f5b76a6c1cbf3a3bef to remote] DEBUG org.apache.http.headers - http-outgoing-0 >> Connection: Keep-Alive
22:05:01.197 [Forwarding clickElement on session 5010ef7e204650f5b76a6c1cbf3a3bef to remote] DEBUG org.apache.http.headers - http-outgoing-0 >> User-Agent: Apache-HttpClient/4.5.3 (Java/1.8.0_201)
22:05:01.197 [Forwarding clickElement on session 5010ef7e204650f5b76a6c1cbf3a3bef to remote] DEBUG org.apache.http.headers - http-outgoing-0 >> Accept-Encoding: gzip,deflate
22:05:01.197 [Forwarding clickElement on session 5010ef7e204650f5b76a6c1cbf3a3bef to remote] DEBUG org.apache.http.wire - http-outgoing-0 >> "POST /session/5010ef7e204650f5b76a6c1cbf3a3bef/element/0.6196172484469056-4/click HTTP/1.1[\r][\n]"
22:05:01.197 [Forwarding clickElement on session 5010ef7e204650f5b76a6c1cbf3a3bef to remote] DEBUG org.apache.http.wire - http-outgoing-0 >> "Content-Type: application/json; charset=utf-8[\r][\n]"
22:05:01.197 [Forwarding clickElement on session 5010ef7e204650f5b76a6c1cbf3a3bef to remote] DEBUG org.apache.http.wire - http-outgoing-0 >> "Content-Length: 29[\r][\n]"
22:05:01.197 [Forwarding clickElement on session 5010ef7e204650f5b76a6c1cbf3a3bef to remote] DEBUG org.apache.http.wire - http-outgoing-0 >> "Host: localhost:34166[\r][\n]"
22:05:01.197 [Forwarding clickElement on session 5010ef7e204650f5b76a6c1cbf3a3bef to remote] DEBUG org.apache.http.wire - http-outgoing-0 >> "Connection: Keep-Alive[\r][\n]"
22:05:01.197 [Forwarding clickElement on session 5010ef7e204650f5b76a6c1cbf3a3bef to remote] DEBUG org.apache.http.wire - http-outgoing-0 >> "User-Agent: Apache-HttpClient/4.5.3 (Java/1.8.0_201)[\r][\n]"
22:05:01.197 [Forwarding clickElement on session 5010ef7e204650f5b76a6c1cbf3a3bef to remote] DEBUG org.apache.http.wire - http-outgoing-0 >> "Accept-Encoding: gzip,deflate[\r][\n]"
22:05:01.197 [Forwarding clickElement on session 5010ef7e204650f5b76a6c1cbf3a3bef to remote] DEBUG org.apache.http.wire - http-outgoing-0 >> "[\r][\n]"
22:05:01.197 [Forwarding clickElement on session 5010ef7e204650f5b76a6c1cbf3a3bef to remote] DEBUG org.apache.http.wire - http-outgoing-0 >> "{"id":"0.6196172484469056-4"}"
22:05:01.263 [Forwarding clickElement on session 5010ef7e204650f5b76a6c1cbf3a3bef to remote] DEBUG org.apache.http.wire - http-outgoing-0 << "HTTP/1.1 200 OK[\r][\n]"
22:05:01.263 [Forwarding clickElement on session 5010ef7e204650f5b76a6c1cbf3a3bef to remote] DEBUG org.apache.http.wire - http-outgoing-0 << "Content-Length:72[\r][\n]"
22:05:01.263 [Forwarding clickElement on session 5010ef7e204650f5b76a6c1cbf3a3bef to remote] DEBUG org.apache.http.wire - http-outgoing-0 << "Content-Type:application/json; charset=utf-8[\r][\n]"
22:05:01.263 [Forwarding clickElement on session 5010ef7e204650f5b76a6c1cbf3a3bef to remote] DEBUG org.apache.http.wire - http-outgoing-0 << "[\r][\n]"
22:05:01.263 [Forwarding clickElement on session 5010ef7e204650f5b76a6c1cbf3a3bef to remote] DEBUG org.apache.http.wire - http-outgoing-0 << "{"sessionId":"5010ef7e204650f5b76a6c1cbf3a3bef","status":0,"value":null}"
22:05:01.263 [Forwarding clickElement on session 5010ef7e204650f5b76a6c1cbf3a3bef to remote] DEBUG org.apache.http.headers - http-outgoing-0 << HTTP/1.1 200 OK
22:05:01.263 [Forwarding clickElement on session 5010ef7e204650f5b76a6c1cbf3a3bef to remote] DEBUG org.apache.http.headers - http-outgoing-0 << Content-Length:72
22:05:01.263 [Forwarding clickElement on session 5010ef7e204650f5b76a6c1cbf3a3bef to remote] DEBUG org.apache.http.headers - http-outgoing-0 << Content-Type:application/json; charset=utf-8
22:05:01.263 [Forwarding clickElement on session 5010ef7e204650f5b76a6c1cbf3a3bef to remote] DEBUG org.apache.http.impl.execchain.MainClientExec - Connection can be kept alive indefinitely
22:05:01.263 [Forwarding clickElement on session 5010ef7e204650f5b76a6c1cbf3a3bef to remote] DEBUG org.apache.http.impl.conn.PoolingHttpClientConnectionManager - Connection [id: 0][route: {}->http://localhost:34166] can be kept alive indefinitely
22:05:01.264 [Forwarding clickElement on session 5010ef7e204650f5b76a6c1cbf3a3bef to remote] DEBUG org.apache.http.impl.conn.PoolingHttpClientConnectionManager - Connection released: [id: 0][route: {}->http://localhost:34166][total kept alive: 1; route allocated: 1 of 2000; total allocated: 1 of 2000]
22:05:04.264 [Forwarding findElement on session 5010ef7e204650f5b76a6c1cbf3a3bef to remote] DEBUG org.apache.http.client.protocol.RequestAddCookies - CookieSpec selected: default
22:05:04.265 [Forwarding findElement on session 5010ef7e204650f5b76a6c1cbf3a3bef to remote] DEBUG org.apache.http.client.protocol.RequestAuthCache - Auth cache not set in the context
22:05:04.265 [Forwarding findElement on session 5010ef7e204650f5b76a6c1cbf3a3bef to remote] DEBUG org.apache.http.impl.conn.PoolingHttpClientConnectionManager - Connection request: [route: {}->http://localhost:34166][total kept alive: 1; route allocated: 1 of 2000; total allocated: 1 of 2000]
22:05:04.267 [Forwarding findElement on session 5010ef7e204650f5b76a6c1cbf3a3bef to remote] DEBUG org.apache.http.wire - http-outgoing-0 << "[read] I/O error: Read timed out"
22:05:04.267 [Forwarding findElement on session 5010ef7e204650f5b76a6c1cbf3a3bef to remote] DEBUG org.apache.http.impl.conn.PoolingHttpClientConnectionManager - Connection leased: [id: 0][route: {}->http://localhost:34166][total kept alive: 0; route allocated: 1 of 2000; total allocated: 1 of 2000]
22:05:04.267 [Forwarding findElement on session 5010ef7e204650f5b76a6c1cbf3a3bef to remote] DEBUG org.apache.http.impl.execchain.MainClientExec - Stale connection check
22:05:04.269 [Forwarding findElement on session 5010ef7e204650f5b76a6c1cbf3a3bef to remote] DEBUG org.apache.http.wire - http-outgoing-0 << "[read] I/O error: Read timed out"
22:05:04.269 [Forwarding findElement on session 5010ef7e204650f5b76a6c1cbf3a3bef to remote] DEBUG org.apache.http.impl.conn.DefaultManagedHttpClientConnection - http-outgoing-0: set socket timeout to 10800000
22:05:04.269 [Forwarding findElement on session 5010ef7e204650f5b76a6c1cbf3a3bef to remote] DEBUG org.apache.http.impl.execchain.MainClientExec - Executing request POST /session/5010ef7e204650f5b76a6c1cbf3a3bef/element HTTP/1.1
22:05:04.269 [Forwarding findElement on session 5010ef7e204650f5b76a6c1cbf3a3bef to remote] DEBUG org.apache.http.impl.execchain.MainClientExec - Target auth state: UNCHALLENGED
22:05:04.269 [Forwarding findElement on session 5010ef7e204650f5b76a6c1cbf3a3bef to remote] DEBUG org.apache.http.impl.execchain.MainClientExec - Proxy auth state: UNCHALLENGED
22:05:04.269 [Forwarding findElement on session 5010ef7e204650f5b76a6c1cbf3a3bef to remote] DEBUG org.apache.http.headers - http-outgoing-0 >> POST /session/5010ef7e204650f5b76a6c1cbf3a3bef/element HTTP/1.1
22:05:04.269 [Forwarding findElement on session 5010ef7e204650f5b76a6c1cbf3a3bef to remote] DEBUG org.apache.http.headers - http-outgoing-0 >> Content-Type: application/json; charset=utf-8
22:05:04.269 [Forwarding findElement on session 5010ef7e204650f5b76a6c1cbf3a3bef to remote] DEBUG org.apache.http.headers - http-outgoing-0 >> Content-Length: 51
22:05:04.269 [Forwarding findElement on session 5010ef7e204650f5b76a6c1cbf3a3bef to remote] DEBUG org.apache.http.headers - http-outgoing-0 >> Host: localhost:34166
22:05:04.269 [Forwarding findElement on session 5010ef7e204650f5b76a6c1cbf3a3bef to remote] DEBUG org.apache.http.headers - http-outgoing-0 >> Connection: Keep-Alive
22:05:04.269 [Forwarding findElement on session 5010ef7e204650f5b76a6c1cbf3a3bef to remote] DEBUG org.apache.http.headers - http-outgoing-0 >> User-Agent: Apache-HttpClient/4.5.3 (Java/1.8.0_201)
22:05:04.269 [Forwarding findElement on session 5010ef7e204650f5b76a6c1cbf3a3bef to remote] DEBUG org.apache.http.headers - http-outgoing-0 >> Accept-Encoding: gzip,deflate
22:05:04.269 [Forwarding findElement on session 5010ef7e204650f5b76a6c1cbf3a3bef to remote] DEBUG org.apache.http.wire - http-outgoing-0 >> "POST /session/5010ef7e204650f5b76a6c1cbf3a3bef/element HTTP/1.1[\r][\n]"
22:05:04.269 [Forwarding findElement on session 5010ef7e204650f5b76a6c1cbf3a3bef to remote] DEBUG org.apache.http.wire - http-outgoing-0 >> "Content-Type: application/json; charset=utf-8[\r][\n]"
22:05:04.269 [Forwarding findElement on session 5010ef7e204650f5b76a6c1cbf3a3bef to remote] DEBUG org.apache.http.wire - http-outgoing-0 >> "Content-Length: 51[\r][\n]"
22:05:04.269 [Forwarding findElement on session 5010ef7e204650f5b76a6c1cbf3a3bef to remote] DEBUG org.apache.http.wire - http-outgoing-0 >> "Host: localhost:34166[\r][\n]"
22:05:04.269 [Forwarding findElement on session 5010ef7e204650f5b76a6c1cbf3a3bef to remote] DEBUG org.apache.http.wire - http-outgoing-0 >> "Connection: Keep-Alive[\r][\n]"
22:05:04.269 [Forwarding findElement on session 5010ef7e204650f5b76a6c1cbf3a3bef to remote] DEBUG org.apache.http.wire - http-outgoing-0 >> "User-Agent: Apache-HttpClient/4.5.3 (Java/1.8.0_201)[\r][\n]"
22:05:04.269 [Forwarding findElement on session 5010ef7e204650f5b76a6c1cbf3a3bef to remote] DEBUG org.apache.http.wire - http-outgoing-0 >> "Accept-Encoding: gzip,deflate[\r][\n]"
22:05:04.269 [Forwarding findElement on session 5010ef7e204650f5b76a6c1cbf3a3bef to remote] DEBUG org.apache.http.wire - http-outgoing-0 >> "[\r][\n]"
22:05:04.269 [Forwarding findElement on session 5010ef7e204650f5b76a6c1cbf3a3bef to remote] DEBUG org.apache.http.wire - http-outgoing-0 >> "{"using":"xpath","value":"/html/body/form/h1[2]/p"}"
22:05:04.281 [Forwarding findElement on session 5010ef7e204650f5b76a6c1cbf3a3bef to remote] DEBUG org.apache.http.wire - http-outgoing-0 << "HTTP/1.1 200 OK[\r][\n]"
22:05:04.281 [Forwarding findElement on session 5010ef7e204650f5b76a6c1cbf3a3bef to remote] DEBUG org.apache.http.wire - http-outgoing-0 << "Content-Length:102[\r][\n]"
22:05:04.281 [Forwarding findElement on session 5010ef7e204650f5b76a6c1cbf3a3bef to remote] DEBUG org.apache.http.wire - http-outgoing-0 << "Content-Type:application/json; charset=utf-8[\r][\n]"
22:05:04.281 [Forwarding findElement on session 5010ef7e204650f5b76a6c1cbf3a3bef to remote] DEBUG org.apache.http.wire - http-outgoing-0 << "[\r][\n]"
22:05:04.281 [Forwarding findElement on session 5010ef7e204650f5b76a6c1cbf3a3bef to remote] DEBUG org.apache.http.wire - http-outgoing-0 << "{"sessionId":"5010ef7e204650f5b76a6c1cbf3a3bef","status":0,"value":{"ELEMENT":"0.6857587138139813-1"}}"
22:05:04.281 [Forwarding findElement on session 5010ef7e204650f5b76a6c1cbf3a3bef to remote] DEBUG org.apache.http.headers - http-outgoing-0 << HTTP/1.1 200 OK
22:05:04.281 [Forwarding findElement on session 5010ef7e204650f5b76a6c1cbf3a3bef to remote] DEBUG org.apache.http.headers - http-outgoing-0 << Content-Length:102
22:05:04.281 [Forwarding findElement on session 5010ef7e204650f5b76a6c1cbf3a3bef to remote] DEBUG org.apache.http.headers - http-outgoing-0 << Content-Type:application/json; charset=utf-8
22:05:04.281 [Forwarding findElement on session 5010ef7e204650f5b76a6c1cbf3a3bef to remote] DEBUG org.apache.http.impl.execchain.MainClientExec - Connection can be kept alive indefinitely
22:05:04.281 [Forwarding findElement on session 5010ef7e204650f5b76a6c1cbf3a3bef to remote] DEBUG org.apache.http.impl.conn.PoolingHttpClientConnectionManager - Connection [id: 0][route: {}->http://localhost:34166] can be kept alive indefinitely
22:05:04.282 [Forwarding findElement on session 5010ef7e204650f5b76a6c1cbf3a3bef to remote] DEBUG org.apache.http.impl.conn.PoolingHttpClientConnectionManager - Connection released: [id: 0][route: {}->http://localhost:34166][total kept alive: 1; route allocated: 1 of 2000; total allocated: 1 of 2000]
22:05:04.283 [Forwarding getElementText on session 5010ef7e204650f5b76a6c1cbf3a3bef to remote] DEBUG org.apache.http.client.protocol.RequestAddCookies - CookieSpec selected: default
22:05:04.283 [Forwarding getElementText on session 5010ef7e204650f5b76a6c1cbf3a3bef to remote] DEBUG org.apache.http.client.protocol.RequestAuthCache - Auth cache not set in the context
22:05:04.283 [Forwarding getElementText on session 5010ef7e204650f5b76a6c1cbf3a3bef to remote] DEBUG org.apache.http.impl.conn.PoolingHttpClientConnectionManager - Connection request: [route: {}->http://localhost:34166][total kept alive: 1; route allocated: 1 of 2000; total allocated: 1 of 2000]
22:05:04.283 [Forwarding getElementText on session 5010ef7e204650f5b76a6c1cbf3a3bef to remote] DEBUG org.apache.http.impl.conn.PoolingHttpClientConnectionManager - Connection leased: [id: 0][route: {}->http://localhost:34166][total kept alive: 0; route allocated: 1 of 2000; total allocated: 1 of 2000]
22:05:04.283 [Forwarding getElementText on session 5010ef7e204650f5b76a6c1cbf3a3bef to remote] DEBUG org.apache.http.impl.execchain.MainClientExec - Stale connection check
22:05:04.285 [Forwarding getElementText on session 5010ef7e204650f5b76a6c1cbf3a3bef to remote] DEBUG org.apache.http.wire - http-outgoing-0 << "[read] I/O error: Read timed out"
22:05:04.285 [Forwarding getElementText on session 5010ef7e204650f5b76a6c1cbf3a3bef to remote] DEBUG org.apache.http.impl.conn.DefaultManagedHttpClientConnection - http-outgoing-0: set socket timeout to 10800000
22:05:04.285 [Forwarding getElementText on session 5010ef7e204650f5b76a6c1cbf3a3bef to remote] DEBUG org.apache.http.impl.execchain.MainClientExec - Executing request GET /session/5010ef7e204650f5b76a6c1cbf3a3bef/element/0.6857587138139813-1/text HTTP/1.1
22:05:04.285 [Forwarding getElementText on session 5010ef7e204650f5b76a6c1cbf3a3bef to remote] DEBUG org.apache.http.impl.execchain.MainClientExec - Target auth state: UNCHALLENGED
22:05:04.285 [Forwarding getElementText on session 5010ef7e204650f5b76a6c1cbf3a3bef to remote] DEBUG org.apache.http.impl.execchain.MainClientExec - Proxy auth state: UNCHALLENGED
22:05:04.285 [Forwarding getElementText on session 5010ef7e204650f5b76a6c1cbf3a3bef to remote] DEBUG org.apache.http.headers - http-outgoing-0 >> GET /session/5010ef7e204650f5b76a6c1cbf3a3bef/element/0.6857587138139813-1/text HTTP/1.1
22:05:04.285 [Forwarding getElementText on session 5010ef7e204650f5b76a6c1cbf3a3bef to remote] DEBUG org.apache.http.headers - http-outgoing-0 >> Cache-Control: no-cache
22:05:04.285 [Forwarding getElementText on session 5010ef7e204650f5b76a6c1cbf3a3bef to remote] DEBUG org.apache.http.headers - http-outgoing-0 >> Host: localhost:34166
22:05:04.285 [Forwarding getElementText on session 5010ef7e204650f5b76a6c1cbf3a3bef to remote] DEBUG org.apache.http.headers - http-outgoing-0 >> Connection: Keep-Alive
22:05:04.285 [Forwarding getElementText on session 5010ef7e204650f5b76a6c1cbf3a3bef to remote] DEBUG org.apache.http.headers - http-outgoing-0 >> User-Agent: Apache-HttpClient/4.5.3 (Java/1.8.0_201)
22:05:04.285 [Forwarding getElementText on session 5010ef7e204650f5b76a6c1cbf3a3bef to remote] DEBUG org.apache.http.headers - http-outgoing-0 >> Accept-Encoding: gzip,deflate
22:05:04.285 [Forwarding getElementText on session 5010ef7e204650f5b76a6c1cbf3a3bef to remote] DEBUG org.apache.http.wire - http-outgoing-0 >> "GET /session/5010ef7e204650f5b76a6c1cbf3a3bef/element/0.6857587138139813-1/text HTTP/1.1[\r][\n]"
22:05:04.285 [Forwarding getElementText on session 5010ef7e204650f5b76a6c1cbf3a3bef to remote] DEBUG org.apache.http.wire - http-outgoing-0 >> "Cache-Control: no-cache[\r][\n]"
22:05:04.285 [Forwarding getElementText on session 5010ef7e204650f5b76a6c1cbf3a3bef to remote] DEBUG org.apache.http.wire - http-outgoing-0 >> "Host: localhost:34166[\r][\n]"
22:05:04.285 [Forwarding getElementText on session 5010ef7e204650f5b76a6c1cbf3a3bef to remote] DEBUG org.apache.http.wire - http-outgoing-0 >> "Connection: Keep-Alive[\r][\n]"
22:05:04.285 [Forwarding getElementText on session 5010ef7e204650f5b76a6c1cbf3a3bef to remote] DEBUG org.apache.http.wire - http-outgoing-0 >> "User-Agent: Apache-HttpClient/4.5.3 (Java/1.8.0_201)[\r][\n]"
22:05:04.285 [Forwarding getElementText on session 5010ef7e204650f5b76a6c1cbf3a3bef to remote] DEBUG org.apache.http.wire - http-outgoing-0 >> "Accept-Encoding: gzip,deflate[\r][\n]"
22:05:04.285 [Forwarding getElementText on session 5010ef7e204650f5b76a6c1cbf3a3bef to remote] DEBUG org.apache.http.wire - http-outgoing-0 >> "[\r][\n]"
22:05:04.297 [Forwarding getElementText on session 5010ef7e204650f5b76a6c1cbf3a3bef to remote] DEBUG org.apache.http.wire - http-outgoing-0 << "HTTP/1.1 200 OK[\r][\n]"
22:05:04.297 [Forwarding getElementText on session 5010ef7e204650f5b76a6c1cbf3a3bef to remote] DEBUG org.apache.http.wire - http-outgoing-0 << "Content-Length:84[\r][\n]"
22:05:04.297 [Forwarding getElementText on session 5010ef7e204650f5b76a6c1cbf3a3bef to remote] DEBUG org.apache.http.wire - http-outgoing-0 << "Content-Type:application/json; charset=utf-8[\r][\n]"
22:05:04.297 [Forwarding getElementText on session 5010ef7e204650f5b76a6c1cbf3a3bef to remote] DEBUG org.apache.http.wire - http-outgoing-0 << "[\r][\n]"
22:05:04.297 [Forwarding getElementText on session 5010ef7e204650f5b76a6c1cbf3a3bef to remote] DEBUG org.apache.http.wire - http-outgoing-0 << "{"sessionId":"5010ef7e204650f5b76a6c1cbf3a3bef","status":0,"value":"Resultado: 3.0"}"
22:05:04.297 [Forwarding getElementText on session 5010ef7e204650f5b76a6c1cbf3a3bef to remote] DEBUG org.apache.http.headers - http-outgoing-0 << HTTP/1.1 200 OK
22:05:04.297 [Forwarding getElementText on session 5010ef7e204650f5b76a6c1cbf3a3bef to remote] DEBUG org.apache.http.headers - http-outgoing-0 << Content-Length:84
22:05:04.297 [Forwarding getElementText on session 5010ef7e204650f5b76a6c1cbf3a3bef to remote] DEBUG org.apache.http.headers - http-outgoing-0 << Content-Type:application/json; charset=utf-8
22:05:04.297 [Forwarding getElementText on session 5010ef7e204650f5b76a6c1cbf3a3bef to remote] DEBUG org.apache.http.impl.execchain.MainClientExec - Connection can be kept alive indefinitely
22:05:04.298 [Forwarding getElementText on session 5010ef7e204650f5b76a6c1cbf3a3bef to remote] DEBUG org.apache.http.impl.conn.PoolingHttpClientConnectionManager - Connection [id: 0][route: {}->http://localhost:34166] can be kept alive indefinitely
22:05:04.298 [Forwarding getElementText on session 5010ef7e204650f5b76a6c1cbf3a3bef to remote] DEBUG org.apache.http.impl.conn.PoolingHttpClientConnectionManager - Connection released: [id: 0][route: {}->http://localhost:34166][total kept alive: 1; route allocated: 1 of 2000; total allocated: 1 of 2000]
]]></system-out>
    <system-err><![CDATA[Starting ChromeDriver 85.0.4183.83 (94abc2237ae0c9a4cb5f035431c8adfb94324633-refs/branch-heads/4183@{#1658}) on port 34166
Only local connections are allowed.
Please see https://chromedriver.chromium.org/security-considerations for suggestions on keeping ChromeDriver safe.
ChromeDriver was started successfully.
]]></system-err>
  </testcase>
  <testcase name="multiplicar" classname="com.example.service.CalculateSimpleTest" time="3.223">
    <failure message="expected [25] but found [Resultado: 25]" type="java.lang.AssertionError">java.lang.AssertionError: expected [25] but found [Resultado: 25]
	at org.testng.Assert.fail(Assert.java:96)
	at org.testng.Assert.failNotEquals(Assert.java:776)
	at org.testng.Assert.assertEqualsImpl(Assert.java:137)
	at org.testng.Assert.assertEquals(Assert.java:118)
	at org.testng.Assert.assertEquals(Assert.java:442)
	at com.example.service.CalculateSimpleTest.multiplicar(CalculateSimpleTest.java:101)
</failure>
    <system-out><![CDATA[22:05:04.306 [Forwarding findElement on session 5010ef7e204650f5b76a6c1cbf3a3bef to remote] DEBUG org.apache.http.client.protocol.RequestAddCookies - CookieSpec selected: default
22:05:04.306 [Forwarding findElement on session 5010ef7e204650f5b76a6c1cbf3a3bef to remote] DEBUG org.apache.http.client.protocol.RequestAuthCache - Auth cache not set in the context
22:05:04.307 [Forwarding findElement on session 5010ef7e204650f5b76a6c1cbf3a3bef to remote] DEBUG org.apache.http.impl.conn.PoolingHttpClientConnectionManager - Connection request: [route: {}->http://localhost:34166][total kept alive: 1; route allocated: 1 of 2000; total allocated: 1 of 2000]
22:05:04.307 [Forwarding findElement on session 5010ef7e204650f5b76a6c1cbf3a3bef to remote] DEBUG org.apache.http.impl.conn.PoolingHttpClientConnectionManager - Connection leased: [id: 0][route: {}->http://localhost:34166][total kept alive: 0; route allocated: 1 of 2000; total allocated: 1 of 2000]
22:05:04.307 [Forwarding findElement on session 5010ef7e204650f5b76a6c1cbf3a3bef to remote] DEBUG org.apache.http.impl.execchain.MainClientExec - Stale connection check
22:05:04.308 [Forwarding findElement on session 5010ef7e204650f5b76a6c1cbf3a3bef to remote] DEBUG org.apache.http.wire - http-outgoing-0 << "[read] I/O error: Read timed out"
22:05:04.308 [Forwarding findElement on session 5010ef7e204650f5b76a6c1cbf3a3bef to remote] DEBUG org.apache.http.impl.conn.DefaultManagedHttpClientConnection - http-outgoing-0: set socket timeout to 10800000
22:05:04.308 [Forwarding findElement on session 5010ef7e204650f5b76a6c1cbf3a3bef to remote] DEBUG org.apache.http.impl.execchain.MainClientExec - Executing request POST /session/5010ef7e204650f5b76a6c1cbf3a3bef/element HTTP/1.1
22:05:04.308 [Forwarding findElement on session 5010ef7e204650f5b76a6c1cbf3a3bef to remote] DEBUG org.apache.http.impl.execchain.MainClientExec - Target auth state: UNCHALLENGED
22:05:04.308 [Forwarding findElement on session 5010ef7e204650f5b76a6c1cbf3a3bef to remote] DEBUG org.apache.http.impl.execchain.MainClientExec - Proxy auth state: UNCHALLENGED
22:05:04.308 [Forwarding findElement on session 5010ef7e204650f5b76a6c1cbf3a3bef to remote] DEBUG org.apache.http.headers - http-outgoing-0 >> POST /session/5010ef7e204650f5b76a6c1cbf3a3bef/element HTTP/1.1
22:05:04.308 [Forwarding findElement on session 5010ef7e204650f5b76a6c1cbf3a3bef to remote] DEBUG org.apache.http.headers - http-outgoing-0 >> Content-Type: application/json; charset=utf-8
22:05:04.308 [Forwarding findElement on session 5010ef7e204650f5b76a6c1cbf3a3bef to remote] DEBUG org.apache.http.headers - http-outgoing-0 >> Content-Length: 28
22:05:04.308 [Forwarding findElement on session 5010ef7e204650f5b76a6c1cbf3a3bef to remote] DEBUG org.apache.http.headers - http-outgoing-0 >> Host: localhost:34166
22:05:04.308 [Forwarding findElement on session 5010ef7e204650f5b76a6c1cbf3a3bef to remote] DEBUG org.apache.http.headers - http-outgoing-0 >> Connection: Keep-Alive
22:05:04.308 [Forwarding findElement on session 5010ef7e204650f5b76a6c1cbf3a3bef to remote] DEBUG org.apache.http.headers - http-outgoing-0 >> User-Agent: Apache-HttpClient/4.5.3 (Java/1.8.0_201)
22:05:04.308 [Forwarding findElement on session 5010ef7e204650f5b76a6c1cbf3a3bef to remote] DEBUG org.apache.http.headers - http-outgoing-0 >> Accept-Encoding: gzip,deflate
22:05:04.308 [Forwarding findElement on session 5010ef7e204650f5b76a6c1cbf3a3bef to remote] DEBUG org.apache.http.wire - http-outgoing-0 >> "POST /session/5010ef7e204650f5b76a6c1cbf3a3bef/element HTTP/1.1[\r][\n]"
22:05:04.308 [Forwarding findElement on session 5010ef7e204650f5b76a6c1cbf3a3bef to remote] DEBUG org.apache.http.wire - http-outgoing-0 >> "Content-Type: application/json; charset=utf-8[\r][\n]"
22:05:04.308 [Forwarding findElement on session 5010ef7e204650f5b76a6c1cbf3a3bef to remote] DEBUG org.apache.http.wire - http-outgoing-0 >> "Content-Length: 28[\r][\n]"
22:05:04.308 [Forwarding findElement on session 5010ef7e204650f5b76a6c1cbf3a3bef to remote] DEBUG org.apache.http.wire - http-outgoing-0 >> "Host: localhost:34166[\r][\n]"
22:05:04.308 [Forwarding findElement on session 5010ef7e204650f5b76a6c1cbf3a3bef to remote] DEBUG org.apache.http.wire - http-outgoing-0 >> "Connection: Keep-Alive[\r][\n]"
22:05:04.308 [Forwarding findElement on session 5010ef7e204650f5b76a6c1cbf3a3bef to remote] DEBUG org.apache.http.wire - http-outgoing-0 >> "User-Agent: Apache-HttpClient/4.5.3 (Java/1.8.0_201)[\r][\n]"
22:05:04.308 [Forwarding findElement on session 5010ef7e204650f5b76a6c1cbf3a3bef to remote] DEBUG org.apache.http.wire - http-outgoing-0 >> "Accept-Encoding: gzip,deflate[\r][\n]"
22:05:04.308 [Forwarding findElement on session 5010ef7e204650f5b76a6c1cbf3a3bef to remote] DEBUG org.apache.http.wire - http-outgoing-0 >> "[\r][\n]"
22:05:04.308 [Forwarding findElement on session 5010ef7e204650f5b76a6c1cbf3a3bef to remote] DEBUG org.apache.http.wire - http-outgoing-0 >> "{"using":"name","value":"a"}"
22:05:04.314 [Forwarding findElement on session 5010ef7e204650f5b76a6c1cbf3a3bef to remote] DEBUG org.apache.http.wire - http-outgoing-0 << "HTTP/1.1 200 OK[\r][\n]"
22:05:04.315 [Forwarding findElement on session 5010ef7e204650f5b76a6c1cbf3a3bef to remote] DEBUG org.apache.http.wire - http-outgoing-0 << "Content-Length:102[\r][\n]"
22:05:04.315 [Forwarding findElement on session 5010ef7e204650f5b76a6c1cbf3a3bef to remote] DEBUG org.apache.http.wire - http-outgoing-0 << "Content-Type:application/json; charset=utf-8[\r][\n]"
22:05:04.315 [Forwarding findElement on session 5010ef7e204650f5b76a6c1cbf3a3bef to remote] DEBUG org.apache.http.wire - http-outgoing-0 << "[\r][\n]"
22:05:04.315 [Forwarding findElement on session 5010ef7e204650f5b76a6c1cbf3a3bef to remote] DEBUG org.apache.http.wire - http-outgoing-0 << "{"sessionId":"5010ef7e204650f5b76a6c1cbf3a3bef","status":0,"value":{"ELEMENT":"0.6857587138139813-2"}}"
22:05:04.315 [Forwarding findElement on session 5010ef7e204650f5b76a6c1cbf3a3bef to remote] DEBUG org.apache.http.headers - http-outgoing-0 << HTTP/1.1 200 OK
22:05:04.315 [Forwarding findElement on session 5010ef7e204650f5b76a6c1cbf3a3bef to remote] DEBUG org.apache.http.headers - http-outgoing-0 << Content-Length:102
22:05:04.315 [Forwarding findElement on session 5010ef7e204650f5b76a6c1cbf3a3bef to remote] DEBUG org.apache.http.headers - http-outgoing-0 << Content-Type:application/json; charset=utf-8
22:05:04.315 [Forwarding findElement on session 5010ef7e204650f5b76a6c1cbf3a3bef to remote] DEBUG org.apache.http.impl.execchain.MainClientExec - Connection can be kept alive indefinitely
22:05:04.315 [Forwarding findElement on session 5010ef7e204650f5b76a6c1cbf3a3bef to remote] DEBUG org.apache.http.impl.conn.PoolingHttpClientConnectionManager - Connection [id: 0][route: {}->http://localhost:34166] can be kept alive indefinitely
22:05:04.315 [Forwarding findElement on session 5010ef7e204650f5b76a6c1cbf3a3bef to remote] DEBUG org.apache.http.impl.conn.PoolingHttpClientConnectionManager - Connection released: [id: 0][route: {}->http://localhost:34166][total kept alive: 1; route allocated: 1 of 2000; total allocated: 1 of 2000]
22:05:04.316 [Forwarding clearElement on session 5010ef7e204650f5b76a6c1cbf3a3bef to remote] DEBUG org.apache.http.client.protocol.RequestAddCookies - CookieSpec selected: default
22:05:04.316 [Forwarding clearElement on session 5010ef7e204650f5b76a6c1cbf3a3bef to remote] DEBUG org.apache.http.client.protocol.RequestAuthCache - Auth cache not set in the context
22:05:04.316 [Forwarding clearElement on session 5010ef7e204650f5b76a6c1cbf3a3bef to remote] DEBUG org.apache.http.impl.conn.PoolingHttpClientConnectionManager - Connection request: [route: {}->http://localhost:34166][total kept alive: 1; route allocated: 1 of 2000; total allocated: 1 of 2000]
22:05:04.316 [Forwarding clearElement on session 5010ef7e204650f5b76a6c1cbf3a3bef to remote] DEBUG org.apache.http.impl.conn.PoolingHttpClientConnectionManager - Connection leased: [id: 0][route: {}->http://localhost:34166][total kept alive: 0; route allocated: 1 of 2000; total allocated: 1 of 2000]
22:05:04.316 [Forwarding clearElement on session 5010ef7e204650f5b76a6c1cbf3a3bef to remote] DEBUG org.apache.http.impl.execchain.MainClientExec - Stale connection check
22:05:04.318 [Forwarding clearElement on session 5010ef7e204650f5b76a6c1cbf3a3bef to remote] DEBUG org.apache.http.wire - http-outgoing-0 << "[read] I/O error: Read timed out"
22:05:04.318 [Forwarding clearElement on session 5010ef7e204650f5b76a6c1cbf3a3bef to remote] DEBUG org.apache.http.impl.conn.DefaultManagedHttpClientConnection - http-outgoing-0: set socket timeout to 10800000
22:05:04.318 [Forwarding clearElement on session 5010ef7e204650f5b76a6c1cbf3a3bef to remote] DEBUG org.apache.http.impl.execchain.MainClientExec - Executing request POST /session/5010ef7e204650f5b76a6c1cbf3a3bef/element/0.6857587138139813-2/clear HTTP/1.1
22:05:04.318 [Forwarding clearElement on session 5010ef7e204650f5b76a6c1cbf3a3bef to remote] DEBUG org.apache.http.impl.execchain.MainClientExec - Target auth state: UNCHALLENGED
22:05:04.318 [Forwarding clearElement on session 5010ef7e204650f5b76a6c1cbf3a3bef to remote] DEBUG org.apache.http.impl.execchain.MainClientExec - Proxy auth state: UNCHALLENGED
22:05:04.318 [Forwarding clearElement on session 5010ef7e204650f5b76a6c1cbf3a3bef to remote] DEBUG org.apache.http.headers - http-outgoing-0 >> POST /session/5010ef7e204650f5b76a6c1cbf3a3bef/element/0.6857587138139813-2/clear HTTP/1.1
22:05:04.318 [Forwarding clearElement on session 5010ef7e204650f5b76a6c1cbf3a3bef to remote] DEBUG org.apache.http.headers - http-outgoing-0 >> Content-Type: application/json; charset=utf-8
22:05:04.318 [Forwarding clearElement on session 5010ef7e204650f5b76a6c1cbf3a3bef to remote] DEBUG org.apache.http.headers - http-outgoing-0 >> Content-Length: 29
22:05:04.318 [Forwarding clearElement on session 5010ef7e204650f5b76a6c1cbf3a3bef to remote] DEBUG org.apache.http.headers - http-outgoing-0 >> Host: localhost:34166
22:05:04.318 [Forwarding clearElement on session 5010ef7e204650f5b76a6c1cbf3a3bef to remote] DEBUG org.apache.http.headers - http-outgoing-0 >> Connection: Keep-Alive
22:05:04.318 [Forwarding clearElement on session 5010ef7e204650f5b76a6c1cbf3a3bef to remote] DEBUG org.apache.http.headers - http-outgoing-0 >> User-Agent: Apache-HttpClient/4.5.3 (Java/1.8.0_201)
22:05:04.318 [Forwarding clearElement on session 5010ef7e204650f5b76a6c1cbf3a3bef to remote] DEBUG org.apache.http.headers - http-outgoing-0 >> Accept-Encoding: gzip,deflate
22:05:04.318 [Forwarding clearElement on session 5010ef7e204650f5b76a6c1cbf3a3bef to remote] DEBUG org.apache.http.wire - http-outgoing-0 >> "POST /session/5010ef7e204650f5b76a6c1cbf3a3bef/element/0.6857587138139813-2/clear HTTP/1.1[\r][\n]"
22:05:04.318 [Forwarding clearElement on session 5010ef7e204650f5b76a6c1cbf3a3bef to remote] DEBUG org.apache.http.wire - http-outgoing-0 >> "Content-Type: application/json; charset=utf-8[\r][\n]"
22:05:04.318 [Forwarding clearElement on session 5010ef7e204650f5b76a6c1cbf3a3bef to remote] DEBUG org.apache.http.wire - http-outgoing-0 >> "Content-Length: 29[\r][\n]"
22:05:04.318 [Forwarding clearElement on session 5010ef7e204650f5b76a6c1cbf3a3bef to remote] DEBUG org.apache.http.wire - http-outgoing-0 >> "Host: localhost:34166[\r][\n]"
22:05:04.318 [Forwarding clearElement on session 5010ef7e204650f5b76a6c1cbf3a3bef to remote] DEBUG org.apache.http.wire - http-outgoing-0 >> "Connection: Keep-Alive[\r][\n]"
22:05:04.318 [Forwarding clearElement on session 5010ef7e204650f5b76a6c1cbf3a3bef to remote] DEBUG org.apache.http.wire - http-outgoing-0 >> "User-Agent: Apache-HttpClient/4.5.3 (Java/1.8.0_201)[\r][\n]"
22:05:04.318 [Forwarding clearElement on session 5010ef7e204650f5b76a6c1cbf3a3bef to remote] DEBUG org.apache.http.wire - http-outgoing-0 >> "Accept-Encoding: gzip,deflate[\r][\n]"
22:05:04.318 [Forwarding clearElement on session 5010ef7e204650f5b76a6c1cbf3a3bef to remote] DEBUG org.apache.http.wire - http-outgoing-0 >> "[\r][\n]"
22:05:04.318 [Forwarding clearElement on session 5010ef7e204650f5b76a6c1cbf3a3bef to remote] DEBUG org.apache.http.wire - http-outgoing-0 >> "{"id":"0.6857587138139813-2"}"
22:05:04.347 [Forwarding clearElement on session 5010ef7e204650f5b76a6c1cbf3a3bef to remote] DEBUG org.apache.http.wire - http-outgoing-0 << "HTTP/1.1 200 OK[\r][\n]"
22:05:04.347 [Forwarding clearElement on session 5010ef7e204650f5b76a6c1cbf3a3bef to remote] DEBUG org.apache.http.wire - http-outgoing-0 << "Content-Length:72[\r][\n]"
22:05:04.347 [Forwarding clearElement on session 5010ef7e204650f5b76a6c1cbf3a3bef to remote] DEBUG org.apache.http.wire - http-outgoing-0 << "Content-Type:application/json; charset=utf-8[\r][\n]"
22:05:04.347 [Forwarding clearElement on session 5010ef7e204650f5b76a6c1cbf3a3bef to remote] DEBUG org.apache.http.wire - http-outgoing-0 << "[\r][\n]"
22:05:04.347 [Forwarding clearElement on session 5010ef7e204650f5b76a6c1cbf3a3bef to remote] DEBUG org.apache.http.wire - http-outgoing-0 << "{"sessionId":"5010ef7e204650f5b76a6c1cbf3a3bef","status":0,"value":null}"
22:05:04.347 [Forwarding clearElement on session 5010ef7e204650f5b76a6c1cbf3a3bef to remote] DEBUG org.apache.http.headers - http-outgoing-0 << HTTP/1.1 200 OK
22:05:04.347 [Forwarding clearElement on session 5010ef7e204650f5b76a6c1cbf3a3bef to remote] DEBUG org.apache.http.headers - http-outgoing-0 << Content-Length:72
22:05:04.347 [Forwarding clearElement on session 5010ef7e204650f5b76a6c1cbf3a3bef to remote] DEBUG org.apache.http.headers - http-outgoing-0 << Content-Type:application/json; charset=utf-8
22:05:04.347 [Forwarding clearElement on session 5010ef7e204650f5b76a6c1cbf3a3bef to remote] DEBUG org.apache.http.impl.execchain.MainClientExec - Connection can be kept alive indefinitely
22:05:04.347 [Forwarding clearElement on session 5010ef7e204650f5b76a6c1cbf3a3bef to remote] DEBUG org.apache.http.impl.conn.PoolingHttpClientConnectionManager - Connection [id: 0][route: {}->http://localhost:34166] can be kept alive indefinitely
22:05:04.347 [Forwarding clearElement on session 5010ef7e204650f5b76a6c1cbf3a3bef to remote] DEBUG org.apache.http.impl.conn.PoolingHttpClientConnectionManager - Connection released: [id: 0][route: {}->http://localhost:34166][total kept alive: 1; route allocated: 1 of 2000; total allocated: 1 of 2000]
22:05:04.348 [Forwarding findElement on session 5010ef7e204650f5b76a6c1cbf3a3bef to remote] DEBUG org.apache.http.client.protocol.RequestAddCookies - CookieSpec selected: default
22:05:04.348 [Forwarding findElement on session 5010ef7e204650f5b76a6c1cbf3a3bef to remote] DEBUG org.apache.http.client.protocol.RequestAuthCache - Auth cache not set in the context
22:05:04.348 [Forwarding findElement on session 5010ef7e204650f5b76a6c1cbf3a3bef to remote] DEBUG org.apache.http.impl.conn.PoolingHttpClientConnectionManager - Connection request: [route: {}->http://localhost:34166][total kept alive: 1; route allocated: 1 of 2000; total allocated: 1 of 2000]
22:05:04.348 [Forwarding findElement on session 5010ef7e204650f5b76a6c1cbf3a3bef to remote] DEBUG org.apache.http.impl.conn.PoolingHttpClientConnectionManager - Connection leased: [id: 0][route: {}->http://localhost:34166][total kept alive: 0; route allocated: 1 of 2000; total allocated: 1 of 2000]
22:05:04.348 [Forwarding findElement on session 5010ef7e204650f5b76a6c1cbf3a3bef to remote] DEBUG org.apache.http.impl.execchain.MainClientExec - Stale connection check
22:05:04.350 [Forwarding findElement on session 5010ef7e204650f5b76a6c1cbf3a3bef to remote] DEBUG org.apache.http.wire - http-outgoing-0 << "[read] I/O error: Read timed out"
22:05:04.350 [Forwarding findElement on session 5010ef7e204650f5b76a6c1cbf3a3bef to remote] DEBUG org.apache.http.impl.conn.DefaultManagedHttpClientConnection - http-outgoing-0: set socket timeout to 10800000
22:05:04.350 [Forwarding findElement on session 5010ef7e204650f5b76a6c1cbf3a3bef to remote] DEBUG org.apache.http.impl.execchain.MainClientExec - Executing request POST /session/5010ef7e204650f5b76a6c1cbf3a3bef/element HTTP/1.1
22:05:04.350 [Forwarding findElement on session 5010ef7e204650f5b76a6c1cbf3a3bef to remote] DEBUG org.apache.http.impl.execchain.MainClientExec - Target auth state: UNCHALLENGED
22:05:04.350 [Forwarding findElement on session 5010ef7e204650f5b76a6c1cbf3a3bef to remote] DEBUG org.apache.http.impl.execchain.MainClientExec - Proxy auth state: UNCHALLENGED
22:05:04.350 [Forwarding findElement on session 5010ef7e204650f5b76a6c1cbf3a3bef to remote] DEBUG org.apache.http.headers - http-outgoing-0 >> POST /session/5010ef7e204650f5b76a6c1cbf3a3bef/element HTTP/1.1
22:05:04.350 [Forwarding findElement on session 5010ef7e204650f5b76a6c1cbf3a3bef to remote] DEBUG org.apache.http.headers - http-outgoing-0 >> Content-Type: application/json; charset=utf-8
22:05:04.350 [Forwarding findElement on session 5010ef7e204650f5b76a6c1cbf3a3bef to remote] DEBUG org.apache.http.headers - http-outgoing-0 >> Content-Length: 28
22:05:04.350 [Forwarding findElement on session 5010ef7e204650f5b76a6c1cbf3a3bef to remote] DEBUG org.apache.http.headers - http-outgoing-0 >> Host: localhost:34166
22:05:04.350 [Forwarding findElement on session 5010ef7e204650f5b76a6c1cbf3a3bef to remote] DEBUG org.apache.http.headers - http-outgoing-0 >> Connection: Keep-Alive
22:05:04.350 [Forwarding findElement on session 5010ef7e204650f5b76a6c1cbf3a3bef to remote] DEBUG org.apache.http.headers - http-outgoing-0 >> User-Agent: Apache-HttpClient/4.5.3 (Java/1.8.0_201)
22:05:04.350 [Forwarding findElement on session 5010ef7e204650f5b76a6c1cbf3a3bef to remote] DEBUG org.apache.http.headers - http-outgoing-0 >> Accept-Encoding: gzip,deflate
22:05:04.350 [Forwarding findElement on session 5010ef7e204650f5b76a6c1cbf3a3bef to remote] DEBUG org.apache.http.wire - http-outgoing-0 >> "POST /session/5010ef7e204650f5b76a6c1cbf3a3bef/element HTTP/1.1[\r][\n]"
22:05:04.350 [Forwarding findElement on session 5010ef7e204650f5b76a6c1cbf3a3bef to remote] DEBUG org.apache.http.wire - http-outgoing-0 >> "Content-Type: application/json; charset=utf-8[\r][\n]"
22:05:04.350 [Forwarding findElement on session 5010ef7e204650f5b76a6c1cbf3a3bef to remote] DEBUG org.apache.http.wire - http-outgoing-0 >> "Content-Length: 28[\r][\n]"
22:05:04.350 [Forwarding findElement on session 5010ef7e204650f5b76a6c1cbf3a3bef to remote] DEBUG org.apache.http.wire - http-outgoing-0 >> "Host: localhost:34166[\r][\n]"
22:05:04.350 [Forwarding findElement on session 5010ef7e204650f5b76a6c1cbf3a3bef to remote] DEBUG org.apache.http.wire - http-outgoing-0 >> "Connection: Keep-Alive[\r][\n]"
22:05:04.350 [Forwarding findElement on session 5010ef7e204650f5b76a6c1cbf3a3bef to remote] DEBUG org.apache.http.wire - http-outgoing-0 >> "User-Agent: Apache-HttpClient/4.5.3 (Java/1.8.0_201)[\r][\n]"
22:05:04.350 [Forwarding findElement on session 5010ef7e204650f5b76a6c1cbf3a3bef to remote] DEBUG org.apache.http.wire - http-outgoing-0 >> "Accept-Encoding: gzip,deflate[\r][\n]"
22:05:04.350 [Forwarding findElement on session 5010ef7e204650f5b76a6c1cbf3a3bef to remote] DEBUG org.apache.http.wire - http-outgoing-0 >> "[\r][\n]"
22:05:04.350 [Forwarding findElement on session 5010ef7e204650f5b76a6c1cbf3a3bef to remote] DEBUG org.apache.http.wire - http-outgoing-0 >> "{"using":"name","value":"b"}"
22:05:04.358 [Forwarding findElement on session 5010ef7e204650f5b76a6c1cbf3a3bef to remote] DEBUG org.apache.http.wire - http-outgoing-0 << "HTTP/1.1 200 OK[\r][\n]"
22:05:04.358 [Forwarding findElement on session 5010ef7e204650f5b76a6c1cbf3a3bef to remote] DEBUG org.apache.http.wire - http-outgoing-0 << "Content-Length:102[\r][\n]"
22:05:04.358 [Forwarding findElement on session 5010ef7e204650f5b76a6c1cbf3a3bef to remote] DEBUG org.apache.http.wire - http-outgoing-0 << "Content-Type:application/json; charset=utf-8[\r][\n]"
22:05:04.358 [Forwarding findElement on session 5010ef7e204650f5b76a6c1cbf3a3bef to remote] DEBUG org.apache.http.wire - http-outgoing-0 << "[\r][\n]"
22:05:04.358 [Forwarding findElement on session 5010ef7e204650f5b76a6c1cbf3a3bef to remote] DEBUG org.apache.http.wire - http-outgoing-0 << "{"sessionId":"5010ef7e204650f5b76a6c1cbf3a3bef","status":0,"value":{"ELEMENT":"0.6857587138139813-3"}}"
22:05:04.358 [Forwarding findElement on session 5010ef7e204650f5b76a6c1cbf3a3bef to remote] DEBUG org.apache.http.headers - http-outgoing-0 << HTTP/1.1 200 OK
22:05:04.358 [Forwarding findElement on session 5010ef7e204650f5b76a6c1cbf3a3bef to remote] DEBUG org.apache.http.headers - http-outgoing-0 << Content-Length:102
22:05:04.358 [Forwarding findElement on session 5010ef7e204650f5b76a6c1cbf3a3bef to remote] DEBUG org.apache.http.headers - http-outgoing-0 << Content-Type:application/json; charset=utf-8
22:05:04.359 [Forwarding findElement on session 5010ef7e204650f5b76a6c1cbf3a3bef to remote] DEBUG org.apache.http.impl.execchain.MainClientExec - Connection can be kept alive indefinitely
22:05:04.359 [Forwarding findElement on session 5010ef7e204650f5b76a6c1cbf3a3bef to remote] DEBUG org.apache.http.impl.conn.PoolingHttpClientConnectionManager - Connection [id: 0][route: {}->http://localhost:34166] can be kept alive indefinitely
22:05:04.359 [Forwarding findElement on session 5010ef7e204650f5b76a6c1cbf3a3bef to remote] DEBUG org.apache.http.impl.conn.PoolingHttpClientConnectionManager - Connection released: [id: 0][route: {}->http://localhost:34166][total kept alive: 1; route allocated: 1 of 2000; total allocated: 1 of 2000]
22:05:04.361 [Forwarding clearElement on session 5010ef7e204650f5b76a6c1cbf3a3bef to remote] DEBUG org.apache.http.client.protocol.RequestAddCookies - CookieSpec selected: default
22:05:04.362 [Forwarding clearElement on session 5010ef7e204650f5b76a6c1cbf3a3bef to remote] DEBUG org.apache.http.client.protocol.RequestAuthCache - Auth cache not set in the context
22:05:04.362 [Forwarding clearElement on session 5010ef7e204650f5b76a6c1cbf3a3bef to remote] DEBUG org.apache.http.impl.conn.PoolingHttpClientConnectionManager - Connection request: [route: {}->http://localhost:34166][total kept alive: 1; route allocated: 1 of 2000; total allocated: 1 of 2000]
22:05:04.362 [Forwarding clearElement on session 5010ef7e204650f5b76a6c1cbf3a3bef to remote] DEBUG org.apache.http.impl.conn.PoolingHttpClientConnectionManager - Connection leased: [id: 0][route: {}->http://localhost:34166][total kept alive: 0; route allocated: 1 of 2000; total allocated: 1 of 2000]
22:05:04.362 [Forwarding clearElement on session 5010ef7e204650f5b76a6c1cbf3a3bef to remote] DEBUG org.apache.http.impl.execchain.MainClientExec - Stale connection check
22:05:04.364 [Forwarding clearElement on session 5010ef7e204650f5b76a6c1cbf3a3bef to remote] DEBUG org.apache.http.wire - http-outgoing-0 << "[read] I/O error: Read timed out"
22:05:04.364 [Forwarding clearElement on session 5010ef7e204650f5b76a6c1cbf3a3bef to remote] DEBUG org.apache.http.impl.conn.DefaultManagedHttpClientConnection - http-outgoing-0: set socket timeout to 10800000
22:05:04.364 [Forwarding clearElement on session 5010ef7e204650f5b76a6c1cbf3a3bef to remote] DEBUG org.apache.http.impl.execchain.MainClientExec - Executing request POST /session/5010ef7e204650f5b76a6c1cbf3a3bef/element/0.6857587138139813-3/clear HTTP/1.1
22:05:04.364 [Forwarding clearElement on session 5010ef7e204650f5b76a6c1cbf3a3bef to remote] DEBUG org.apache.http.impl.execchain.MainClientExec - Target auth state: UNCHALLENGED
22:05:04.364 [Forwarding clearElement on session 5010ef7e204650f5b76a6c1cbf3a3bef to remote] DEBUG org.apache.http.impl.execchain.MainClientExec - Proxy auth state: UNCHALLENGED
22:05:04.364 [Forwarding clearElement on session 5010ef7e204650f5b76a6c1cbf3a3bef to remote] DEBUG org.apache.http.headers - http-outgoing-0 >> POST /session/5010ef7e204650f5b76a6c1cbf3a3bef/element/0.6857587138139813-3/clear HTTP/1.1
22:05:04.364 [Forwarding clearElement on session 5010ef7e204650f5b76a6c1cbf3a3bef to remote] DEBUG org.apache.http.headers - http-outgoing-0 >> Content-Type: application/json; charset=utf-8
22:05:04.364 [Forwarding clearElement on session 5010ef7e204650f5b76a6c1cbf3a3bef to remote] DEBUG org.apache.http.headers - http-outgoing-0 >> Content-Length: 29
22:05:04.364 [Forwarding clearElement on session 5010ef7e204650f5b76a6c1cbf3a3bef to remote] DEBUG org.apache.http.headers - http-outgoing-0 >> Host: localhost:34166
22:05:04.364 [Forwarding clearElement on session 5010ef7e204650f5b76a6c1cbf3a3bef to remote] DEBUG org.apache.http.headers - http-outgoing-0 >> Connection: Keep-Alive
22:05:04.364 [Forwarding clearElement on session 5010ef7e204650f5b76a6c1cbf3a3bef to remote] DEBUG org.apache.http.headers - http-outgoing-0 >> User-Agent: Apache-HttpClient/4.5.3 (Java/1.8.0_201)
22:05:04.364 [Forwarding clearElement on session 5010ef7e204650f5b76a6c1cbf3a3bef to remote] DEBUG org.apache.http.headers - http-outgoing-0 >> Accept-Encoding: gzip,deflate
22:05:04.364 [Forwarding clearElement on session 5010ef7e204650f5b76a6c1cbf3a3bef to remote] DEBUG org.apache.http.wire - http-outgoing-0 >> "POST /session/5010ef7e204650f5b76a6c1cbf3a3bef/element/0.6857587138139813-3/clear HTTP/1.1[\r][\n]"
22:05:04.364 [Forwarding clearElement on session 5010ef7e204650f5b76a6c1cbf3a3bef to remote] DEBUG org.apache.http.wire - http-outgoing-0 >> "Content-Type: application/json; charset=utf-8[\r][\n]"
22:05:04.364 [Forwarding clearElement on session 5010ef7e204650f5b76a6c1cbf3a3bef to remote] DEBUG org.apache.http.wire - http-outgoing-0 >> "Content-Length: 29[\r][\n]"
22:05:04.364 [Forwarding clearElement on session 5010ef7e204650f5b76a6c1cbf3a3bef to remote] DEBUG org.apache.http.wire - http-outgoing-0 >> "Host: localhost:34166[\r][\n]"
22:05:04.364 [Forwarding clearElement on session 5010ef7e204650f5b76a6c1cbf3a3bef to remote] DEBUG org.apache.http.wire - http-outgoing-0 >> "Connection: Keep-Alive[\r][\n]"
22:05:04.364 [Forwarding clearElement on session 5010ef7e204650f5b76a6c1cbf3a3bef to remote] DEBUG org.apache.http.wire - http-outgoing-0 >> "User-Agent: Apache-HttpClient/4.5.3 (Java/1.8.0_201)[\r][\n]"
22:05:04.364 [Forwarding clearElement on session 5010ef7e204650f5b76a6c1cbf3a3bef to remote] DEBUG org.apache.http.wire - http-outgoing-0 >> "Accept-Encoding: gzip,deflate[\r][\n]"
22:05:04.364 [Forwarding clearElement on session 5010ef7e204650f5b76a6c1cbf3a3bef to remote] DEBUG org.apache.http.wire - http-outgoing-0 >> "[\r][\n]"
22:05:04.364 [Forwarding clearElement on session 5010ef7e204650f5b76a6c1cbf3a3bef to remote] DEBUG org.apache.http.wire - http-outgoing-0 >> "{"id":"0.6857587138139813-3"}"
22:05:04.395 [Forwarding clearElement on session 5010ef7e204650f5b76a6c1cbf3a3bef to remote] DEBUG org.apache.http.wire - http-outgoing-0 << "HTTP/1.1 200 OK[\r][\n]"
22:05:04.395 [Forwarding clearElement on session 5010ef7e204650f5b76a6c1cbf3a3bef to remote] DEBUG org.apache.http.wire - http-outgoing-0 << "Content-Length:72[\r][\n]"
22:05:04.395 [Forwarding clearElement on session 5010ef7e204650f5b76a6c1cbf3a3bef to remote] DEBUG org.apache.http.wire - http-outgoing-0 << "Content-Type:application/json; charset=utf-8[\r][\n]"
22:05:04.395 [Forwarding clearElement on session 5010ef7e204650f5b76a6c1cbf3a3bef to remote] DEBUG org.apache.http.wire - http-outgoing-0 << "[\r][\n]"
22:05:04.395 [Forwarding clearElement on session 5010ef7e204650f5b76a6c1cbf3a3bef to remote] DEBUG org.apache.http.wire - http-outgoing-0 << "{"sessionId":"5010ef7e204650f5b76a6c1cbf3a3bef","status":0,"value":null}"
22:05:04.396 [Forwarding clearElement on session 5010ef7e204650f5b76a6c1cbf3a3bef to remote] DEBUG org.apache.http.headers - http-outgoing-0 << HTTP/1.1 200 OK
22:05:04.396 [Forwarding clearElement on session 5010ef7e204650f5b76a6c1cbf3a3bef to remote] DEBUG org.apache.http.headers - http-outgoing-0 << Content-Length:72
22:05:04.396 [Forwarding clearElement on session 5010ef7e204650f5b76a6c1cbf3a3bef to remote] DEBUG org.apache.http.headers - http-outgoing-0 << Content-Type:application/json; charset=utf-8
22:05:04.396 [Forwarding clearElement on session 5010ef7e204650f5b76a6c1cbf3a3bef to remote] DEBUG org.apache.http.impl.execchain.MainClientExec - Connection can be kept alive indefinitely
22:05:04.396 [Forwarding clearElement on session 5010ef7e204650f5b76a6c1cbf3a3bef to remote] DEBUG org.apache.http.impl.conn.PoolingHttpClientConnectionManager - Connection [id: 0][route: {}->http://localhost:34166] can be kept alive indefinitely
22:05:04.396 [Forwarding clearElement on session 5010ef7e204650f5b76a6c1cbf3a3bef to remote] DEBUG org.apache.http.impl.conn.PoolingHttpClientConnectionManager - Connection released: [id: 0][route: {}->http://localhost:34166][total kept alive: 1; route allocated: 1 of 2000; total allocated: 1 of 2000]
22:05:04.398 [Forwarding findElement on session 5010ef7e204650f5b76a6c1cbf3a3bef to remote] DEBUG org.apache.http.client.protocol.RequestAddCookies - CookieSpec selected: default
22:05:04.398 [Forwarding findElement on session 5010ef7e204650f5b76a6c1cbf3a3bef to remote] DEBUG org.apache.http.client.protocol.RequestAuthCache - Auth cache not set in the context
22:05:04.398 [Forwarding findElement on session 5010ef7e204650f5b76a6c1cbf3a3bef to remote] DEBUG org.apache.http.impl.conn.PoolingHttpClientConnectionManager - Connection request: [route: {}->http://localhost:34166][total kept alive: 1; route allocated: 1 of 2000; total allocated: 1 of 2000]
22:05:04.398 [Forwarding findElement on session 5010ef7e204650f5b76a6c1cbf3a3bef to remote] DEBUG org.apache.http.impl.conn.PoolingHttpClientConnectionManager - Connection leased: [id: 0][route: {}->http://localhost:34166][total kept alive: 0; route allocated: 1 of 2000; total allocated: 1 of 2000]
22:05:04.398 [Forwarding findElement on session 5010ef7e204650f5b76a6c1cbf3a3bef to remote] DEBUG org.apache.http.impl.execchain.MainClientExec - Stale connection check
22:05:04.400 [Forwarding findElement on session 5010ef7e204650f5b76a6c1cbf3a3bef to remote] DEBUG org.apache.http.wire - http-outgoing-0 << "[read] I/O error: Read timed out"
22:05:04.400 [Forwarding findElement on session 5010ef7e204650f5b76a6c1cbf3a3bef to remote] DEBUG org.apache.http.impl.conn.DefaultManagedHttpClientConnection - http-outgoing-0: set socket timeout to 10800000
22:05:04.400 [Forwarding findElement on session 5010ef7e204650f5b76a6c1cbf3a3bef to remote] DEBUG org.apache.http.impl.execchain.MainClientExec - Executing request POST /session/5010ef7e204650f5b76a6c1cbf3a3bef/element HTTP/1.1
22:05:04.400 [Forwarding findElement on session 5010ef7e204650f5b76a6c1cbf3a3bef to remote] DEBUG org.apache.http.impl.execchain.MainClientExec - Target auth state: UNCHALLENGED
22:05:04.400 [Forwarding findElement on session 5010ef7e204650f5b76a6c1cbf3a3bef to remote] DEBUG org.apache.http.impl.execchain.MainClientExec - Proxy auth state: UNCHALLENGED
22:05:04.400 [Forwarding findElement on session 5010ef7e204650f5b76a6c1cbf3a3bef to remote] DEBUG org.apache.http.headers - http-outgoing-0 >> POST /session/5010ef7e204650f5b76a6c1cbf3a3bef/element HTTP/1.1
22:05:04.400 [Forwarding findElement on session 5010ef7e204650f5b76a6c1cbf3a3bef to remote] DEBUG org.apache.http.headers - http-outgoing-0 >> Content-Type: application/json; charset=utf-8
22:05:04.400 [Forwarding findElement on session 5010ef7e204650f5b76a6c1cbf3a3bef to remote] DEBUG org.apache.http.headers - http-outgoing-0 >> Content-Length: 26
22:05:04.400 [Forwarding findElement on session 5010ef7e204650f5b76a6c1cbf3a3bef to remote] DEBUG org.apache.http.headers - http-outgoing-0 >> Host: localhost:34166
22:05:04.400 [Forwarding findElement on session 5010ef7e204650f5b76a6c1cbf3a3bef to remote] DEBUG org.apache.http.headers - http-outgoing-0 >> Connection: Keep-Alive
22:05:04.400 [Forwarding findElement on session 5010ef7e204650f5b76a6c1cbf3a3bef to remote] DEBUG org.apache.http.headers - http-outgoing-0 >> User-Agent: Apache-HttpClient/4.5.3 (Java/1.8.0_201)
22:05:04.400 [Forwarding findElement on session 5010ef7e204650f5b76a6c1cbf3a3bef to remote] DEBUG org.apache.http.headers - http-outgoing-0 >> Accept-Encoding: gzip,deflate
22:05:04.400 [Forwarding findElement on session 5010ef7e204650f5b76a6c1cbf3a3bef to remote] DEBUG org.apache.http.wire - http-outgoing-0 >> "POST /session/5010ef7e204650f5b76a6c1cbf3a3bef/element HTTP/1.1[\r][\n]"
22:05:04.400 [Forwarding findElement on session 5010ef7e204650f5b76a6c1cbf3a3bef to remote] DEBUG org.apache.http.wire - http-outgoing-0 >> "Content-Type: application/json; charset=utf-8[\r][\n]"
22:05:04.400 [Forwarding findElement on session 5010ef7e204650f5b76a6c1cbf3a3bef to remote] DEBUG org.apache.http.wire - http-outgoing-0 >> "Content-Length: 26[\r][\n]"
22:05:04.400 [Forwarding findElement on session 5010ef7e204650f5b76a6c1cbf3a3bef to remote] DEBUG org.apache.http.wire - http-outgoing-0 >> "Host: localhost:34166[\r][\n]"
22:05:04.400 [Forwarding findElement on session 5010ef7e204650f5b76a6c1cbf3a3bef to remote] DEBUG org.apache.http.wire - http-outgoing-0 >> "Connection: Keep-Alive[\r][\n]"
22:05:04.400 [Forwarding findElement on session 5010ef7e204650f5b76a6c1cbf3a3bef to remote] DEBUG org.apache.http.wire - http-outgoing-0 >> "User-Agent: Apache-HttpClient/4.5.3 (Java/1.8.0_201)[\r][\n]"
22:05:04.400 [Forwarding findElement on session 5010ef7e204650f5b76a6c1cbf3a3bef to remote] DEBUG org.apache.http.wire - http-outgoing-0 >> "Accept-Encoding: gzip,deflate[\r][\n]"
22:05:04.400 [Forwarding findElement on session 5010ef7e204650f5b76a6c1cbf3a3bef to remote] DEBUG org.apache.http.wire - http-outgoing-0 >> "[\r][\n]"
22:05:04.400 [Forwarding findElement on session 5010ef7e204650f5b76a6c1cbf3a3bef to remote] DEBUG org.apache.http.wire - http-outgoing-0 >> "{"using":"id","value":"a"}"
22:05:04.410 [Forwarding findElement on session 5010ef7e204650f5b76a6c1cbf3a3bef to remote] DEBUG org.apache.http.wire - http-outgoing-0 << "HTTP/1.1 200 OK[\r][\n]"
22:05:04.410 [Forwarding findElement on session 5010ef7e204650f5b76a6c1cbf3a3bef to remote] DEBUG org.apache.http.wire - http-outgoing-0 << "Content-Length:102[\r][\n]"
22:05:04.410 [Forwarding findElement on session 5010ef7e204650f5b76a6c1cbf3a3bef to remote] DEBUG org.apache.http.wire - http-outgoing-0 << "Content-Type:application/json; charset=utf-8[\r][\n]"
22:05:04.410 [Forwarding findElement on session 5010ef7e204650f5b76a6c1cbf3a3bef to remote] DEBUG org.apache.http.wire - http-outgoing-0 << "[\r][\n]"
22:05:04.410 [Forwarding findElement on session 5010ef7e204650f5b76a6c1cbf3a3bef to remote] DEBUG org.apache.http.wire - http-outgoing-0 << "{"sessionId":"5010ef7e204650f5b76a6c1cbf3a3bef","status":0,"value":{"ELEMENT":"0.6857587138139813-2"}}"
22:05:04.410 [Forwarding findElement on session 5010ef7e204650f5b76a6c1cbf3a3bef to remote] DEBUG org.apache.http.headers - http-outgoing-0 << HTTP/1.1 200 OK
22:05:04.410 [Forwarding findElement on session 5010ef7e204650f5b76a6c1cbf3a3bef to remote] DEBUG org.apache.http.headers - http-outgoing-0 << Content-Length:102
22:05:04.410 [Forwarding findElement on session 5010ef7e204650f5b76a6c1cbf3a3bef to remote] DEBUG org.apache.http.headers - http-outgoing-0 << Content-Type:application/json; charset=utf-8
22:05:04.410 [Forwarding findElement on session 5010ef7e204650f5b76a6c1cbf3a3bef to remote] DEBUG org.apache.http.impl.execchain.MainClientExec - Connection can be kept alive indefinitely
22:05:04.410 [Forwarding findElement on session 5010ef7e204650f5b76a6c1cbf3a3bef to remote] DEBUG org.apache.http.impl.conn.PoolingHttpClientConnectionManager - Connection [id: 0][route: {}->http://localhost:34166] can be kept alive indefinitely
22:05:04.410 [Forwarding findElement on session 5010ef7e204650f5b76a6c1cbf3a3bef to remote] DEBUG org.apache.http.impl.conn.PoolingHttpClientConnectionManager - Connection released: [id: 0][route: {}->http://localhost:34166][total kept alive: 1; route allocated: 1 of 2000; total allocated: 1 of 2000]
22:05:04.412 [Forwarding sendKeysToElement on session 5010ef7e204650f5b76a6c1cbf3a3bef to remote] DEBUG org.apache.http.client.protocol.RequestAddCookies - CookieSpec selected: default
22:05:04.412 [Forwarding sendKeysToElement on session 5010ef7e204650f5b76a6c1cbf3a3bef to remote] DEBUG org.apache.http.client.protocol.RequestAuthCache - Auth cache not set in the context
22:05:04.413 [Forwarding sendKeysToElement on session 5010ef7e204650f5b76a6c1cbf3a3bef to remote] DEBUG org.apache.http.impl.conn.PoolingHttpClientConnectionManager - Connection request: [route: {}->http://localhost:34166][total kept alive: 1; route allocated: 1 of 2000; total allocated: 1 of 2000]
22:05:04.413 [Forwarding sendKeysToElement on session 5010ef7e204650f5b76a6c1cbf3a3bef to remote] DEBUG org.apache.http.impl.conn.PoolingHttpClientConnectionManager - Connection leased: [id: 0][route: {}->http://localhost:34166][total kept alive: 0; route allocated: 1 of 2000; total allocated: 1 of 2000]
22:05:04.413 [Forwarding sendKeysToElement on session 5010ef7e204650f5b76a6c1cbf3a3bef to remote] DEBUG org.apache.http.impl.execchain.MainClientExec - Stale connection check
22:05:04.415 [Forwarding sendKeysToElement on session 5010ef7e204650f5b76a6c1cbf3a3bef to remote] DEBUG org.apache.http.wire - http-outgoing-0 << "[read] I/O error: Read timed out"
22:05:04.415 [Forwarding sendKeysToElement on session 5010ef7e204650f5b76a6c1cbf3a3bef to remote] DEBUG org.apache.http.impl.conn.DefaultManagedHttpClientConnection - http-outgoing-0: set socket timeout to 10800000
22:05:04.415 [Forwarding sendKeysToElement on session 5010ef7e204650f5b76a6c1cbf3a3bef to remote] DEBUG org.apache.http.impl.execchain.MainClientExec - Executing request POST /session/5010ef7e204650f5b76a6c1cbf3a3bef/element/0.6857587138139813-2/value HTTP/1.1
22:05:04.415 [Forwarding sendKeysToElement on session 5010ef7e204650f5b76a6c1cbf3a3bef to remote] DEBUG org.apache.http.impl.execchain.MainClientExec - Target auth state: UNCHALLENGED
22:05:04.415 [Forwarding sendKeysToElement on session 5010ef7e204650f5b76a6c1cbf3a3bef to remote] DEBUG org.apache.http.impl.execchain.MainClientExec - Proxy auth state: UNCHALLENGED
22:05:04.415 [Forwarding sendKeysToElement on session 5010ef7e204650f5b76a6c1cbf3a3bef to remote] DEBUG org.apache.http.headers - http-outgoing-0 >> POST /session/5010ef7e204650f5b76a6c1cbf3a3bef/element/0.6857587138139813-2/value HTTP/1.1
22:05:04.415 [Forwarding sendKeysToElement on session 5010ef7e204650f5b76a6c1cbf3a3bef to remote] DEBUG org.apache.http.headers - http-outgoing-0 >> Content-Type: application/json; charset=utf-8
22:05:04.415 [Forwarding sendKeysToElement on session 5010ef7e204650f5b76a6c1cbf3a3bef to remote] DEBUG org.apache.http.headers - http-outgoing-0 >> Content-Length: 43
22:05:04.415 [Forwarding sendKeysToElement on session 5010ef7e204650f5b76a6c1cbf3a3bef to remote] DEBUG org.apache.http.headers - http-outgoing-0 >> Host: localhost:34166
22:05:04.415 [Forwarding sendKeysToElement on session 5010ef7e204650f5b76a6c1cbf3a3bef to remote] DEBUG org.apache.http.headers - http-outgoing-0 >> Connection: Keep-Alive
22:05:04.415 [Forwarding sendKeysToElement on session 5010ef7e204650f5b76a6c1cbf3a3bef to remote] DEBUG org.apache.http.headers - http-outgoing-0 >> User-Agent: Apache-HttpClient/4.5.3 (Java/1.8.0_201)
22:05:04.415 [Forwarding sendKeysToElement on session 5010ef7e204650f5b76a6c1cbf3a3bef to remote] DEBUG org.apache.http.headers - http-outgoing-0 >> Accept-Encoding: gzip,deflate
22:05:04.415 [Forwarding sendKeysToElement on session 5010ef7e204650f5b76a6c1cbf3a3bef to remote] DEBUG org.apache.http.wire - http-outgoing-0 >> "POST /session/5010ef7e204650f5b76a6c1cbf3a3bef/element/0.6857587138139813-2/value HTTP/1.1[\r][\n]"
22:05:04.415 [Forwarding sendKeysToElement on session 5010ef7e204650f5b76a6c1cbf3a3bef to remote] DEBUG org.apache.http.wire - http-outgoing-0 >> "Content-Type: application/json; charset=utf-8[\r][\n]"
22:05:04.415 [Forwarding sendKeysToElement on session 5010ef7e204650f5b76a6c1cbf3a3bef to remote] DEBUG org.apache.http.wire - http-outgoing-0 >> "Content-Length: 43[\r][\n]"
22:05:04.415 [Forwarding sendKeysToElement on session 5010ef7e204650f5b76a6c1cbf3a3bef to remote] DEBUG org.apache.http.wire - http-outgoing-0 >> "Host: localhost:34166[\r][\n]"
22:05:04.415 [Forwarding sendKeysToElement on session 5010ef7e204650f5b76a6c1cbf3a3bef to remote] DEBUG org.apache.http.wire - http-outgoing-0 >> "Connection: Keep-Alive[\r][\n]"
22:05:04.415 [Forwarding sendKeysToElement on session 5010ef7e204650f5b76a6c1cbf3a3bef to remote] DEBUG org.apache.http.wire - http-outgoing-0 >> "User-Agent: Apache-HttpClient/4.5.3 (Java/1.8.0_201)[\r][\n]"
22:05:04.415 [Forwarding sendKeysToElement on session 5010ef7e204650f5b76a6c1cbf3a3bef to remote] DEBUG org.apache.http.wire - http-outgoing-0 >> "Accept-Encoding: gzip,deflate[\r][\n]"
22:05:04.415 [Forwarding sendKeysToElement on session 5010ef7e204650f5b76a6c1cbf3a3bef to remote] DEBUG org.apache.http.wire - http-outgoing-0 >> "[\r][\n]"
22:05:04.415 [Forwarding sendKeysToElement on session 5010ef7e204650f5b76a6c1cbf3a3bef to remote] DEBUG org.apache.http.wire - http-outgoing-0 >> "{"id":"0.6857587138139813-2","value":["5"]}"
22:05:04.449 [Forwarding sendKeysToElement on session 5010ef7e204650f5b76a6c1cbf3a3bef to remote] DEBUG org.apache.http.wire - http-outgoing-0 << "HTTP/1.1 200 OK[\r][\n]"
22:05:04.449 [Forwarding sendKeysToElement on session 5010ef7e204650f5b76a6c1cbf3a3bef to remote] DEBUG org.apache.http.wire - http-outgoing-0 << "Content-Length:72[\r][\n]"
22:05:04.449 [Forwarding sendKeysToElement on session 5010ef7e204650f5b76a6c1cbf3a3bef to remote] DEBUG org.apache.http.wire - http-outgoing-0 << "Content-Type:application/json; charset=utf-8[\r][\n]"
22:05:04.449 [Forwarding sendKeysToElement on session 5010ef7e204650f5b76a6c1cbf3a3bef to remote] DEBUG org.apache.http.wire - http-outgoing-0 << "[\r][\n]"
22:05:04.449 [Forwarding sendKeysToElement on session 5010ef7e204650f5b76a6c1cbf3a3bef to remote] DEBUG org.apache.http.wire - http-outgoing-0 << "{"sessionId":"5010ef7e204650f5b76a6c1cbf3a3bef","status":0,"value":null}"
22:05:04.450 [Forwarding sendKeysToElement on session 5010ef7e204650f5b76a6c1cbf3a3bef to remote] DEBUG org.apache.http.headers - http-outgoing-0 << HTTP/1.1 200 OK
22:05:04.450 [Forwarding sendKeysToElement on session 5010ef7e204650f5b76a6c1cbf3a3bef to remote] DEBUG org.apache.http.headers - http-outgoing-0 << Content-Length:72
22:05:04.450 [Forwarding sendKeysToElement on session 5010ef7e204650f5b76a6c1cbf3a3bef to remote] DEBUG org.apache.http.headers - http-outgoing-0 << Content-Type:application/json; charset=utf-8
22:05:04.450 [Forwarding sendKeysToElement on session 5010ef7e204650f5b76a6c1cbf3a3bef to remote] DEBUG org.apache.http.impl.execchain.MainClientExec - Connection can be kept alive indefinitely
22:05:04.450 [Forwarding sendKeysToElement on session 5010ef7e204650f5b76a6c1cbf3a3bef to remote] DEBUG org.apache.http.impl.conn.PoolingHttpClientConnectionManager - Connection [id: 0][route: {}->http://localhost:34166] can be kept alive indefinitely
22:05:04.451 [Forwarding sendKeysToElement on session 5010ef7e204650f5b76a6c1cbf3a3bef to remote] DEBUG org.apache.http.impl.conn.PoolingHttpClientConnectionManager - Connection released: [id: 0][route: {}->http://localhost:34166][total kept alive: 1; route allocated: 1 of 2000; total allocated: 1 of 2000]
22:05:04.453 [Forwarding findElement on session 5010ef7e204650f5b76a6c1cbf3a3bef to remote] DEBUG org.apache.http.client.protocol.RequestAddCookies - CookieSpec selected: default
22:05:04.453 [Forwarding findElement on session 5010ef7e204650f5b76a6c1cbf3a3bef to remote] DEBUG org.apache.http.client.protocol.RequestAuthCache - Auth cache not set in the context
22:05:04.453 [Forwarding findElement on session 5010ef7e204650f5b76a6c1cbf3a3bef to remote] DEBUG org.apache.http.impl.conn.PoolingHttpClientConnectionManager - Connection request: [route: {}->http://localhost:34166][total kept alive: 1; route allocated: 1 of 2000; total allocated: 1 of 2000]
22:05:04.453 [Forwarding findElement on session 5010ef7e204650f5b76a6c1cbf3a3bef to remote] DEBUG org.apache.http.impl.conn.PoolingHttpClientConnectionManager - Connection leased: [id: 0][route: {}->http://localhost:34166][total kept alive: 0; route allocated: 1 of 2000; total allocated: 1 of 2000]
22:05:04.453 [Forwarding findElement on session 5010ef7e204650f5b76a6c1cbf3a3bef to remote] DEBUG org.apache.http.impl.execchain.MainClientExec - Stale connection check
22:05:04.455 [Forwarding findElement on session 5010ef7e204650f5b76a6c1cbf3a3bef to remote] DEBUG org.apache.http.wire - http-outgoing-0 << "[read] I/O error: Read timed out"
22:05:04.455 [Forwarding findElement on session 5010ef7e204650f5b76a6c1cbf3a3bef to remote] DEBUG org.apache.http.impl.conn.DefaultManagedHttpClientConnection - http-outgoing-0: set socket timeout to 10800000
22:05:04.455 [Forwarding findElement on session 5010ef7e204650f5b76a6c1cbf3a3bef to remote] DEBUG org.apache.http.impl.execchain.MainClientExec - Executing request POST /session/5010ef7e204650f5b76a6c1cbf3a3bef/element HTTP/1.1
22:05:04.455 [Forwarding findElement on session 5010ef7e204650f5b76a6c1cbf3a3bef to remote] DEBUG org.apache.http.impl.execchain.MainClientExec - Target auth state: UNCHALLENGED
22:05:04.455 [Forwarding findElement on session 5010ef7e204650f5b76a6c1cbf3a3bef to remote] DEBUG org.apache.http.impl.execchain.MainClientExec - Proxy auth state: UNCHALLENGED
22:05:04.455 [Forwarding findElement on session 5010ef7e204650f5b76a6c1cbf3a3bef to remote] DEBUG org.apache.http.headers - http-outgoing-0 >> POST /session/5010ef7e204650f5b76a6c1cbf3a3bef/element HTTP/1.1
22:05:04.455 [Forwarding findElement on session 5010ef7e204650f5b76a6c1cbf3a3bef to remote] DEBUG org.apache.http.headers - http-outgoing-0 >> Content-Type: application/json; charset=utf-8
22:05:04.455 [Forwarding findElement on session 5010ef7e204650f5b76a6c1cbf3a3bef to remote] DEBUG org.apache.http.headers - http-outgoing-0 >> Content-Length: 26
22:05:04.455 [Forwarding findElement on session 5010ef7e204650f5b76a6c1cbf3a3bef to remote] DEBUG org.apache.http.headers - http-outgoing-0 >> Host: localhost:34166
22:05:04.455 [Forwarding findElement on session 5010ef7e204650f5b76a6c1cbf3a3bef to remote] DEBUG org.apache.http.headers - http-outgoing-0 >> Connection: Keep-Alive
22:05:04.455 [Forwarding findElement on session 5010ef7e204650f5b76a6c1cbf3a3bef to remote] DEBUG org.apache.http.headers - http-outgoing-0 >> User-Agent: Apache-HttpClient/4.5.3 (Java/1.8.0_201)
22:05:04.455 [Forwarding findElement on session 5010ef7e204650f5b76a6c1cbf3a3bef to remote] DEBUG org.apache.http.headers - http-outgoing-0 >> Accept-Encoding: gzip,deflate
22:05:04.455 [Forwarding findElement on session 5010ef7e204650f5b76a6c1cbf3a3bef to remote] DEBUG org.apache.http.wire - http-outgoing-0 >> "POST /session/5010ef7e204650f5b76a6c1cbf3a3bef/element HTTP/1.1[\r][\n]"
22:05:04.455 [Forwarding findElement on session 5010ef7e204650f5b76a6c1cbf3a3bef to remote] DEBUG org.apache.http.wire - http-outgoing-0 >> "Content-Type: application/json; charset=utf-8[\r][\n]"
22:05:04.455 [Forwarding findElement on session 5010ef7e204650f5b76a6c1cbf3a3bef to remote] DEBUG org.apache.http.wire - http-outgoing-0 >> "Content-Length: 26[\r][\n]"
22:05:04.455 [Forwarding findElement on session 5010ef7e204650f5b76a6c1cbf3a3bef to remote] DEBUG org.apache.http.wire - http-outgoing-0 >> "Host: localhost:34166[\r][\n]"
22:05:04.455 [Forwarding findElement on session 5010ef7e204650f5b76a6c1cbf3a3bef to remote] DEBUG org.apache.http.wire - http-outgoing-0 >> "Connection: Keep-Alive[\r][\n]"
22:05:04.455 [Forwarding findElement on session 5010ef7e204650f5b76a6c1cbf3a3bef to remote] DEBUG org.apache.http.wire - http-outgoing-0 >> "User-Agent: Apache-HttpClient/4.5.3 (Java/1.8.0_201)[\r][\n]"
22:05:04.455 [Forwarding findElement on session 5010ef7e204650f5b76a6c1cbf3a3bef to remote] DEBUG org.apache.http.wire - http-outgoing-0 >> "Accept-Encoding: gzip,deflate[\r][\n]"
22:05:04.455 [Forwarding findElement on session 5010ef7e204650f5b76a6c1cbf3a3bef to remote] DEBUG org.apache.http.wire - http-outgoing-0 >> "[\r][\n]"
22:05:04.455 [Forwarding findElement on session 5010ef7e204650f5b76a6c1cbf3a3bef to remote] DEBUG org.apache.http.wire - http-outgoing-0 >> "{"using":"id","value":"b"}"
22:05:04.465 [Forwarding findElement on session 5010ef7e204650f5b76a6c1cbf3a3bef to remote] DEBUG org.apache.http.wire - http-outgoing-0 << "HTTP/1.1 200 OK[\r][\n]"
22:05:04.465 [Forwarding findElement on session 5010ef7e204650f5b76a6c1cbf3a3bef to remote] DEBUG org.apache.http.wire - http-outgoing-0 << "Content-Length:102[\r][\n]"
22:05:04.465 [Forwarding findElement on session 5010ef7e204650f5b76a6c1cbf3a3bef to remote] DEBUG org.apache.http.wire - http-outgoing-0 << "Content-Type:application/json; charset=utf-8[\r][\n]"
22:05:04.466 [Forwarding findElement on session 5010ef7e204650f5b76a6c1cbf3a3bef to remote] DEBUG org.apache.http.wire - http-outgoing-0 << "[\r][\n]"
22:05:04.466 [Forwarding findElement on session 5010ef7e204650f5b76a6c1cbf3a3bef to remote] DEBUG org.apache.http.wire - http-outgoing-0 << "{"sessionId":"5010ef7e204650f5b76a6c1cbf3a3bef","status":0,"value":{"ELEMENT":"0.6857587138139813-3"}}"
22:05:04.466 [Forwarding findElement on session 5010ef7e204650f5b76a6c1cbf3a3bef to remote] DEBUG org.apache.http.headers - http-outgoing-0 << HTTP/1.1 200 OK
22:05:04.466 [Forwarding findElement on session 5010ef7e204650f5b76a6c1cbf3a3bef to remote] DEBUG org.apache.http.headers - http-outgoing-0 << Content-Length:102
22:05:04.466 [Forwarding findElement on session 5010ef7e204650f5b76a6c1cbf3a3bef to remote] DEBUG org.apache.http.headers - http-outgoing-0 << Content-Type:application/json; charset=utf-8
22:05:04.466 [Forwarding findElement on session 5010ef7e204650f5b76a6c1cbf3a3bef to remote] DEBUG org.apache.http.impl.execchain.MainClientExec - Connection can be kept alive indefinitely
22:05:04.466 [Forwarding findElement on session 5010ef7e204650f5b76a6c1cbf3a3bef to remote] DEBUG org.apache.http.impl.conn.PoolingHttpClientConnectionManager - Connection [id: 0][route: {}->http://localhost:34166] can be kept alive indefinitely
22:05:04.466 [Forwarding findElement on session 5010ef7e204650f5b76a6c1cbf3a3bef to remote] DEBUG org.apache.http.impl.conn.PoolingHttpClientConnectionManager - Connection released: [id: 0][route: {}->http://localhost:34166][total kept alive: 1; route allocated: 1 of 2000; total allocated: 1 of 2000]
22:05:04.467 [Forwarding sendKeysToElement on session 5010ef7e204650f5b76a6c1cbf3a3bef to remote] DEBUG org.apache.http.client.protocol.RequestAddCookies - CookieSpec selected: default
22:05:04.467 [Forwarding sendKeysToElement on session 5010ef7e204650f5b76a6c1cbf3a3bef to remote] DEBUG org.apache.http.client.protocol.RequestAuthCache - Auth cache not set in the context
22:05:04.467 [Forwarding sendKeysToElement on session 5010ef7e204650f5b76a6c1cbf3a3bef to remote] DEBUG org.apache.http.impl.conn.PoolingHttpClientConnectionManager - Connection request: [route: {}->http://localhost:34166][total kept alive: 1; route allocated: 1 of 2000; total allocated: 1 of 2000]
22:05:04.467 [Forwarding sendKeysToElement on session 5010ef7e204650f5b76a6c1cbf3a3bef to remote] DEBUG org.apache.http.impl.conn.PoolingHttpClientConnectionManager - Connection leased: [id: 0][route: {}->http://localhost:34166][total kept alive: 0; route allocated: 1 of 2000; total allocated: 1 of 2000]
22:05:04.467 [Forwarding sendKeysToElement on session 5010ef7e204650f5b76a6c1cbf3a3bef to remote] DEBUG org.apache.http.impl.execchain.MainClientExec - Stale connection check
22:05:04.469 [Forwarding sendKeysToElement on session 5010ef7e204650f5b76a6c1cbf3a3bef to remote] DEBUG org.apache.http.wire - http-outgoing-0 << "[read] I/O error: Read timed out"
22:05:04.469 [Forwarding sendKeysToElement on session 5010ef7e204650f5b76a6c1cbf3a3bef to remote] DEBUG org.apache.http.impl.conn.DefaultManagedHttpClientConnection - http-outgoing-0: set socket timeout to 10800000
22:05:04.469 [Forwarding sendKeysToElement on session 5010ef7e204650f5b76a6c1cbf3a3bef to remote] DEBUG org.apache.http.impl.execchain.MainClientExec - Executing request POST /session/5010ef7e204650f5b76a6c1cbf3a3bef/element/0.6857587138139813-3/value HTTP/1.1
22:05:04.469 [Forwarding sendKeysToElement on session 5010ef7e204650f5b76a6c1cbf3a3bef to remote] DEBUG org.apache.http.impl.execchain.MainClientExec - Target auth state: UNCHALLENGED
22:05:04.469 [Forwarding sendKeysToElement on session 5010ef7e204650f5b76a6c1cbf3a3bef to remote] DEBUG org.apache.http.impl.execchain.MainClientExec - Proxy auth state: UNCHALLENGED
22:05:04.469 [Forwarding sendKeysToElement on session 5010ef7e204650f5b76a6c1cbf3a3bef to remote] DEBUG org.apache.http.headers - http-outgoing-0 >> POST /session/5010ef7e204650f5b76a6c1cbf3a3bef/element/0.6857587138139813-3/value HTTP/1.1
22:05:04.469 [Forwarding sendKeysToElement on session 5010ef7e204650f5b76a6c1cbf3a3bef to remote] DEBUG org.apache.http.headers - http-outgoing-0 >> Content-Type: application/json; charset=utf-8
22:05:04.469 [Forwarding sendKeysToElement on session 5010ef7e204650f5b76a6c1cbf3a3bef to remote] DEBUG org.apache.http.headers - http-outgoing-0 >> Content-Length: 43
22:05:04.469 [Forwarding sendKeysToElement on session 5010ef7e204650f5b76a6c1cbf3a3bef to remote] DEBUG org.apache.http.headers - http-outgoing-0 >> Host: localhost:34166
22:05:04.469 [Forwarding sendKeysToElement on session 5010ef7e204650f5b76a6c1cbf3a3bef to remote] DEBUG org.apache.http.headers - http-outgoing-0 >> Connection: Keep-Alive
22:05:04.469 [Forwarding sendKeysToElement on session 5010ef7e204650f5b76a6c1cbf3a3bef to remote] DEBUG org.apache.http.headers - http-outgoing-0 >> User-Agent: Apache-HttpClient/4.5.3 (Java/1.8.0_201)
22:05:04.469 [Forwarding sendKeysToElement on session 5010ef7e204650f5b76a6c1cbf3a3bef to remote] DEBUG org.apache.http.headers - http-outgoing-0 >> Accept-Encoding: gzip,deflate
22:05:04.469 [Forwarding sendKeysToElement on session 5010ef7e204650f5b76a6c1cbf3a3bef to remote] DEBUG org.apache.http.wire - http-outgoing-0 >> "POST /session/5010ef7e204650f5b76a6c1cbf3a3bef/element/0.6857587138139813-3/value HTTP/1.1[\r][\n]"
22:05:04.469 [Forwarding sendKeysToElement on session 5010ef7e204650f5b76a6c1cbf3a3bef to remote] DEBUG org.apache.http.wire - http-outgoing-0 >> "Content-Type: application/json; charset=utf-8[\r][\n]"
22:05:04.469 [Forwarding sendKeysToElement on session 5010ef7e204650f5b76a6c1cbf3a3bef to remote] DEBUG org.apache.http.wire - http-outgoing-0 >> "Content-Length: 43[\r][\n]"
22:05:04.469 [Forwarding sendKeysToElement on session 5010ef7e204650f5b76a6c1cbf3a3bef to remote] DEBUG org.apache.http.wire - http-outgoing-0 >> "Host: localhost:34166[\r][\n]"
22:05:04.469 [Forwarding sendKeysToElement on session 5010ef7e204650f5b76a6c1cbf3a3bef to remote] DEBUG org.apache.http.wire - http-outgoing-0 >> "Connection: Keep-Alive[\r][\n]"
22:05:04.469 [Forwarding sendKeysToElement on session 5010ef7e204650f5b76a6c1cbf3a3bef to remote] DEBUG org.apache.http.wire - http-outgoing-0 >> "User-Agent: Apache-HttpClient/4.5.3 (Java/1.8.0_201)[\r][\n]"
22:05:04.469 [Forwarding sendKeysToElement on session 5010ef7e204650f5b76a6c1cbf3a3bef to remote] DEBUG org.apache.http.wire - http-outgoing-0 >> "Accept-Encoding: gzip,deflate[\r][\n]"
22:05:04.469 [Forwarding sendKeysToElement on session 5010ef7e204650f5b76a6c1cbf3a3bef to remote] DEBUG org.apache.http.wire - http-outgoing-0 >> "[\r][\n]"
22:05:04.469 [Forwarding sendKeysToElement on session 5010ef7e204650f5b76a6c1cbf3a3bef to remote] DEBUG org.apache.http.wire - http-outgoing-0 >> "{"id":"0.6857587138139813-3","value":["5"]}"
22:05:04.504 [Forwarding sendKeysToElement on session 5010ef7e204650f5b76a6c1cbf3a3bef to remote] DEBUG org.apache.http.wire - http-outgoing-0 << "HTTP/1.1 200 OK[\r][\n]"
22:05:04.504 [Forwarding sendKeysToElement on session 5010ef7e204650f5b76a6c1cbf3a3bef to remote] DEBUG org.apache.http.wire - http-outgoing-0 << "Content-Length:72[\r][\n]"
22:05:04.504 [Forwarding sendKeysToElement on session 5010ef7e204650f5b76a6c1cbf3a3bef to remote] DEBUG org.apache.http.wire - http-outgoing-0 << "Content-Type:application/json; charset=utf-8[\r][\n]"
22:05:04.504 [Forwarding sendKeysToElement on session 5010ef7e204650f5b76a6c1cbf3a3bef to remote] DEBUG org.apache.http.wire - http-outgoing-0 << "[\r][\n]"
22:05:04.504 [Forwarding sendKeysToElement on session 5010ef7e204650f5b76a6c1cbf3a3bef to remote] DEBUG org.apache.http.wire - http-outgoing-0 << "{"sessionId":"5010ef7e204650f5b76a6c1cbf3a3bef","status":0,"value":null}"
22:05:04.504 [Forwarding sendKeysToElement on session 5010ef7e204650f5b76a6c1cbf3a3bef to remote] DEBUG org.apache.http.headers - http-outgoing-0 << HTTP/1.1 200 OK
22:05:04.504 [Forwarding sendKeysToElement on session 5010ef7e204650f5b76a6c1cbf3a3bef to remote] DEBUG org.apache.http.headers - http-outgoing-0 << Content-Length:72
22:05:04.504 [Forwarding sendKeysToElement on session 5010ef7e204650f5b76a6c1cbf3a3bef to remote] DEBUG org.apache.http.headers - http-outgoing-0 << Content-Type:application/json; charset=utf-8
22:05:04.504 [Forwarding sendKeysToElement on session 5010ef7e204650f5b76a6c1cbf3a3bef to remote] DEBUG org.apache.http.impl.execchain.MainClientExec - Connection can be kept alive indefinitely
22:05:04.505 [Forwarding sendKeysToElement on session 5010ef7e204650f5b76a6c1cbf3a3bef to remote] DEBUG org.apache.http.impl.conn.PoolingHttpClientConnectionManager - Connection [id: 0][route: {}->http://localhost:34166] can be kept alive indefinitely
22:05:04.505 [Forwarding sendKeysToElement on session 5010ef7e204650f5b76a6c1cbf3a3bef to remote] DEBUG org.apache.http.impl.conn.PoolingHttpClientConnectionManager - Connection released: [id: 0][route: {}->http://localhost:34166][total kept alive: 1; route allocated: 1 of 2000; total allocated: 1 of 2000]
22:05:04.506 [Forwarding findElement on session 5010ef7e204650f5b76a6c1cbf3a3bef to remote] DEBUG org.apache.http.client.protocol.RequestAddCookies - CookieSpec selected: default
22:05:04.506 [Forwarding findElement on session 5010ef7e204650f5b76a6c1cbf3a3bef to remote] DEBUG org.apache.http.client.protocol.RequestAuthCache - Auth cache not set in the context
22:05:04.506 [Forwarding findElement on session 5010ef7e204650f5b76a6c1cbf3a3bef to remote] DEBUG org.apache.http.impl.conn.PoolingHttpClientConnectionManager - Connection request: [route: {}->http://localhost:34166][total kept alive: 1; route allocated: 1 of 2000; total allocated: 1 of 2000]
22:05:04.506 [Forwarding findElement on session 5010ef7e204650f5b76a6c1cbf3a3bef to remote] DEBUG org.apache.http.impl.conn.PoolingHttpClientConnectionManager - Connection leased: [id: 0][route: {}->http://localhost:34166][total kept alive: 0; route allocated: 1 of 2000; total allocated: 1 of 2000]
22:05:04.506 [Forwarding findElement on session 5010ef7e204650f5b76a6c1cbf3a3bef to remote] DEBUG org.apache.http.impl.execchain.MainClientExec - Stale connection check
22:05:04.508 [Forwarding findElement on session 5010ef7e204650f5b76a6c1cbf3a3bef to remote] DEBUG org.apache.http.wire - http-outgoing-0 << "[read] I/O error: Read timed out"
22:05:04.508 [Forwarding findElement on session 5010ef7e204650f5b76a6c1cbf3a3bef to remote] DEBUG org.apache.http.impl.conn.DefaultManagedHttpClientConnection - http-outgoing-0: set socket timeout to 10800000
22:05:04.508 [Forwarding findElement on session 5010ef7e204650f5b76a6c1cbf3a3bef to remote] DEBUG org.apache.http.impl.execchain.MainClientExec - Executing request POST /session/5010ef7e204650f5b76a6c1cbf3a3bef/element HTTP/1.1
22:05:04.508 [Forwarding findElement on session 5010ef7e204650f5b76a6c1cbf3a3bef to remote] DEBUG org.apache.http.impl.execchain.MainClientExec - Target auth state: UNCHALLENGED
22:05:04.508 [Forwarding findElement on session 5010ef7e204650f5b76a6c1cbf3a3bef to remote] DEBUG org.apache.http.impl.execchain.MainClientExec - Proxy auth state: UNCHALLENGED
22:05:04.508 [Forwarding findElement on session 5010ef7e204650f5b76a6c1cbf3a3bef to remote] DEBUG org.apache.http.headers - http-outgoing-0 >> POST /session/5010ef7e204650f5b76a6c1cbf3a3bef/element HTTP/1.1
22:05:04.508 [Forwarding findElement on session 5010ef7e204650f5b76a6c1cbf3a3bef to remote] DEBUG org.apache.http.headers - http-outgoing-0 >> Content-Type: application/json; charset=utf-8
22:05:04.508 [Forwarding findElement on session 5010ef7e204650f5b76a6c1cbf3a3bef to remote] DEBUG org.apache.http.headers - http-outgoing-0 >> Content-Length: 57
22:05:04.508 [Forwarding findElement on session 5010ef7e204650f5b76a6c1cbf3a3bef to remote] DEBUG org.apache.http.headers - http-outgoing-0 >> Host: localhost:34166
22:05:04.508 [Forwarding findElement on session 5010ef7e204650f5b76a6c1cbf3a3bef to remote] DEBUG org.apache.http.headers - http-outgoing-0 >> Connection: Keep-Alive
22:05:04.508 [Forwarding findElement on session 5010ef7e204650f5b76a6c1cbf3a3bef to remote] DEBUG org.apache.http.headers - http-outgoing-0 >> User-Agent: Apache-HttpClient/4.5.3 (Java/1.8.0_201)
22:05:04.508 [Forwarding findElement on session 5010ef7e204650f5b76a6c1cbf3a3bef to remote] DEBUG org.apache.http.headers - http-outgoing-0 >> Accept-Encoding: gzip,deflate
22:05:04.508 [Forwarding findElement on session 5010ef7e204650f5b76a6c1cbf3a3bef to remote] DEBUG org.apache.http.wire - http-outgoing-0 >> "POST /session/5010ef7e204650f5b76a6c1cbf3a3bef/element HTTP/1.1[\r][\n]"
22:05:04.508 [Forwarding findElement on session 5010ef7e204650f5b76a6c1cbf3a3bef to remote] DEBUG org.apache.http.wire - http-outgoing-0 >> "Content-Type: application/json; charset=utf-8[\r][\n]"
22:05:04.508 [Forwarding findElement on session 5010ef7e204650f5b76a6c1cbf3a3bef to remote] DEBUG org.apache.http.wire - http-outgoing-0 >> "Content-Length: 57[\r][\n]"
22:05:04.508 [Forwarding findElement on session 5010ef7e204650f5b76a6c1cbf3a3bef to remote] DEBUG org.apache.http.wire - http-outgoing-0 >> "Host: localhost:34166[\r][\n]"
22:05:04.508 [Forwarding findElement on session 5010ef7e204650f5b76a6c1cbf3a3bef to remote] DEBUG org.apache.http.wire - http-outgoing-0 >> "Connection: Keep-Alive[\r][\n]"
22:05:04.508 [Forwarding findElement on session 5010ef7e204650f5b76a6c1cbf3a3bef to remote] DEBUG org.apache.http.wire - http-outgoing-0 >> "User-Agent: Apache-HttpClient/4.5.3 (Java/1.8.0_201)[\r][\n]"
22:05:04.508 [Forwarding findElement on session 5010ef7e204650f5b76a6c1cbf3a3bef to remote] DEBUG org.apache.http.wire - http-outgoing-0 >> "Accept-Encoding: gzip,deflate[\r][\n]"
22:05:04.508 [Forwarding findElement on session 5010ef7e204650f5b76a6c1cbf3a3bef to remote] DEBUG org.apache.http.wire - http-outgoing-0 >> "[\r][\n]"
22:05:04.508 [Forwarding findElement on session 5010ef7e204650f5b76a6c1cbf3a3bef to remote] DEBUG org.apache.http.wire - http-outgoing-0 >> "{"using":"xpath","value":"/html/body/form/p[1]/input[3]"}"
22:05:04.518 [Forwarding findElement on session 5010ef7e204650f5b76a6c1cbf3a3bef to remote] DEBUG org.apache.http.wire - http-outgoing-0 << "HTTP/1.1 200 OK[\r][\n]"
22:05:04.518 [Forwarding findElement on session 5010ef7e204650f5b76a6c1cbf3a3bef to remote] DEBUG org.apache.http.wire - http-outgoing-0 << "Content-Length:102[\r][\n]"
22:05:04.518 [Forwarding findElement on session 5010ef7e204650f5b76a6c1cbf3a3bef to remote] DEBUG org.apache.http.wire - http-outgoing-0 << "Content-Type:application/json; charset=utf-8[\r][\n]"
22:05:04.518 [Forwarding findElement on session 5010ef7e204650f5b76a6c1cbf3a3bef to remote] DEBUG org.apache.http.wire - http-outgoing-0 << "[\r][\n]"
22:05:04.518 [Forwarding findElement on session 5010ef7e204650f5b76a6c1cbf3a3bef to remote] DEBUG org.apache.http.wire - http-outgoing-0 << "{"sessionId":"5010ef7e204650f5b76a6c1cbf3a3bef","status":0,"value":{"ELEMENT":"0.6857587138139813-5"}}"
22:05:04.518 [Forwarding findElement on session 5010ef7e204650f5b76a6c1cbf3a3bef to remote] DEBUG org.apache.http.headers - http-outgoing-0 << HTTP/1.1 200 OK
22:05:04.518 [Forwarding findElement on session 5010ef7e204650f5b76a6c1cbf3a3bef to remote] DEBUG org.apache.http.headers - http-outgoing-0 << Content-Length:102
22:05:04.518 [Forwarding findElement on session 5010ef7e204650f5b76a6c1cbf3a3bef to remote] DEBUG org.apache.http.headers - http-outgoing-0 << Content-Type:application/json; charset=utf-8
22:05:04.518 [Forwarding findElement on session 5010ef7e204650f5b76a6c1cbf3a3bef to remote] DEBUG org.apache.http.impl.execchain.MainClientExec - Connection can be kept alive indefinitely
22:05:04.518 [Forwarding findElement on session 5010ef7e204650f5b76a6c1cbf3a3bef to remote] DEBUG org.apache.http.impl.conn.PoolingHttpClientConnectionManager - Connection [id: 0][route: {}->http://localhost:34166] can be kept alive indefinitely
22:05:04.518 [Forwarding findElement on session 5010ef7e204650f5b76a6c1cbf3a3bef to remote] DEBUG org.apache.http.impl.conn.PoolingHttpClientConnectionManager - Connection released: [id: 0][route: {}->http://localhost:34166][total kept alive: 1; route allocated: 1 of 2000; total allocated: 1 of 2000]
22:05:04.520 [Forwarding clickElement on session 5010ef7e204650f5b76a6c1cbf3a3bef to remote] DEBUG org.apache.http.client.protocol.RequestAddCookies - CookieSpec selected: default
22:05:04.520 [Forwarding clickElement on session 5010ef7e204650f5b76a6c1cbf3a3bef to remote] DEBUG org.apache.http.client.protocol.RequestAuthCache - Auth cache not set in the context
22:05:04.520 [Forwarding clickElement on session 5010ef7e204650f5b76a6c1cbf3a3bef to remote] DEBUG org.apache.http.impl.conn.PoolingHttpClientConnectionManager - Connection request: [route: {}->http://localhost:34166][total kept alive: 1; route allocated: 1 of 2000; total allocated: 1 of 2000]
22:05:04.520 [Forwarding clickElement on session 5010ef7e204650f5b76a6c1cbf3a3bef to remote] DEBUG org.apache.http.impl.conn.PoolingHttpClientConnectionManager - Connection leased: [id: 0][route: {}->http://localhost:34166][total kept alive: 0; route allocated: 1 of 2000; total allocated: 1 of 2000]
22:05:04.520 [Forwarding clickElement on session 5010ef7e204650f5b76a6c1cbf3a3bef to remote] DEBUG org.apache.http.impl.execchain.MainClientExec - Stale connection check
22:05:04.522 [Forwarding clickElement on session 5010ef7e204650f5b76a6c1cbf3a3bef to remote] DEBUG org.apache.http.wire - http-outgoing-0 << "[read] I/O error: Read timed out"
22:05:04.522 [Forwarding clickElement on session 5010ef7e204650f5b76a6c1cbf3a3bef to remote] DEBUG org.apache.http.impl.conn.DefaultManagedHttpClientConnection - http-outgoing-0: set socket timeout to 10800000
22:05:04.522 [Forwarding clickElement on session 5010ef7e204650f5b76a6c1cbf3a3bef to remote] DEBUG org.apache.http.impl.execchain.MainClientExec - Executing request POST /session/5010ef7e204650f5b76a6c1cbf3a3bef/element/0.6857587138139813-5/click HTTP/1.1
22:05:04.522 [Forwarding clickElement on session 5010ef7e204650f5b76a6c1cbf3a3bef to remote] DEBUG org.apache.http.impl.execchain.MainClientExec - Target auth state: UNCHALLENGED
22:05:04.522 [Forwarding clickElement on session 5010ef7e204650f5b76a6c1cbf3a3bef to remote] DEBUG org.apache.http.impl.execchain.MainClientExec - Proxy auth state: UNCHALLENGED
22:05:04.522 [Forwarding clickElement on session 5010ef7e204650f5b76a6c1cbf3a3bef to remote] DEBUG org.apache.http.headers - http-outgoing-0 >> POST /session/5010ef7e204650f5b76a6c1cbf3a3bef/element/0.6857587138139813-5/click HTTP/1.1
22:05:04.522 [Forwarding clickElement on session 5010ef7e204650f5b76a6c1cbf3a3bef to remote] DEBUG org.apache.http.headers - http-outgoing-0 >> Content-Type: application/json; charset=utf-8
22:05:04.522 [Forwarding clickElement on session 5010ef7e204650f5b76a6c1cbf3a3bef to remote] DEBUG org.apache.http.headers - http-outgoing-0 >> Content-Length: 29
22:05:04.522 [Forwarding clickElement on session 5010ef7e204650f5b76a6c1cbf3a3bef to remote] DEBUG org.apache.http.headers - http-outgoing-0 >> Host: localhost:34166
22:05:04.522 [Forwarding clickElement on session 5010ef7e204650f5b76a6c1cbf3a3bef to remote] DEBUG org.apache.http.headers - http-outgoing-0 >> Connection: Keep-Alive
22:05:04.522 [Forwarding clickElement on session 5010ef7e204650f5b76a6c1cbf3a3bef to remote] DEBUG org.apache.http.headers - http-outgoing-0 >> User-Agent: Apache-HttpClient/4.5.3 (Java/1.8.0_201)
22:05:04.522 [Forwarding clickElement on session 5010ef7e204650f5b76a6c1cbf3a3bef to remote] DEBUG org.apache.http.headers - http-outgoing-0 >> Accept-Encoding: gzip,deflate
22:05:04.522 [Forwarding clickElement on session 5010ef7e204650f5b76a6c1cbf3a3bef to remote] DEBUG org.apache.http.wire - http-outgoing-0 >> "POST /session/5010ef7e204650f5b76a6c1cbf3a3bef/element/0.6857587138139813-5/click HTTP/1.1[\r][\n]"
22:05:04.522 [Forwarding clickElement on session 5010ef7e204650f5b76a6c1cbf3a3bef to remote] DEBUG org.apache.http.wire - http-outgoing-0 >> "Content-Type: application/json; charset=utf-8[\r][\n]"
22:05:04.522 [Forwarding clickElement on session 5010ef7e204650f5b76a6c1cbf3a3bef to remote] DEBUG org.apache.http.wire - http-outgoing-0 >> "Content-Length: 29[\r][\n]"
22:05:04.522 [Forwarding clickElement on session 5010ef7e204650f5b76a6c1cbf3a3bef to remote] DEBUG org.apache.http.wire - http-outgoing-0 >> "Host: localhost:34166[\r][\n]"
22:05:04.522 [Forwarding clickElement on session 5010ef7e204650f5b76a6c1cbf3a3bef to remote] DEBUG org.apache.http.wire - http-outgoing-0 >> "Connection: Keep-Alive[\r][\n]"
22:05:04.522 [Forwarding clickElement on session 5010ef7e204650f5b76a6c1cbf3a3bef to remote] DEBUG org.apache.http.wire - http-outgoing-0 >> "User-Agent: Apache-HttpClient/4.5.3 (Java/1.8.0_201)[\r][\n]"
22:05:04.522 [Forwarding clickElement on session 5010ef7e204650f5b76a6c1cbf3a3bef to remote] DEBUG org.apache.http.wire - http-outgoing-0 >> "Accept-Encoding: gzip,deflate[\r][\n]"
22:05:04.522 [Forwarding clickElement on session 5010ef7e204650f5b76a6c1cbf3a3bef to remote] DEBUG org.apache.http.wire - http-outgoing-0 >> "[\r][\n]"
22:05:04.522 [Forwarding clickElement on session 5010ef7e204650f5b76a6c1cbf3a3bef to remote] DEBUG org.apache.http.wire - http-outgoing-0 >> "{"id":"0.6857587138139813-5"}"
22:05:04.589 [Forwarding clickElement on session 5010ef7e204650f5b76a6c1cbf3a3bef to remote] DEBUG org.apache.http.wire - http-outgoing-0 << "HTTP/1.1 200 OK[\r][\n]"
22:05:04.589 [Forwarding clickElement on session 5010ef7e204650f5b76a6c1cbf3a3bef to remote] DEBUG org.apache.http.wire - http-outgoing-0 << "Content-Length:72[\r][\n]"
22:05:04.589 [Forwarding clickElement on session 5010ef7e204650f5b76a6c1cbf3a3bef to remote] DEBUG org.apache.http.wire - http-outgoing-0 << "Content-Type:application/json; charset=utf-8[\r][\n]"
22:05:04.589 [Forwarding clickElement on session 5010ef7e204650f5b76a6c1cbf3a3bef to remote] DEBUG org.apache.http.wire - http-outgoing-0 << "[\r][\n]"
22:05:04.589 [Forwarding clickElement on session 5010ef7e204650f5b76a6c1cbf3a3bef to remote] DEBUG org.apache.http.wire - http-outgoing-0 << "{"sessionId":"5010ef7e204650f5b76a6c1cbf3a3bef","status":0,"value":null}"
22:05:04.589 [Forwarding clickElement on session 5010ef7e204650f5b76a6c1cbf3a3bef to remote] DEBUG org.apache.http.headers - http-outgoing-0 << HTTP/1.1 200 OK
22:05:04.589 [Forwarding clickElement on session 5010ef7e204650f5b76a6c1cbf3a3bef to remote] DEBUG org.apache.http.headers - http-outgoing-0 << Content-Length:72
22:05:04.589 [Forwarding clickElement on session 5010ef7e204650f5b76a6c1cbf3a3bef to remote] DEBUG org.apache.http.headers - http-outgoing-0 << Content-Type:application/json; charset=utf-8
22:05:04.589 [Forwarding clickElement on session 5010ef7e204650f5b76a6c1cbf3a3bef to remote] DEBUG org.apache.http.impl.execchain.MainClientExec - Connection can be kept alive indefinitely
22:05:04.590 [Forwarding clickElement on session 5010ef7e204650f5b76a6c1cbf3a3bef to remote] DEBUG org.apache.http.impl.conn.PoolingHttpClientConnectionManager - Connection [id: 0][route: {}->http://localhost:34166] can be kept alive indefinitely
22:05:04.590 [Forwarding clickElement on session 5010ef7e204650f5b76a6c1cbf3a3bef to remote] DEBUG org.apache.http.impl.conn.PoolingHttpClientConnectionManager - Connection released: [id: 0][route: {}->http://localhost:34166][total kept alive: 1; route allocated: 1 of 2000; total allocated: 1 of 2000]
22:05:07.591 [Forwarding findElement on session 5010ef7e204650f5b76a6c1cbf3a3bef to remote] DEBUG org.apache.http.client.protocol.RequestAddCookies - CookieSpec selected: default
22:05:07.592 [Forwarding findElement on session 5010ef7e204650f5b76a6c1cbf3a3bef to remote] DEBUG org.apache.http.client.protocol.RequestAuthCache - Auth cache not set in the context
22:05:07.592 [Forwarding findElement on session 5010ef7e204650f5b76a6c1cbf3a3bef to remote] DEBUG org.apache.http.impl.conn.PoolingHttpClientConnectionManager - Connection request: [route: {}->http://localhost:34166][total kept alive: 1; route allocated: 1 of 2000; total allocated: 1 of 2000]
22:05:07.594 [Forwarding findElement on session 5010ef7e204650f5b76a6c1cbf3a3bef to remote] DEBUG org.apache.http.wire - http-outgoing-0 << "[read] I/O error: Read timed out"
22:05:07.594 [Forwarding findElement on session 5010ef7e204650f5b76a6c1cbf3a3bef to remote] DEBUG org.apache.http.impl.conn.PoolingHttpClientConnectionManager - Connection leased: [id: 0][route: {}->http://localhost:34166][total kept alive: 0; route allocated: 1 of 2000; total allocated: 1 of 2000]
22:05:07.594 [Forwarding findElement on session 5010ef7e204650f5b76a6c1cbf3a3bef to remote] DEBUG org.apache.http.impl.execchain.MainClientExec - Stale connection check
22:05:07.596 [Forwarding findElement on session 5010ef7e204650f5b76a6c1cbf3a3bef to remote] DEBUG org.apache.http.wire - http-outgoing-0 << "[read] I/O error: Read timed out"
22:05:07.596 [Forwarding findElement on session 5010ef7e204650f5b76a6c1cbf3a3bef to remote] DEBUG org.apache.http.impl.conn.DefaultManagedHttpClientConnection - http-outgoing-0: set socket timeout to 10800000
22:05:07.596 [Forwarding findElement on session 5010ef7e204650f5b76a6c1cbf3a3bef to remote] DEBUG org.apache.http.impl.execchain.MainClientExec - Executing request POST /session/5010ef7e204650f5b76a6c1cbf3a3bef/element HTTP/1.1
22:05:07.596 [Forwarding findElement on session 5010ef7e204650f5b76a6c1cbf3a3bef to remote] DEBUG org.apache.http.impl.execchain.MainClientExec - Target auth state: UNCHALLENGED
22:05:07.596 [Forwarding findElement on session 5010ef7e204650f5b76a6c1cbf3a3bef to remote] DEBUG org.apache.http.impl.execchain.MainClientExec - Proxy auth state: UNCHALLENGED
22:05:07.596 [Forwarding findElement on session 5010ef7e204650f5b76a6c1cbf3a3bef to remote] DEBUG org.apache.http.headers - http-outgoing-0 >> POST /session/5010ef7e204650f5b76a6c1cbf3a3bef/element HTTP/1.1
22:05:07.596 [Forwarding findElement on session 5010ef7e204650f5b76a6c1cbf3a3bef to remote] DEBUG org.apache.http.headers - http-outgoing-0 >> Content-Type: application/json; charset=utf-8
22:05:07.596 [Forwarding findElement on session 5010ef7e204650f5b76a6c1cbf3a3bef to remote] DEBUG org.apache.http.headers - http-outgoing-0 >> Content-Length: 51
22:05:07.596 [Forwarding findElement on session 5010ef7e204650f5b76a6c1cbf3a3bef to remote] DEBUG org.apache.http.headers - http-outgoing-0 >> Host: localhost:34166
22:05:07.596 [Forwarding findElement on session 5010ef7e204650f5b76a6c1cbf3a3bef to remote] DEBUG org.apache.http.headers - http-outgoing-0 >> Connection: Keep-Alive
22:05:07.596 [Forwarding findElement on session 5010ef7e204650f5b76a6c1cbf3a3bef to remote] DEBUG org.apache.http.headers - http-outgoing-0 >> User-Agent: Apache-HttpClient/4.5.3 (Java/1.8.0_201)
22:05:07.596 [Forwarding findElement on session 5010ef7e204650f5b76a6c1cbf3a3bef to remote] DEBUG org.apache.http.headers - http-outgoing-0 >> Accept-Encoding: gzip,deflate
22:05:07.596 [Forwarding findElement on session 5010ef7e204650f5b76a6c1cbf3a3bef to remote] DEBUG org.apache.http.wire - http-outgoing-0 >> "POST /session/5010ef7e204650f5b76a6c1cbf3a3bef/element HTTP/1.1[\r][\n]"
22:05:07.596 [Forwarding findElement on session 5010ef7e204650f5b76a6c1cbf3a3bef to remote] DEBUG org.apache.http.wire - http-outgoing-0 >> "Content-Type: application/json; charset=utf-8[\r][\n]"
22:05:07.596 [Forwarding findElement on session 5010ef7e204650f5b76a6c1cbf3a3bef to remote] DEBUG org.apache.http.wire - http-outgoing-0 >> "Content-Length: 51[\r][\n]"
22:05:07.596 [Forwarding findElement on session 5010ef7e204650f5b76a6c1cbf3a3bef to remote] DEBUG org.apache.http.wire - http-outgoing-0 >> "Host: localhost:34166[\r][\n]"
22:05:07.596 [Forwarding findElement on session 5010ef7e204650f5b76a6c1cbf3a3bef to remote] DEBUG org.apache.http.wire - http-outgoing-0 >> "Connection: Keep-Alive[\r][\n]"
22:05:07.596 [Forwarding findElement on session 5010ef7e204650f5b76a6c1cbf3a3bef to remote] DEBUG org.apache.http.wire - http-outgoing-0 >> "User-Agent: Apache-HttpClient/4.5.3 (Java/1.8.0_201)[\r][\n]"
22:05:07.596 [Forwarding findElement on session 5010ef7e204650f5b76a6c1cbf3a3bef to remote] DEBUG org.apache.http.wire - http-outgoing-0 >> "Accept-Encoding: gzip,deflate[\r][\n]"
22:05:07.596 [Forwarding findElement on session 5010ef7e204650f5b76a6c1cbf3a3bef to remote] DEBUG org.apache.http.wire - http-outgoing-0 >> "[\r][\n]"
22:05:07.596 [Forwarding findElement on session 5010ef7e204650f5b76a6c1cbf3a3bef to remote] DEBUG org.apache.http.wire - http-outgoing-0 >> "{"using":"xpath","value":"/html/body/form/h1[2]/p"}"
22:05:07.603 [Forwarding findElement on session 5010ef7e204650f5b76a6c1cbf3a3bef to remote] DEBUG org.apache.http.wire - http-outgoing-0 << "HTTP/1.1 200 OK[\r][\n]"
22:05:07.603 [Forwarding findElement on session 5010ef7e204650f5b76a6c1cbf3a3bef to remote] DEBUG org.apache.http.wire - http-outgoing-0 << "Content-Length:102[\r][\n]"
22:05:07.603 [Forwarding findElement on session 5010ef7e204650f5b76a6c1cbf3a3bef to remote] DEBUG org.apache.http.wire - http-outgoing-0 << "Content-Type:application/json; charset=utf-8[\r][\n]"
22:05:07.603 [Forwarding findElement on session 5010ef7e204650f5b76a6c1cbf3a3bef to remote] DEBUG org.apache.http.wire - http-outgoing-0 << "[\r][\n]"
22:05:07.603 [Forwarding findElement on session 5010ef7e204650f5b76a6c1cbf3a3bef to remote] DEBUG org.apache.http.wire - http-outgoing-0 << "{"sessionId":"5010ef7e204650f5b76a6c1cbf3a3bef","status":0,"value":{"ELEMENT":"0.7081165716970947-1"}}"
22:05:07.604 [Forwarding findElement on session 5010ef7e204650f5b76a6c1cbf3a3bef to remote] DEBUG org.apache.http.headers - http-outgoing-0 << HTTP/1.1 200 OK
22:05:07.604 [Forwarding findElement on session 5010ef7e204650f5b76a6c1cbf3a3bef to remote] DEBUG org.apache.http.headers - http-outgoing-0 << Content-Length:102
22:05:07.604 [Forwarding findElement on session 5010ef7e204650f5b76a6c1cbf3a3bef to remote] DEBUG org.apache.http.headers - http-outgoing-0 << Content-Type:application/json; charset=utf-8
22:05:07.604 [Forwarding findElement on session 5010ef7e204650f5b76a6c1cbf3a3bef to remote] DEBUG org.apache.http.impl.execchain.MainClientExec - Connection can be kept alive indefinitely
22:05:07.604 [Forwarding findElement on session 5010ef7e204650f5b76a6c1cbf3a3bef to remote] DEBUG org.apache.http.impl.conn.PoolingHttpClientConnectionManager - Connection [id: 0][route: {}->http://localhost:34166] can be kept alive indefinitely
22:05:07.604 [Forwarding findElement on session 5010ef7e204650f5b76a6c1cbf3a3bef to remote] DEBUG org.apache.http.impl.conn.PoolingHttpClientConnectionManager - Connection released: [id: 0][route: {}->http://localhost:34166][total kept alive: 1; route allocated: 1 of 2000; total allocated: 1 of 2000]
22:05:07.605 [Forwarding getElementText on session 5010ef7e204650f5b76a6c1cbf3a3bef to remote] DEBUG org.apache.http.client.protocol.RequestAddCookies - CookieSpec selected: default
22:05:07.605 [Forwarding getElementText on session 5010ef7e204650f5b76a6c1cbf3a3bef to remote] DEBUG org.apache.http.client.protocol.RequestAuthCache - Auth cache not set in the context
22:05:07.605 [Forwarding getElementText on session 5010ef7e204650f5b76a6c1cbf3a3bef to remote] DEBUG org.apache.http.impl.conn.PoolingHttpClientConnectionManager - Connection request: [route: {}->http://localhost:34166][total kept alive: 1; route allocated: 1 of 2000; total allocated: 1 of 2000]
22:05:07.605 [Forwarding getElementText on session 5010ef7e204650f5b76a6c1cbf3a3bef to remote] DEBUG org.apache.http.impl.conn.PoolingHttpClientConnectionManager - Connection leased: [id: 0][route: {}->http://localhost:34166][total kept alive: 0; route allocated: 1 of 2000; total allocated: 1 of 2000]
22:05:07.605 [Forwarding getElementText on session 5010ef7e204650f5b76a6c1cbf3a3bef to remote] DEBUG org.apache.http.impl.execchain.MainClientExec - Stale connection check
22:05:07.607 [Forwarding getElementText on session 5010ef7e204650f5b76a6c1cbf3a3bef to remote] DEBUG org.apache.http.wire - http-outgoing-0 << "[read] I/O error: Read timed out"
22:05:07.607 [Forwarding getElementText on session 5010ef7e204650f5b76a6c1cbf3a3bef to remote] DEBUG org.apache.http.impl.conn.DefaultManagedHttpClientConnection - http-outgoing-0: set socket timeout to 10800000
22:05:07.607 [Forwarding getElementText on session 5010ef7e204650f5b76a6c1cbf3a3bef to remote] DEBUG org.apache.http.impl.execchain.MainClientExec - Executing request GET /session/5010ef7e204650f5b76a6c1cbf3a3bef/element/0.7081165716970947-1/text HTTP/1.1
22:05:07.607 [Forwarding getElementText on session 5010ef7e204650f5b76a6c1cbf3a3bef to remote] DEBUG org.apache.http.impl.execchain.MainClientExec - Target auth state: UNCHALLENGED
22:05:07.607 [Forwarding getElementText on session 5010ef7e204650f5b76a6c1cbf3a3bef to remote] DEBUG org.apache.http.impl.execchain.MainClientExec - Proxy auth state: UNCHALLENGED
22:05:07.607 [Forwarding getElementText on session 5010ef7e204650f5b76a6c1cbf3a3bef to remote] DEBUG org.apache.http.headers - http-outgoing-0 >> GET /session/5010ef7e204650f5b76a6c1cbf3a3bef/element/0.7081165716970947-1/text HTTP/1.1
22:05:07.607 [Forwarding getElementText on session 5010ef7e204650f5b76a6c1cbf3a3bef to remote] DEBUG org.apache.http.headers - http-outgoing-0 >> Cache-Control: no-cache
22:05:07.607 [Forwarding getElementText on session 5010ef7e204650f5b76a6c1cbf3a3bef to remote] DEBUG org.apache.http.headers - http-outgoing-0 >> Host: localhost:34166
22:05:07.607 [Forwarding getElementText on session 5010ef7e204650f5b76a6c1cbf3a3bef to remote] DEBUG org.apache.http.headers - http-outgoing-0 >> Connection: Keep-Alive
22:05:07.607 [Forwarding getElementText on session 5010ef7e204650f5b76a6c1cbf3a3bef to remote] DEBUG org.apache.http.headers - http-outgoing-0 >> User-Agent: Apache-HttpClient/4.5.3 (Java/1.8.0_201)
22:05:07.607 [Forwarding getElementText on session 5010ef7e204650f5b76a6c1cbf3a3bef to remote] DEBUG org.apache.http.headers - http-outgoing-0 >> Accept-Encoding: gzip,deflate
22:05:07.607 [Forwarding getElementText on session 5010ef7e204650f5b76a6c1cbf3a3bef to remote] DEBUG org.apache.http.wire - http-outgoing-0 >> "GET /session/5010ef7e204650f5b76a6c1cbf3a3bef/element/0.7081165716970947-1/text HTTP/1.1[\r][\n]"
22:05:07.607 [Forwarding getElementText on session 5010ef7e204650f5b76a6c1cbf3a3bef to remote] DEBUG org.apache.http.wire - http-outgoing-0 >> "Cache-Control: no-cache[\r][\n]"
22:05:07.607 [Forwarding getElementText on session 5010ef7e204650f5b76a6c1cbf3a3bef to remote] DEBUG org.apache.http.wire - http-outgoing-0 >> "Host: localhost:34166[\r][\n]"
22:05:07.607 [Forwarding getElementText on session 5010ef7e204650f5b76a6c1cbf3a3bef to remote] DEBUG org.apache.http.wire - http-outgoing-0 >> "Connection: Keep-Alive[\r][\n]"
22:05:07.607 [Forwarding getElementText on session 5010ef7e204650f5b76a6c1cbf3a3bef to remote] DEBUG org.apache.http.wire - http-outgoing-0 >> "User-Agent: Apache-HttpClient/4.5.3 (Java/1.8.0_201)[\r][\n]"
22:05:07.607 [Forwarding getElementText on session 5010ef7e204650f5b76a6c1cbf3a3bef to remote] DEBUG org.apache.http.wire - http-outgoing-0 >> "Accept-Encoding: gzip,deflate[\r][\n]"
22:05:07.607 [Forwarding getElementText on session 5010ef7e204650f5b76a6c1cbf3a3bef to remote] DEBUG org.apache.http.wire - http-outgoing-0 >> "[\r][\n]"
22:05:07.618 [Forwarding getElementText on session 5010ef7e204650f5b76a6c1cbf3a3bef to remote] DEBUG org.apache.http.wire - http-outgoing-0 << "HTTP/1.1 200 OK[\r][\n]"
22:05:07.618 [Forwarding getElementText on session 5010ef7e204650f5b76a6c1cbf3a3bef to remote] DEBUG org.apache.http.wire - http-outgoing-0 << "Content-Length:83[\r][\n]"
22:05:07.618 [Forwarding getElementText on session 5010ef7e204650f5b76a6c1cbf3a3bef to remote] DEBUG org.apache.http.wire - http-outgoing-0 << "Content-Type:application/json; charset=utf-8[\r][\n]"
22:05:07.618 [Forwarding getElementText on session 5010ef7e204650f5b76a6c1cbf3a3bef to remote] DEBUG org.apache.http.wire - http-outgoing-0 << "[\r][\n]"
22:05:07.618 [Forwarding getElementText on session 5010ef7e204650f5b76a6c1cbf3a3bef to remote] DEBUG org.apache.http.wire - http-outgoing-0 << "{"sessionId":"5010ef7e204650f5b76a6c1cbf3a3bef","status":0,"value":"Resultado: 25"}"
22:05:07.618 [Forwarding getElementText on session 5010ef7e204650f5b76a6c1cbf3a3bef to remote] DEBUG org.apache.http.headers - http-outgoing-0 << HTTP/1.1 200 OK
22:05:07.618 [Forwarding getElementText on session 5010ef7e204650f5b76a6c1cbf3a3bef to remote] DEBUG org.apache.http.headers - http-outgoing-0 << Content-Length:83
22:05:07.618 [Forwarding getElementText on session 5010ef7e204650f5b76a6c1cbf3a3bef to remote] DEBUG org.apache.http.headers - http-outgoing-0 << Content-Type:application/json; charset=utf-8
22:05:07.618 [Forwarding getElementText on session 5010ef7e204650f5b76a6c1cbf3a3bef to remote] DEBUG org.apache.http.impl.execchain.MainClientExec - Connection can be kept alive indefinitely
22:05:07.619 [Forwarding getElementText on session 5010ef7e204650f5b76a6c1cbf3a3bef to remote] DEBUG org.apache.http.impl.conn.PoolingHttpClientConnectionManager - Connection [id: 0][route: {}->http://localhost:34166] can be kept alive indefinitely
22:05:07.619 [Forwarding getElementText on session 5010ef7e204650f5b76a6c1cbf3a3bef to remote] DEBUG org.apache.http.impl.conn.PoolingHttpClientConnectionManager - Connection released: [id: 0][route: {}->http://localhost:34166][total kept alive: 1; route allocated: 1 of 2000; total allocated: 1 of 2000]
]]></system-out>
  </testcase>
  <testcase name="resta" classname="com.example.service.CalculateSimpleTest" time="3.221">
    <failure message="expected [10] but found [Resultado: 10]" type="java.lang.AssertionError">java.lang.AssertionError: expected [10] but found [Resultado: 10]
	at org.testng.Assert.fail(Assert.java:96)
	at org.testng.Assert.failNotEquals(Assert.java:776)
	at org.testng.Assert.assertEqualsImpl(Assert.java:137)
	at org.testng.Assert.assertEquals(Assert.java:118)
	at org.testng.Assert.assertEquals(Assert.java:442)
	at com.example.service.CalculateSimpleTest.resta(CalculateSimpleTest.java:81)
</failure>
    <system-out><![CDATA[22:05:07.621 [Forwarding findElement on session 5010ef7e204650f5b76a6c1cbf3a3bef to remote] DEBUG org.apache.http.client.protocol.RequestAddCookies - CookieSpec selected: default
22:05:07.621 [Forwarding findElement on session 5010ef7e204650f5b76a6c1cbf3a3bef to remote] DEBUG org.apache.http.client.protocol.RequestAuthCache - Auth cache not set in the context
22:05:07.621 [Forwarding findElement on session 5010ef7e204650f5b76a6c1cbf3a3bef to remote] DEBUG org.apache.http.impl.conn.PoolingHttpClientConnectionManager - Connection request: [route: {}->http://localhost:34166][total kept alive: 1; route allocated: 1 of 2000; total allocated: 1 of 2000]
22:05:07.621 [Forwarding findElement on session 5010ef7e204650f5b76a6c1cbf3a3bef to remote] DEBUG org.apache.http.impl.conn.PoolingHttpClientConnectionManager - Connection leased: [id: 0][route: {}->http://localhost:34166][total kept alive: 0; route allocated: 1 of 2000; total allocated: 1 of 2000]
22:05:07.621 [Forwarding findElement on session 5010ef7e204650f5b76a6c1cbf3a3bef to remote] DEBUG org.apache.http.impl.execchain.MainClientExec - Stale connection check
22:05:07.623 [Forwarding findElement on session 5010ef7e204650f5b76a6c1cbf3a3bef to remote] DEBUG org.apache.http.wire - http-outgoing-0 << "[read] I/O error: Read timed out"
22:05:07.623 [Forwarding findElement on session 5010ef7e204650f5b76a6c1cbf3a3bef to remote] DEBUG org.apache.http.impl.conn.DefaultManagedHttpClientConnection - http-outgoing-0: set socket timeout to 10800000
22:05:07.623 [Forwarding findElement on session 5010ef7e204650f5b76a6c1cbf3a3bef to remote] DEBUG org.apache.http.impl.execchain.MainClientExec - Executing request POST /session/5010ef7e204650f5b76a6c1cbf3a3bef/element HTTP/1.1
22:05:07.623 [Forwarding findElement on session 5010ef7e204650f5b76a6c1cbf3a3bef to remote] DEBUG org.apache.http.impl.execchain.MainClientExec - Target auth state: UNCHALLENGED
22:05:07.623 [Forwarding findElement on session 5010ef7e204650f5b76a6c1cbf3a3bef to remote] DEBUG org.apache.http.impl.execchain.MainClientExec - Proxy auth state: UNCHALLENGED
22:05:07.623 [Forwarding findElement on session 5010ef7e204650f5b76a6c1cbf3a3bef to remote] DEBUG org.apache.http.headers - http-outgoing-0 >> POST /session/5010ef7e204650f5b76a6c1cbf3a3bef/element HTTP/1.1
22:05:07.623 [Forwarding findElement on session 5010ef7e204650f5b76a6c1cbf3a3bef to remote] DEBUG org.apache.http.headers - http-outgoing-0 >> Content-Type: application/json; charset=utf-8
22:05:07.623 [Forwarding findElement on session 5010ef7e204650f5b76a6c1cbf3a3bef to remote] DEBUG org.apache.http.headers - http-outgoing-0 >> Content-Length: 28
22:05:07.623 [Forwarding findElement on session 5010ef7e204650f5b76a6c1cbf3a3bef to remote] DEBUG org.apache.http.headers - http-outgoing-0 >> Host: localhost:34166
22:05:07.623 [Forwarding findElement on session 5010ef7e204650f5b76a6c1cbf3a3bef to remote] DEBUG org.apache.http.headers - http-outgoing-0 >> Connection: Keep-Alive
22:05:07.623 [Forwarding findElement on session 5010ef7e204650f5b76a6c1cbf3a3bef to remote] DEBUG org.apache.http.headers - http-outgoing-0 >> User-Agent: Apache-HttpClient/4.5.3 (Java/1.8.0_201)
22:05:07.623 [Forwarding findElement on session 5010ef7e204650f5b76a6c1cbf3a3bef to remote] DEBUG org.apache.http.headers - http-outgoing-0 >> Accept-Encoding: gzip,deflate
22:05:07.623 [Forwarding findElement on session 5010ef7e204650f5b76a6c1cbf3a3bef to remote] DEBUG org.apache.http.wire - http-outgoing-0 >> "POST /session/5010ef7e204650f5b76a6c1cbf3a3bef/element HTTP/1.1[\r][\n]"
22:05:07.623 [Forwarding findElement on session 5010ef7e204650f5b76a6c1cbf3a3bef to remote] DEBUG org.apache.http.wire - http-outgoing-0 >> "Content-Type: application/json; charset=utf-8[\r][\n]"
22:05:07.623 [Forwarding findElement on session 5010ef7e204650f5b76a6c1cbf3a3bef to remote] DEBUG org.apache.http.wire - http-outgoing-0 >> "Content-Length: 28[\r][\n]"
22:05:07.623 [Forwarding findElement on session 5010ef7e204650f5b76a6c1cbf3a3bef to remote] DEBUG org.apache.http.wire - http-outgoing-0 >> "Host: localhost:34166[\r][\n]"
22:05:07.623 [Forwarding findElement on session 5010ef7e204650f5b76a6c1cbf3a3bef to remote] DEBUG org.apache.http.wire - http-outgoing-0 >> "Connection: Keep-Alive[\r][\n]"
22:05:07.623 [Forwarding findElement on session 5010ef7e204650f5b76a6c1cbf3a3bef to remote] DEBUG org.apache.http.wire - http-outgoing-0 >> "User-Agent: Apache-HttpClient/4.5.3 (Java/1.8.0_201)[\r][\n]"
22:05:07.623 [Forwarding findElement on session 5010ef7e204650f5b76a6c1cbf3a3bef to remote] DEBUG org.apache.http.wire - http-outgoing-0 >> "Accept-Encoding: gzip,deflate[\r][\n]"
22:05:07.623 [Forwarding findElement on session 5010ef7e204650f5b76a6c1cbf3a3bef to remote] DEBUG org.apache.http.wire - http-outgoing-0 >> "[\r][\n]"
22:05:07.623 [Forwarding findElement on session 5010ef7e204650f5b76a6c1cbf3a3bef to remote] DEBUG org.apache.http.wire - http-outgoing-0 >> "{"using":"name","value":"a"}"
22:05:07.631 [Forwarding findElement on session 5010ef7e204650f5b76a6c1cbf3a3bef to remote] DEBUG org.apache.http.wire - http-outgoing-0 << "HTTP/1.1 200 OK[\r][\n]"
22:05:07.631 [Forwarding findElement on session 5010ef7e204650f5b76a6c1cbf3a3bef to remote] DEBUG org.apache.http.wire - http-outgoing-0 << "Content-Length:102[\r][\n]"
22:05:07.631 [Forwarding findElement on session 5010ef7e204650f5b76a6c1cbf3a3bef to remote] DEBUG org.apache.http.wire - http-outgoing-0 << "Content-Type:application/json; charset=utf-8[\r][\n]"
22:05:07.631 [Forwarding findElement on session 5010ef7e204650f5b76a6c1cbf3a3bef to remote] DEBUG org.apache.http.wire - http-outgoing-0 << "[\r][\n]"
22:05:07.631 [Forwarding findElement on session 5010ef7e204650f5b76a6c1cbf3a3bef to remote] DEBUG org.apache.http.wire - http-outgoing-0 << "{"sessionId":"5010ef7e204650f5b76a6c1cbf3a3bef","status":0,"value":{"ELEMENT":"0.7081165716970947-2"}}"
22:05:07.631 [Forwarding findElement on session 5010ef7e204650f5b76a6c1cbf3a3bef to remote] DEBUG org.apache.http.headers - http-outgoing-0 << HTTP/1.1 200 OK
22:05:07.631 [Forwarding findElement on session 5010ef7e204650f5b76a6c1cbf3a3bef to remote] DEBUG org.apache.http.headers - http-outgoing-0 << Content-Length:102
22:05:07.631 [Forwarding findElement on session 5010ef7e204650f5b76a6c1cbf3a3bef to remote] DEBUG org.apache.http.headers - http-outgoing-0 << Content-Type:application/json; charset=utf-8
22:05:07.631 [Forwarding findElement on session 5010ef7e204650f5b76a6c1cbf3a3bef to remote] DEBUG org.apache.http.impl.execchain.MainClientExec - Connection can be kept alive indefinitely
22:05:07.632 [Forwarding findElement on session 5010ef7e204650f5b76a6c1cbf3a3bef to remote] DEBUG org.apache.http.impl.conn.PoolingHttpClientConnectionManager - Connection [id: 0][route: {}->http://localhost:34166] can be kept alive indefinitely
22:05:07.632 [Forwarding findElement on session 5010ef7e204650f5b76a6c1cbf3a3bef to remote] DEBUG org.apache.http.impl.conn.PoolingHttpClientConnectionManager - Connection released: [id: 0][route: {}->http://localhost:34166][total kept alive: 1; route allocated: 1 of 2000; total allocated: 1 of 2000]
22:05:07.633 [Forwarding clearElement on session 5010ef7e204650f5b76a6c1cbf3a3bef to remote] DEBUG org.apache.http.client.protocol.RequestAddCookies - CookieSpec selected: default
22:05:07.633 [Forwarding clearElement on session 5010ef7e204650f5b76a6c1cbf3a3bef to remote] DEBUG org.apache.http.client.protocol.RequestAuthCache - Auth cache not set in the context
22:05:07.633 [Forwarding clearElement on session 5010ef7e204650f5b76a6c1cbf3a3bef to remote] DEBUG org.apache.http.impl.conn.PoolingHttpClientConnectionManager - Connection request: [route: {}->http://localhost:34166][total kept alive: 1; route allocated: 1 of 2000; total allocated: 1 of 2000]
22:05:07.634 [Forwarding clearElement on session 5010ef7e204650f5b76a6c1cbf3a3bef to remote] DEBUG org.apache.http.impl.conn.PoolingHttpClientConnectionManager - Connection leased: [id: 0][route: {}->http://localhost:34166][total kept alive: 0; route allocated: 1 of 2000; total allocated: 1 of 2000]
22:05:07.634 [Forwarding clearElement on session 5010ef7e204650f5b76a6c1cbf3a3bef to remote] DEBUG org.apache.http.impl.execchain.MainClientExec - Stale connection check
22:05:07.636 [Forwarding clearElement on session 5010ef7e204650f5b76a6c1cbf3a3bef to remote] DEBUG org.apache.http.wire - http-outgoing-0 << "[read] I/O error: Read timed out"
22:05:07.636 [Forwarding clearElement on session 5010ef7e204650f5b76a6c1cbf3a3bef to remote] DEBUG org.apache.http.impl.conn.DefaultManagedHttpClientConnection - http-outgoing-0: set socket timeout to 10800000
22:05:07.636 [Forwarding clearElement on session 5010ef7e204650f5b76a6c1cbf3a3bef to remote] DEBUG org.apache.http.impl.execchain.MainClientExec - Executing request POST /session/5010ef7e204650f5b76a6c1cbf3a3bef/element/0.7081165716970947-2/clear HTTP/1.1
22:05:07.636 [Forwarding clearElement on session 5010ef7e204650f5b76a6c1cbf3a3bef to remote] DEBUG org.apache.http.impl.execchain.MainClientExec - Target auth state: UNCHALLENGED
22:05:07.636 [Forwarding clearElement on session 5010ef7e204650f5b76a6c1cbf3a3bef to remote] DEBUG org.apache.http.impl.execchain.MainClientExec - Proxy auth state: UNCHALLENGED
22:05:07.636 [Forwarding clearElement on session 5010ef7e204650f5b76a6c1cbf3a3bef to remote] DEBUG org.apache.http.headers - http-outgoing-0 >> POST /session/5010ef7e204650f5b76a6c1cbf3a3bef/element/0.7081165716970947-2/clear HTTP/1.1
22:05:07.636 [Forwarding clearElement on session 5010ef7e204650f5b76a6c1cbf3a3bef to remote] DEBUG org.apache.http.headers - http-outgoing-0 >> Content-Type: application/json; charset=utf-8
22:05:07.636 [Forwarding clearElement on session 5010ef7e204650f5b76a6c1cbf3a3bef to remote] DEBUG org.apache.http.headers - http-outgoing-0 >> Content-Length: 29
22:05:07.636 [Forwarding clearElement on session 5010ef7e204650f5b76a6c1cbf3a3bef to remote] DEBUG org.apache.http.headers - http-outgoing-0 >> Host: localhost:34166
22:05:07.636 [Forwarding clearElement on session 5010ef7e204650f5b76a6c1cbf3a3bef to remote] DEBUG org.apache.http.headers - http-outgoing-0 >> Connection: Keep-Alive
22:05:07.636 [Forwarding clearElement on session 5010ef7e204650f5b76a6c1cbf3a3bef to remote] DEBUG org.apache.http.headers - http-outgoing-0 >> User-Agent: Apache-HttpClient/4.5.3 (Java/1.8.0_201)
22:05:07.636 [Forwarding clearElement on session 5010ef7e204650f5b76a6c1cbf3a3bef to remote] DEBUG org.apache.http.headers - http-outgoing-0 >> Accept-Encoding: gzip,deflate
22:05:07.636 [Forwarding clearElement on session 5010ef7e204650f5b76a6c1cbf3a3bef to remote] DEBUG org.apache.http.wire - http-outgoing-0 >> "POST /session/5010ef7e204650f5b76a6c1cbf3a3bef/element/0.7081165716970947-2/clear HTTP/1.1[\r][\n]"
22:05:07.636 [Forwarding clearElement on session 5010ef7e204650f5b76a6c1cbf3a3bef to remote] DEBUG org.apache.http.wire - http-outgoing-0 >> "Content-Type: application/json; charset=utf-8[\r][\n]"
22:05:07.636 [Forwarding clearElement on session 5010ef7e204650f5b76a6c1cbf3a3bef to remote] DEBUG org.apache.http.wire - http-outgoing-0 >> "Content-Length: 29[\r][\n]"
22:05:07.636 [Forwarding clearElement on session 5010ef7e204650f5b76a6c1cbf3a3bef to remote] DEBUG org.apache.http.wire - http-outgoing-0 >> "Host: localhost:34166[\r][\n]"
22:05:07.636 [Forwarding clearElement on session 5010ef7e204650f5b76a6c1cbf3a3bef to remote] DEBUG org.apache.http.wire - http-outgoing-0 >> "Connection: Keep-Alive[\r][\n]"
22:05:07.636 [Forwarding clearElement on session 5010ef7e204650f5b76a6c1cbf3a3bef to remote] DEBUG org.apache.http.wire - http-outgoing-0 >> "User-Agent: Apache-HttpClient/4.5.3 (Java/1.8.0_201)[\r][\n]"
22:05:07.636 [Forwarding clearElement on session 5010ef7e204650f5b76a6c1cbf3a3bef to remote] DEBUG org.apache.http.wire - http-outgoing-0 >> "Accept-Encoding: gzip,deflate[\r][\n]"
22:05:07.636 [Forwarding clearElement on session 5010ef7e204650f5b76a6c1cbf3a3bef to remote] DEBUG org.apache.http.wire - http-outgoing-0 >> "[\r][\n]"
22:05:07.636 [Forwarding clearElement on session 5010ef7e204650f5b76a6c1cbf3a3bef to remote] DEBUG org.apache.http.wire - http-outgoing-0 >> "{"id":"0.7081165716970947-2"}"
22:05:07.665 [Forwarding clearElement on session 5010ef7e204650f5b76a6c1cbf3a3bef to remote] DEBUG org.apache.http.wire - http-outgoing-0 << "HTTP/1.1 200 OK[\r][\n]"
22:05:07.665 [Forwarding clearElement on session 5010ef7e204650f5b76a6c1cbf3a3bef to remote] DEBUG org.apache.http.wire - http-outgoing-0 << "Content-Length:72[\r][\n]"
22:05:07.665 [Forwarding clearElement on session 5010ef7e204650f5b76a6c1cbf3a3bef to remote] DEBUG org.apache.http.wire - http-outgoing-0 << "Content-Type:application/json; charset=utf-8[\r][\n]"
22:05:07.665 [Forwarding clearElement on session 5010ef7e204650f5b76a6c1cbf3a3bef to remote] DEBUG org.apache.http.wire - http-outgoing-0 << "[\r][\n]"
22:05:07.665 [Forwarding clearElement on session 5010ef7e204650f5b76a6c1cbf3a3bef to remote] DEBUG org.apache.http.wire - http-outgoing-0 << "{"sessionId":"5010ef7e204650f5b76a6c1cbf3a3bef","status":0,"value":null}"
22:05:07.665 [Forwarding clearElement on session 5010ef7e204650f5b76a6c1cbf3a3bef to remote] DEBUG org.apache.http.headers - http-outgoing-0 << HTTP/1.1 200 OK
22:05:07.665 [Forwarding clearElement on session 5010ef7e204650f5b76a6c1cbf3a3bef to remote] DEBUG org.apache.http.headers - http-outgoing-0 << Content-Length:72
22:05:07.665 [Forwarding clearElement on session 5010ef7e204650f5b76a6c1cbf3a3bef to remote] DEBUG org.apache.http.headers - http-outgoing-0 << Content-Type:application/json; charset=utf-8
22:05:07.665 [Forwarding clearElement on session 5010ef7e204650f5b76a6c1cbf3a3bef to remote] DEBUG org.apache.http.impl.execchain.MainClientExec - Connection can be kept alive indefinitely
22:05:07.666 [Forwarding clearElement on session 5010ef7e204650f5b76a6c1cbf3a3bef to remote] DEBUG org.apache.http.impl.conn.PoolingHttpClientConnectionManager - Connection [id: 0][route: {}->http://localhost:34166] can be kept alive indefinitely
22:05:07.666 [Forwarding clearElement on session 5010ef7e204650f5b76a6c1cbf3a3bef to remote] DEBUG org.apache.http.impl.conn.PoolingHttpClientConnectionManager - Connection released: [id: 0][route: {}->http://localhost:34166][total kept alive: 1; route allocated: 1 of 2000; total allocated: 1 of 2000]
22:05:07.667 [Forwarding findElement on session 5010ef7e204650f5b76a6c1cbf3a3bef to remote] DEBUG org.apache.http.client.protocol.RequestAddCookies - CookieSpec selected: default
22:05:07.667 [Forwarding findElement on session 5010ef7e204650f5b76a6c1cbf3a3bef to remote] DEBUG org.apache.http.client.protocol.RequestAuthCache - Auth cache not set in the context
22:05:07.667 [Forwarding findElement on session 5010ef7e204650f5b76a6c1cbf3a3bef to remote] DEBUG org.apache.http.impl.conn.PoolingHttpClientConnectionManager - Connection request: [route: {}->http://localhost:34166][total kept alive: 1; route allocated: 1 of 2000; total allocated: 1 of 2000]
22:05:07.667 [Forwarding findElement on session 5010ef7e204650f5b76a6c1cbf3a3bef to remote] DEBUG org.apache.http.impl.conn.PoolingHttpClientConnectionManager - Connection leased: [id: 0][route: {}->http://localhost:34166][total kept alive: 0; route allocated: 1 of 2000; total allocated: 1 of 2000]
22:05:07.667 [Forwarding findElement on session 5010ef7e204650f5b76a6c1cbf3a3bef to remote] DEBUG org.apache.http.impl.execchain.MainClientExec - Stale connection check
22:05:07.669 [Forwarding findElement on session 5010ef7e204650f5b76a6c1cbf3a3bef to remote] DEBUG org.apache.http.wire - http-outgoing-0 << "[read] I/O error: Read timed out"
22:05:07.669 [Forwarding findElement on session 5010ef7e204650f5b76a6c1cbf3a3bef to remote] DEBUG org.apache.http.impl.conn.DefaultManagedHttpClientConnection - http-outgoing-0: set socket timeout to 10800000
22:05:07.669 [Forwarding findElement on session 5010ef7e204650f5b76a6c1cbf3a3bef to remote] DEBUG org.apache.http.impl.execchain.MainClientExec - Executing request POST /session/5010ef7e204650f5b76a6c1cbf3a3bef/element HTTP/1.1
22:05:07.669 [Forwarding findElement on session 5010ef7e204650f5b76a6c1cbf3a3bef to remote] DEBUG org.apache.http.impl.execchain.MainClientExec - Target auth state: UNCHALLENGED
22:05:07.669 [Forwarding findElement on session 5010ef7e204650f5b76a6c1cbf3a3bef to remote] DEBUG org.apache.http.impl.execchain.MainClientExec - Proxy auth state: UNCHALLENGED
22:05:07.669 [Forwarding findElement on session 5010ef7e204650f5b76a6c1cbf3a3bef to remote] DEBUG org.apache.http.headers - http-outgoing-0 >> POST /session/5010ef7e204650f5b76a6c1cbf3a3bef/element HTTP/1.1
22:05:07.669 [Forwarding findElement on session 5010ef7e204650f5b76a6c1cbf3a3bef to remote] DEBUG org.apache.http.headers - http-outgoing-0 >> Content-Type: application/json; charset=utf-8
22:05:07.669 [Forwarding findElement on session 5010ef7e204650f5b76a6c1cbf3a3bef to remote] DEBUG org.apache.http.headers - http-outgoing-0 >> Content-Length: 28
22:05:07.669 [Forwarding findElement on session 5010ef7e204650f5b76a6c1cbf3a3bef to remote] DEBUG org.apache.http.headers - http-outgoing-0 >> Host: localhost:34166
22:05:07.669 [Forwarding findElement on session 5010ef7e204650f5b76a6c1cbf3a3bef to remote] DEBUG org.apache.http.headers - http-outgoing-0 >> Connection: Keep-Alive
22:05:07.669 [Forwarding findElement on session 5010ef7e204650f5b76a6c1cbf3a3bef to remote] DEBUG org.apache.http.headers - http-outgoing-0 >> User-Agent: Apache-HttpClient/4.5.3 (Java/1.8.0_201)
22:05:07.669 [Forwarding findElement on session 5010ef7e204650f5b76a6c1cbf3a3bef to remote] DEBUG org.apache.http.headers - http-outgoing-0 >> Accept-Encoding: gzip,deflate
22:05:07.669 [Forwarding findElement on session 5010ef7e204650f5b76a6c1cbf3a3bef to remote] DEBUG org.apache.http.wire - http-outgoing-0 >> "POST /session/5010ef7e204650f5b76a6c1cbf3a3bef/element HTTP/1.1[\r][\n]"
22:05:07.669 [Forwarding findElement on session 5010ef7e204650f5b76a6c1cbf3a3bef to remote] DEBUG org.apache.http.wire - http-outgoing-0 >> "Content-Type: application/json; charset=utf-8[\r][\n]"
22:05:07.669 [Forwarding findElement on session 5010ef7e204650f5b76a6c1cbf3a3bef to remote] DEBUG org.apache.http.wire - http-outgoing-0 >> "Content-Length: 28[\r][\n]"
22:05:07.669 [Forwarding findElement on session 5010ef7e204650f5b76a6c1cbf3a3bef to remote] DEBUG org.apache.http.wire - http-outgoing-0 >> "Host: localhost:34166[\r][\n]"
22:05:07.669 [Forwarding findElement on session 5010ef7e204650f5b76a6c1cbf3a3bef to remote] DEBUG org.apache.http.wire - http-outgoing-0 >> "Connection: Keep-Alive[\r][\n]"
22:05:07.669 [Forwarding findElement on session 5010ef7e204650f5b76a6c1cbf3a3bef to remote] DEBUG org.apache.http.wire - http-outgoing-0 >> "User-Agent: Apache-HttpClient/4.5.3 (Java/1.8.0_201)[\r][\n]"
22:05:07.669 [Forwarding findElement on session 5010ef7e204650f5b76a6c1cbf3a3bef to remote] DEBUG org.apache.http.wire - http-outgoing-0 >> "Accept-Encoding: gzip,deflate[\r][\n]"
22:05:07.669 [Forwarding findElement on session 5010ef7e204650f5b76a6c1cbf3a3bef to remote] DEBUG org.apache.http.wire - http-outgoing-0 >> "[\r][\n]"
22:05:07.669 [Forwarding findElement on session 5010ef7e204650f5b76a6c1cbf3a3bef to remote] DEBUG org.apache.http.wire - http-outgoing-0 >> "{"using":"name","value":"b"}"
22:05:07.676 [Forwarding findElement on session 5010ef7e204650f5b76a6c1cbf3a3bef to remote] DEBUG org.apache.http.wire - http-outgoing-0 << "HTTP/1.1 200 OK[\r][\n]"
22:05:07.677 [Forwarding findElement on session 5010ef7e204650f5b76a6c1cbf3a3bef to remote] DEBUG org.apache.http.wire - http-outgoing-0 << "Content-Length:102[\r][\n]"
22:05:07.677 [Forwarding findElement on session 5010ef7e204650f5b76a6c1cbf3a3bef to remote] DEBUG org.apache.http.wire - http-outgoing-0 << "Content-Type:application/json; charset=utf-8[\r][\n]"
22:05:07.677 [Forwarding findElement on session 5010ef7e204650f5b76a6c1cbf3a3bef to remote] DEBUG org.apache.http.wire - http-outgoing-0 << "[\r][\n]"
22:05:07.677 [Forwarding findElement on session 5010ef7e204650f5b76a6c1cbf3a3bef to remote] DEBUG org.apache.http.wire - http-outgoing-0 << "{"sessionId":"5010ef7e204650f5b76a6c1cbf3a3bef","status":0,"value":{"ELEMENT":"0.7081165716970947-3"}}"
22:05:07.677 [Forwarding findElement on session 5010ef7e204650f5b76a6c1cbf3a3bef to remote] DEBUG org.apache.http.headers - http-outgoing-0 << HTTP/1.1 200 OK
22:05:07.677 [Forwarding findElement on session 5010ef7e204650f5b76a6c1cbf3a3bef to remote] DEBUG org.apache.http.headers - http-outgoing-0 << Content-Length:102
22:05:07.677 [Forwarding findElement on session 5010ef7e204650f5b76a6c1cbf3a3bef to remote] DEBUG org.apache.http.headers - http-outgoing-0 << Content-Type:application/json; charset=utf-8
22:05:07.677 [Forwarding findElement on session 5010ef7e204650f5b76a6c1cbf3a3bef to remote] DEBUG org.apache.http.impl.execchain.MainClientExec - Connection can be kept alive indefinitely
22:05:07.677 [Forwarding findElement on session 5010ef7e204650f5b76a6c1cbf3a3bef to remote] DEBUG org.apache.http.impl.conn.PoolingHttpClientConnectionManager - Connection [id: 0][route: {}->http://localhost:34166] can be kept alive indefinitely
22:05:07.677 [Forwarding findElement on session 5010ef7e204650f5b76a6c1cbf3a3bef to remote] DEBUG org.apache.http.impl.conn.PoolingHttpClientConnectionManager - Connection released: [id: 0][route: {}->http://localhost:34166][total kept alive: 1; route allocated: 1 of 2000; total allocated: 1 of 2000]
22:05:07.678 [Forwarding clearElement on session 5010ef7e204650f5b76a6c1cbf3a3bef to remote] DEBUG org.apache.http.client.protocol.RequestAddCookies - CookieSpec selected: default
22:05:07.678 [Forwarding clearElement on session 5010ef7e204650f5b76a6c1cbf3a3bef to remote] DEBUG org.apache.http.client.protocol.RequestAuthCache - Auth cache not set in the context
22:05:07.678 [Forwarding clearElement on session 5010ef7e204650f5b76a6c1cbf3a3bef to remote] DEBUG org.apache.http.impl.conn.PoolingHttpClientConnectionManager - Connection request: [route: {}->http://localhost:34166][total kept alive: 1; route allocated: 1 of 2000; total allocated: 1 of 2000]
22:05:07.679 [Forwarding clearElement on session 5010ef7e204650f5b76a6c1cbf3a3bef to remote] DEBUG org.apache.http.impl.conn.PoolingHttpClientConnectionManager - Connection leased: [id: 0][route: {}->http://localhost:34166][total kept alive: 0; route allocated: 1 of 2000; total allocated: 1 of 2000]
22:05:07.679 [Forwarding clearElement on session 5010ef7e204650f5b76a6c1cbf3a3bef to remote] DEBUG org.apache.http.impl.execchain.MainClientExec - Stale connection check
22:05:07.681 [Forwarding clearElement on session 5010ef7e204650f5b76a6c1cbf3a3bef to remote] DEBUG org.apache.http.wire - http-outgoing-0 << "[read] I/O error: Read timed out"
22:05:07.681 [Forwarding clearElement on session 5010ef7e204650f5b76a6c1cbf3a3bef to remote] DEBUG org.apache.http.impl.conn.DefaultManagedHttpClientConnection - http-outgoing-0: set socket timeout to 10800000
22:05:07.681 [Forwarding clearElement on session 5010ef7e204650f5b76a6c1cbf3a3bef to remote] DEBUG org.apache.http.impl.execchain.MainClientExec - Executing request POST /session/5010ef7e204650f5b76a6c1cbf3a3bef/element/0.7081165716970947-3/clear HTTP/1.1
22:05:07.681 [Forwarding clearElement on session 5010ef7e204650f5b76a6c1cbf3a3bef to remote] DEBUG org.apache.http.impl.execchain.MainClientExec - Target auth state: UNCHALLENGED
22:05:07.681 [Forwarding clearElement on session 5010ef7e204650f5b76a6c1cbf3a3bef to remote] DEBUG org.apache.http.impl.execchain.MainClientExec - Proxy auth state: UNCHALLENGED
22:05:07.681 [Forwarding clearElement on session 5010ef7e204650f5b76a6c1cbf3a3bef to remote] DEBUG org.apache.http.headers - http-outgoing-0 >> POST /session/5010ef7e204650f5b76a6c1cbf3a3bef/element/0.7081165716970947-3/clear HTTP/1.1
22:05:07.681 [Forwarding clearElement on session 5010ef7e204650f5b76a6c1cbf3a3bef to remote] DEBUG org.apache.http.headers - http-outgoing-0 >> Content-Type: application/json; charset=utf-8
22:05:07.681 [Forwarding clearElement on session 5010ef7e204650f5b76a6c1cbf3a3bef to remote] DEBUG org.apache.http.headers - http-outgoing-0 >> Content-Length: 29
22:05:07.681 [Forwarding clearElement on session 5010ef7e204650f5b76a6c1cbf3a3bef to remote] DEBUG org.apache.http.headers - http-outgoing-0 >> Host: localhost:34166
22:05:07.681 [Forwarding clearElement on session 5010ef7e204650f5b76a6c1cbf3a3bef to remote] DEBUG org.apache.http.headers - http-outgoing-0 >> Connection: Keep-Alive
22:05:07.681 [Forwarding clearElement on session 5010ef7e204650f5b76a6c1cbf3a3bef to remote] DEBUG org.apache.http.headers - http-outgoing-0 >> User-Agent: Apache-HttpClient/4.5.3 (Java/1.8.0_201)
22:05:07.681 [Forwarding clearElement on session 5010ef7e204650f5b76a6c1cbf3a3bef to remote] DEBUG org.apache.http.headers - http-outgoing-0 >> Accept-Encoding: gzip,deflate
22:05:07.681 [Forwarding clearElement on session 5010ef7e204650f5b76a6c1cbf3a3bef to remote] DEBUG org.apache.http.wire - http-outgoing-0 >> "POST /session/5010ef7e204650f5b76a6c1cbf3a3bef/element/0.7081165716970947-3/clear HTTP/1.1[\r][\n]"
22:05:07.681 [Forwarding clearElement on session 5010ef7e204650f5b76a6c1cbf3a3bef to remote] DEBUG org.apache.http.wire - http-outgoing-0 >> "Content-Type: application/json; charset=utf-8[\r][\n]"
22:05:07.681 [Forwarding clearElement on session 5010ef7e204650f5b76a6c1cbf3a3bef to remote] DEBUG org.apache.http.wire - http-outgoing-0 >> "Content-Length: 29[\r][\n]"
22:05:07.681 [Forwarding clearElement on session 5010ef7e204650f5b76a6c1cbf3a3bef to remote] DEBUG org.apache.http.wire - http-outgoing-0 >> "Host: localhost:34166[\r][\n]"
22:05:07.681 [Forwarding clearElement on session 5010ef7e204650f5b76a6c1cbf3a3bef to remote] DEBUG org.apache.http.wire - http-outgoing-0 >> "Connection: Keep-Alive[\r][\n]"
22:05:07.681 [Forwarding clearElement on session 5010ef7e204650f5b76a6c1cbf3a3bef to remote] DEBUG org.apache.http.wire - http-outgoing-0 >> "User-Agent: Apache-HttpClient/4.5.3 (Java/1.8.0_201)[\r][\n]"
22:05:07.681 [Forwarding clearElement on session 5010ef7e204650f5b76a6c1cbf3a3bef to remote] DEBUG org.apache.http.wire - http-outgoing-0 >> "Accept-Encoding: gzip,deflate[\r][\n]"
22:05:07.681 [Forwarding clearElement on session 5010ef7e204650f5b76a6c1cbf3a3bef to remote] DEBUG org.apache.http.wire - http-outgoing-0 >> "[\r][\n]"
22:05:07.681 [Forwarding clearElement on session 5010ef7e204650f5b76a6c1cbf3a3bef to remote] DEBUG org.apache.http.wire - http-outgoing-0 >> "{"id":"0.7081165716970947-3"}"
22:05:07.714 [Forwarding clearElement on session 5010ef7e204650f5b76a6c1cbf3a3bef to remote] DEBUG org.apache.http.wire - http-outgoing-0 << "HTTP/1.1 200 OK[\r][\n]"
22:05:07.714 [Forwarding clearElement on session 5010ef7e204650f5b76a6c1cbf3a3bef to remote] DEBUG org.apache.http.wire - http-outgoing-0 << "Content-Length:72[\r][\n]"
22:05:07.714 [Forwarding clearElement on session 5010ef7e204650f5b76a6c1cbf3a3bef to remote] DEBUG org.apache.http.wire - http-outgoing-0 << "Content-Type:application/json; charset=utf-8[\r][\n]"
22:05:07.714 [Forwarding clearElement on session 5010ef7e204650f5b76a6c1cbf3a3bef to remote] DEBUG org.apache.http.wire - http-outgoing-0 << "[\r][\n]"
22:05:07.714 [Forwarding clearElement on session 5010ef7e204650f5b76a6c1cbf3a3bef to remote] DEBUG org.apache.http.wire - http-outgoing-0 << "{"sessionId":"5010ef7e204650f5b76a6c1cbf3a3bef","status":0,"value":null}"
22:05:07.714 [Forwarding clearElement on session 5010ef7e204650f5b76a6c1cbf3a3bef to remote] DEBUG org.apache.http.headers - http-outgoing-0 << HTTP/1.1 200 OK
22:05:07.714 [Forwarding clearElement on session 5010ef7e204650f5b76a6c1cbf3a3bef to remote] DEBUG org.apache.http.headers - http-outgoing-0 << Content-Length:72
22:05:07.714 [Forwarding clearElement on session 5010ef7e204650f5b76a6c1cbf3a3bef to remote] DEBUG org.apache.http.headers - http-outgoing-0 << Content-Type:application/json; charset=utf-8
22:05:07.714 [Forwarding clearElement on session 5010ef7e204650f5b76a6c1cbf3a3bef to remote] DEBUG org.apache.http.impl.execchain.MainClientExec - Connection can be kept alive indefinitely
22:05:07.714 [Forwarding clearElement on session 5010ef7e204650f5b76a6c1cbf3a3bef to remote] DEBUG org.apache.http.impl.conn.PoolingHttpClientConnectionManager - Connection [id: 0][route: {}->http://localhost:34166] can be kept alive indefinitely
22:05:07.714 [Forwarding clearElement on session 5010ef7e204650f5b76a6c1cbf3a3bef to remote] DEBUG org.apache.http.impl.conn.PoolingHttpClientConnectionManager - Connection released: [id: 0][route: {}->http://localhost:34166][total kept alive: 1; route allocated: 1 of 2000; total allocated: 1 of 2000]
22:05:07.716 [Forwarding findElement on session 5010ef7e204650f5b76a6c1cbf3a3bef to remote] DEBUG org.apache.http.client.protocol.RequestAddCookies - CookieSpec selected: default
22:05:07.716 [Forwarding findElement on session 5010ef7e204650f5b76a6c1cbf3a3bef to remote] DEBUG org.apache.http.client.protocol.RequestAuthCache - Auth cache not set in the context
22:05:07.716 [Forwarding findElement on session 5010ef7e204650f5b76a6c1cbf3a3bef to remote] DEBUG org.apache.http.impl.conn.PoolingHttpClientConnectionManager - Connection request: [route: {}->http://localhost:34166][total kept alive: 1; route allocated: 1 of 2000; total allocated: 1 of 2000]
22:05:07.716 [Forwarding findElement on session 5010ef7e204650f5b76a6c1cbf3a3bef to remote] DEBUG org.apache.http.impl.conn.PoolingHttpClientConnectionManager - Connection leased: [id: 0][route: {}->http://localhost:34166][total kept alive: 0; route allocated: 1 of 2000; total allocated: 1 of 2000]
22:05:07.716 [Forwarding findElement on session 5010ef7e204650f5b76a6c1cbf3a3bef to remote] DEBUG org.apache.http.impl.execchain.MainClientExec - Stale connection check
22:05:07.718 [Forwarding findElement on session 5010ef7e204650f5b76a6c1cbf3a3bef to remote] DEBUG org.apache.http.wire - http-outgoing-0 << "[read] I/O error: Read timed out"
22:05:07.718 [Forwarding findElement on session 5010ef7e204650f5b76a6c1cbf3a3bef to remote] DEBUG org.apache.http.impl.conn.DefaultManagedHttpClientConnection - http-outgoing-0: set socket timeout to 10800000
22:05:07.718 [Forwarding findElement on session 5010ef7e204650f5b76a6c1cbf3a3bef to remote] DEBUG org.apache.http.impl.execchain.MainClientExec - Executing request POST /session/5010ef7e204650f5b76a6c1cbf3a3bef/element HTTP/1.1
22:05:07.718 [Forwarding findElement on session 5010ef7e204650f5b76a6c1cbf3a3bef to remote] DEBUG org.apache.http.impl.execchain.MainClientExec - Target auth state: UNCHALLENGED
22:05:07.718 [Forwarding findElement on session 5010ef7e204650f5b76a6c1cbf3a3bef to remote] DEBUG org.apache.http.impl.execchain.MainClientExec - Proxy auth state: UNCHALLENGED
22:05:07.718 [Forwarding findElement on session 5010ef7e204650f5b76a6c1cbf3a3bef to remote] DEBUG org.apache.http.headers - http-outgoing-0 >> POST /session/5010ef7e204650f5b76a6c1cbf3a3bef/element HTTP/1.1
22:05:07.718 [Forwarding findElement on session 5010ef7e204650f5b76a6c1cbf3a3bef to remote] DEBUG org.apache.http.headers - http-outgoing-0 >> Content-Type: application/json; charset=utf-8
22:05:07.718 [Forwarding findElement on session 5010ef7e204650f5b76a6c1cbf3a3bef to remote] DEBUG org.apache.http.headers - http-outgoing-0 >> Content-Length: 26
22:05:07.718 [Forwarding findElement on session 5010ef7e204650f5b76a6c1cbf3a3bef to remote] DEBUG org.apache.http.headers - http-outgoing-0 >> Host: localhost:34166
22:05:07.718 [Forwarding findElement on session 5010ef7e204650f5b76a6c1cbf3a3bef to remote] DEBUG org.apache.http.headers - http-outgoing-0 >> Connection: Keep-Alive
22:05:07.718 [Forwarding findElement on session 5010ef7e204650f5b76a6c1cbf3a3bef to remote] DEBUG org.apache.http.headers - http-outgoing-0 >> User-Agent: Apache-HttpClient/4.5.3 (Java/1.8.0_201)
22:05:07.718 [Forwarding findElement on session 5010ef7e204650f5b76a6c1cbf3a3bef to remote] DEBUG org.apache.http.headers - http-outgoing-0 >> Accept-Encoding: gzip,deflate
22:05:07.718 [Forwarding findElement on session 5010ef7e204650f5b76a6c1cbf3a3bef to remote] DEBUG org.apache.http.wire - http-outgoing-0 >> "POST /session/5010ef7e204650f5b76a6c1cbf3a3bef/element HTTP/1.1[\r][\n]"
22:05:07.718 [Forwarding findElement on session 5010ef7e204650f5b76a6c1cbf3a3bef to remote] DEBUG org.apache.http.wire - http-outgoing-0 >> "Content-Type: application/json; charset=utf-8[\r][\n]"
22:05:07.718 [Forwarding findElement on session 5010ef7e204650f5b76a6c1cbf3a3bef to remote] DEBUG org.apache.http.wire - http-outgoing-0 >> "Content-Length: 26[\r][\n]"
22:05:07.718 [Forwarding findElement on session 5010ef7e204650f5b76a6c1cbf3a3bef to remote] DEBUG org.apache.http.wire - http-outgoing-0 >> "Host: localhost:34166[\r][\n]"
22:05:07.718 [Forwarding findElement on session 5010ef7e204650f5b76a6c1cbf3a3bef to remote] DEBUG org.apache.http.wire - http-outgoing-0 >> "Connection: Keep-Alive[\r][\n]"
22:05:07.718 [Forwarding findElement on session 5010ef7e204650f5b76a6c1cbf3a3bef to remote] DEBUG org.apache.http.wire - http-outgoing-0 >> "User-Agent: Apache-HttpClient/4.5.3 (Java/1.8.0_201)[\r][\n]"
22:05:07.718 [Forwarding findElement on session 5010ef7e204650f5b76a6c1cbf3a3bef to remote] DEBUG org.apache.http.wire - http-outgoing-0 >> "Accept-Encoding: gzip,deflate[\r][\n]"
22:05:07.718 [Forwarding findElement on session 5010ef7e204650f5b76a6c1cbf3a3bef to remote] DEBUG org.apache.http.wire - http-outgoing-0 >> "[\r][\n]"
22:05:07.718 [Forwarding findElement on session 5010ef7e204650f5b76a6c1cbf3a3bef to remote] DEBUG org.apache.http.wire - http-outgoing-0 >> "{"using":"id","value":"a"}"
22:05:07.725 [Forwarding findElement on session 5010ef7e204650f5b76a6c1cbf3a3bef to remote] DEBUG org.apache.http.wire - http-outgoing-0 << "HTTP/1.1 200 OK[\r][\n]"
22:05:07.725 [Forwarding findElement on session 5010ef7e204650f5b76a6c1cbf3a3bef to remote] DEBUG org.apache.http.wire - http-outgoing-0 << "Content-Length:102[\r][\n]"
22:05:07.725 [Forwarding findElement on session 5010ef7e204650f5b76a6c1cbf3a3bef to remote] DEBUG org.apache.http.wire - http-outgoing-0 << "Content-Type:application/json; charset=utf-8[\r][\n]"
22:05:07.725 [Forwarding findElement on session 5010ef7e204650f5b76a6c1cbf3a3bef to remote] DEBUG org.apache.http.wire - http-outgoing-0 << "[\r][\n]"
22:05:07.725 [Forwarding findElement on session 5010ef7e204650f5b76a6c1cbf3a3bef to remote] DEBUG org.apache.http.wire - http-outgoing-0 << "{"sessionId":"5010ef7e204650f5b76a6c1cbf3a3bef","status":0,"value":{"ELEMENT":"0.7081165716970947-2"}}"
22:05:07.725 [Forwarding findElement on session 5010ef7e204650f5b76a6c1cbf3a3bef to remote] DEBUG org.apache.http.headers - http-outgoing-0 << HTTP/1.1 200 OK
22:05:07.725 [Forwarding findElement on session 5010ef7e204650f5b76a6c1cbf3a3bef to remote] DEBUG org.apache.http.headers - http-outgoing-0 << Content-Length:102
22:05:07.725 [Forwarding findElement on session 5010ef7e204650f5b76a6c1cbf3a3bef to remote] DEBUG org.apache.http.headers - http-outgoing-0 << Content-Type:application/json; charset=utf-8
22:05:07.725 [Forwarding findElement on session 5010ef7e204650f5b76a6c1cbf3a3bef to remote] DEBUG org.apache.http.impl.execchain.MainClientExec - Connection can be kept alive indefinitely
22:05:07.725 [Forwarding findElement on session 5010ef7e204650f5b76a6c1cbf3a3bef to remote] DEBUG org.apache.http.impl.conn.PoolingHttpClientConnectionManager - Connection [id: 0][route: {}->http://localhost:34166] can be kept alive indefinitely
22:05:07.725 [Forwarding findElement on session 5010ef7e204650f5b76a6c1cbf3a3bef to remote] DEBUG org.apache.http.impl.conn.PoolingHttpClientConnectionManager - Connection released: [id: 0][route: {}->http://localhost:34166][total kept alive: 1; route allocated: 1 of 2000; total allocated: 1 of 2000]
22:05:07.727 [Forwarding sendKeysToElement on session 5010ef7e204650f5b76a6c1cbf3a3bef to remote] DEBUG org.apache.http.client.protocol.RequestAddCookies - CookieSpec selected: default
22:05:07.728 [Forwarding sendKeysToElement on session 5010ef7e204650f5b76a6c1cbf3a3bef to remote] DEBUG org.apache.http.client.protocol.RequestAuthCache - Auth cache not set in the context
22:05:07.728 [Forwarding sendKeysToElement on session 5010ef7e204650f5b76a6c1cbf3a3bef to remote] DEBUG org.apache.http.impl.conn.PoolingHttpClientConnectionManager - Connection request: [route: {}->http://localhost:34166][total kept alive: 1; route allocated: 1 of 2000; total allocated: 1 of 2000]
22:05:07.728 [Forwarding sendKeysToElement on session 5010ef7e204650f5b76a6c1cbf3a3bef to remote] DEBUG org.apache.http.impl.conn.PoolingHttpClientConnectionManager - Connection leased: [id: 0][route: {}->http://localhost:34166][total kept alive: 0; route allocated: 1 of 2000; total allocated: 1 of 2000]
22:05:07.728 [Forwarding sendKeysToElement on session 5010ef7e204650f5b76a6c1cbf3a3bef to remote] DEBUG org.apache.http.impl.execchain.MainClientExec - Stale connection check
22:05:07.730 [Forwarding sendKeysToElement on session 5010ef7e204650f5b76a6c1cbf3a3bef to remote] DEBUG org.apache.http.wire - http-outgoing-0 << "[read] I/O error: Read timed out"
22:05:07.730 [Forwarding sendKeysToElement on session 5010ef7e204650f5b76a6c1cbf3a3bef to remote] DEBUG org.apache.http.impl.conn.DefaultManagedHttpClientConnection - http-outgoing-0: set socket timeout to 10800000
22:05:07.730 [Forwarding sendKeysToElement on session 5010ef7e204650f5b76a6c1cbf3a3bef to remote] DEBUG org.apache.http.impl.execchain.MainClientExec - Executing request POST /session/5010ef7e204650f5b76a6c1cbf3a3bef/element/0.7081165716970947-2/value HTTP/1.1
22:05:07.730 [Forwarding sendKeysToElement on session 5010ef7e204650f5b76a6c1cbf3a3bef to remote] DEBUG org.apache.http.impl.execchain.MainClientExec - Target auth state: UNCHALLENGED
22:05:07.730 [Forwarding sendKeysToElement on session 5010ef7e204650f5b76a6c1cbf3a3bef to remote] DEBUG org.apache.http.impl.execchain.MainClientExec - Proxy auth state: UNCHALLENGED
22:05:07.730 [Forwarding sendKeysToElement on session 5010ef7e204650f5b76a6c1cbf3a3bef to remote] DEBUG org.apache.http.headers - http-outgoing-0 >> POST /session/5010ef7e204650f5b76a6c1cbf3a3bef/element/0.7081165716970947-2/value HTTP/1.1
22:05:07.730 [Forwarding sendKeysToElement on session 5010ef7e204650f5b76a6c1cbf3a3bef to remote] DEBUG org.apache.http.headers - http-outgoing-0 >> Content-Type: application/json; charset=utf-8
22:05:07.730 [Forwarding sendKeysToElement on session 5010ef7e204650f5b76a6c1cbf3a3bef to remote] DEBUG org.apache.http.headers - http-outgoing-0 >> Content-Length: 44
22:05:07.730 [Forwarding sendKeysToElement on session 5010ef7e204650f5b76a6c1cbf3a3bef to remote] DEBUG org.apache.http.headers - http-outgoing-0 >> Host: localhost:34166
22:05:07.730 [Forwarding sendKeysToElement on session 5010ef7e204650f5b76a6c1cbf3a3bef to remote] DEBUG org.apache.http.headers - http-outgoing-0 >> Connection: Keep-Alive
22:05:07.730 [Forwarding sendKeysToElement on session 5010ef7e204650f5b76a6c1cbf3a3bef to remote] DEBUG org.apache.http.headers - http-outgoing-0 >> User-Agent: Apache-HttpClient/4.5.3 (Java/1.8.0_201)
22:05:07.730 [Forwarding sendKeysToElement on session 5010ef7e204650f5b76a6c1cbf3a3bef to remote] DEBUG org.apache.http.headers - http-outgoing-0 >> Accept-Encoding: gzip,deflate
22:05:07.730 [Forwarding sendKeysToElement on session 5010ef7e204650f5b76a6c1cbf3a3bef to remote] DEBUG org.apache.http.wire - http-outgoing-0 >> "POST /session/5010ef7e204650f5b76a6c1cbf3a3bef/element/0.7081165716970947-2/value HTTP/1.1[\r][\n]"
22:05:07.730 [Forwarding sendKeysToElement on session 5010ef7e204650f5b76a6c1cbf3a3bef to remote] DEBUG org.apache.http.wire - http-outgoing-0 >> "Content-Type: application/json; charset=utf-8[\r][\n]"
22:05:07.730 [Forwarding sendKeysToElement on session 5010ef7e204650f5b76a6c1cbf3a3bef to remote] DEBUG org.apache.http.wire - http-outgoing-0 >> "Content-Length: 44[\r][\n]"
22:05:07.730 [Forwarding sendKeysToElement on session 5010ef7e204650f5b76a6c1cbf3a3bef to remote] DEBUG org.apache.http.wire - http-outgoing-0 >> "Host: localhost:34166[\r][\n]"
22:05:07.730 [Forwarding sendKeysToElement on session 5010ef7e204650f5b76a6c1cbf3a3bef to remote] DEBUG org.apache.http.wire - http-outgoing-0 >> "Connection: Keep-Alive[\r][\n]"
22:05:07.730 [Forwarding sendKeysToElement on session 5010ef7e204650f5b76a6c1cbf3a3bef to remote] DEBUG org.apache.http.wire - http-outgoing-0 >> "User-Agent: Apache-HttpClient/4.5.3 (Java/1.8.0_201)[\r][\n]"
22:05:07.730 [Forwarding sendKeysToElement on session 5010ef7e204650f5b76a6c1cbf3a3bef to remote] DEBUG org.apache.http.wire - http-outgoing-0 >> "Accept-Encoding: gzip,deflate[\r][\n]"
22:05:07.730 [Forwarding sendKeysToElement on session 5010ef7e204650f5b76a6c1cbf3a3bef to remote] DEBUG org.apache.http.wire - http-outgoing-0 >> "[\r][\n]"
22:05:07.730 [Forwarding sendKeysToElement on session 5010ef7e204650f5b76a6c1cbf3a3bef to remote] DEBUG org.apache.http.wire - http-outgoing-0 >> "{"id":"0.7081165716970947-2","value":["15"]}"
22:05:07.766 [Forwarding sendKeysToElement on session 5010ef7e204650f5b76a6c1cbf3a3bef to remote] DEBUG org.apache.http.wire - http-outgoing-0 << "HTTP/1.1 200 OK[\r][\n]"
22:05:07.766 [Forwarding sendKeysToElement on session 5010ef7e204650f5b76a6c1cbf3a3bef to remote] DEBUG org.apache.http.wire - http-outgoing-0 << "Content-Length:72[\r][\n]"
22:05:07.766 [Forwarding sendKeysToElement on session 5010ef7e204650f5b76a6c1cbf3a3bef to remote] DEBUG org.apache.http.wire - http-outgoing-0 << "Content-Type:application/json; charset=utf-8[\r][\n]"
22:05:07.766 [Forwarding sendKeysToElement on session 5010ef7e204650f5b76a6c1cbf3a3bef to remote] DEBUG org.apache.http.wire - http-outgoing-0 << "[\r][\n]"
22:05:07.766 [Forwarding sendKeysToElement on session 5010ef7e204650f5b76a6c1cbf3a3bef to remote] DEBUG org.apache.http.wire - http-outgoing-0 << "{"sessionId":"5010ef7e204650f5b76a6c1cbf3a3bef","status":0,"value":null}"
22:05:07.766 [Forwarding sendKeysToElement on session 5010ef7e204650f5b76a6c1cbf3a3bef to remote] DEBUG org.apache.http.headers - http-outgoing-0 << HTTP/1.1 200 OK
22:05:07.766 [Forwarding sendKeysToElement on session 5010ef7e204650f5b76a6c1cbf3a3bef to remote] DEBUG org.apache.http.headers - http-outgoing-0 << Content-Length:72
22:05:07.766 [Forwarding sendKeysToElement on session 5010ef7e204650f5b76a6c1cbf3a3bef to remote] DEBUG org.apache.http.headers - http-outgoing-0 << Content-Type:application/json; charset=utf-8
22:05:07.766 [Forwarding sendKeysToElement on session 5010ef7e204650f5b76a6c1cbf3a3bef to remote] DEBUG org.apache.http.impl.execchain.MainClientExec - Connection can be kept alive indefinitely
22:05:07.766 [Forwarding sendKeysToElement on session 5010ef7e204650f5b76a6c1cbf3a3bef to remote] DEBUG org.apache.http.impl.conn.PoolingHttpClientConnectionManager - Connection [id: 0][route: {}->http://localhost:34166] can be kept alive indefinitely
22:05:07.766 [Forwarding sendKeysToElement on session 5010ef7e204650f5b76a6c1cbf3a3bef to remote] DEBUG org.apache.http.impl.conn.PoolingHttpClientConnectionManager - Connection released: [id: 0][route: {}->http://localhost:34166][total kept alive: 1; route allocated: 1 of 2000; total allocated: 1 of 2000]
22:05:07.768 [Forwarding findElement on session 5010ef7e204650f5b76a6c1cbf3a3bef to remote] DEBUG org.apache.http.client.protocol.RequestAddCookies - CookieSpec selected: default
22:05:07.768 [Forwarding findElement on session 5010ef7e204650f5b76a6c1cbf3a3bef to remote] DEBUG org.apache.http.client.protocol.RequestAuthCache - Auth cache not set in the context
22:05:07.768 [Forwarding findElement on session 5010ef7e204650f5b76a6c1cbf3a3bef to remote] DEBUG org.apache.http.impl.conn.PoolingHttpClientConnectionManager - Connection request: [route: {}->http://localhost:34166][total kept alive: 1; route allocated: 1 of 2000; total allocated: 1 of 2000]
22:05:07.768 [Forwarding findElement on session 5010ef7e204650f5b76a6c1cbf3a3bef to remote] DEBUG org.apache.http.impl.conn.PoolingHttpClientConnectionManager - Connection leased: [id: 0][route: {}->http://localhost:34166][total kept alive: 0; route allocated: 1 of 2000; total allocated: 1 of 2000]
22:05:07.768 [Forwarding findElement on session 5010ef7e204650f5b76a6c1cbf3a3bef to remote] DEBUG org.apache.http.impl.execchain.MainClientExec - Stale connection check
22:05:07.770 [Forwarding findElement on session 5010ef7e204650f5b76a6c1cbf3a3bef to remote] DEBUG org.apache.http.wire - http-outgoing-0 << "[read] I/O error: Read timed out"
22:05:07.770 [Forwarding findElement on session 5010ef7e204650f5b76a6c1cbf3a3bef to remote] DEBUG org.apache.http.impl.conn.DefaultManagedHttpClientConnection - http-outgoing-0: set socket timeout to 10800000
22:05:07.770 [Forwarding findElement on session 5010ef7e204650f5b76a6c1cbf3a3bef to remote] DEBUG org.apache.http.impl.execchain.MainClientExec - Executing request POST /session/5010ef7e204650f5b76a6c1cbf3a3bef/element HTTP/1.1
22:05:07.770 [Forwarding findElement on session 5010ef7e204650f5b76a6c1cbf3a3bef to remote] DEBUG org.apache.http.impl.execchain.MainClientExec - Target auth state: UNCHALLENGED
22:05:07.770 [Forwarding findElement on session 5010ef7e204650f5b76a6c1cbf3a3bef to remote] DEBUG org.apache.http.impl.execchain.MainClientExec - Proxy auth state: UNCHALLENGED
22:05:07.770 [Forwarding findElement on session 5010ef7e204650f5b76a6c1cbf3a3bef to remote] DEBUG org.apache.http.headers - http-outgoing-0 >> POST /session/5010ef7e204650f5b76a6c1cbf3a3bef/element HTTP/1.1
22:05:07.770 [Forwarding findElement on session 5010ef7e204650f5b76a6c1cbf3a3bef to remote] DEBUG org.apache.http.headers - http-outgoing-0 >> Content-Type: application/json; charset=utf-8
22:05:07.770 [Forwarding findElement on session 5010ef7e204650f5b76a6c1cbf3a3bef to remote] DEBUG org.apache.http.headers - http-outgoing-0 >> Content-Length: 26
22:05:07.770 [Forwarding findElement on session 5010ef7e204650f5b76a6c1cbf3a3bef to remote] DEBUG org.apache.http.headers - http-outgoing-0 >> Host: localhost:34166
22:05:07.770 [Forwarding findElement on session 5010ef7e204650f5b76a6c1cbf3a3bef to remote] DEBUG org.apache.http.headers - http-outgoing-0 >> Connection: Keep-Alive
22:05:07.770 [Forwarding findElement on session 5010ef7e204650f5b76a6c1cbf3a3bef to remote] DEBUG org.apache.http.headers - http-outgoing-0 >> User-Agent: Apache-HttpClient/4.5.3 (Java/1.8.0_201)
22:05:07.770 [Forwarding findElement on session 5010ef7e204650f5b76a6c1cbf3a3bef to remote] DEBUG org.apache.http.headers - http-outgoing-0 >> Accept-Encoding: gzip,deflate
22:05:07.770 [Forwarding findElement on session 5010ef7e204650f5b76a6c1cbf3a3bef to remote] DEBUG org.apache.http.wire - http-outgoing-0 >> "POST /session/5010ef7e204650f5b76a6c1cbf3a3bef/element HTTP/1.1[\r][\n]"
22:05:07.770 [Forwarding findElement on session 5010ef7e204650f5b76a6c1cbf3a3bef to remote] DEBUG org.apache.http.wire - http-outgoing-0 >> "Content-Type: application/json; charset=utf-8[\r][\n]"
22:05:07.770 [Forwarding findElement on session 5010ef7e204650f5b76a6c1cbf3a3bef to remote] DEBUG org.apache.http.wire - http-outgoing-0 >> "Content-Length: 26[\r][\n]"
22:05:07.770 [Forwarding findElement on session 5010ef7e204650f5b76a6c1cbf3a3bef to remote] DEBUG org.apache.http.wire - http-outgoing-0 >> "Host: localhost:34166[\r][\n]"
22:05:07.770 [Forwarding findElement on session 5010ef7e204650f5b76a6c1cbf3a3bef to remote] DEBUG org.apache.http.wire - http-outgoing-0 >> "Connection: Keep-Alive[\r][\n]"
22:05:07.770 [Forwarding findElement on session 5010ef7e204650f5b76a6c1cbf3a3bef to remote] DEBUG org.apache.http.wire - http-outgoing-0 >> "User-Agent: Apache-HttpClient/4.5.3 (Java/1.8.0_201)[\r][\n]"
22:05:07.770 [Forwarding findElement on session 5010ef7e204650f5b76a6c1cbf3a3bef to remote] DEBUG org.apache.http.wire - http-outgoing-0 >> "Accept-Encoding: gzip,deflate[\r][\n]"
22:05:07.770 [Forwarding findElement on session 5010ef7e204650f5b76a6c1cbf3a3bef to remote] DEBUG org.apache.http.wire - http-outgoing-0 >> "[\r][\n]"
22:05:07.770 [Forwarding findElement on session 5010ef7e204650f5b76a6c1cbf3a3bef to remote] DEBUG org.apache.http.wire - http-outgoing-0 >> "{"using":"id","value":"b"}"
22:05:07.776 [Forwarding findElement on session 5010ef7e204650f5b76a6c1cbf3a3bef to remote] DEBUG org.apache.http.wire - http-outgoing-0 << "HTTP/1.1 200 OK[\r][\n]"
22:05:07.776 [Forwarding findElement on session 5010ef7e204650f5b76a6c1cbf3a3bef to remote] DEBUG org.apache.http.wire - http-outgoing-0 << "Content-Length:102[\r][\n]"
22:05:07.776 [Forwarding findElement on session 5010ef7e204650f5b76a6c1cbf3a3bef to remote] DEBUG org.apache.http.wire - http-outgoing-0 << "Content-Type:application/json; charset=utf-8[\r][\n]"
22:05:07.776 [Forwarding findElement on session 5010ef7e204650f5b76a6c1cbf3a3bef to remote] DEBUG org.apache.http.wire - http-outgoing-0 << "[\r][\n]"
22:05:07.776 [Forwarding findElement on session 5010ef7e204650f5b76a6c1cbf3a3bef to remote] DEBUG org.apache.http.wire - http-outgoing-0 << "{"sessionId":"5010ef7e204650f5b76a6c1cbf3a3bef","status":0,"value":{"ELEMENT":"0.7081165716970947-3"}}"
22:05:07.776 [Forwarding findElement on session 5010ef7e204650f5b76a6c1cbf3a3bef to remote] DEBUG org.apache.http.headers - http-outgoing-0 << HTTP/1.1 200 OK
22:05:07.776 [Forwarding findElement on session 5010ef7e204650f5b76a6c1cbf3a3bef to remote] DEBUG org.apache.http.headers - http-outgoing-0 << Content-Length:102
22:05:07.776 [Forwarding findElement on session 5010ef7e204650f5b76a6c1cbf3a3bef to remote] DEBUG org.apache.http.headers - http-outgoing-0 << Content-Type:application/json; charset=utf-8
22:05:07.776 [Forwarding findElement on session 5010ef7e204650f5b76a6c1cbf3a3bef to remote] DEBUG org.apache.http.impl.execchain.MainClientExec - Connection can be kept alive indefinitely
22:05:07.777 [Forwarding findElement on session 5010ef7e204650f5b76a6c1cbf3a3bef to remote] DEBUG org.apache.http.impl.conn.PoolingHttpClientConnectionManager - Connection [id: 0][route: {}->http://localhost:34166] can be kept alive indefinitely
22:05:07.777 [Forwarding findElement on session 5010ef7e204650f5b76a6c1cbf3a3bef to remote] DEBUG org.apache.http.impl.conn.PoolingHttpClientConnectionManager - Connection released: [id: 0][route: {}->http://localhost:34166][total kept alive: 1; route allocated: 1 of 2000; total allocated: 1 of 2000]
22:05:07.779 [Forwarding sendKeysToElement on session 5010ef7e204650f5b76a6c1cbf3a3bef to remote] DEBUG org.apache.http.client.protocol.RequestAddCookies - CookieSpec selected: default
22:05:07.779 [Forwarding sendKeysToElement on session 5010ef7e204650f5b76a6c1cbf3a3bef to remote] DEBUG org.apache.http.client.protocol.RequestAuthCache - Auth cache not set in the context
22:05:07.779 [Forwarding sendKeysToElement on session 5010ef7e204650f5b76a6c1cbf3a3bef to remote] DEBUG org.apache.http.impl.conn.PoolingHttpClientConnectionManager - Connection request: [route: {}->http://localhost:34166][total kept alive: 1; route allocated: 1 of 2000; total allocated: 1 of 2000]
22:05:07.779 [Forwarding sendKeysToElement on session 5010ef7e204650f5b76a6c1cbf3a3bef to remote] DEBUG org.apache.http.impl.conn.PoolingHttpClientConnectionManager - Connection leased: [id: 0][route: {}->http://localhost:34166][total kept alive: 0; route allocated: 1 of 2000; total allocated: 1 of 2000]
22:05:07.779 [Forwarding sendKeysToElement on session 5010ef7e204650f5b76a6c1cbf3a3bef to remote] DEBUG org.apache.http.impl.execchain.MainClientExec - Stale connection check
22:05:07.780 [Forwarding sendKeysToElement on session 5010ef7e204650f5b76a6c1cbf3a3bef to remote] DEBUG org.apache.http.wire - http-outgoing-0 << "[read] I/O error: Read timed out"
22:05:07.780 [Forwarding sendKeysToElement on session 5010ef7e204650f5b76a6c1cbf3a3bef to remote] DEBUG org.apache.http.impl.conn.DefaultManagedHttpClientConnection - http-outgoing-0: set socket timeout to 10800000
22:05:07.780 [Forwarding sendKeysToElement on session 5010ef7e204650f5b76a6c1cbf3a3bef to remote] DEBUG org.apache.http.impl.execchain.MainClientExec - Executing request POST /session/5010ef7e204650f5b76a6c1cbf3a3bef/element/0.7081165716970947-3/value HTTP/1.1
22:05:07.780 [Forwarding sendKeysToElement on session 5010ef7e204650f5b76a6c1cbf3a3bef to remote] DEBUG org.apache.http.impl.execchain.MainClientExec - Target auth state: UNCHALLENGED
22:05:07.780 [Forwarding sendKeysToElement on session 5010ef7e204650f5b76a6c1cbf3a3bef to remote] DEBUG org.apache.http.impl.execchain.MainClientExec - Proxy auth state: UNCHALLENGED
22:05:07.780 [Forwarding sendKeysToElement on session 5010ef7e204650f5b76a6c1cbf3a3bef to remote] DEBUG org.apache.http.headers - http-outgoing-0 >> POST /session/5010ef7e204650f5b76a6c1cbf3a3bef/element/0.7081165716970947-3/value HTTP/1.1
22:05:07.780 [Forwarding sendKeysToElement on session 5010ef7e204650f5b76a6c1cbf3a3bef to remote] DEBUG org.apache.http.headers - http-outgoing-0 >> Content-Type: application/json; charset=utf-8
22:05:07.780 [Forwarding sendKeysToElement on session 5010ef7e204650f5b76a6c1cbf3a3bef to remote] DEBUG org.apache.http.headers - http-outgoing-0 >> Content-Length: 43
22:05:07.780 [Forwarding sendKeysToElement on session 5010ef7e204650f5b76a6c1cbf3a3bef to remote] DEBUG org.apache.http.headers - http-outgoing-0 >> Host: localhost:34166
22:05:07.780 [Forwarding sendKeysToElement on session 5010ef7e204650f5b76a6c1cbf3a3bef to remote] DEBUG org.apache.http.headers - http-outgoing-0 >> Connection: Keep-Alive
22:05:07.780 [Forwarding sendKeysToElement on session 5010ef7e204650f5b76a6c1cbf3a3bef to remote] DEBUG org.apache.http.headers - http-outgoing-0 >> User-Agent: Apache-HttpClient/4.5.3 (Java/1.8.0_201)
22:05:07.780 [Forwarding sendKeysToElement on session 5010ef7e204650f5b76a6c1cbf3a3bef to remote] DEBUG org.apache.http.headers - http-outgoing-0 >> Accept-Encoding: gzip,deflate
22:05:07.780 [Forwarding sendKeysToElement on session 5010ef7e204650f5b76a6c1cbf3a3bef to remote] DEBUG org.apache.http.wire - http-outgoing-0 >> "POST /session/5010ef7e204650f5b76a6c1cbf3a3bef/element/0.7081165716970947-3/value HTTP/1.1[\r][\n]"
22:05:07.780 [Forwarding sendKeysToElement on session 5010ef7e204650f5b76a6c1cbf3a3bef to remote] DEBUG org.apache.http.wire - http-outgoing-0 >> "Content-Type: application/json; charset=utf-8[\r][\n]"
22:05:07.780 [Forwarding sendKeysToElement on session 5010ef7e204650f5b76a6c1cbf3a3bef to remote] DEBUG org.apache.http.wire - http-outgoing-0 >> "Content-Length: 43[\r][\n]"
22:05:07.780 [Forwarding sendKeysToElement on session 5010ef7e204650f5b76a6c1cbf3a3bef to remote] DEBUG org.apache.http.wire - http-outgoing-0 >> "Host: localhost:34166[\r][\n]"
22:05:07.780 [Forwarding sendKeysToElement on session 5010ef7e204650f5b76a6c1cbf3a3bef to remote] DEBUG org.apache.http.wire - http-outgoing-0 >> "Connection: Keep-Alive[\r][\n]"
22:05:07.780 [Forwarding sendKeysToElement on session 5010ef7e204650f5b76a6c1cbf3a3bef to remote] DEBUG org.apache.http.wire - http-outgoing-0 >> "User-Agent: Apache-HttpClient/4.5.3 (Java/1.8.0_201)[\r][\n]"
22:05:07.780 [Forwarding sendKeysToElement on session 5010ef7e204650f5b76a6c1cbf3a3bef to remote] DEBUG org.apache.http.wire - http-outgoing-0 >> "Accept-Encoding: gzip,deflate[\r][\n]"
22:05:07.780 [Forwarding sendKeysToElement on session 5010ef7e204650f5b76a6c1cbf3a3bef to remote] DEBUG org.apache.http.wire - http-outgoing-0 >> "[\r][\n]"
22:05:07.780 [Forwarding sendKeysToElement on session 5010ef7e204650f5b76a6c1cbf3a3bef to remote] DEBUG org.apache.http.wire - http-outgoing-0 >> "{"id":"0.7081165716970947-3","value":["5"]}"
22:05:07.817 [Forwarding sendKeysToElement on session 5010ef7e204650f5b76a6c1cbf3a3bef to remote] DEBUG org.apache.http.wire - http-outgoing-0 << "HTTP/1.1 200 OK[\r][\n]"
22:05:07.817 [Forwarding sendKeysToElement on session 5010ef7e204650f5b76a6c1cbf3a3bef to remote] DEBUG org.apache.http.wire - http-outgoing-0 << "Content-Length:72[\r][\n]"
22:05:07.817 [Forwarding sendKeysToElement on session 5010ef7e204650f5b76a6c1cbf3a3bef to remote] DEBUG org.apache.http.wire - http-outgoing-0 << "Content-Type:application/json; charset=utf-8[\r][\n]"
22:05:07.817 [Forwarding sendKeysToElement on session 5010ef7e204650f5b76a6c1cbf3a3bef to remote] DEBUG org.apache.http.wire - http-outgoing-0 << "[\r][\n]"
22:05:07.817 [Forwarding sendKeysToElement on session 5010ef7e204650f5b76a6c1cbf3a3bef to remote] DEBUG org.apache.http.wire - http-outgoing-0 << "{"sessionId":"5010ef7e204650f5b76a6c1cbf3a3bef","status":0,"value":null}"
22:05:07.817 [Forwarding sendKeysToElement on session 5010ef7e204650f5b76a6c1cbf3a3bef to remote] DEBUG org.apache.http.headers - http-outgoing-0 << HTTP/1.1 200 OK
22:05:07.817 [Forwarding sendKeysToElement on session 5010ef7e204650f5b76a6c1cbf3a3bef to remote] DEBUG org.apache.http.headers - http-outgoing-0 << Content-Length:72
22:05:07.817 [Forwarding sendKeysToElement on session 5010ef7e204650f5b76a6c1cbf3a3bef to remote] DEBUG org.apache.http.headers - http-outgoing-0 << Content-Type:application/json; charset=utf-8
22:05:07.817 [Forwarding sendKeysToElement on session 5010ef7e204650f5b76a6c1cbf3a3bef to remote] DEBUG org.apache.http.impl.execchain.MainClientExec - Connection can be kept alive indefinitely
22:05:07.817 [Forwarding sendKeysToElement on session 5010ef7e204650f5b76a6c1cbf3a3bef to remote] DEBUG org.apache.http.impl.conn.PoolingHttpClientConnectionManager - Connection [id: 0][route: {}->http://localhost:34166] can be kept alive indefinitely
22:05:07.817 [Forwarding sendKeysToElement on session 5010ef7e204650f5b76a6c1cbf3a3bef to remote] DEBUG org.apache.http.impl.conn.PoolingHttpClientConnectionManager - Connection released: [id: 0][route: {}->http://localhost:34166][total kept alive: 1; route allocated: 1 of 2000; total allocated: 1 of 2000]
22:05:07.818 [Forwarding findElement on session 5010ef7e204650f5b76a6c1cbf3a3bef to remote] DEBUG org.apache.http.client.protocol.RequestAddCookies - CookieSpec selected: default
22:05:07.819 [Forwarding findElement on session 5010ef7e204650f5b76a6c1cbf3a3bef to remote] DEBUG org.apache.http.client.protocol.RequestAuthCache - Auth cache not set in the context
22:05:07.819 [Forwarding findElement on session 5010ef7e204650f5b76a6c1cbf3a3bef to remote] DEBUG org.apache.http.impl.conn.PoolingHttpClientConnectionManager - Connection request: [route: {}->http://localhost:34166][total kept alive: 1; route allocated: 1 of 2000; total allocated: 1 of 2000]
22:05:07.819 [Forwarding findElement on session 5010ef7e204650f5b76a6c1cbf3a3bef to remote] DEBUG org.apache.http.impl.conn.PoolingHttpClientConnectionManager - Connection leased: [id: 0][route: {}->http://localhost:34166][total kept alive: 0; route allocated: 1 of 2000; total allocated: 1 of 2000]
22:05:07.819 [Forwarding findElement on session 5010ef7e204650f5b76a6c1cbf3a3bef to remote] DEBUG org.apache.http.impl.execchain.MainClientExec - Stale connection check
22:05:07.821 [Forwarding findElement on session 5010ef7e204650f5b76a6c1cbf3a3bef to remote] DEBUG org.apache.http.wire - http-outgoing-0 << "[read] I/O error: Read timed out"
22:05:07.821 [Forwarding findElement on session 5010ef7e204650f5b76a6c1cbf3a3bef to remote] DEBUG org.apache.http.impl.conn.DefaultManagedHttpClientConnection - http-outgoing-0: set socket timeout to 10800000
22:05:07.821 [Forwarding findElement on session 5010ef7e204650f5b76a6c1cbf3a3bef to remote] DEBUG org.apache.http.impl.execchain.MainClientExec - Executing request POST /session/5010ef7e204650f5b76a6c1cbf3a3bef/element HTTP/1.1
22:05:07.821 [Forwarding findElement on session 5010ef7e204650f5b76a6c1cbf3a3bef to remote] DEBUG org.apache.http.impl.execchain.MainClientExec - Target auth state: UNCHALLENGED
22:05:07.821 [Forwarding findElement on session 5010ef7e204650f5b76a6c1cbf3a3bef to remote] DEBUG org.apache.http.impl.execchain.MainClientExec - Proxy auth state: UNCHALLENGED
22:05:07.821 [Forwarding findElement on session 5010ef7e204650f5b76a6c1cbf3a3bef to remote] DEBUG org.apache.http.headers - http-outgoing-0 >> POST /session/5010ef7e204650f5b76a6c1cbf3a3bef/element HTTP/1.1
22:05:07.821 [Forwarding findElement on session 5010ef7e204650f5b76a6c1cbf3a3bef to remote] DEBUG org.apache.http.headers - http-outgoing-0 >> Content-Type: application/json; charset=utf-8
22:05:07.821 [Forwarding findElement on session 5010ef7e204650f5b76a6c1cbf3a3bef to remote] DEBUG org.apache.http.headers - http-outgoing-0 >> Content-Length: 57
22:05:07.821 [Forwarding findElement on session 5010ef7e204650f5b76a6c1cbf3a3bef to remote] DEBUG org.apache.http.headers - http-outgoing-0 >> Host: localhost:34166
22:05:07.821 [Forwarding findElement on session 5010ef7e204650f5b76a6c1cbf3a3bef to remote] DEBUG org.apache.http.headers - http-outgoing-0 >> Connection: Keep-Alive
22:05:07.821 [Forwarding findElement on session 5010ef7e204650f5b76a6c1cbf3a3bef to remote] DEBUG org.apache.http.headers - http-outgoing-0 >> User-Agent: Apache-HttpClient/4.5.3 (Java/1.8.0_201)
22:05:07.821 [Forwarding findElement on session 5010ef7e204650f5b76a6c1cbf3a3bef to remote] DEBUG org.apache.http.headers - http-outgoing-0 >> Accept-Encoding: gzip,deflate
22:05:07.821 [Forwarding findElement on session 5010ef7e204650f5b76a6c1cbf3a3bef to remote] DEBUG org.apache.http.wire - http-outgoing-0 >> "POST /session/5010ef7e204650f5b76a6c1cbf3a3bef/element HTTP/1.1[\r][\n]"
22:05:07.821 [Forwarding findElement on session 5010ef7e204650f5b76a6c1cbf3a3bef to remote] DEBUG org.apache.http.wire - http-outgoing-0 >> "Content-Type: application/json; charset=utf-8[\r][\n]"
22:05:07.821 [Forwarding findElement on session 5010ef7e204650f5b76a6c1cbf3a3bef to remote] DEBUG org.apache.http.wire - http-outgoing-0 >> "Content-Length: 57[\r][\n]"
22:05:07.821 [Forwarding findElement on session 5010ef7e204650f5b76a6c1cbf3a3bef to remote] DEBUG org.apache.http.wire - http-outgoing-0 >> "Host: localhost:34166[\r][\n]"
22:05:07.821 [Forwarding findElement on session 5010ef7e204650f5b76a6c1cbf3a3bef to remote] DEBUG org.apache.http.wire - http-outgoing-0 >> "Connection: Keep-Alive[\r][\n]"
22:05:07.821 [Forwarding findElement on session 5010ef7e204650f5b76a6c1cbf3a3bef to remote] DEBUG org.apache.http.wire - http-outgoing-0 >> "User-Agent: Apache-HttpClient/4.5.3 (Java/1.8.0_201)[\r][\n]"
22:05:07.821 [Forwarding findElement on session 5010ef7e204650f5b76a6c1cbf3a3bef to remote] DEBUG org.apache.http.wire - http-outgoing-0 >> "Accept-Encoding: gzip,deflate[\r][\n]"
22:05:07.821 [Forwarding findElement on session 5010ef7e204650f5b76a6c1cbf3a3bef to remote] DEBUG org.apache.http.wire - http-outgoing-0 >> "[\r][\n]"
22:05:07.821 [Forwarding findElement on session 5010ef7e204650f5b76a6c1cbf3a3bef to remote] DEBUG org.apache.http.wire - http-outgoing-0 >> "{"using":"xpath","value":"/html/body/form/p[1]/input[2]"}"
22:05:07.831 [Forwarding findElement on session 5010ef7e204650f5b76a6c1cbf3a3bef to remote] DEBUG org.apache.http.wire - http-outgoing-0 << "HTTP/1.1 200 OK[\r][\n]"
22:05:07.831 [Forwarding findElement on session 5010ef7e204650f5b76a6c1cbf3a3bef to remote] DEBUG org.apache.http.wire - http-outgoing-0 << "Content-Length:102[\r][\n]"
22:05:07.831 [Forwarding findElement on session 5010ef7e204650f5b76a6c1cbf3a3bef to remote] DEBUG org.apache.http.wire - http-outgoing-0 << "Content-Type:application/json; charset=utf-8[\r][\n]"
22:05:07.831 [Forwarding findElement on session 5010ef7e204650f5b76a6c1cbf3a3bef to remote] DEBUG org.apache.http.wire - http-outgoing-0 << "[\r][\n]"
22:05:07.831 [Forwarding findElement on session 5010ef7e204650f5b76a6c1cbf3a3bef to remote] DEBUG org.apache.http.wire - http-outgoing-0 << "{"sessionId":"5010ef7e204650f5b76a6c1cbf3a3bef","status":0,"value":{"ELEMENT":"0.7081165716970947-5"}}"
22:05:07.831 [Forwarding findElement on session 5010ef7e204650f5b76a6c1cbf3a3bef to remote] DEBUG org.apache.http.headers - http-outgoing-0 << HTTP/1.1 200 OK
22:05:07.831 [Forwarding findElement on session 5010ef7e204650f5b76a6c1cbf3a3bef to remote] DEBUG org.apache.http.headers - http-outgoing-0 << Content-Length:102
22:05:07.831 [Forwarding findElement on session 5010ef7e204650f5b76a6c1cbf3a3bef to remote] DEBUG org.apache.http.headers - http-outgoing-0 << Content-Type:application/json; charset=utf-8
22:05:07.831 [Forwarding findElement on session 5010ef7e204650f5b76a6c1cbf3a3bef to remote] DEBUG org.apache.http.impl.execchain.MainClientExec - Connection can be kept alive indefinitely
22:05:07.831 [Forwarding findElement on session 5010ef7e204650f5b76a6c1cbf3a3bef to remote] DEBUG org.apache.http.impl.conn.PoolingHttpClientConnectionManager - Connection [id: 0][route: {}->http://localhost:34166] can be kept alive indefinitely
22:05:07.831 [Forwarding findElement on session 5010ef7e204650f5b76a6c1cbf3a3bef to remote] DEBUG org.apache.http.impl.conn.PoolingHttpClientConnectionManager - Connection released: [id: 0][route: {}->http://localhost:34166][total kept alive: 1; route allocated: 1 of 2000; total allocated: 1 of 2000]
22:05:07.833 [Forwarding clickElement on session 5010ef7e204650f5b76a6c1cbf3a3bef to remote] DEBUG org.apache.http.client.protocol.RequestAddCookies - CookieSpec selected: default
22:05:07.833 [Forwarding clickElement on session 5010ef7e204650f5b76a6c1cbf3a3bef to remote] DEBUG org.apache.http.client.protocol.RequestAuthCache - Auth cache not set in the context
22:05:07.833 [Forwarding clickElement on session 5010ef7e204650f5b76a6c1cbf3a3bef to remote] DEBUG org.apache.http.impl.conn.PoolingHttpClientConnectionManager - Connection request: [route: {}->http://localhost:34166][total kept alive: 1; route allocated: 1 of 2000; total allocated: 1 of 2000]
22:05:07.833 [Forwarding clickElement on session 5010ef7e204650f5b76a6c1cbf3a3bef to remote] DEBUG org.apache.http.impl.conn.PoolingHttpClientConnectionManager - Connection leased: [id: 0][route: {}->http://localhost:34166][total kept alive: 0; route allocated: 1 of 2000; total allocated: 1 of 2000]
22:05:07.833 [Forwarding clickElement on session 5010ef7e204650f5b76a6c1cbf3a3bef to remote] DEBUG org.apache.http.impl.execchain.MainClientExec - Stale connection check
22:05:07.835 [Forwarding clickElement on session 5010ef7e204650f5b76a6c1cbf3a3bef to remote] DEBUG org.apache.http.wire - http-outgoing-0 << "[read] I/O error: Read timed out"
22:05:07.835 [Forwarding clickElement on session 5010ef7e204650f5b76a6c1cbf3a3bef to remote] DEBUG org.apache.http.impl.conn.DefaultManagedHttpClientConnection - http-outgoing-0: set socket timeout to 10800000
22:05:07.835 [Forwarding clickElement on session 5010ef7e204650f5b76a6c1cbf3a3bef to remote] DEBUG org.apache.http.impl.execchain.MainClientExec - Executing request POST /session/5010ef7e204650f5b76a6c1cbf3a3bef/element/0.7081165716970947-5/click HTTP/1.1
22:05:07.835 [Forwarding clickElement on session 5010ef7e204650f5b76a6c1cbf3a3bef to remote] DEBUG org.apache.http.impl.execchain.MainClientExec - Target auth state: UNCHALLENGED
22:05:07.835 [Forwarding clickElement on session 5010ef7e204650f5b76a6c1cbf3a3bef to remote] DEBUG org.apache.http.impl.execchain.MainClientExec - Proxy auth state: UNCHALLENGED
22:05:07.835 [Forwarding clickElement on session 5010ef7e204650f5b76a6c1cbf3a3bef to remote] DEBUG org.apache.http.headers - http-outgoing-0 >> POST /session/5010ef7e204650f5b76a6c1cbf3a3bef/element/0.7081165716970947-5/click HTTP/1.1
22:05:07.835 [Forwarding clickElement on session 5010ef7e204650f5b76a6c1cbf3a3bef to remote] DEBUG org.apache.http.headers - http-outgoing-0 >> Content-Type: application/json; charset=utf-8
22:05:07.835 [Forwarding clickElement on session 5010ef7e204650f5b76a6c1cbf3a3bef to remote] DEBUG org.apache.http.headers - http-outgoing-0 >> Content-Length: 29
22:05:07.835 [Forwarding clickElement on session 5010ef7e204650f5b76a6c1cbf3a3bef to remote] DEBUG org.apache.http.headers - http-outgoing-0 >> Host: localhost:34166
22:05:07.835 [Forwarding clickElement on session 5010ef7e204650f5b76a6c1cbf3a3bef to remote] DEBUG org.apache.http.headers - http-outgoing-0 >> Connection: Keep-Alive
22:05:07.835 [Forwarding clickElement on session 5010ef7e204650f5b76a6c1cbf3a3bef to remote] DEBUG org.apache.http.headers - http-outgoing-0 >> User-Agent: Apache-HttpClient/4.5.3 (Java/1.8.0_201)
22:05:07.835 [Forwarding clickElement on session 5010ef7e204650f5b76a6c1cbf3a3bef to remote] DEBUG org.apache.http.headers - http-outgoing-0 >> Accept-Encoding: gzip,deflate
22:05:07.835 [Forwarding clickElement on session 5010ef7e204650f5b76a6c1cbf3a3bef to remote] DEBUG org.apache.http.wire - http-outgoing-0 >> "POST /session/5010ef7e204650f5b76a6c1cbf3a3bef/element/0.7081165716970947-5/click HTTP/1.1[\r][\n]"
22:05:07.835 [Forwarding clickElement on session 5010ef7e204650f5b76a6c1cbf3a3bef to remote] DEBUG org.apache.http.wire - http-outgoing-0 >> "Content-Type: application/json; charset=utf-8[\r][\n]"
22:05:07.835 [Forwarding clickElement on session 5010ef7e204650f5b76a6c1cbf3a3bef to remote] DEBUG org.apache.http.wire - http-outgoing-0 >> "Content-Length: 29[\r][\n]"
22:05:07.835 [Forwarding clickElement on session 5010ef7e204650f5b76a6c1cbf3a3bef to remote] DEBUG org.apache.http.wire - http-outgoing-0 >> "Host: localhost:34166[\r][\n]"
22:05:07.835 [Forwarding clickElement on session 5010ef7e204650f5b76a6c1cbf3a3bef to remote] DEBUG org.apache.http.wire - http-outgoing-0 >> "Connection: Keep-Alive[\r][\n]"
22:05:07.835 [Forwarding clickElement on session 5010ef7e204650f5b76a6c1cbf3a3bef to remote] DEBUG org.apache.http.wire - http-outgoing-0 >> "User-Agent: Apache-HttpClient/4.5.3 (Java/1.8.0_201)[\r][\n]"
22:05:07.835 [Forwarding clickElement on session 5010ef7e204650f5b76a6c1cbf3a3bef to remote] DEBUG org.apache.http.wire - http-outgoing-0 >> "Accept-Encoding: gzip,deflate[\r][\n]"
22:05:07.835 [Forwarding clickElement on session 5010ef7e204650f5b76a6c1cbf3a3bef to remote] DEBUG org.apache.http.wire - http-outgoing-0 >> "[\r][\n]"
22:05:07.835 [Forwarding clickElement on session 5010ef7e204650f5b76a6c1cbf3a3bef to remote] DEBUG org.apache.http.wire - http-outgoing-0 >> "{"id":"0.7081165716970947-5"}"
22:05:07.903 [Forwarding clickElement on session 5010ef7e204650f5b76a6c1cbf3a3bef to remote] DEBUG org.apache.http.wire - http-outgoing-0 << "HTTP/1.1 200 OK[\r][\n]"
22:05:07.903 [Forwarding clickElement on session 5010ef7e204650f5b76a6c1cbf3a3bef to remote] DEBUG org.apache.http.wire - http-outgoing-0 << "Content-Length:72[\r][\n]"
22:05:07.903 [Forwarding clickElement on session 5010ef7e204650f5b76a6c1cbf3a3bef to remote] DEBUG org.apache.http.wire - http-outgoing-0 << "Content-Type:application/json; charset=utf-8[\r][\n]"
22:05:07.903 [Forwarding clickElement on session 5010ef7e204650f5b76a6c1cbf3a3bef to remote] DEBUG org.apache.http.wire - http-outgoing-0 << "[\r][\n]"
22:05:07.903 [Forwarding clickElement on session 5010ef7e204650f5b76a6c1cbf3a3bef to remote] DEBUG org.apache.http.wire - http-outgoing-0 << "{"sessionId":"5010ef7e204650f5b76a6c1cbf3a3bef","status":0,"value":null}"
22:05:07.903 [Forwarding clickElement on session 5010ef7e204650f5b76a6c1cbf3a3bef to remote] DEBUG org.apache.http.headers - http-outgoing-0 << HTTP/1.1 200 OK
22:05:07.903 [Forwarding clickElement on session 5010ef7e204650f5b76a6c1cbf3a3bef to remote] DEBUG org.apache.http.headers - http-outgoing-0 << Content-Length:72
22:05:07.904 [Forwarding clickElement on session 5010ef7e204650f5b76a6c1cbf3a3bef to remote] DEBUG org.apache.http.headers - http-outgoing-0 << Content-Type:application/json; charset=utf-8
22:05:07.904 [Forwarding clickElement on session 5010ef7e204650f5b76a6c1cbf3a3bef to remote] DEBUG org.apache.http.impl.execchain.MainClientExec - Connection can be kept alive indefinitely
22:05:07.904 [Forwarding clickElement on session 5010ef7e204650f5b76a6c1cbf3a3bef to remote] DEBUG org.apache.http.impl.conn.PoolingHttpClientConnectionManager - Connection [id: 0][route: {}->http://localhost:34166] can be kept alive indefinitely
22:05:07.904 [Forwarding clickElement on session 5010ef7e204650f5b76a6c1cbf3a3bef to remote] DEBUG org.apache.http.impl.conn.PoolingHttpClientConnectionManager - Connection released: [id: 0][route: {}->http://localhost:34166][total kept alive: 1; route allocated: 1 of 2000; total allocated: 1 of 2000]
22:05:10.905 [Forwarding findElement on session 5010ef7e204650f5b76a6c1cbf3a3bef to remote] DEBUG org.apache.http.client.protocol.RequestAddCookies - CookieSpec selected: default
22:05:10.906 [Forwarding findElement on session 5010ef7e204650f5b76a6c1cbf3a3bef to remote] DEBUG org.apache.http.client.protocol.RequestAuthCache - Auth cache not set in the context
22:05:10.906 [Forwarding findElement on session 5010ef7e204650f5b76a6c1cbf3a3bef to remote] DEBUG org.apache.http.impl.conn.PoolingHttpClientConnectionManager - Connection request: [route: {}->http://localhost:34166][total kept alive: 1; route allocated: 1 of 2000; total allocated: 1 of 2000]
22:05:10.907 [Forwarding findElement on session 5010ef7e204650f5b76a6c1cbf3a3bef to remote] DEBUG org.apache.http.wire - http-outgoing-0 << "[read] I/O error: Read timed out"
22:05:10.907 [Forwarding findElement on session 5010ef7e204650f5b76a6c1cbf3a3bef to remote] DEBUG org.apache.http.impl.conn.PoolingHttpClientConnectionManager - Connection leased: [id: 0][route: {}->http://localhost:34166][total kept alive: 0; route allocated: 1 of 2000; total allocated: 1 of 2000]
22:05:10.907 [Forwarding findElement on session 5010ef7e204650f5b76a6c1cbf3a3bef to remote] DEBUG org.apache.http.impl.execchain.MainClientExec - Stale connection check
22:05:10.908 [Forwarding findElement on session 5010ef7e204650f5b76a6c1cbf3a3bef to remote] DEBUG org.apache.http.wire - http-outgoing-0 << "[read] I/O error: Read timed out"
22:05:10.908 [Forwarding findElement on session 5010ef7e204650f5b76a6c1cbf3a3bef to remote] DEBUG org.apache.http.impl.conn.DefaultManagedHttpClientConnection - http-outgoing-0: set socket timeout to 10800000
22:05:10.908 [Forwarding findElement on session 5010ef7e204650f5b76a6c1cbf3a3bef to remote] DEBUG org.apache.http.impl.execchain.MainClientExec - Executing request POST /session/5010ef7e204650f5b76a6c1cbf3a3bef/element HTTP/1.1
22:05:10.908 [Forwarding findElement on session 5010ef7e204650f5b76a6c1cbf3a3bef to remote] DEBUG org.apache.http.impl.execchain.MainClientExec - Target auth state: UNCHALLENGED
22:05:10.908 [Forwarding findElement on session 5010ef7e204650f5b76a6c1cbf3a3bef to remote] DEBUG org.apache.http.impl.execchain.MainClientExec - Proxy auth state: UNCHALLENGED
22:05:10.908 [Forwarding findElement on session 5010ef7e204650f5b76a6c1cbf3a3bef to remote] DEBUG org.apache.http.headers - http-outgoing-0 >> POST /session/5010ef7e204650f5b76a6c1cbf3a3bef/element HTTP/1.1
22:05:10.908 [Forwarding findElement on session 5010ef7e204650f5b76a6c1cbf3a3bef to remote] DEBUG org.apache.http.headers - http-outgoing-0 >> Content-Type: application/json; charset=utf-8
22:05:10.908 [Forwarding findElement on session 5010ef7e204650f5b76a6c1cbf3a3bef to remote] DEBUG org.apache.http.headers - http-outgoing-0 >> Content-Length: 51
22:05:10.908 [Forwarding findElement on session 5010ef7e204650f5b76a6c1cbf3a3bef to remote] DEBUG org.apache.http.headers - http-outgoing-0 >> Host: localhost:34166
22:05:10.908 [Forwarding findElement on session 5010ef7e204650f5b76a6c1cbf3a3bef to remote] DEBUG org.apache.http.headers - http-outgoing-0 >> Connection: Keep-Alive
22:05:10.908 [Forwarding findElement on session 5010ef7e204650f5b76a6c1cbf3a3bef to remote] DEBUG org.apache.http.headers - http-outgoing-0 >> User-Agent: Apache-HttpClient/4.5.3 (Java/1.8.0_201)
22:05:10.908 [Forwarding findElement on session 5010ef7e204650f5b76a6c1cbf3a3bef to remote] DEBUG org.apache.http.headers - http-outgoing-0 >> Accept-Encoding: gzip,deflate
22:05:10.908 [Forwarding findElement on session 5010ef7e204650f5b76a6c1cbf3a3bef to remote] DEBUG org.apache.http.wire - http-outgoing-0 >> "POST /session/5010ef7e204650f5b76a6c1cbf3a3bef/element HTTP/1.1[\r][\n]"
22:05:10.908 [Forwarding findElement on session 5010ef7e204650f5b76a6c1cbf3a3bef to remote] DEBUG org.apache.http.wire - http-outgoing-0 >> "Content-Type: application/json; charset=utf-8[\r][\n]"
22:05:10.908 [Forwarding findElement on session 5010ef7e204650f5b76a6c1cbf3a3bef to remote] DEBUG org.apache.http.wire - http-outgoing-0 >> "Content-Length: 51[\r][\n]"
22:05:10.908 [Forwarding findElement on session 5010ef7e204650f5b76a6c1cbf3a3bef to remote] DEBUG org.apache.http.wire - http-outgoing-0 >> "Host: localhost:34166[\r][\n]"
22:05:10.908 [Forwarding findElement on session 5010ef7e204650f5b76a6c1cbf3a3bef to remote] DEBUG org.apache.http.wire - http-outgoing-0 >> "Connection: Keep-Alive[\r][\n]"
22:05:10.908 [Forwarding findElement on session 5010ef7e204650f5b76a6c1cbf3a3bef to remote] DEBUG org.apache.http.wire - http-outgoing-0 >> "User-Agent: Apache-HttpClient/4.5.3 (Java/1.8.0_201)[\r][\n]"
22:05:10.908 [Forwarding findElement on session 5010ef7e204650f5b76a6c1cbf3a3bef to remote] DEBUG org.apache.http.wire - http-outgoing-0 >> "Accept-Encoding: gzip,deflate[\r][\n]"
22:05:10.908 [Forwarding findElement on session 5010ef7e204650f5b76a6c1cbf3a3bef to remote] DEBUG org.apache.http.wire - http-outgoing-0 >> "[\r][\n]"
22:05:10.908 [Forwarding findElement on session 5010ef7e204650f5b76a6c1cbf3a3bef to remote] DEBUG org.apache.http.wire - http-outgoing-0 >> "{"using":"xpath","value":"/html/body/form/h1[2]/p"}"
22:05:10.919 [Forwarding findElement on session 5010ef7e204650f5b76a6c1cbf3a3bef to remote] DEBUG org.apache.http.wire - http-outgoing-0 << "HTTP/1.1 200 OK[\r][\n]"
22:05:10.919 [Forwarding findElement on session 5010ef7e204650f5b76a6c1cbf3a3bef to remote] DEBUG org.apache.http.wire - http-outgoing-0 << "Content-Length:102[\r][\n]"
22:05:10.919 [Forwarding findElement on session 5010ef7e204650f5b76a6c1cbf3a3bef to remote] DEBUG org.apache.http.wire - http-outgoing-0 << "Content-Type:application/json; charset=utf-8[\r][\n]"
22:05:10.919 [Forwarding findElement on session 5010ef7e204650f5b76a6c1cbf3a3bef to remote] DEBUG org.apache.http.wire - http-outgoing-0 << "[\r][\n]"
22:05:10.920 [Forwarding findElement on session 5010ef7e204650f5b76a6c1cbf3a3bef to remote] DEBUG org.apache.http.wire - http-outgoing-0 << "{"sessionId":"5010ef7e204650f5b76a6c1cbf3a3bef","status":0,"value":{"ELEMENT":"0.8539885529533777-1"}}"
22:05:10.920 [Forwarding findElement on session 5010ef7e204650f5b76a6c1cbf3a3bef to remote] DEBUG org.apache.http.headers - http-outgoing-0 << HTTP/1.1 200 OK
22:05:10.920 [Forwarding findElement on session 5010ef7e204650f5b76a6c1cbf3a3bef to remote] DEBUG org.apache.http.headers - http-outgoing-0 << Content-Length:102
22:05:10.920 [Forwarding findElement on session 5010ef7e204650f5b76a6c1cbf3a3bef to remote] DEBUG org.apache.http.headers - http-outgoing-0 << Content-Type:application/json; charset=utf-8
22:05:10.920 [Forwarding findElement on session 5010ef7e204650f5b76a6c1cbf3a3bef to remote] DEBUG org.apache.http.impl.execchain.MainClientExec - Connection can be kept alive indefinitely
22:05:10.920 [Forwarding findElement on session 5010ef7e204650f5b76a6c1cbf3a3bef to remote] DEBUG org.apache.http.impl.conn.PoolingHttpClientConnectionManager - Connection [id: 0][route: {}->http://localhost:34166] can be kept alive indefinitely
22:05:10.920 [Forwarding findElement on session 5010ef7e204650f5b76a6c1cbf3a3bef to remote] DEBUG org.apache.http.impl.conn.PoolingHttpClientConnectionManager - Connection released: [id: 0][route: {}->http://localhost:34166][total kept alive: 1; route allocated: 1 of 2000; total allocated: 1 of 2000]
22:05:10.921 [Forwarding getElementText on session 5010ef7e204650f5b76a6c1cbf3a3bef to remote] DEBUG org.apache.http.client.protocol.RequestAddCookies - CookieSpec selected: default
22:05:10.921 [Forwarding getElementText on session 5010ef7e204650f5b76a6c1cbf3a3bef to remote] DEBUG org.apache.http.client.protocol.RequestAuthCache - Auth cache not set in the context
22:05:10.921 [Forwarding getElementText on session 5010ef7e204650f5b76a6c1cbf3a3bef to remote] DEBUG org.apache.http.impl.conn.PoolingHttpClientConnectionManager - Connection request: [route: {}->http://localhost:34166][total kept alive: 1; route allocated: 1 of 2000; total allocated: 1 of 2000]
22:05:10.921 [Forwarding getElementText on session 5010ef7e204650f5b76a6c1cbf3a3bef to remote] DEBUG org.apache.http.impl.conn.PoolingHttpClientConnectionManager - Connection leased: [id: 0][route: {}->http://localhost:34166][total kept alive: 0; route allocated: 1 of 2000; total allocated: 1 of 2000]
22:05:10.921 [Forwarding getElementText on session 5010ef7e204650f5b76a6c1cbf3a3bef to remote] DEBUG org.apache.http.impl.execchain.MainClientExec - Stale connection check
22:05:10.923 [Forwarding getElementText on session 5010ef7e204650f5b76a6c1cbf3a3bef to remote] DEBUG org.apache.http.wire - http-outgoing-0 << "[read] I/O error: Read timed out"
22:05:10.923 [Forwarding getElementText on session 5010ef7e204650f5b76a6c1cbf3a3bef to remote] DEBUG org.apache.http.impl.conn.DefaultManagedHttpClientConnection - http-outgoing-0: set socket timeout to 10800000
22:05:10.923 [Forwarding getElementText on session 5010ef7e204650f5b76a6c1cbf3a3bef to remote] DEBUG org.apache.http.impl.execchain.MainClientExec - Executing request GET /session/5010ef7e204650f5b76a6c1cbf3a3bef/element/0.8539885529533777-1/text HTTP/1.1
22:05:10.923 [Forwarding getElementText on session 5010ef7e204650f5b76a6c1cbf3a3bef to remote] DEBUG org.apache.http.impl.execchain.MainClientExec - Target auth state: UNCHALLENGED
22:05:10.923 [Forwarding getElementText on session 5010ef7e204650f5b76a6c1cbf3a3bef to remote] DEBUG org.apache.http.impl.execchain.MainClientExec - Proxy auth state: UNCHALLENGED
22:05:10.923 [Forwarding getElementText on session 5010ef7e204650f5b76a6c1cbf3a3bef to remote] DEBUG org.apache.http.headers - http-outgoing-0 >> GET /session/5010ef7e204650f5b76a6c1cbf3a3bef/element/0.8539885529533777-1/text HTTP/1.1
22:05:10.923 [Forwarding getElementText on session 5010ef7e204650f5b76a6c1cbf3a3bef to remote] DEBUG org.apache.http.headers - http-outgoing-0 >> Cache-Control: no-cache
22:05:10.923 [Forwarding getElementText on session 5010ef7e204650f5b76a6c1cbf3a3bef to remote] DEBUG org.apache.http.headers - http-outgoing-0 >> Host: localhost:34166
22:05:10.923 [Forwarding getElementText on session 5010ef7e204650f5b76a6c1cbf3a3bef to remote] DEBUG org.apache.http.headers - http-outgoing-0 >> Connection: Keep-Alive
22:05:10.923 [Forwarding getElementText on session 5010ef7e204650f5b76a6c1cbf3a3bef to remote] DEBUG org.apache.http.headers - http-outgoing-0 >> User-Agent: Apache-HttpClient/4.5.3 (Java/1.8.0_201)
22:05:10.923 [Forwarding getElementText on session 5010ef7e204650f5b76a6c1cbf3a3bef to remote] DEBUG org.apache.http.headers - http-outgoing-0 >> Accept-Encoding: gzip,deflate
22:05:10.923 [Forwarding getElementText on session 5010ef7e204650f5b76a6c1cbf3a3bef to remote] DEBUG org.apache.http.wire - http-outgoing-0 >> "GET /session/5010ef7e204650f5b76a6c1cbf3a3bef/element/0.8539885529533777-1/text HTTP/1.1[\r][\n]"
22:05:10.923 [Forwarding getElementText on session 5010ef7e204650f5b76a6c1cbf3a3bef to remote] DEBUG org.apache.http.wire - http-outgoing-0 >> "Cache-Control: no-cache[\r][\n]"
22:05:10.923 [Forwarding getElementText on session 5010ef7e204650f5b76a6c1cbf3a3bef to remote] DEBUG org.apache.http.wire - http-outgoing-0 >> "Host: localhost:34166[\r][\n]"
22:05:10.923 [Forwarding getElementText on session 5010ef7e204650f5b76a6c1cbf3a3bef to remote] DEBUG org.apache.http.wire - http-outgoing-0 >> "Connection: Keep-Alive[\r][\n]"
22:05:10.923 [Forwarding getElementText on session 5010ef7e204650f5b76a6c1cbf3a3bef to remote] DEBUG org.apache.http.wire - http-outgoing-0 >> "User-Agent: Apache-HttpClient/4.5.3 (Java/1.8.0_201)[\r][\n]"
22:05:10.923 [Forwarding getElementText on session 5010ef7e204650f5b76a6c1cbf3a3bef to remote] DEBUG org.apache.http.wire - http-outgoing-0 >> "Accept-Encoding: gzip,deflate[\r][\n]"
22:05:10.923 [Forwarding getElementText on session 5010ef7e204650f5b76a6c1cbf3a3bef to remote] DEBUG org.apache.http.wire - http-outgoing-0 >> "[\r][\n]"
22:05:10.934 [Forwarding getElementText on session 5010ef7e204650f5b76a6c1cbf3a3bef to remote] DEBUG org.apache.http.wire - http-outgoing-0 << "HTTP/1.1 200 OK[\r][\n]"
22:05:10.935 [Forwarding getElementText on session 5010ef7e204650f5b76a6c1cbf3a3bef to remote] DEBUG org.apache.http.wire - http-outgoing-0 << "Content-Length:83[\r][\n]"
22:05:10.935 [Forwarding getElementText on session 5010ef7e204650f5b76a6c1cbf3a3bef to remote] DEBUG org.apache.http.wire - http-outgoing-0 << "Content-Type:application/json; charset=utf-8[\r][\n]"
22:05:10.935 [Forwarding getElementText on session 5010ef7e204650f5b76a6c1cbf3a3bef to remote] DEBUG org.apache.http.wire - http-outgoing-0 << "[\r][\n]"
22:05:10.935 [Forwarding getElementText on session 5010ef7e204650f5b76a6c1cbf3a3bef to remote] DEBUG org.apache.http.wire - http-outgoing-0 << "{"sessionId":"5010ef7e204650f5b76a6c1cbf3a3bef","status":0,"value":"Resultado: 10"}"
22:05:10.935 [Forwarding getElementText on session 5010ef7e204650f5b76a6c1cbf3a3bef to remote] DEBUG org.apache.http.headers - http-outgoing-0 << HTTP/1.1 200 OK
22:05:10.935 [Forwarding getElementText on session 5010ef7e204650f5b76a6c1cbf3a3bef to remote] DEBUG org.apache.http.headers - http-outgoing-0 << Content-Length:83
22:05:10.935 [Forwarding getElementText on session 5010ef7e204650f5b76a6c1cbf3a3bef to remote] DEBUG org.apache.http.headers - http-outgoing-0 << Content-Type:application/json; charset=utf-8
22:05:10.935 [Forwarding getElementText on session 5010ef7e204650f5b76a6c1cbf3a3bef to remote] DEBUG org.apache.http.impl.execchain.MainClientExec - Connection can be kept alive indefinitely
22:05:10.935 [Forwarding getElementText on session 5010ef7e204650f5b76a6c1cbf3a3bef to remote] DEBUG org.apache.http.impl.conn.PoolingHttpClientConnectionManager - Connection [id: 0][route: {}->http://localhost:34166] can be kept alive indefinitely
22:05:10.935 [Forwarding getElementText on session 5010ef7e204650f5b76a6c1cbf3a3bef to remote] DEBUG org.apache.http.impl.conn.PoolingHttpClientConnectionManager - Connection released: [id: 0][route: {}->http://localhost:34166][total kept alive: 1; route allocated: 1 of 2000; total allocated: 1 of 2000]
]]></system-out>
  </testcase>
  <testcase name="suma" classname="com.example.service.CalculateSimpleTest" time="3.202">
    <failure message="expected [12] but found [Resultado: 12]" type="java.lang.AssertionError">java.lang.AssertionError: expected [12] but found [Resultado: 12]
	at org.testng.Assert.fail(Assert.java:96)
	at org.testng.Assert.failNotEquals(Assert.java:776)
	at org.testng.Assert.assertEqualsImpl(Assert.java:137)
	at org.testng.Assert.assertEquals(Assert.java:118)
	at org.testng.Assert.assertEquals(Assert.java:442)
	at com.example.service.CalculateSimpleTest.suma(CalculateSimpleTest.java:61)
</failure>
    <system-out><![CDATA[22:05:10.937 [Forwarding findElement on session 5010ef7e204650f5b76a6c1cbf3a3bef to remote] DEBUG org.apache.http.client.protocol.RequestAddCookies - CookieSpec selected: default
22:05:10.937 [Forwarding findElement on session 5010ef7e204650f5b76a6c1cbf3a3bef to remote] DEBUG org.apache.http.client.protocol.RequestAuthCache - Auth cache not set in the context
22:05:10.937 [Forwarding findElement on session 5010ef7e204650f5b76a6c1cbf3a3bef to remote] DEBUG org.apache.http.impl.conn.PoolingHttpClientConnectionManager - Connection request: [route: {}->http://localhost:34166][total kept alive: 1; route allocated: 1 of 2000; total allocated: 1 of 2000]
22:05:10.937 [Forwarding findElement on session 5010ef7e204650f5b76a6c1cbf3a3bef to remote] DEBUG org.apache.http.impl.conn.PoolingHttpClientConnectionManager - Connection leased: [id: 0][route: {}->http://localhost:34166][total kept alive: 0; route allocated: 1 of 2000; total allocated: 1 of 2000]
22:05:10.937 [Forwarding findElement on session 5010ef7e204650f5b76a6c1cbf3a3bef to remote] DEBUG org.apache.http.impl.execchain.MainClientExec - Stale connection check
22:05:10.939 [Forwarding findElement on session 5010ef7e204650f5b76a6c1cbf3a3bef to remote] DEBUG org.apache.http.wire - http-outgoing-0 << "[read] I/O error: Read timed out"
22:05:10.939 [Forwarding findElement on session 5010ef7e204650f5b76a6c1cbf3a3bef to remote] DEBUG org.apache.http.impl.conn.DefaultManagedHttpClientConnection - http-outgoing-0: set socket timeout to 10800000
22:05:10.939 [Forwarding findElement on session 5010ef7e204650f5b76a6c1cbf3a3bef to remote] DEBUG org.apache.http.impl.execchain.MainClientExec - Executing request POST /session/5010ef7e204650f5b76a6c1cbf3a3bef/element HTTP/1.1
22:05:10.939 [Forwarding findElement on session 5010ef7e204650f5b76a6c1cbf3a3bef to remote] DEBUG org.apache.http.impl.execchain.MainClientExec - Target auth state: UNCHALLENGED
22:05:10.939 [Forwarding findElement on session 5010ef7e204650f5b76a6c1cbf3a3bef to remote] DEBUG org.apache.http.impl.execchain.MainClientExec - Proxy auth state: UNCHALLENGED
22:05:10.939 [Forwarding findElement on session 5010ef7e204650f5b76a6c1cbf3a3bef to remote] DEBUG org.apache.http.headers - http-outgoing-0 >> POST /session/5010ef7e204650f5b76a6c1cbf3a3bef/element HTTP/1.1
22:05:10.939 [Forwarding findElement on session 5010ef7e204650f5b76a6c1cbf3a3bef to remote] DEBUG org.apache.http.headers - http-outgoing-0 >> Content-Type: application/json; charset=utf-8
22:05:10.939 [Forwarding findElement on session 5010ef7e204650f5b76a6c1cbf3a3bef to remote] DEBUG org.apache.http.headers - http-outgoing-0 >> Content-Length: 28
22:05:10.939 [Forwarding findElement on session 5010ef7e204650f5b76a6c1cbf3a3bef to remote] DEBUG org.apache.http.headers - http-outgoing-0 >> Host: localhost:34166
22:05:10.939 [Forwarding findElement on session 5010ef7e204650f5b76a6c1cbf3a3bef to remote] DEBUG org.apache.http.headers - http-outgoing-0 >> Connection: Keep-Alive
22:05:10.939 [Forwarding findElement on session 5010ef7e204650f5b76a6c1cbf3a3bef to remote] DEBUG org.apache.http.headers - http-outgoing-0 >> User-Agent: Apache-HttpClient/4.5.3 (Java/1.8.0_201)
22:05:10.939 [Forwarding findElement on session 5010ef7e204650f5b76a6c1cbf3a3bef to remote] DEBUG org.apache.http.headers - http-outgoing-0 >> Accept-Encoding: gzip,deflate
22:05:10.939 [Forwarding findElement on session 5010ef7e204650f5b76a6c1cbf3a3bef to remote] DEBUG org.apache.http.wire - http-outgoing-0 >> "POST /session/5010ef7e204650f5b76a6c1cbf3a3bef/element HTTP/1.1[\r][\n]"
22:05:10.939 [Forwarding findElement on session 5010ef7e204650f5b76a6c1cbf3a3bef to remote] DEBUG org.apache.http.wire - http-outgoing-0 >> "Content-Type: application/json; charset=utf-8[\r][\n]"
22:05:10.939 [Forwarding findElement on session 5010ef7e204650f5b76a6c1cbf3a3bef to remote] DEBUG org.apache.http.wire - http-outgoing-0 >> "Content-Length: 28[\r][\n]"
22:05:10.939 [Forwarding findElement on session 5010ef7e204650f5b76a6c1cbf3a3bef to remote] DEBUG org.apache.http.wire - http-outgoing-0 >> "Host: localhost:34166[\r][\n]"
22:05:10.939 [Forwarding findElement on session 5010ef7e204650f5b76a6c1cbf3a3bef to remote] DEBUG org.apache.http.wire - http-outgoing-0 >> "Connection: Keep-Alive[\r][\n]"
22:05:10.939 [Forwarding findElement on session 5010ef7e204650f5b76a6c1cbf3a3bef to remote] DEBUG org.apache.http.wire - http-outgoing-0 >> "User-Agent: Apache-HttpClient/4.5.3 (Java/1.8.0_201)[\r][\n]"
22:05:10.939 [Forwarding findElement on session 5010ef7e204650f5b76a6c1cbf3a3bef to remote] DEBUG org.apache.http.wire - http-outgoing-0 >> "Accept-Encoding: gzip,deflate[\r][\n]"
22:05:10.939 [Forwarding findElement on session 5010ef7e204650f5b76a6c1cbf3a3bef to remote] DEBUG org.apache.http.wire - http-outgoing-0 >> "[\r][\n]"
22:05:10.939 [Forwarding findElement on session 5010ef7e204650f5b76a6c1cbf3a3bef to remote] DEBUG org.apache.http.wire - http-outgoing-0 >> "{"using":"name","value":"a"}"
22:05:10.949 [Forwarding findElement on session 5010ef7e204650f5b76a6c1cbf3a3bef to remote] DEBUG org.apache.http.wire - http-outgoing-0 << "HTTP/1.1 200 OK[\r][\n]"
22:05:10.949 [Forwarding findElement on session 5010ef7e204650f5b76a6c1cbf3a3bef to remote] DEBUG org.apache.http.wire - http-outgoing-0 << "Content-Length:102[\r][\n]"
22:05:10.949 [Forwarding findElement on session 5010ef7e204650f5b76a6c1cbf3a3bef to remote] DEBUG org.apache.http.wire - http-outgoing-0 << "Content-Type:application/json; charset=utf-8[\r][\n]"
22:05:10.949 [Forwarding findElement on session 5010ef7e204650f5b76a6c1cbf3a3bef to remote] DEBUG org.apache.http.wire - http-outgoing-0 << "[\r][\n]"
22:05:10.949 [Forwarding findElement on session 5010ef7e204650f5b76a6c1cbf3a3bef to remote] DEBUG org.apache.http.wire - http-outgoing-0 << "{"sessionId":"5010ef7e204650f5b76a6c1cbf3a3bef","status":0,"value":{"ELEMENT":"0.8539885529533777-2"}}"
22:05:10.949 [Forwarding findElement on session 5010ef7e204650f5b76a6c1cbf3a3bef to remote] DEBUG org.apache.http.headers - http-outgoing-0 << HTTP/1.1 200 OK
22:05:10.949 [Forwarding findElement on session 5010ef7e204650f5b76a6c1cbf3a3bef to remote] DEBUG org.apache.http.headers - http-outgoing-0 << Content-Length:102
22:05:10.949 [Forwarding findElement on session 5010ef7e204650f5b76a6c1cbf3a3bef to remote] DEBUG org.apache.http.headers - http-outgoing-0 << Content-Type:application/json; charset=utf-8
22:05:10.949 [Forwarding findElement on session 5010ef7e204650f5b76a6c1cbf3a3bef to remote] DEBUG org.apache.http.impl.execchain.MainClientExec - Connection can be kept alive indefinitely
22:05:10.949 [Forwarding findElement on session 5010ef7e204650f5b76a6c1cbf3a3bef to remote] DEBUG org.apache.http.impl.conn.PoolingHttpClientConnectionManager - Connection [id: 0][route: {}->http://localhost:34166] can be kept alive indefinitely
22:05:10.949 [Forwarding findElement on session 5010ef7e204650f5b76a6c1cbf3a3bef to remote] DEBUG org.apache.http.impl.conn.PoolingHttpClientConnectionManager - Connection released: [id: 0][route: {}->http://localhost:34166][total kept alive: 1; route allocated: 1 of 2000; total allocated: 1 of 2000]
22:05:10.950 [Forwarding clearElement on session 5010ef7e204650f5b76a6c1cbf3a3bef to remote] DEBUG org.apache.http.client.protocol.RequestAddCookies - CookieSpec selected: default
22:05:10.950 [Forwarding clearElement on session 5010ef7e204650f5b76a6c1cbf3a3bef to remote] DEBUG org.apache.http.client.protocol.RequestAuthCache - Auth cache not set in the context
22:05:10.950 [Forwarding clearElement on session 5010ef7e204650f5b76a6c1cbf3a3bef to remote] DEBUG org.apache.http.impl.conn.PoolingHttpClientConnectionManager - Connection request: [route: {}->http://localhost:34166][total kept alive: 1; route allocated: 1 of 2000; total allocated: 1 of 2000]
22:05:10.950 [Forwarding clearElement on session 5010ef7e204650f5b76a6c1cbf3a3bef to remote] DEBUG org.apache.http.impl.conn.PoolingHttpClientConnectionManager - Connection leased: [id: 0][route: {}->http://localhost:34166][total kept alive: 0; route allocated: 1 of 2000; total allocated: 1 of 2000]
22:05:10.950 [Forwarding clearElement on session 5010ef7e204650f5b76a6c1cbf3a3bef to remote] DEBUG org.apache.http.impl.execchain.MainClientExec - Stale connection check
22:05:10.952 [Forwarding clearElement on session 5010ef7e204650f5b76a6c1cbf3a3bef to remote] DEBUG org.apache.http.wire - http-outgoing-0 << "[read] I/O error: Read timed out"
22:05:10.952 [Forwarding clearElement on session 5010ef7e204650f5b76a6c1cbf3a3bef to remote] DEBUG org.apache.http.impl.conn.DefaultManagedHttpClientConnection - http-outgoing-0: set socket timeout to 10800000
22:05:10.952 [Forwarding clearElement on session 5010ef7e204650f5b76a6c1cbf3a3bef to remote] DEBUG org.apache.http.impl.execchain.MainClientExec - Executing request POST /session/5010ef7e204650f5b76a6c1cbf3a3bef/element/0.8539885529533777-2/clear HTTP/1.1
22:05:10.952 [Forwarding clearElement on session 5010ef7e204650f5b76a6c1cbf3a3bef to remote] DEBUG org.apache.http.impl.execchain.MainClientExec - Target auth state: UNCHALLENGED
22:05:10.952 [Forwarding clearElement on session 5010ef7e204650f5b76a6c1cbf3a3bef to remote] DEBUG org.apache.http.impl.execchain.MainClientExec - Proxy auth state: UNCHALLENGED
22:05:10.952 [Forwarding clearElement on session 5010ef7e204650f5b76a6c1cbf3a3bef to remote] DEBUG org.apache.http.headers - http-outgoing-0 >> POST /session/5010ef7e204650f5b76a6c1cbf3a3bef/element/0.8539885529533777-2/clear HTTP/1.1
22:05:10.952 [Forwarding clearElement on session 5010ef7e204650f5b76a6c1cbf3a3bef to remote] DEBUG org.apache.http.headers - http-outgoing-0 >> Content-Type: application/json; charset=utf-8
22:05:10.952 [Forwarding clearElement on session 5010ef7e204650f5b76a6c1cbf3a3bef to remote] DEBUG org.apache.http.headers - http-outgoing-0 >> Content-Length: 29
22:05:10.952 [Forwarding clearElement on session 5010ef7e204650f5b76a6c1cbf3a3bef to remote] DEBUG org.apache.http.headers - http-outgoing-0 >> Host: localhost:34166
22:05:10.952 [Forwarding clearElement on session 5010ef7e204650f5b76a6c1cbf3a3bef to remote] DEBUG org.apache.http.headers - http-outgoing-0 >> Connection: Keep-Alive
22:05:10.952 [Forwarding clearElement on session 5010ef7e204650f5b76a6c1cbf3a3bef to remote] DEBUG org.apache.http.headers - http-outgoing-0 >> User-Agent: Apache-HttpClient/4.5.3 (Java/1.8.0_201)
22:05:10.952 [Forwarding clearElement on session 5010ef7e204650f5b76a6c1cbf3a3bef to remote] DEBUG org.apache.http.headers - http-outgoing-0 >> Accept-Encoding: gzip,deflate
22:05:10.952 [Forwarding clearElement on session 5010ef7e204650f5b76a6c1cbf3a3bef to remote] DEBUG org.apache.http.wire - http-outgoing-0 >> "POST /session/5010ef7e204650f5b76a6c1cbf3a3bef/element/0.8539885529533777-2/clear HTTP/1.1[\r][\n]"
22:05:10.952 [Forwarding clearElement on session 5010ef7e204650f5b76a6c1cbf3a3bef to remote] DEBUG org.apache.http.wire - http-outgoing-0 >> "Content-Type: application/json; charset=utf-8[\r][\n]"
22:05:10.952 [Forwarding clearElement on session 5010ef7e204650f5b76a6c1cbf3a3bef to remote] DEBUG org.apache.http.wire - http-outgoing-0 >> "Content-Length: 29[\r][\n]"
22:05:10.952 [Forwarding clearElement on session 5010ef7e204650f5b76a6c1cbf3a3bef to remote] DEBUG org.apache.http.wire - http-outgoing-0 >> "Host: localhost:34166[\r][\n]"
22:05:10.952 [Forwarding clearElement on session 5010ef7e204650f5b76a6c1cbf3a3bef to remote] DEBUG org.apache.http.wire - http-outgoing-0 >> "Connection: Keep-Alive[\r][\n]"
22:05:10.952 [Forwarding clearElement on session 5010ef7e204650f5b76a6c1cbf3a3bef to remote] DEBUG org.apache.http.wire - http-outgoing-0 >> "User-Agent: Apache-HttpClient/4.5.3 (Java/1.8.0_201)[\r][\n]"
22:05:10.952 [Forwarding clearElement on session 5010ef7e204650f5b76a6c1cbf3a3bef to remote] DEBUG org.apache.http.wire - http-outgoing-0 >> "Accept-Encoding: gzip,deflate[\r][\n]"
22:05:10.952 [Forwarding clearElement on session 5010ef7e204650f5b76a6c1cbf3a3bef to remote] DEBUG org.apache.http.wire - http-outgoing-0 >> "[\r][\n]"
22:05:10.952 [Forwarding clearElement on session 5010ef7e204650f5b76a6c1cbf3a3bef to remote] DEBUG org.apache.http.wire - http-outgoing-0 >> "{"id":"0.8539885529533777-2"}"
22:05:10.981 [Forwarding clearElement on session 5010ef7e204650f5b76a6c1cbf3a3bef to remote] DEBUG org.apache.http.wire - http-outgoing-0 << "HTTP/1.1 200 OK[\r][\n]"
22:05:10.981 [Forwarding clearElement on session 5010ef7e204650f5b76a6c1cbf3a3bef to remote] DEBUG org.apache.http.wire - http-outgoing-0 << "Content-Length:72[\r][\n]"
22:05:10.981 [Forwarding clearElement on session 5010ef7e204650f5b76a6c1cbf3a3bef to remote] DEBUG org.apache.http.wire - http-outgoing-0 << "Content-Type:application/json; charset=utf-8[\r][\n]"
22:05:10.981 [Forwarding clearElement on session 5010ef7e204650f5b76a6c1cbf3a3bef to remote] DEBUG org.apache.http.wire - http-outgoing-0 << "[\r][\n]"
22:05:10.981 [Forwarding clearElement on session 5010ef7e204650f5b76a6c1cbf3a3bef to remote] DEBUG org.apache.http.wire - http-outgoing-0 << "{"sessionId":"5010ef7e204650f5b76a6c1cbf3a3bef","status":0,"value":null}"
22:05:10.981 [Forwarding clearElement on session 5010ef7e204650f5b76a6c1cbf3a3bef to remote] DEBUG org.apache.http.headers - http-outgoing-0 << HTTP/1.1 200 OK
22:05:10.981 [Forwarding clearElement on session 5010ef7e204650f5b76a6c1cbf3a3bef to remote] DEBUG org.apache.http.headers - http-outgoing-0 << Content-Length:72
22:05:10.981 [Forwarding clearElement on session 5010ef7e204650f5b76a6c1cbf3a3bef to remote] DEBUG org.apache.http.headers - http-outgoing-0 << Content-Type:application/json; charset=utf-8
22:05:10.981 [Forwarding clearElement on session 5010ef7e204650f5b76a6c1cbf3a3bef to remote] DEBUG org.apache.http.impl.execchain.MainClientExec - Connection can be kept alive indefinitely
22:05:10.981 [Forwarding clearElement on session 5010ef7e204650f5b76a6c1cbf3a3bef to remote] DEBUG org.apache.http.impl.conn.PoolingHttpClientConnectionManager - Connection [id: 0][route: {}->http://localhost:34166] can be kept alive indefinitely
22:05:10.981 [Forwarding clearElement on session 5010ef7e204650f5b76a6c1cbf3a3bef to remote] DEBUG org.apache.http.impl.conn.PoolingHttpClientConnectionManager - Connection released: [id: 0][route: {}->http://localhost:34166][total kept alive: 1; route allocated: 1 of 2000; total allocated: 1 of 2000]
22:05:10.982 [Forwarding findElement on session 5010ef7e204650f5b76a6c1cbf3a3bef to remote] DEBUG org.apache.http.client.protocol.RequestAddCookies - CookieSpec selected: default
22:05:10.982 [Forwarding findElement on session 5010ef7e204650f5b76a6c1cbf3a3bef to remote] DEBUG org.apache.http.client.protocol.RequestAuthCache - Auth cache not set in the context
22:05:10.982 [Forwarding findElement on session 5010ef7e204650f5b76a6c1cbf3a3bef to remote] DEBUG org.apache.http.impl.conn.PoolingHttpClientConnectionManager - Connection request: [route: {}->http://localhost:34166][total kept alive: 1; route allocated: 1 of 2000; total allocated: 1 of 2000]
22:05:10.982 [Forwarding findElement on session 5010ef7e204650f5b76a6c1cbf3a3bef to remote] DEBUG org.apache.http.impl.conn.PoolingHttpClientConnectionManager - Connection leased: [id: 0][route: {}->http://localhost:34166][total kept alive: 0; route allocated: 1 of 2000; total allocated: 1 of 2000]
22:05:10.982 [Forwarding findElement on session 5010ef7e204650f5b76a6c1cbf3a3bef to remote] DEBUG org.apache.http.impl.execchain.MainClientExec - Stale connection check
22:05:10.983 [Forwarding findElement on session 5010ef7e204650f5b76a6c1cbf3a3bef to remote] DEBUG org.apache.http.wire - http-outgoing-0 << "[read] I/O error: Read timed out"
22:05:10.983 [Forwarding findElement on session 5010ef7e204650f5b76a6c1cbf3a3bef to remote] DEBUG org.apache.http.impl.conn.DefaultManagedHttpClientConnection - http-outgoing-0: set socket timeout to 10800000
22:05:10.983 [Forwarding findElement on session 5010ef7e204650f5b76a6c1cbf3a3bef to remote] DEBUG org.apache.http.impl.execchain.MainClientExec - Executing request POST /session/5010ef7e204650f5b76a6c1cbf3a3bef/element HTTP/1.1
22:05:10.983 [Forwarding findElement on session 5010ef7e204650f5b76a6c1cbf3a3bef to remote] DEBUG org.apache.http.impl.execchain.MainClientExec - Target auth state: UNCHALLENGED
22:05:10.983 [Forwarding findElement on session 5010ef7e204650f5b76a6c1cbf3a3bef to remote] DEBUG org.apache.http.impl.execchain.MainClientExec - Proxy auth state: UNCHALLENGED
22:05:10.983 [Forwarding findElement on session 5010ef7e204650f5b76a6c1cbf3a3bef to remote] DEBUG org.apache.http.headers - http-outgoing-0 >> POST /session/5010ef7e204650f5b76a6c1cbf3a3bef/element HTTP/1.1
22:05:10.983 [Forwarding findElement on session 5010ef7e204650f5b76a6c1cbf3a3bef to remote] DEBUG org.apache.http.headers - http-outgoing-0 >> Content-Type: application/json; charset=utf-8
22:05:10.983 [Forwarding findElement on session 5010ef7e204650f5b76a6c1cbf3a3bef to remote] DEBUG org.apache.http.headers - http-outgoing-0 >> Content-Length: 28
22:05:10.983 [Forwarding findElement on session 5010ef7e204650f5b76a6c1cbf3a3bef to remote] DEBUG org.apache.http.headers - http-outgoing-0 >> Host: localhost:34166
22:05:10.983 [Forwarding findElement on session 5010ef7e204650f5b76a6c1cbf3a3bef to remote] DEBUG org.apache.http.headers - http-outgoing-0 >> Connection: Keep-Alive
22:05:10.983 [Forwarding findElement on session 5010ef7e204650f5b76a6c1cbf3a3bef to remote] DEBUG org.apache.http.headers - http-outgoing-0 >> User-Agent: Apache-HttpClient/4.5.3 (Java/1.8.0_201)
22:05:10.983 [Forwarding findElement on session 5010ef7e204650f5b76a6c1cbf3a3bef to remote] DEBUG org.apache.http.headers - http-outgoing-0 >> Accept-Encoding: gzip,deflate
22:05:10.983 [Forwarding findElement on session 5010ef7e204650f5b76a6c1cbf3a3bef to remote] DEBUG org.apache.http.wire - http-outgoing-0 >> "POST /session/5010ef7e204650f5b76a6c1cbf3a3bef/element HTTP/1.1[\r][\n]"
22:05:10.983 [Forwarding findElement on session 5010ef7e204650f5b76a6c1cbf3a3bef to remote] DEBUG org.apache.http.wire - http-outgoing-0 >> "Content-Type: application/json; charset=utf-8[\r][\n]"
22:05:10.983 [Forwarding findElement on session 5010ef7e204650f5b76a6c1cbf3a3bef to remote] DEBUG org.apache.http.wire - http-outgoing-0 >> "Content-Length: 28[\r][\n]"
22:05:10.983 [Forwarding findElement on session 5010ef7e204650f5b76a6c1cbf3a3bef to remote] DEBUG org.apache.http.wire - http-outgoing-0 >> "Host: localhost:34166[\r][\n]"
22:05:10.983 [Forwarding findElement on session 5010ef7e204650f5b76a6c1cbf3a3bef to remote] DEBUG org.apache.http.wire - http-outgoing-0 >> "Connection: Keep-Alive[\r][\n]"
22:05:10.983 [Forwarding findElement on session 5010ef7e204650f5b76a6c1cbf3a3bef to remote] DEBUG org.apache.http.wire - http-outgoing-0 >> "User-Agent: Apache-HttpClient/4.5.3 (Java/1.8.0_201)[\r][\n]"
22:05:10.983 [Forwarding findElement on session 5010ef7e204650f5b76a6c1cbf3a3bef to remote] DEBUG org.apache.http.wire - http-outgoing-0 >> "Accept-Encoding: gzip,deflate[\r][\n]"
22:05:10.983 [Forwarding findElement on session 5010ef7e204650f5b76a6c1cbf3a3bef to remote] DEBUG org.apache.http.wire - http-outgoing-0 >> "[\r][\n]"
22:05:10.983 [Forwarding findElement on session 5010ef7e204650f5b76a6c1cbf3a3bef to remote] DEBUG org.apache.http.wire - http-outgoing-0 >> "{"using":"name","value":"b"}"
22:05:10.994 [Forwarding findElement on session 5010ef7e204650f5b76a6c1cbf3a3bef to remote] DEBUG org.apache.http.wire - http-outgoing-0 << "HTTP/1.1 200 OK[\r][\n]"
22:05:10.995 [Forwarding findElement on session 5010ef7e204650f5b76a6c1cbf3a3bef to remote] DEBUG org.apache.http.wire - http-outgoing-0 << "Content-Length:102[\r][\n]"
22:05:10.995 [Forwarding findElement on session 5010ef7e204650f5b76a6c1cbf3a3bef to remote] DEBUG org.apache.http.wire - http-outgoing-0 << "Content-Type:application/json; charset=utf-8[\r][\n]"
22:05:10.995 [Forwarding findElement on session 5010ef7e204650f5b76a6c1cbf3a3bef to remote] DEBUG org.apache.http.wire - http-outgoing-0 << "[\r][\n]"
22:05:10.995 [Forwarding findElement on session 5010ef7e204650f5b76a6c1cbf3a3bef to remote] DEBUG org.apache.http.wire - http-outgoing-0 << "{"sessionId":"5010ef7e204650f5b76a6c1cbf3a3bef","status":0,"value":{"ELEMENT":"0.8539885529533777-3"}}"
22:05:10.995 [Forwarding findElement on session 5010ef7e204650f5b76a6c1cbf3a3bef to remote] DEBUG org.apache.http.headers - http-outgoing-0 << HTTP/1.1 200 OK
22:05:10.995 [Forwarding findElement on session 5010ef7e204650f5b76a6c1cbf3a3bef to remote] DEBUG org.apache.http.headers - http-outgoing-0 << Content-Length:102
22:05:10.995 [Forwarding findElement on session 5010ef7e204650f5b76a6c1cbf3a3bef to remote] DEBUG org.apache.http.headers - http-outgoing-0 << Content-Type:application/json; charset=utf-8
22:05:10.995 [Forwarding findElement on session 5010ef7e204650f5b76a6c1cbf3a3bef to remote] DEBUG org.apache.http.impl.execchain.MainClientExec - Connection can be kept alive indefinitely
22:05:10.996 [Forwarding findElement on session 5010ef7e204650f5b76a6c1cbf3a3bef to remote] DEBUG org.apache.http.impl.conn.PoolingHttpClientConnectionManager - Connection [id: 0][route: {}->http://localhost:34166] can be kept alive indefinitely
22:05:10.996 [Forwarding findElement on session 5010ef7e204650f5b76a6c1cbf3a3bef to remote] DEBUG org.apache.http.impl.conn.PoolingHttpClientConnectionManager - Connection released: [id: 0][route: {}->http://localhost:34166][total kept alive: 1; route allocated: 1 of 2000; total allocated: 1 of 2000]
22:05:10.998 [Forwarding clearElement on session 5010ef7e204650f5b76a6c1cbf3a3bef to remote] DEBUG org.apache.http.client.protocol.RequestAddCookies - CookieSpec selected: default
22:05:10.998 [Forwarding clearElement on session 5010ef7e204650f5b76a6c1cbf3a3bef to remote] DEBUG org.apache.http.client.protocol.RequestAuthCache - Auth cache not set in the context
22:05:10.998 [Forwarding clearElement on session 5010ef7e204650f5b76a6c1cbf3a3bef to remote] DEBUG org.apache.http.impl.conn.PoolingHttpClientConnectionManager - Connection request: [route: {}->http://localhost:34166][total kept alive: 1; route allocated: 1 of 2000; total allocated: 1 of 2000]
22:05:10.998 [Forwarding clearElement on session 5010ef7e204650f5b76a6c1cbf3a3bef to remote] DEBUG org.apache.http.impl.conn.PoolingHttpClientConnectionManager - Connection leased: [id: 0][route: {}->http://localhost:34166][total kept alive: 0; route allocated: 1 of 2000; total allocated: 1 of 2000]
22:05:10.998 [Forwarding clearElement on session 5010ef7e204650f5b76a6c1cbf3a3bef to remote] DEBUG org.apache.http.impl.execchain.MainClientExec - Stale connection check
22:05:11.000 [Forwarding clearElement on session 5010ef7e204650f5b76a6c1cbf3a3bef to remote] DEBUG org.apache.http.wire - http-outgoing-0 << "[read] I/O error: Read timed out"
22:05:11.000 [Forwarding clearElement on session 5010ef7e204650f5b76a6c1cbf3a3bef to remote] DEBUG org.apache.http.impl.conn.DefaultManagedHttpClientConnection - http-outgoing-0: set socket timeout to 10800000
22:05:11.000 [Forwarding clearElement on session 5010ef7e204650f5b76a6c1cbf3a3bef to remote] DEBUG org.apache.http.impl.execchain.MainClientExec - Executing request POST /session/5010ef7e204650f5b76a6c1cbf3a3bef/element/0.8539885529533777-3/clear HTTP/1.1
22:05:11.000 [Forwarding clearElement on session 5010ef7e204650f5b76a6c1cbf3a3bef to remote] DEBUG org.apache.http.impl.execchain.MainClientExec - Target auth state: UNCHALLENGED
22:05:11.000 [Forwarding clearElement on session 5010ef7e204650f5b76a6c1cbf3a3bef to remote] DEBUG org.apache.http.impl.execchain.MainClientExec - Proxy auth state: UNCHALLENGED
22:05:11.000 [Forwarding clearElement on session 5010ef7e204650f5b76a6c1cbf3a3bef to remote] DEBUG org.apache.http.headers - http-outgoing-0 >> POST /session/5010ef7e204650f5b76a6c1cbf3a3bef/element/0.8539885529533777-3/clear HTTP/1.1
22:05:11.000 [Forwarding clearElement on session 5010ef7e204650f5b76a6c1cbf3a3bef to remote] DEBUG org.apache.http.headers - http-outgoing-0 >> Content-Type: application/json; charset=utf-8
22:05:11.000 [Forwarding clearElement on session 5010ef7e204650f5b76a6c1cbf3a3bef to remote] DEBUG org.apache.http.headers - http-outgoing-0 >> Content-Length: 29
22:05:11.000 [Forwarding clearElement on session 5010ef7e204650f5b76a6c1cbf3a3bef to remote] DEBUG org.apache.http.headers - http-outgoing-0 >> Host: localhost:34166
22:05:11.000 [Forwarding clearElement on session 5010ef7e204650f5b76a6c1cbf3a3bef to remote] DEBUG org.apache.http.headers - http-outgoing-0 >> Connection: Keep-Alive
22:05:11.000 [Forwarding clearElement on session 5010ef7e204650f5b76a6c1cbf3a3bef to remote] DEBUG org.apache.http.headers - http-outgoing-0 >> User-Agent: Apache-HttpClient/4.5.3 (Java/1.8.0_201)
22:05:11.000 [Forwarding clearElement on session 5010ef7e204650f5b76a6c1cbf3a3bef to remote] DEBUG org.apache.http.headers - http-outgoing-0 >> Accept-Encoding: gzip,deflate
22:05:11.000 [Forwarding clearElement on session 5010ef7e204650f5b76a6c1cbf3a3bef to remote] DEBUG org.apache.http.wire - http-outgoing-0 >> "POST /session/5010ef7e204650f5b76a6c1cbf3a3bef/element/0.8539885529533777-3/clear HTTP/1.1[\r][\n]"
22:05:11.000 [Forwarding clearElement on session 5010ef7e204650f5b76a6c1cbf3a3bef to remote] DEBUG org.apache.http.wire - http-outgoing-0 >> "Content-Type: application/json; charset=utf-8[\r][\n]"
22:05:11.000 [Forwarding clearElement on session 5010ef7e204650f5b76a6c1cbf3a3bef to remote] DEBUG org.apache.http.wire - http-outgoing-0 >> "Content-Length: 29[\r][\n]"
22:05:11.000 [Forwarding clearElement on session 5010ef7e204650f5b76a6c1cbf3a3bef to remote] DEBUG org.apache.http.wire - http-outgoing-0 >> "Host: localhost:34166[\r][\n]"
22:05:11.000 [Forwarding clearElement on session 5010ef7e204650f5b76a6c1cbf3a3bef to remote] DEBUG org.apache.http.wire - http-outgoing-0 >> "Connection: Keep-Alive[\r][\n]"
22:05:11.000 [Forwarding clearElement on session 5010ef7e204650f5b76a6c1cbf3a3bef to remote] DEBUG org.apache.http.wire - http-outgoing-0 >> "User-Agent: Apache-HttpClient/4.5.3 (Java/1.8.0_201)[\r][\n]"
22:05:11.000 [Forwarding clearElement on session 5010ef7e204650f5b76a6c1cbf3a3bef to remote] DEBUG org.apache.http.wire - http-outgoing-0 >> "Accept-Encoding: gzip,deflate[\r][\n]"
22:05:11.000 [Forwarding clearElement on session 5010ef7e204650f5b76a6c1cbf3a3bef to remote] DEBUG org.apache.http.wire - http-outgoing-0 >> "[\r][\n]"
22:05:11.000 [Forwarding clearElement on session 5010ef7e204650f5b76a6c1cbf3a3bef to remote] DEBUG org.apache.http.wire - http-outgoing-0 >> "{"id":"0.8539885529533777-3"}"
22:05:11.030 [Forwarding clearElement on session 5010ef7e204650f5b76a6c1cbf3a3bef to remote] DEBUG org.apache.http.wire - http-outgoing-0 << "HTTP/1.1 200 OK[\r][\n]"
22:05:11.030 [Forwarding clearElement on session 5010ef7e204650f5b76a6c1cbf3a3bef to remote] DEBUG org.apache.http.wire - http-outgoing-0 << "Content-Length:72[\r][\n]"
22:05:11.030 [Forwarding clearElement on session 5010ef7e204650f5b76a6c1cbf3a3bef to remote] DEBUG org.apache.http.wire - http-outgoing-0 << "Content-Type:application/json; charset=utf-8[\r][\n]"
22:05:11.030 [Forwarding clearElement on session 5010ef7e204650f5b76a6c1cbf3a3bef to remote] DEBUG org.apache.http.wire - http-outgoing-0 << "[\r][\n]"
22:05:11.030 [Forwarding clearElement on session 5010ef7e204650f5b76a6c1cbf3a3bef to remote] DEBUG org.apache.http.wire - http-outgoing-0 << "{"sessionId":"5010ef7e204650f5b76a6c1cbf3a3bef","status":0,"value":null}"
22:05:11.030 [Forwarding clearElement on session 5010ef7e204650f5b76a6c1cbf3a3bef to remote] DEBUG org.apache.http.headers - http-outgoing-0 << HTTP/1.1 200 OK
22:05:11.030 [Forwarding clearElement on session 5010ef7e204650f5b76a6c1cbf3a3bef to remote] DEBUG org.apache.http.headers - http-outgoing-0 << Content-Length:72
22:05:11.030 [Forwarding clearElement on session 5010ef7e204650f5b76a6c1cbf3a3bef to remote] DEBUG org.apache.http.headers - http-outgoing-0 << Content-Type:application/json; charset=utf-8
22:05:11.030 [Forwarding clearElement on session 5010ef7e204650f5b76a6c1cbf3a3bef to remote] DEBUG org.apache.http.impl.execchain.MainClientExec - Connection can be kept alive indefinitely
22:05:11.031 [Forwarding clearElement on session 5010ef7e204650f5b76a6c1cbf3a3bef to remote] DEBUG org.apache.http.impl.conn.PoolingHttpClientConnectionManager - Connection [id: 0][route: {}->http://localhost:34166] can be kept alive indefinitely
22:05:11.031 [Forwarding clearElement on session 5010ef7e204650f5b76a6c1cbf3a3bef to remote] DEBUG org.apache.http.impl.conn.PoolingHttpClientConnectionManager - Connection released: [id: 0][route: {}->http://localhost:34166][total kept alive: 1; route allocated: 1 of 2000; total allocated: 1 of 2000]
22:05:11.032 [Forwarding findElement on session 5010ef7e204650f5b76a6c1cbf3a3bef to remote] DEBUG org.apache.http.client.protocol.RequestAddCookies - CookieSpec selected: default
22:05:11.032 [Forwarding findElement on session 5010ef7e204650f5b76a6c1cbf3a3bef to remote] DEBUG org.apache.http.client.protocol.RequestAuthCache - Auth cache not set in the context
22:05:11.032 [Forwarding findElement on session 5010ef7e204650f5b76a6c1cbf3a3bef to remote] DEBUG org.apache.http.impl.conn.PoolingHttpClientConnectionManager - Connection request: [route: {}->http://localhost:34166][total kept alive: 1; route allocated: 1 of 2000; total allocated: 1 of 2000]
22:05:11.032 [Forwarding findElement on session 5010ef7e204650f5b76a6c1cbf3a3bef to remote] DEBUG org.apache.http.impl.conn.PoolingHttpClientConnectionManager - Connection leased: [id: 0][route: {}->http://localhost:34166][total kept alive: 0; route allocated: 1 of 2000; total allocated: 1 of 2000]
22:05:11.032 [Forwarding findElement on session 5010ef7e204650f5b76a6c1cbf3a3bef to remote] DEBUG org.apache.http.impl.execchain.MainClientExec - Stale connection check
22:05:11.035 [Forwarding findElement on session 5010ef7e204650f5b76a6c1cbf3a3bef to remote] DEBUG org.apache.http.wire - http-outgoing-0 << "[read] I/O error: Read timed out"
22:05:11.035 [Forwarding findElement on session 5010ef7e204650f5b76a6c1cbf3a3bef to remote] DEBUG org.apache.http.impl.conn.DefaultManagedHttpClientConnection - http-outgoing-0: set socket timeout to 10800000
22:05:11.035 [Forwarding findElement on session 5010ef7e204650f5b76a6c1cbf3a3bef to remote] DEBUG org.apache.http.impl.execchain.MainClientExec - Executing request POST /session/5010ef7e204650f5b76a6c1cbf3a3bef/element HTTP/1.1
22:05:11.035 [Forwarding findElement on session 5010ef7e204650f5b76a6c1cbf3a3bef to remote] DEBUG org.apache.http.impl.execchain.MainClientExec - Target auth state: UNCHALLENGED
22:05:11.035 [Forwarding findElement on session 5010ef7e204650f5b76a6c1cbf3a3bef to remote] DEBUG org.apache.http.impl.execchain.MainClientExec - Proxy auth state: UNCHALLENGED
22:05:11.035 [Forwarding findElement on session 5010ef7e204650f5b76a6c1cbf3a3bef to remote] DEBUG org.apache.http.headers - http-outgoing-0 >> POST /session/5010ef7e204650f5b76a6c1cbf3a3bef/element HTTP/1.1
22:05:11.035 [Forwarding findElement on session 5010ef7e204650f5b76a6c1cbf3a3bef to remote] DEBUG org.apache.http.headers - http-outgoing-0 >> Content-Type: application/json; charset=utf-8
22:05:11.035 [Forwarding findElement on session 5010ef7e204650f5b76a6c1cbf3a3bef to remote] DEBUG org.apache.http.headers - http-outgoing-0 >> Content-Length: 28
22:05:11.035 [Forwarding findElement on session 5010ef7e204650f5b76a6c1cbf3a3bef to remote] DEBUG org.apache.http.headers - http-outgoing-0 >> Host: localhost:34166
22:05:11.035 [Forwarding findElement on session 5010ef7e204650f5b76a6c1cbf3a3bef to remote] DEBUG org.apache.http.headers - http-outgoing-0 >> Connection: Keep-Alive
22:05:11.035 [Forwarding findElement on session 5010ef7e204650f5b76a6c1cbf3a3bef to remote] DEBUG org.apache.http.headers - http-outgoing-0 >> User-Agent: Apache-HttpClient/4.5.3 (Java/1.8.0_201)
22:05:11.035 [Forwarding findElement on session 5010ef7e204650f5b76a6c1cbf3a3bef to remote] DEBUG org.apache.http.headers - http-outgoing-0 >> Accept-Encoding: gzip,deflate
22:05:11.035 [Forwarding findElement on session 5010ef7e204650f5b76a6c1cbf3a3bef to remote] DEBUG org.apache.http.wire - http-outgoing-0 >> "POST /session/5010ef7e204650f5b76a6c1cbf3a3bef/element HTTP/1.1[\r][\n]"
22:05:11.035 [Forwarding findElement on session 5010ef7e204650f5b76a6c1cbf3a3bef to remote] DEBUG org.apache.http.wire - http-outgoing-0 >> "Content-Type: application/json; charset=utf-8[\r][\n]"
22:05:11.035 [Forwarding findElement on session 5010ef7e204650f5b76a6c1cbf3a3bef to remote] DEBUG org.apache.http.wire - http-outgoing-0 >> "Content-Length: 28[\r][\n]"
22:05:11.035 [Forwarding findElement on session 5010ef7e204650f5b76a6c1cbf3a3bef to remote] DEBUG org.apache.http.wire - http-outgoing-0 >> "Host: localhost:34166[\r][\n]"
22:05:11.035 [Forwarding findElement on session 5010ef7e204650f5b76a6c1cbf3a3bef to remote] DEBUG org.apache.http.wire - http-outgoing-0 >> "Connection: Keep-Alive[\r][\n]"
22:05:11.035 [Forwarding findElement on session 5010ef7e204650f5b76a6c1cbf3a3bef to remote] DEBUG org.apache.http.wire - http-outgoing-0 >> "User-Agent: Apache-HttpClient/4.5.3 (Java/1.8.0_201)[\r][\n]"
22:05:11.035 [Forwarding findElement on session 5010ef7e204650f5b76a6c1cbf3a3bef to remote] DEBUG org.apache.http.wire - http-outgoing-0 >> "Accept-Encoding: gzip,deflate[\r][\n]"
22:05:11.035 [Forwarding findElement on session 5010ef7e204650f5b76a6c1cbf3a3bef to remote] DEBUG org.apache.http.wire - http-outgoing-0 >> "[\r][\n]"
22:05:11.035 [Forwarding findElement on session 5010ef7e204650f5b76a6c1cbf3a3bef to remote] DEBUG org.apache.http.wire - http-outgoing-0 >> "{"using":"name","value":"a"}"
22:05:11.041 [Forwarding findElement on session 5010ef7e204650f5b76a6c1cbf3a3bef to remote] DEBUG org.apache.http.wire - http-outgoing-0 << "HTTP/1.1 200 OK[\r][\n]"
22:05:11.041 [Forwarding findElement on session 5010ef7e204650f5b76a6c1cbf3a3bef to remote] DEBUG org.apache.http.wire - http-outgoing-0 << "Content-Length:102[\r][\n]"
22:05:11.041 [Forwarding findElement on session 5010ef7e204650f5b76a6c1cbf3a3bef to remote] DEBUG org.apache.http.wire - http-outgoing-0 << "Content-Type:application/json; charset=utf-8[\r][\n]"
22:05:11.041 [Forwarding findElement on session 5010ef7e204650f5b76a6c1cbf3a3bef to remote] DEBUG org.apache.http.wire - http-outgoing-0 << "[\r][\n]"
22:05:11.041 [Forwarding findElement on session 5010ef7e204650f5b76a6c1cbf3a3bef to remote] DEBUG org.apache.http.wire - http-outgoing-0 << "{"sessionId":"5010ef7e204650f5b76a6c1cbf3a3bef","status":0,"value":{"ELEMENT":"0.8539885529533777-2"}}"
22:05:11.041 [Forwarding findElement on session 5010ef7e204650f5b76a6c1cbf3a3bef to remote] DEBUG org.apache.http.headers - http-outgoing-0 << HTTP/1.1 200 OK
22:05:11.041 [Forwarding findElement on session 5010ef7e204650f5b76a6c1cbf3a3bef to remote] DEBUG org.apache.http.headers - http-outgoing-0 << Content-Length:102
22:05:11.041 [Forwarding findElement on session 5010ef7e204650f5b76a6c1cbf3a3bef to remote] DEBUG org.apache.http.headers - http-outgoing-0 << Content-Type:application/json; charset=utf-8
22:05:11.041 [Forwarding findElement on session 5010ef7e204650f5b76a6c1cbf3a3bef to remote] DEBUG org.apache.http.impl.execchain.MainClientExec - Connection can be kept alive indefinitely
22:05:11.041 [Forwarding findElement on session 5010ef7e204650f5b76a6c1cbf3a3bef to remote] DEBUG org.apache.http.impl.conn.PoolingHttpClientConnectionManager - Connection [id: 0][route: {}->http://localhost:34166] can be kept alive indefinitely
22:05:11.041 [Forwarding findElement on session 5010ef7e204650f5b76a6c1cbf3a3bef to remote] DEBUG org.apache.http.impl.conn.PoolingHttpClientConnectionManager - Connection released: [id: 0][route: {}->http://localhost:34166][total kept alive: 1; route allocated: 1 of 2000; total allocated: 1 of 2000]
22:05:11.043 [Forwarding sendKeysToElement on session 5010ef7e204650f5b76a6c1cbf3a3bef to remote] DEBUG org.apache.http.client.protocol.RequestAddCookies - CookieSpec selected: default
22:05:11.043 [Forwarding sendKeysToElement on session 5010ef7e204650f5b76a6c1cbf3a3bef to remote] DEBUG org.apache.http.client.protocol.RequestAuthCache - Auth cache not set in the context
22:05:11.043 [Forwarding sendKeysToElement on session 5010ef7e204650f5b76a6c1cbf3a3bef to remote] DEBUG org.apache.http.impl.conn.PoolingHttpClientConnectionManager - Connection request: [route: {}->http://localhost:34166][total kept alive: 1; route allocated: 1 of 2000; total allocated: 1 of 2000]
22:05:11.043 [Forwarding sendKeysToElement on session 5010ef7e204650f5b76a6c1cbf3a3bef to remote] DEBUG org.apache.http.impl.conn.PoolingHttpClientConnectionManager - Connection leased: [id: 0][route: {}->http://localhost:34166][total kept alive: 0; route allocated: 1 of 2000; total allocated: 1 of 2000]
22:05:11.043 [Forwarding sendKeysToElement on session 5010ef7e204650f5b76a6c1cbf3a3bef to remote] DEBUG org.apache.http.impl.execchain.MainClientExec - Stale connection check
22:05:11.044 [Forwarding sendKeysToElement on session 5010ef7e204650f5b76a6c1cbf3a3bef to remote] DEBUG org.apache.http.wire - http-outgoing-0 << "[read] I/O error: Read timed out"
22:05:11.044 [Forwarding sendKeysToElement on session 5010ef7e204650f5b76a6c1cbf3a3bef to remote] DEBUG org.apache.http.impl.conn.DefaultManagedHttpClientConnection - http-outgoing-0: set socket timeout to 10800000
22:05:11.044 [Forwarding sendKeysToElement on session 5010ef7e204650f5b76a6c1cbf3a3bef to remote] DEBUG org.apache.http.impl.execchain.MainClientExec - Executing request POST /session/5010ef7e204650f5b76a6c1cbf3a3bef/element/0.8539885529533777-2/value HTTP/1.1
22:05:11.044 [Forwarding sendKeysToElement on session 5010ef7e204650f5b76a6c1cbf3a3bef to remote] DEBUG org.apache.http.impl.execchain.MainClientExec - Target auth state: UNCHALLENGED
22:05:11.044 [Forwarding sendKeysToElement on session 5010ef7e204650f5b76a6c1cbf3a3bef to remote] DEBUG org.apache.http.impl.execchain.MainClientExec - Proxy auth state: UNCHALLENGED
22:05:11.044 [Forwarding sendKeysToElement on session 5010ef7e204650f5b76a6c1cbf3a3bef to remote] DEBUG org.apache.http.headers - http-outgoing-0 >> POST /session/5010ef7e204650f5b76a6c1cbf3a3bef/element/0.8539885529533777-2/value HTTP/1.1
22:05:11.044 [Forwarding sendKeysToElement on session 5010ef7e204650f5b76a6c1cbf3a3bef to remote] DEBUG org.apache.http.headers - http-outgoing-0 >> Content-Type: application/json; charset=utf-8
22:05:11.044 [Forwarding sendKeysToElement on session 5010ef7e204650f5b76a6c1cbf3a3bef to remote] DEBUG org.apache.http.headers - http-outgoing-0 >> Content-Length: 43
22:05:11.044 [Forwarding sendKeysToElement on session 5010ef7e204650f5b76a6c1cbf3a3bef to remote] DEBUG org.apache.http.headers - http-outgoing-0 >> Host: localhost:34166
22:05:11.044 [Forwarding sendKeysToElement on session 5010ef7e204650f5b76a6c1cbf3a3bef to remote] DEBUG org.apache.http.headers - http-outgoing-0 >> Connection: Keep-Alive
22:05:11.044 [Forwarding sendKeysToElement on session 5010ef7e204650f5b76a6c1cbf3a3bef to remote] DEBUG org.apache.http.headers - http-outgoing-0 >> User-Agent: Apache-HttpClient/4.5.3 (Java/1.8.0_201)
22:05:11.044 [Forwarding sendKeysToElement on session 5010ef7e204650f5b76a6c1cbf3a3bef to remote] DEBUG org.apache.http.headers - http-outgoing-0 >> Accept-Encoding: gzip,deflate
22:05:11.044 [Forwarding sendKeysToElement on session 5010ef7e204650f5b76a6c1cbf3a3bef to remote] DEBUG org.apache.http.wire - http-outgoing-0 >> "POST /session/5010ef7e204650f5b76a6c1cbf3a3bef/element/0.8539885529533777-2/value HTTP/1.1[\r][\n]"
22:05:11.044 [Forwarding sendKeysToElement on session 5010ef7e204650f5b76a6c1cbf3a3bef to remote] DEBUG org.apache.http.wire - http-outgoing-0 >> "Content-Type: application/json; charset=utf-8[\r][\n]"
22:05:11.044 [Forwarding sendKeysToElement on session 5010ef7e204650f5b76a6c1cbf3a3bef to remote] DEBUG org.apache.http.wire - http-outgoing-0 >> "Content-Length: 43[\r][\n]"
22:05:11.044 [Forwarding sendKeysToElement on session 5010ef7e204650f5b76a6c1cbf3a3bef to remote] DEBUG org.apache.http.wire - http-outgoing-0 >> "Host: localhost:34166[\r][\n]"
22:05:11.044 [Forwarding sendKeysToElement on session 5010ef7e204650f5b76a6c1cbf3a3bef to remote] DEBUG org.apache.http.wire - http-outgoing-0 >> "Connection: Keep-Alive[\r][\n]"
22:05:11.044 [Forwarding sendKeysToElement on session 5010ef7e204650f5b76a6c1cbf3a3bef to remote] DEBUG org.apache.http.wire - http-outgoing-0 >> "User-Agent: Apache-HttpClient/4.5.3 (Java/1.8.0_201)[\r][\n]"
22:05:11.044 [Forwarding sendKeysToElement on session 5010ef7e204650f5b76a6c1cbf3a3bef to remote] DEBUG org.apache.http.wire - http-outgoing-0 >> "Accept-Encoding: gzip,deflate[\r][\n]"
22:05:11.044 [Forwarding sendKeysToElement on session 5010ef7e204650f5b76a6c1cbf3a3bef to remote] DEBUG org.apache.http.wire - http-outgoing-0 >> "[\r][\n]"
22:05:11.044 [Forwarding sendKeysToElement on session 5010ef7e204650f5b76a6c1cbf3a3bef to remote] DEBUG org.apache.http.wire - http-outgoing-0 >> "{"id":"0.8539885529533777-2","value":["5"]}"
22:05:11.078 [Forwarding sendKeysToElement on session 5010ef7e204650f5b76a6c1cbf3a3bef to remote] DEBUG org.apache.http.wire - http-outgoing-0 << "HTTP/1.1 200 OK[\r][\n]"
22:05:11.079 [Forwarding sendKeysToElement on session 5010ef7e204650f5b76a6c1cbf3a3bef to remote] DEBUG org.apache.http.wire - http-outgoing-0 << "Content-Length:72[\r][\n]"
22:05:11.079 [Forwarding sendKeysToElement on session 5010ef7e204650f5b76a6c1cbf3a3bef to remote] DEBUG org.apache.http.wire - http-outgoing-0 << "Content-Type:application/json; charset=utf-8[\r][\n]"
22:05:11.079 [Forwarding sendKeysToElement on session 5010ef7e204650f5b76a6c1cbf3a3bef to remote] DEBUG org.apache.http.wire - http-outgoing-0 << "[\r][\n]"
22:05:11.079 [Forwarding sendKeysToElement on session 5010ef7e204650f5b76a6c1cbf3a3bef to remote] DEBUG org.apache.http.wire - http-outgoing-0 << "{"sessionId":"5010ef7e204650f5b76a6c1cbf3a3bef","status":0,"value":null}"
22:05:11.079 [Forwarding sendKeysToElement on session 5010ef7e204650f5b76a6c1cbf3a3bef to remote] DEBUG org.apache.http.headers - http-outgoing-0 << HTTP/1.1 200 OK
22:05:11.079 [Forwarding sendKeysToElement on session 5010ef7e204650f5b76a6c1cbf3a3bef to remote] DEBUG org.apache.http.headers - http-outgoing-0 << Content-Length:72
22:05:11.079 [Forwarding sendKeysToElement on session 5010ef7e204650f5b76a6c1cbf3a3bef to remote] DEBUG org.apache.http.headers - http-outgoing-0 << Content-Type:application/json; charset=utf-8
22:05:11.079 [Forwarding sendKeysToElement on session 5010ef7e204650f5b76a6c1cbf3a3bef to remote] DEBUG org.apache.http.impl.execchain.MainClientExec - Connection can be kept alive indefinitely
22:05:11.079 [Forwarding sendKeysToElement on session 5010ef7e204650f5b76a6c1cbf3a3bef to remote] DEBUG org.apache.http.impl.conn.PoolingHttpClientConnectionManager - Connection [id: 0][route: {}->http://localhost:34166] can be kept alive indefinitely
22:05:11.079 [Forwarding sendKeysToElement on session 5010ef7e204650f5b76a6c1cbf3a3bef to remote] DEBUG org.apache.http.impl.conn.PoolingHttpClientConnectionManager - Connection released: [id: 0][route: {}->http://localhost:34166][total kept alive: 1; route allocated: 1 of 2000; total allocated: 1 of 2000]
22:05:11.080 [Forwarding findElement on session 5010ef7e204650f5b76a6c1cbf3a3bef to remote] DEBUG org.apache.http.client.protocol.RequestAddCookies - CookieSpec selected: default
22:05:11.080 [Forwarding findElement on session 5010ef7e204650f5b76a6c1cbf3a3bef to remote] DEBUG org.apache.http.client.protocol.RequestAuthCache - Auth cache not set in the context
22:05:11.080 [Forwarding findElement on session 5010ef7e204650f5b76a6c1cbf3a3bef to remote] DEBUG org.apache.http.impl.conn.PoolingHttpClientConnectionManager - Connection request: [route: {}->http://localhost:34166][total kept alive: 1; route allocated: 1 of 2000; total allocated: 1 of 2000]
22:05:11.080 [Forwarding findElement on session 5010ef7e204650f5b76a6c1cbf3a3bef to remote] DEBUG org.apache.http.impl.conn.PoolingHttpClientConnectionManager - Connection leased: [id: 0][route: {}->http://localhost:34166][total kept alive: 0; route allocated: 1 of 2000; total allocated: 1 of 2000]
22:05:11.080 [Forwarding findElement on session 5010ef7e204650f5b76a6c1cbf3a3bef to remote] DEBUG org.apache.http.impl.execchain.MainClientExec - Stale connection check
22:05:11.081 [Forwarding findElement on session 5010ef7e204650f5b76a6c1cbf3a3bef to remote] DEBUG org.apache.http.wire - http-outgoing-0 << "[read] I/O error: Read timed out"
22:05:11.081 [Forwarding findElement on session 5010ef7e204650f5b76a6c1cbf3a3bef to remote] DEBUG org.apache.http.impl.conn.DefaultManagedHttpClientConnection - http-outgoing-0: set socket timeout to 10800000
22:05:11.081 [Forwarding findElement on session 5010ef7e204650f5b76a6c1cbf3a3bef to remote] DEBUG org.apache.http.impl.execchain.MainClientExec - Executing request POST /session/5010ef7e204650f5b76a6c1cbf3a3bef/element HTTP/1.1
22:05:11.081 [Forwarding findElement on session 5010ef7e204650f5b76a6c1cbf3a3bef to remote] DEBUG org.apache.http.impl.execchain.MainClientExec - Target auth state: UNCHALLENGED
22:05:11.081 [Forwarding findElement on session 5010ef7e204650f5b76a6c1cbf3a3bef to remote] DEBUG org.apache.http.impl.execchain.MainClientExec - Proxy auth state: UNCHALLENGED
22:05:11.081 [Forwarding findElement on session 5010ef7e204650f5b76a6c1cbf3a3bef to remote] DEBUG org.apache.http.headers - http-outgoing-0 >> POST /session/5010ef7e204650f5b76a6c1cbf3a3bef/element HTTP/1.1
22:05:11.081 [Forwarding findElement on session 5010ef7e204650f5b76a6c1cbf3a3bef to remote] DEBUG org.apache.http.headers - http-outgoing-0 >> Content-Type: application/json; charset=utf-8
22:05:11.081 [Forwarding findElement on session 5010ef7e204650f5b76a6c1cbf3a3bef to remote] DEBUG org.apache.http.headers - http-outgoing-0 >> Content-Length: 28
22:05:11.081 [Forwarding findElement on session 5010ef7e204650f5b76a6c1cbf3a3bef to remote] DEBUG org.apache.http.headers - http-outgoing-0 >> Host: localhost:34166
22:05:11.081 [Forwarding findElement on session 5010ef7e204650f5b76a6c1cbf3a3bef to remote] DEBUG org.apache.http.headers - http-outgoing-0 >> Connection: Keep-Alive
22:05:11.081 [Forwarding findElement on session 5010ef7e204650f5b76a6c1cbf3a3bef to remote] DEBUG org.apache.http.headers - http-outgoing-0 >> User-Agent: Apache-HttpClient/4.5.3 (Java/1.8.0_201)
22:05:11.081 [Forwarding findElement on session 5010ef7e204650f5b76a6c1cbf3a3bef to remote] DEBUG org.apache.http.headers - http-outgoing-0 >> Accept-Encoding: gzip,deflate
22:05:11.081 [Forwarding findElement on session 5010ef7e204650f5b76a6c1cbf3a3bef to remote] DEBUG org.apache.http.wire - http-outgoing-0 >> "POST /session/5010ef7e204650f5b76a6c1cbf3a3bef/element HTTP/1.1[\r][\n]"
22:05:11.081 [Forwarding findElement on session 5010ef7e204650f5b76a6c1cbf3a3bef to remote] DEBUG org.apache.http.wire - http-outgoing-0 >> "Content-Type: application/json; charset=utf-8[\r][\n]"
22:05:11.081 [Forwarding findElement on session 5010ef7e204650f5b76a6c1cbf3a3bef to remote] DEBUG org.apache.http.wire - http-outgoing-0 >> "Content-Length: 28[\r][\n]"
22:05:11.081 [Forwarding findElement on session 5010ef7e204650f5b76a6c1cbf3a3bef to remote] DEBUG org.apache.http.wire - http-outgoing-0 >> "Host: localhost:34166[\r][\n]"
22:05:11.081 [Forwarding findElement on session 5010ef7e204650f5b76a6c1cbf3a3bef to remote] DEBUG org.apache.http.wire - http-outgoing-0 >> "Connection: Keep-Alive[\r][\n]"
22:05:11.081 [Forwarding findElement on session 5010ef7e204650f5b76a6c1cbf3a3bef to remote] DEBUG org.apache.http.wire - http-outgoing-0 >> "User-Agent: Apache-HttpClient/4.5.3 (Java/1.8.0_201)[\r][\n]"
22:05:11.081 [Forwarding findElement on session 5010ef7e204650f5b76a6c1cbf3a3bef to remote] DEBUG org.apache.http.wire - http-outgoing-0 >> "Accept-Encoding: gzip,deflate[\r][\n]"
22:05:11.081 [Forwarding findElement on session 5010ef7e204650f5b76a6c1cbf3a3bef to remote] DEBUG org.apache.http.wire - http-outgoing-0 >> "[\r][\n]"
22:05:11.081 [Forwarding findElement on session 5010ef7e204650f5b76a6c1cbf3a3bef to remote] DEBUG org.apache.http.wire - http-outgoing-0 >> "{"using":"name","value":"b"}"
22:05:11.087 [Forwarding findElement on session 5010ef7e204650f5b76a6c1cbf3a3bef to remote] DEBUG org.apache.http.wire - http-outgoing-0 << "HTTP/1.1 200 OK[\r][\n]"
22:05:11.087 [Forwarding findElement on session 5010ef7e204650f5b76a6c1cbf3a3bef to remote] DEBUG org.apache.http.wire - http-outgoing-0 << "Content-Length:102[\r][\n]"
22:05:11.087 [Forwarding findElement on session 5010ef7e204650f5b76a6c1cbf3a3bef to remote] DEBUG org.apache.http.wire - http-outgoing-0 << "Content-Type:application/json; charset=utf-8[\r][\n]"
22:05:11.087 [Forwarding findElement on session 5010ef7e204650f5b76a6c1cbf3a3bef to remote] DEBUG org.apache.http.wire - http-outgoing-0 << "[\r][\n]"
22:05:11.087 [Forwarding findElement on session 5010ef7e204650f5b76a6c1cbf3a3bef to remote] DEBUG org.apache.http.wire - http-outgoing-0 << "{"sessionId":"5010ef7e204650f5b76a6c1cbf3a3bef","status":0,"value":{"ELEMENT":"0.8539885529533777-3"}}"
22:05:11.087 [Forwarding findElement on session 5010ef7e204650f5b76a6c1cbf3a3bef to remote] DEBUG org.apache.http.headers - http-outgoing-0 << HTTP/1.1 200 OK
22:05:11.087 [Forwarding findElement on session 5010ef7e204650f5b76a6c1cbf3a3bef to remote] DEBUG org.apache.http.headers - http-outgoing-0 << Content-Length:102
22:05:11.087 [Forwarding findElement on session 5010ef7e204650f5b76a6c1cbf3a3bef to remote] DEBUG org.apache.http.headers - http-outgoing-0 << Content-Type:application/json; charset=utf-8
22:05:11.087 [Forwarding findElement on session 5010ef7e204650f5b76a6c1cbf3a3bef to remote] DEBUG org.apache.http.impl.execchain.MainClientExec - Connection can be kept alive indefinitely
22:05:11.087 [Forwarding findElement on session 5010ef7e204650f5b76a6c1cbf3a3bef to remote] DEBUG org.apache.http.impl.conn.PoolingHttpClientConnectionManager - Connection [id: 0][route: {}->http://localhost:34166] can be kept alive indefinitely
22:05:11.087 [Forwarding findElement on session 5010ef7e204650f5b76a6c1cbf3a3bef to remote] DEBUG org.apache.http.impl.conn.PoolingHttpClientConnectionManager - Connection released: [id: 0][route: {}->http://localhost:34166][total kept alive: 1; route allocated: 1 of 2000; total allocated: 1 of 2000]
22:05:11.088 [Forwarding sendKeysToElement on session 5010ef7e204650f5b76a6c1cbf3a3bef to remote] DEBUG org.apache.http.client.protocol.RequestAddCookies - CookieSpec selected: default
22:05:11.088 [Forwarding sendKeysToElement on session 5010ef7e204650f5b76a6c1cbf3a3bef to remote] DEBUG org.apache.http.client.protocol.RequestAuthCache - Auth cache not set in the context
22:05:11.088 [Forwarding sendKeysToElement on session 5010ef7e204650f5b76a6c1cbf3a3bef to remote] DEBUG org.apache.http.impl.conn.PoolingHttpClientConnectionManager - Connection request: [route: {}->http://localhost:34166][total kept alive: 1; route allocated: 1 of 2000; total allocated: 1 of 2000]
22:05:11.089 [Forwarding sendKeysToElement on session 5010ef7e204650f5b76a6c1cbf3a3bef to remote] DEBUG org.apache.http.impl.conn.PoolingHttpClientConnectionManager - Connection leased: [id: 0][route: {}->http://localhost:34166][total kept alive: 0; route allocated: 1 of 2000; total allocated: 1 of 2000]
22:05:11.089 [Forwarding sendKeysToElement on session 5010ef7e204650f5b76a6c1cbf3a3bef to remote] DEBUG org.apache.http.impl.execchain.MainClientExec - Stale connection check
22:05:11.090 [Forwarding sendKeysToElement on session 5010ef7e204650f5b76a6c1cbf3a3bef to remote] DEBUG org.apache.http.wire - http-outgoing-0 << "[read] I/O error: Read timed out"
22:05:11.090 [Forwarding sendKeysToElement on session 5010ef7e204650f5b76a6c1cbf3a3bef to remote] DEBUG org.apache.http.impl.conn.DefaultManagedHttpClientConnection - http-outgoing-0: set socket timeout to 10800000
22:05:11.090 [Forwarding sendKeysToElement on session 5010ef7e204650f5b76a6c1cbf3a3bef to remote] DEBUG org.apache.http.impl.execchain.MainClientExec - Executing request POST /session/5010ef7e204650f5b76a6c1cbf3a3bef/element/0.8539885529533777-3/value HTTP/1.1
22:05:11.090 [Forwarding sendKeysToElement on session 5010ef7e204650f5b76a6c1cbf3a3bef to remote] DEBUG org.apache.http.impl.execchain.MainClientExec - Target auth state: UNCHALLENGED
22:05:11.090 [Forwarding sendKeysToElement on session 5010ef7e204650f5b76a6c1cbf3a3bef to remote] DEBUG org.apache.http.impl.execchain.MainClientExec - Proxy auth state: UNCHALLENGED
22:05:11.090 [Forwarding sendKeysToElement on session 5010ef7e204650f5b76a6c1cbf3a3bef to remote] DEBUG org.apache.http.headers - http-outgoing-0 >> POST /session/5010ef7e204650f5b76a6c1cbf3a3bef/element/0.8539885529533777-3/value HTTP/1.1
22:05:11.090 [Forwarding sendKeysToElement on session 5010ef7e204650f5b76a6c1cbf3a3bef to remote] DEBUG org.apache.http.headers - http-outgoing-0 >> Content-Type: application/json; charset=utf-8
22:05:11.090 [Forwarding sendKeysToElement on session 5010ef7e204650f5b76a6c1cbf3a3bef to remote] DEBUG org.apache.http.headers - http-outgoing-0 >> Content-Length: 43
22:05:11.090 [Forwarding sendKeysToElement on session 5010ef7e204650f5b76a6c1cbf3a3bef to remote] DEBUG org.apache.http.headers - http-outgoing-0 >> Host: localhost:34166
22:05:11.090 [Forwarding sendKeysToElement on session 5010ef7e204650f5b76a6c1cbf3a3bef to remote] DEBUG org.apache.http.headers - http-outgoing-0 >> Connection: Keep-Alive
22:05:11.090 [Forwarding sendKeysToElement on session 5010ef7e204650f5b76a6c1cbf3a3bef to remote] DEBUG org.apache.http.headers - http-outgoing-0 >> User-Agent: Apache-HttpClient/4.5.3 (Java/1.8.0_201)
22:05:11.090 [Forwarding sendKeysToElement on session 5010ef7e204650f5b76a6c1cbf3a3bef to remote] DEBUG org.apache.http.headers - http-outgoing-0 >> Accept-Encoding: gzip,deflate
22:05:11.090 [Forwarding sendKeysToElement on session 5010ef7e204650f5b76a6c1cbf3a3bef to remote] DEBUG org.apache.http.wire - http-outgoing-0 >> "POST /session/5010ef7e204650f5b76a6c1cbf3a3bef/element/0.8539885529533777-3/value HTTP/1.1[\r][\n]"
22:05:11.090 [Forwarding sendKeysToElement on session 5010ef7e204650f5b76a6c1cbf3a3bef to remote] DEBUG org.apache.http.wire - http-outgoing-0 >> "Content-Type: application/json; charset=utf-8[\r][\n]"
22:05:11.090 [Forwarding sendKeysToElement on session 5010ef7e204650f5b76a6c1cbf3a3bef to remote] DEBUG org.apache.http.wire - http-outgoing-0 >> "Content-Length: 43[\r][\n]"
22:05:11.090 [Forwarding sendKeysToElement on session 5010ef7e204650f5b76a6c1cbf3a3bef to remote] DEBUG org.apache.http.wire - http-outgoing-0 >> "Host: localhost:34166[\r][\n]"
22:05:11.090 [Forwarding sendKeysToElement on session 5010ef7e204650f5b76a6c1cbf3a3bef to remote] DEBUG org.apache.http.wire - http-outgoing-0 >> "Connection: Keep-Alive[\r][\n]"
22:05:11.090 [Forwarding sendKeysToElement on session 5010ef7e204650f5b76a6c1cbf3a3bef to remote] DEBUG org.apache.http.wire - http-outgoing-0 >> "User-Agent: Apache-HttpClient/4.5.3 (Java/1.8.0_201)[\r][\n]"
22:05:11.090 [Forwarding sendKeysToElement on session 5010ef7e204650f5b76a6c1cbf3a3bef to remote] DEBUG org.apache.http.wire - http-outgoing-0 >> "Accept-Encoding: gzip,deflate[\r][\n]"
22:05:11.090 [Forwarding sendKeysToElement on session 5010ef7e204650f5b76a6c1cbf3a3bef to remote] DEBUG org.apache.http.wire - http-outgoing-0 >> "[\r][\n]"
22:05:11.090 [Forwarding sendKeysToElement on session 5010ef7e204650f5b76a6c1cbf3a3bef to remote] DEBUG org.apache.http.wire - http-outgoing-0 >> "{"id":"0.8539885529533777-3","value":["7"]}"
22:05:11.128 [Forwarding sendKeysToElement on session 5010ef7e204650f5b76a6c1cbf3a3bef to remote] DEBUG org.apache.http.wire - http-outgoing-0 << "HTTP/1.1 200 OK[\r][\n]"
22:05:11.129 [Forwarding sendKeysToElement on session 5010ef7e204650f5b76a6c1cbf3a3bef to remote] DEBUG org.apache.http.wire - http-outgoing-0 << "Content-Length:72[\r][\n]"
22:05:11.129 [Forwarding sendKeysToElement on session 5010ef7e204650f5b76a6c1cbf3a3bef to remote] DEBUG org.apache.http.wire - http-outgoing-0 << "Content-Type:application/json; charset=utf-8[\r][\n]"
22:05:11.129 [Forwarding sendKeysToElement on session 5010ef7e204650f5b76a6c1cbf3a3bef to remote] DEBUG org.apache.http.wire - http-outgoing-0 << "[\r][\n]"
22:05:11.129 [Forwarding sendKeysToElement on session 5010ef7e204650f5b76a6c1cbf3a3bef to remote] DEBUG org.apache.http.wire - http-outgoing-0 << "{"sessionId":"5010ef7e204650f5b76a6c1cbf3a3bef","status":0,"value":null}"
22:05:11.129 [Forwarding sendKeysToElement on session 5010ef7e204650f5b76a6c1cbf3a3bef to remote] DEBUG org.apache.http.headers - http-outgoing-0 << HTTP/1.1 200 OK
22:05:11.129 [Forwarding sendKeysToElement on session 5010ef7e204650f5b76a6c1cbf3a3bef to remote] DEBUG org.apache.http.headers - http-outgoing-0 << Content-Length:72
22:05:11.129 [Forwarding sendKeysToElement on session 5010ef7e204650f5b76a6c1cbf3a3bef to remote] DEBUG org.apache.http.headers - http-outgoing-0 << Content-Type:application/json; charset=utf-8
22:05:11.129 [Forwarding sendKeysToElement on session 5010ef7e204650f5b76a6c1cbf3a3bef to remote] DEBUG org.apache.http.impl.execchain.MainClientExec - Connection can be kept alive indefinitely
22:05:11.129 [Forwarding sendKeysToElement on session 5010ef7e204650f5b76a6c1cbf3a3bef to remote] DEBUG org.apache.http.impl.conn.PoolingHttpClientConnectionManager - Connection [id: 0][route: {}->http://localhost:34166] can be kept alive indefinitely
22:05:11.129 [Forwarding sendKeysToElement on session 5010ef7e204650f5b76a6c1cbf3a3bef to remote] DEBUG org.apache.http.impl.conn.PoolingHttpClientConnectionManager - Connection released: [id: 0][route: {}->http://localhost:34166][total kept alive: 1; route allocated: 1 of 2000; total allocated: 1 of 2000]
22:05:11.130 [Forwarding findElement on session 5010ef7e204650f5b76a6c1cbf3a3bef to remote] DEBUG org.apache.http.client.protocol.RequestAddCookies - CookieSpec selected: default
22:05:11.130 [Forwarding findElement on session 5010ef7e204650f5b76a6c1cbf3a3bef to remote] DEBUG org.apache.http.client.protocol.RequestAuthCache - Auth cache not set in the context
22:05:11.130 [Forwarding findElement on session 5010ef7e204650f5b76a6c1cbf3a3bef to remote] DEBUG org.apache.http.impl.conn.PoolingHttpClientConnectionManager - Connection request: [route: {}->http://localhost:34166][total kept alive: 1; route allocated: 1 of 2000; total allocated: 1 of 2000]
22:05:11.130 [Forwarding findElement on session 5010ef7e204650f5b76a6c1cbf3a3bef to remote] DEBUG org.apache.http.impl.conn.PoolingHttpClientConnectionManager - Connection leased: [id: 0][route: {}->http://localhost:34166][total kept alive: 0; route allocated: 1 of 2000; total allocated: 1 of 2000]
22:05:11.130 [Forwarding findElement on session 5010ef7e204650f5b76a6c1cbf3a3bef to remote] DEBUG org.apache.http.impl.execchain.MainClientExec - Stale connection check
22:05:11.131 [Forwarding findElement on session 5010ef7e204650f5b76a6c1cbf3a3bef to remote] DEBUG org.apache.http.wire - http-outgoing-0 << "[read] I/O error: Read timed out"
22:05:11.131 [Forwarding findElement on session 5010ef7e204650f5b76a6c1cbf3a3bef to remote] DEBUG org.apache.http.impl.conn.DefaultManagedHttpClientConnection - http-outgoing-0: set socket timeout to 10800000
22:05:11.131 [Forwarding findElement on session 5010ef7e204650f5b76a6c1cbf3a3bef to remote] DEBUG org.apache.http.impl.execchain.MainClientExec - Executing request POST /session/5010ef7e204650f5b76a6c1cbf3a3bef/element HTTP/1.1
22:05:11.131 [Forwarding findElement on session 5010ef7e204650f5b76a6c1cbf3a3bef to remote] DEBUG org.apache.http.impl.execchain.MainClientExec - Target auth state: UNCHALLENGED
22:05:11.131 [Forwarding findElement on session 5010ef7e204650f5b76a6c1cbf3a3bef to remote] DEBUG org.apache.http.impl.execchain.MainClientExec - Proxy auth state: UNCHALLENGED
22:05:11.131 [Forwarding findElement on session 5010ef7e204650f5b76a6c1cbf3a3bef to remote] DEBUG org.apache.http.headers - http-outgoing-0 >> POST /session/5010ef7e204650f5b76a6c1cbf3a3bef/element HTTP/1.1
22:05:11.131 [Forwarding findElement on session 5010ef7e204650f5b76a6c1cbf3a3bef to remote] DEBUG org.apache.http.headers - http-outgoing-0 >> Content-Type: application/json; charset=utf-8
22:05:11.131 [Forwarding findElement on session 5010ef7e204650f5b76a6c1cbf3a3bef to remote] DEBUG org.apache.http.headers - http-outgoing-0 >> Content-Length: 57
22:05:11.131 [Forwarding findElement on session 5010ef7e204650f5b76a6c1cbf3a3bef to remote] DEBUG org.apache.http.headers - http-outgoing-0 >> Host: localhost:34166
22:05:11.131 [Forwarding findElement on session 5010ef7e204650f5b76a6c1cbf3a3bef to remote] DEBUG org.apache.http.headers - http-outgoing-0 >> Connection: Keep-Alive
22:05:11.131 [Forwarding findElement on session 5010ef7e204650f5b76a6c1cbf3a3bef to remote] DEBUG org.apache.http.headers - http-outgoing-0 >> User-Agent: Apache-HttpClient/4.5.3 (Java/1.8.0_201)
22:05:11.131 [Forwarding findElement on session 5010ef7e204650f5b76a6c1cbf3a3bef to remote] DEBUG org.apache.http.headers - http-outgoing-0 >> Accept-Encoding: gzip,deflate
22:05:11.131 [Forwarding findElement on session 5010ef7e204650f5b76a6c1cbf3a3bef to remote] DEBUG org.apache.http.wire - http-outgoing-0 >> "POST /session/5010ef7e204650f5b76a6c1cbf3a3bef/element HTTP/1.1[\r][\n]"
22:05:11.131 [Forwarding findElement on session 5010ef7e204650f5b76a6c1cbf3a3bef to remote] DEBUG org.apache.http.wire - http-outgoing-0 >> "Content-Type: application/json; charset=utf-8[\r][\n]"
22:05:11.131 [Forwarding findElement on session 5010ef7e204650f5b76a6c1cbf3a3bef to remote] DEBUG org.apache.http.wire - http-outgoing-0 >> "Content-Length: 57[\r][\n]"
22:05:11.131 [Forwarding findElement on session 5010ef7e204650f5b76a6c1cbf3a3bef to remote] DEBUG org.apache.http.wire - http-outgoing-0 >> "Host: localhost:34166[\r][\n]"
22:05:11.131 [Forwarding findElement on session 5010ef7e204650f5b76a6c1cbf3a3bef to remote] DEBUG org.apache.http.wire - http-outgoing-0 >> "Connection: Keep-Alive[\r][\n]"
22:05:11.131 [Forwarding findElement on session 5010ef7e204650f5b76a6c1cbf3a3bef to remote] DEBUG org.apache.http.wire - http-outgoing-0 >> "User-Agent: Apache-HttpClient/4.5.3 (Java/1.8.0_201)[\r][\n]"
22:05:11.131 [Forwarding findElement on session 5010ef7e204650f5b76a6c1cbf3a3bef to remote] DEBUG org.apache.http.wire - http-outgoing-0 >> "Accept-Encoding: gzip,deflate[\r][\n]"
22:05:11.131 [Forwarding findElement on session 5010ef7e204650f5b76a6c1cbf3a3bef to remote] DEBUG org.apache.http.wire - http-outgoing-0 >> "[\r][\n]"
22:05:11.131 [Forwarding findElement on session 5010ef7e204650f5b76a6c1cbf3a3bef to remote] DEBUG org.apache.http.wire - http-outgoing-0 >> "{"using":"xpath","value":"/html/body/form/p[1]/input[1]"}"
22:05:11.141 [Forwarding findElement on session 5010ef7e204650f5b76a6c1cbf3a3bef to remote] DEBUG org.apache.http.wire - http-outgoing-0 << "HTTP/1.1 200 OK[\r][\n]"
22:05:11.141 [Forwarding findElement on session 5010ef7e204650f5b76a6c1cbf3a3bef to remote] DEBUG org.apache.http.wire - http-outgoing-0 << "Content-Length:102[\r][\n]"
22:05:11.141 [Forwarding findElement on session 5010ef7e204650f5b76a6c1cbf3a3bef to remote] DEBUG org.apache.http.wire - http-outgoing-0 << "Content-Type:application/json; charset=utf-8[\r][\n]"
22:05:11.141 [Forwarding findElement on session 5010ef7e204650f5b76a6c1cbf3a3bef to remote] DEBUG org.apache.http.wire - http-outgoing-0 << "[\r][\n]"
22:05:11.141 [Forwarding findElement on session 5010ef7e204650f5b76a6c1cbf3a3bef to remote] DEBUG org.apache.http.wire - http-outgoing-0 << "{"sessionId":"5010ef7e204650f5b76a6c1cbf3a3bef","status":0,"value":{"ELEMENT":"0.8539885529533777-5"}}"
22:05:11.141 [Forwarding findElement on session 5010ef7e204650f5b76a6c1cbf3a3bef to remote] DEBUG org.apache.http.headers - http-outgoing-0 << HTTP/1.1 200 OK
22:05:11.141 [Forwarding findElement on session 5010ef7e204650f5b76a6c1cbf3a3bef to remote] DEBUG org.apache.http.headers - http-outgoing-0 << Content-Length:102
22:05:11.141 [Forwarding findElement on session 5010ef7e204650f5b76a6c1cbf3a3bef to remote] DEBUG org.apache.http.headers - http-outgoing-0 << Content-Type:application/json; charset=utf-8
22:05:11.141 [Forwarding findElement on session 5010ef7e204650f5b76a6c1cbf3a3bef to remote] DEBUG org.apache.http.impl.execchain.MainClientExec - Connection can be kept alive indefinitely
22:05:11.141 [Forwarding findElement on session 5010ef7e204650f5b76a6c1cbf3a3bef to remote] DEBUG org.apache.http.impl.conn.PoolingHttpClientConnectionManager - Connection [id: 0][route: {}->http://localhost:34166] can be kept alive indefinitely
22:05:11.141 [Forwarding findElement on session 5010ef7e204650f5b76a6c1cbf3a3bef to remote] DEBUG org.apache.http.impl.conn.PoolingHttpClientConnectionManager - Connection released: [id: 0][route: {}->http://localhost:34166][total kept alive: 1; route allocated: 1 of 2000; total allocated: 1 of 2000]
22:05:11.143 [Forwarding clickElement on session 5010ef7e204650f5b76a6c1cbf3a3bef to remote] DEBUG org.apache.http.client.protocol.RequestAddCookies - CookieSpec selected: default
22:05:11.143 [Forwarding clickElement on session 5010ef7e204650f5b76a6c1cbf3a3bef to remote] DEBUG org.apache.http.client.protocol.RequestAuthCache - Auth cache not set in the context
22:05:11.143 [Forwarding clickElement on session 5010ef7e204650f5b76a6c1cbf3a3bef to remote] DEBUG org.apache.http.impl.conn.PoolingHttpClientConnectionManager - Connection request: [route: {}->http://localhost:34166][total kept alive: 1; route allocated: 1 of 2000; total allocated: 1 of 2000]
22:05:11.143 [Forwarding clickElement on session 5010ef7e204650f5b76a6c1cbf3a3bef to remote] DEBUG org.apache.http.impl.conn.PoolingHttpClientConnectionManager - Connection leased: [id: 0][route: {}->http://localhost:34166][total kept alive: 0; route allocated: 1 of 2000; total allocated: 1 of 2000]
22:05:11.143 [Forwarding clickElement on session 5010ef7e204650f5b76a6c1cbf3a3bef to remote] DEBUG org.apache.http.impl.execchain.MainClientExec - Stale connection check
22:05:11.145 [Forwarding clickElement on session 5010ef7e204650f5b76a6c1cbf3a3bef to remote] DEBUG org.apache.http.wire - http-outgoing-0 << "[read] I/O error: Read timed out"
22:05:11.145 [Forwarding clickElement on session 5010ef7e204650f5b76a6c1cbf3a3bef to remote] DEBUG org.apache.http.impl.conn.DefaultManagedHttpClientConnection - http-outgoing-0: set socket timeout to 10800000
22:05:11.145 [Forwarding clickElement on session 5010ef7e204650f5b76a6c1cbf3a3bef to remote] DEBUG org.apache.http.impl.execchain.MainClientExec - Executing request POST /session/5010ef7e204650f5b76a6c1cbf3a3bef/element/0.8539885529533777-5/click HTTP/1.1
22:05:11.145 [Forwarding clickElement on session 5010ef7e204650f5b76a6c1cbf3a3bef to remote] DEBUG org.apache.http.impl.execchain.MainClientExec - Target auth state: UNCHALLENGED
22:05:11.145 [Forwarding clickElement on session 5010ef7e204650f5b76a6c1cbf3a3bef to remote] DEBUG org.apache.http.impl.execchain.MainClientExec - Proxy auth state: UNCHALLENGED
22:05:11.145 [Forwarding clickElement on session 5010ef7e204650f5b76a6c1cbf3a3bef to remote] DEBUG org.apache.http.headers - http-outgoing-0 >> POST /session/5010ef7e204650f5b76a6c1cbf3a3bef/element/0.8539885529533777-5/click HTTP/1.1
22:05:11.145 [Forwarding clickElement on session 5010ef7e204650f5b76a6c1cbf3a3bef to remote] DEBUG org.apache.http.headers - http-outgoing-0 >> Content-Type: application/json; charset=utf-8
22:05:11.145 [Forwarding clickElement on session 5010ef7e204650f5b76a6c1cbf3a3bef to remote] DEBUG org.apache.http.headers - http-outgoing-0 >> Content-Length: 29
22:05:11.145 [Forwarding clickElement on session 5010ef7e204650f5b76a6c1cbf3a3bef to remote] DEBUG org.apache.http.headers - http-outgoing-0 >> Host: localhost:34166
22:05:11.145 [Forwarding clickElement on session 5010ef7e204650f5b76a6c1cbf3a3bef to remote] DEBUG org.apache.http.headers - http-outgoing-0 >> Connection: Keep-Alive
22:05:11.145 [Forwarding clickElement on session 5010ef7e204650f5b76a6c1cbf3a3bef to remote] DEBUG org.apache.http.headers - http-outgoing-0 >> User-Agent: Apache-HttpClient/4.5.3 (Java/1.8.0_201)
22:05:11.145 [Forwarding clickElement on session 5010ef7e204650f5b76a6c1cbf3a3bef to remote] DEBUG org.apache.http.headers - http-outgoing-0 >> Accept-Encoding: gzip,deflate
22:05:11.145 [Forwarding clickElement on session 5010ef7e204650f5b76a6c1cbf3a3bef to remote] DEBUG org.apache.http.wire - http-outgoing-0 >> "POST /session/5010ef7e204650f5b76a6c1cbf3a3bef/element/0.8539885529533777-5/click HTTP/1.1[\r][\n]"
22:05:11.145 [Forwarding clickElement on session 5010ef7e204650f5b76a6c1cbf3a3bef to remote] DEBUG org.apache.http.wire - http-outgoing-0 >> "Content-Type: application/json; charset=utf-8[\r][\n]"
22:05:11.145 [Forwarding clickElement on session 5010ef7e204650f5b76a6c1cbf3a3bef to remote] DEBUG org.apache.http.wire - http-outgoing-0 >> "Content-Length: 29[\r][\n]"
22:05:11.145 [Forwarding clickElement on session 5010ef7e204650f5b76a6c1cbf3a3bef to remote] DEBUG org.apache.http.wire - http-outgoing-0 >> "Host: localhost:34166[\r][\n]"
22:05:11.145 [Forwarding clickElement on session 5010ef7e204650f5b76a6c1cbf3a3bef to remote] DEBUG org.apache.http.wire - http-outgoing-0 >> "Connection: Keep-Alive[\r][\n]"
22:05:11.145 [Forwarding clickElement on session 5010ef7e204650f5b76a6c1cbf3a3bef to remote] DEBUG org.apache.http.wire - http-outgoing-0 >> "User-Agent: Apache-HttpClient/4.5.3 (Java/1.8.0_201)[\r][\n]"
22:05:11.145 [Forwarding clickElement on session 5010ef7e204650f5b76a6c1cbf3a3bef to remote] DEBUG org.apache.http.wire - http-outgoing-0 >> "Accept-Encoding: gzip,deflate[\r][\n]"
22:05:11.145 [Forwarding clickElement on session 5010ef7e204650f5b76a6c1cbf3a3bef to remote] DEBUG org.apache.http.wire - http-outgoing-0 >> "[\r][\n]"
22:05:11.145 [Forwarding clickElement on session 5010ef7e204650f5b76a6c1cbf3a3bef to remote] DEBUG org.apache.http.wire - http-outgoing-0 >> "{"id":"0.8539885529533777-5"}"
22:05:11.204 [Forwarding clickElement on session 5010ef7e204650f5b76a6c1cbf3a3bef to remote] DEBUG org.apache.http.wire - http-outgoing-0 << "HTTP/1.1 200 OK[\r][\n]"
22:05:11.204 [Forwarding clickElement on session 5010ef7e204650f5b76a6c1cbf3a3bef to remote] DEBUG org.apache.http.wire - http-outgoing-0 << "Content-Length:72[\r][\n]"
22:05:11.205 [Forwarding clickElement on session 5010ef7e204650f5b76a6c1cbf3a3bef to remote] DEBUG org.apache.http.wire - http-outgoing-0 << "Content-Type:application/json; charset=utf-8[\r][\n]"
22:05:11.205 [Forwarding clickElement on session 5010ef7e204650f5b76a6c1cbf3a3bef to remote] DEBUG org.apache.http.wire - http-outgoing-0 << "[\r][\n]"
22:05:11.205 [Forwarding clickElement on session 5010ef7e204650f5b76a6c1cbf3a3bef to remote] DEBUG org.apache.http.wire - http-outgoing-0 << "{"sessionId":"5010ef7e204650f5b76a6c1cbf3a3bef","status":0,"value":null}"
22:05:11.205 [Forwarding clickElement on session 5010ef7e204650f5b76a6c1cbf3a3bef to remote] DEBUG org.apache.http.headers - http-outgoing-0 << HTTP/1.1 200 OK
22:05:11.205 [Forwarding clickElement on session 5010ef7e204650f5b76a6c1cbf3a3bef to remote] DEBUG org.apache.http.headers - http-outgoing-0 << Content-Length:72
22:05:11.205 [Forwarding clickElement on session 5010ef7e204650f5b76a6c1cbf3a3bef to remote] DEBUG org.apache.http.headers - http-outgoing-0 << Content-Type:application/json; charset=utf-8
22:05:11.205 [Forwarding clickElement on session 5010ef7e204650f5b76a6c1cbf3a3bef to remote] DEBUG org.apache.http.impl.execchain.MainClientExec - Connection can be kept alive indefinitely
22:05:11.206 [Forwarding clickElement on session 5010ef7e204650f5b76a6c1cbf3a3bef to remote] DEBUG org.apache.http.impl.conn.PoolingHttpClientConnectionManager - Connection [id: 0][route: {}->http://localhost:34166] can be kept alive indefinitely
22:05:11.206 [Forwarding clickElement on session 5010ef7e204650f5b76a6c1cbf3a3bef to remote] DEBUG org.apache.http.impl.conn.PoolingHttpClientConnectionManager - Connection released: [id: 0][route: {}->http://localhost:34166][total kept alive: 1; route allocated: 1 of 2000; total allocated: 1 of 2000]
22:05:14.208 [Forwarding findElement on session 5010ef7e204650f5b76a6c1cbf3a3bef to remote] DEBUG org.apache.http.client.protocol.RequestAddCookies - CookieSpec selected: default
22:05:14.208 [Forwarding findElement on session 5010ef7e204650f5b76a6c1cbf3a3bef to remote] DEBUG org.apache.http.client.protocol.RequestAuthCache - Auth cache not set in the context
22:05:14.208 [Forwarding findElement on session 5010ef7e204650f5b76a6c1cbf3a3bef to remote] DEBUG org.apache.http.impl.conn.PoolingHttpClientConnectionManager - Connection request: [route: {}->http://localhost:34166][total kept alive: 1; route allocated: 1 of 2000; total allocated: 1 of 2000]
22:05:14.210 [Forwarding findElement on session 5010ef7e204650f5b76a6c1cbf3a3bef to remote] DEBUG org.apache.http.wire - http-outgoing-0 << "[read] I/O error: Read timed out"
22:05:14.210 [Forwarding findElement on session 5010ef7e204650f5b76a6c1cbf3a3bef to remote] DEBUG org.apache.http.impl.conn.PoolingHttpClientConnectionManager - Connection leased: [id: 0][route: {}->http://localhost:34166][total kept alive: 0; route allocated: 1 of 2000; total allocated: 1 of 2000]
22:05:14.210 [Forwarding findElement on session 5010ef7e204650f5b76a6c1cbf3a3bef to remote] DEBUG org.apache.http.impl.execchain.MainClientExec - Stale connection check
22:05:14.212 [Forwarding findElement on session 5010ef7e204650f5b76a6c1cbf3a3bef to remote] DEBUG org.apache.http.wire - http-outgoing-0 << "[read] I/O error: Read timed out"
22:05:14.212 [Forwarding findElement on session 5010ef7e204650f5b76a6c1cbf3a3bef to remote] DEBUG org.apache.http.impl.conn.DefaultManagedHttpClientConnection - http-outgoing-0: set socket timeout to 10800000
22:05:14.212 [Forwarding findElement on session 5010ef7e204650f5b76a6c1cbf3a3bef to remote] DEBUG org.apache.http.impl.execchain.MainClientExec - Executing request POST /session/5010ef7e204650f5b76a6c1cbf3a3bef/element HTTP/1.1
22:05:14.212 [Forwarding findElement on session 5010ef7e204650f5b76a6c1cbf3a3bef to remote] DEBUG org.apache.http.impl.execchain.MainClientExec - Target auth state: UNCHALLENGED
22:05:14.212 [Forwarding findElement on session 5010ef7e204650f5b76a6c1cbf3a3bef to remote] DEBUG org.apache.http.impl.execchain.MainClientExec - Proxy auth state: UNCHALLENGED
22:05:14.212 [Forwarding findElement on session 5010ef7e204650f5b76a6c1cbf3a3bef to remote] DEBUG org.apache.http.headers - http-outgoing-0 >> POST /session/5010ef7e204650f5b76a6c1cbf3a3bef/element HTTP/1.1
22:05:14.212 [Forwarding findElement on session 5010ef7e204650f5b76a6c1cbf3a3bef to remote] DEBUG org.apache.http.headers - http-outgoing-0 >> Content-Type: application/json; charset=utf-8
22:05:14.212 [Forwarding findElement on session 5010ef7e204650f5b76a6c1cbf3a3bef to remote] DEBUG org.apache.http.headers - http-outgoing-0 >> Content-Length: 51
22:05:14.212 [Forwarding findElement on session 5010ef7e204650f5b76a6c1cbf3a3bef to remote] DEBUG org.apache.http.headers - http-outgoing-0 >> Host: localhost:34166
22:05:14.212 [Forwarding findElement on session 5010ef7e204650f5b76a6c1cbf3a3bef to remote] DEBUG org.apache.http.headers - http-outgoing-0 >> Connection: Keep-Alive
22:05:14.212 [Forwarding findElement on session 5010ef7e204650f5b76a6c1cbf3a3bef to remote] DEBUG org.apache.http.headers - http-outgoing-0 >> User-Agent: Apache-HttpClient/4.5.3 (Java/1.8.0_201)
22:05:14.212 [Forwarding findElement on session 5010ef7e204650f5b76a6c1cbf3a3bef to remote] DEBUG org.apache.http.headers - http-outgoing-0 >> Accept-Encoding: gzip,deflate
22:05:14.212 [Forwarding findElement on session 5010ef7e204650f5b76a6c1cbf3a3bef to remote] DEBUG org.apache.http.wire - http-outgoing-0 >> "POST /session/5010ef7e204650f5b76a6c1cbf3a3bef/element HTTP/1.1[\r][\n]"
22:05:14.212 [Forwarding findElement on session 5010ef7e204650f5b76a6c1cbf3a3bef to remote] DEBUG org.apache.http.wire - http-outgoing-0 >> "Content-Type: application/json; charset=utf-8[\r][\n]"
22:05:14.212 [Forwarding findElement on session 5010ef7e204650f5b76a6c1cbf3a3bef to remote] DEBUG org.apache.http.wire - http-outgoing-0 >> "Content-Length: 51[\r][\n]"
22:05:14.212 [Forwarding findElement on session 5010ef7e204650f5b76a6c1cbf3a3bef to remote] DEBUG org.apache.http.wire - http-outgoing-0 >> "Host: localhost:34166[\r][\n]"
22:05:14.212 [Forwarding findElement on session 5010ef7e204650f5b76a6c1cbf3a3bef to remote] DEBUG org.apache.http.wire - http-outgoing-0 >> "Connection: Keep-Alive[\r][\n]"
22:05:14.212 [Forwarding findElement on session 5010ef7e204650f5b76a6c1cbf3a3bef to remote] DEBUG org.apache.http.wire - http-outgoing-0 >> "User-Agent: Apache-HttpClient/4.5.3 (Java/1.8.0_201)[\r][\n]"
22:05:14.212 [Forwarding findElement on session 5010ef7e204650f5b76a6c1cbf3a3bef to remote] DEBUG org.apache.http.wire - http-outgoing-0 >> "Accept-Encoding: gzip,deflate[\r][\n]"
22:05:14.212 [Forwarding findElement on session 5010ef7e204650f5b76a6c1cbf3a3bef to remote] DEBUG org.apache.http.wire - http-outgoing-0 >> "[\r][\n]"
22:05:14.212 [Forwarding findElement on session 5010ef7e204650f5b76a6c1cbf3a3bef to remote] DEBUG org.apache.http.wire - http-outgoing-0 >> "{"using":"xpath","value":"/html/body/form/h1[2]/p"}"
22:05:14.219 [Forwarding findElement on session 5010ef7e204650f5b76a6c1cbf3a3bef to remote] DEBUG org.apache.http.wire - http-outgoing-0 << "HTTP/1.1 200 OK[\r][\n]"
22:05:14.219 [Forwarding findElement on session 5010ef7e204650f5b76a6c1cbf3a3bef to remote] DEBUG org.apache.http.wire - http-outgoing-0 << "Content-Length:102[\r][\n]"
22:05:14.219 [Forwarding findElement on session 5010ef7e204650f5b76a6c1cbf3a3bef to remote] DEBUG org.apache.http.wire - http-outgoing-0 << "Content-Type:application/json; charset=utf-8[\r][\n]"
22:05:14.219 [Forwarding findElement on session 5010ef7e204650f5b76a6c1cbf3a3bef to remote] DEBUG org.apache.http.wire - http-outgoing-0 << "[\r][\n]"
22:05:14.219 [Forwarding findElement on session 5010ef7e204650f5b76a6c1cbf3a3bef to remote] DEBUG org.apache.http.wire - http-outgoing-0 << "{"sessionId":"5010ef7e204650f5b76a6c1cbf3a3bef","status":0,"value":{"ELEMENT":"0.4314252899535913-1"}}"
22:05:14.219 [Forwarding findElement on session 5010ef7e204650f5b76a6c1cbf3a3bef to remote] DEBUG org.apache.http.headers - http-outgoing-0 << HTTP/1.1 200 OK
22:05:14.219 [Forwarding findElement on session 5010ef7e204650f5b76a6c1cbf3a3bef to remote] DEBUG org.apache.http.headers - http-outgoing-0 << Content-Length:102
22:05:14.219 [Forwarding findElement on session 5010ef7e204650f5b76a6c1cbf3a3bef to remote] DEBUG org.apache.http.headers - http-outgoing-0 << Content-Type:application/json; charset=utf-8
22:05:14.219 [Forwarding findElement on session 5010ef7e204650f5b76a6c1cbf3a3bef to remote] DEBUG org.apache.http.impl.execchain.MainClientExec - Connection can be kept alive indefinitely
22:05:14.219 [Forwarding findElement on session 5010ef7e204650f5b76a6c1cbf3a3bef to remote] DEBUG org.apache.http.impl.conn.PoolingHttpClientConnectionManager - Connection [id: 0][route: {}->http://localhost:34166] can be kept alive indefinitely
22:05:14.220 [Forwarding findElement on session 5010ef7e204650f5b76a6c1cbf3a3bef to remote] DEBUG org.apache.http.impl.conn.PoolingHttpClientConnectionManager - Connection released: [id: 0][route: {}->http://localhost:34166][total kept alive: 1; route allocated: 1 of 2000; total allocated: 1 of 2000]
22:05:14.220 [Forwarding getElementText on session 5010ef7e204650f5b76a6c1cbf3a3bef to remote] DEBUG org.apache.http.client.protocol.RequestAddCookies - CookieSpec selected: default
22:05:14.221 [Forwarding getElementText on session 5010ef7e204650f5b76a6c1cbf3a3bef to remote] DEBUG org.apache.http.client.protocol.RequestAuthCache - Auth cache not set in the context
22:05:14.221 [Forwarding getElementText on session 5010ef7e204650f5b76a6c1cbf3a3bef to remote] DEBUG org.apache.http.impl.conn.PoolingHttpClientConnectionManager - Connection request: [route: {}->http://localhost:34166][total kept alive: 1; route allocated: 1 of 2000; total allocated: 1 of 2000]
22:05:14.221 [Forwarding getElementText on session 5010ef7e204650f5b76a6c1cbf3a3bef to remote] DEBUG org.apache.http.impl.conn.PoolingHttpClientConnectionManager - Connection leased: [id: 0][route: {}->http://localhost:34166][total kept alive: 0; route allocated: 1 of 2000; total allocated: 1 of 2000]
22:05:14.221 [Forwarding getElementText on session 5010ef7e204650f5b76a6c1cbf3a3bef to remote] DEBUG org.apache.http.impl.execchain.MainClientExec - Stale connection check
22:05:14.222 [Forwarding getElementText on session 5010ef7e204650f5b76a6c1cbf3a3bef to remote] DEBUG org.apache.http.wire - http-outgoing-0 << "[read] I/O error: Read timed out"
22:05:14.222 [Forwarding getElementText on session 5010ef7e204650f5b76a6c1cbf3a3bef to remote] DEBUG org.apache.http.impl.conn.DefaultManagedHttpClientConnection - http-outgoing-0: set socket timeout to 10800000
22:05:14.222 [Forwarding getElementText on session 5010ef7e204650f5b76a6c1cbf3a3bef to remote] DEBUG org.apache.http.impl.execchain.MainClientExec - Executing request GET /session/5010ef7e204650f5b76a6c1cbf3a3bef/element/0.4314252899535913-1/text HTTP/1.1
22:05:14.222 [Forwarding getElementText on session 5010ef7e204650f5b76a6c1cbf3a3bef to remote] DEBUG org.apache.http.impl.execchain.MainClientExec - Target auth state: UNCHALLENGED
22:05:14.222 [Forwarding getElementText on session 5010ef7e204650f5b76a6c1cbf3a3bef to remote] DEBUG org.apache.http.impl.execchain.MainClientExec - Proxy auth state: UNCHALLENGED
22:05:14.222 [Forwarding getElementText on session 5010ef7e204650f5b76a6c1cbf3a3bef to remote] DEBUG org.apache.http.headers - http-outgoing-0 >> GET /session/5010ef7e204650f5b76a6c1cbf3a3bef/element/0.4314252899535913-1/text HTTP/1.1
22:05:14.222 [Forwarding getElementText on session 5010ef7e204650f5b76a6c1cbf3a3bef to remote] DEBUG org.apache.http.headers - http-outgoing-0 >> Cache-Control: no-cache
22:05:14.222 [Forwarding getElementText on session 5010ef7e204650f5b76a6c1cbf3a3bef to remote] DEBUG org.apache.http.headers - http-outgoing-0 >> Host: localhost:34166
22:05:14.222 [Forwarding getElementText on session 5010ef7e204650f5b76a6c1cbf3a3bef to remote] DEBUG org.apache.http.headers - http-outgoing-0 >> Connection: Keep-Alive
22:05:14.222 [Forwarding getElementText on session 5010ef7e204650f5b76a6c1cbf3a3bef to remote] DEBUG org.apache.http.headers - http-outgoing-0 >> User-Agent: Apache-HttpClient/4.5.3 (Java/1.8.0_201)
22:05:14.222 [Forwarding getElementText on session 5010ef7e204650f5b76a6c1cbf3a3bef to remote] DEBUG org.apache.http.headers - http-outgoing-0 >> Accept-Encoding: gzip,deflate
22:05:14.222 [Forwarding getElementText on session 5010ef7e204650f5b76a6c1cbf3a3bef to remote] DEBUG org.apache.http.wire - http-outgoing-0 >> "GET /session/5010ef7e204650f5b76a6c1cbf3a3bef/element/0.4314252899535913-1/text HTTP/1.1[\r][\n]"
22:05:14.222 [Forwarding getElementText on session 5010ef7e204650f5b76a6c1cbf3a3bef to remote] DEBUG org.apache.http.wire - http-outgoing-0 >> "Cache-Control: no-cache[\r][\n]"
22:05:14.222 [Forwarding getElementText on session 5010ef7e204650f5b76a6c1cbf3a3bef to remote] DEBUG org.apache.http.wire - http-outgoing-0 >> "Host: localhost:34166[\r][\n]"
22:05:14.222 [Forwarding getElementText on session 5010ef7e204650f5b76a6c1cbf3a3bef to remote] DEBUG org.apache.http.wire - http-outgoing-0 >> "Connection: Keep-Alive[\r][\n]"
22:05:14.222 [Forwarding getElementText on session 5010ef7e204650f5b76a6c1cbf3a3bef to remote] DEBUG org.apache.http.wire - http-outgoing-0 >> "User-Agent: Apache-HttpClient/4.5.3 (Java/1.8.0_201)[\r][\n]"
22:05:14.222 [Forwarding getElementText on session 5010ef7e204650f5b76a6c1cbf3a3bef to remote] DEBUG org.apache.http.wire - http-outgoing-0 >> "Accept-Encoding: gzip,deflate[\r][\n]"
22:05:14.222 [Forwarding getElementText on session 5010ef7e204650f5b76a6c1cbf3a3bef to remote] DEBUG org.apache.http.wire - http-outgoing-0 >> "[\r][\n]"
22:05:14.233 [Forwarding getElementText on session 5010ef7e204650f5b76a6c1cbf3a3bef to remote] DEBUG org.apache.http.wire - http-outgoing-0 << "HTTP/1.1 200 OK[\r][\n]"
22:05:14.233 [Forwarding getElementText on session 5010ef7e204650f5b76a6c1cbf3a3bef to remote] DEBUG org.apache.http.wire - http-outgoing-0 << "Content-Length:83[\r][\n]"
22:05:14.233 [Forwarding getElementText on session 5010ef7e204650f5b76a6c1cbf3a3bef to remote] DEBUG org.apache.http.wire - http-outgoing-0 << "Content-Type:application/json; charset=utf-8[\r][\n]"
22:05:14.233 [Forwarding getElementText on session 5010ef7e204650f5b76a6c1cbf3a3bef to remote] DEBUG org.apache.http.wire - http-outgoing-0 << "[\r][\n]"
22:05:14.233 [Forwarding getElementText on session 5010ef7e204650f5b76a6c1cbf3a3bef to remote] DEBUG org.apache.http.wire - http-outgoing-0 << "{"sessionId":"5010ef7e204650f5b76a6c1cbf3a3bef","status":0,"value":"Resultado: 12"}"
22:05:14.233 [Forwarding getElementText on session 5010ef7e204650f5b76a6c1cbf3a3bef to remote] DEBUG org.apache.http.headers - http-outgoing-0 << HTTP/1.1 200 OK
22:05:14.233 [Forwarding getElementText on session 5010ef7e204650f5b76a6c1cbf3a3bef to remote] DEBUG org.apache.http.headers - http-outgoing-0 << Content-Length:83
22:05:14.233 [Forwarding getElementText on session 5010ef7e204650f5b76a6c1cbf3a3bef to remote] DEBUG org.apache.http.headers - http-outgoing-0 << Content-Type:application/json; charset=utf-8
22:05:14.233 [Forwarding getElementText on session 5010ef7e204650f5b76a6c1cbf3a3bef to remote] DEBUG org.apache.http.impl.execchain.MainClientExec - Connection can be kept alive indefinitely
22:05:14.233 [Forwarding getElementText on session 5010ef7e204650f5b76a6c1cbf3a3bef to remote] DEBUG org.apache.http.impl.conn.PoolingHttpClientConnectionManager - Connection [id: 0][route: {}->http://localhost:34166] can be kept alive indefinitely
22:05:14.233 [Forwarding getElementText on session 5010ef7e204650f5b76a6c1cbf3a3bef to remote] DEBUG org.apache.http.impl.conn.PoolingHttpClientConnectionManager - Connection released: [id: 0][route: {}->http://localhost:34166][total kept alive: 1; route allocated: 1 of 2000; total allocated: 1 of 2000]
]]></system-out>
  </testcase>
</testsuite>