<?xml version="1.0" encoding="UTF-8"?>
<!-- Generated by org.testng.reporters.JUnitReportReporter -->
<testsuite skipped="0" hostname="DESKTOP-7FHEVMK" name="com.example.service.CalculateSimpleTest" tests="4" failures="0" timestamp="04 sep 2020 02:26:34 GMT" time="13.322" errors="0">
  <testcase name="resta" time="3.332" classname="com.example.service.CalculateSimpleTest"/>
  <testcase name="dividir" time="3.333" classname="com.example.service.CalculateSimpleTest"/>
  <testcase name="multiplicar" time="3.343" classname="com.example.service.CalculateSimpleTest"/>
  <testcase name="suma" time="3.314" classname="com.example.service.CalculateSimpleTest"/>
</testsuite> <!-- com.example.service.CalculateSimpleTest -->
